[08:58:17] [ServerMain/INFO]: Building unoptimized datafixer
[08:58:18] [ServerMain/INFO]: Environment: authHost='https://authserver.mojang.com', accountsHost='https://api.mojang.com', sessionHost='https://sessionserver.mojang.com', servicesHost='https://api.minecraftservices.com', name='PROD'
[08:58:20] [ServerMain/INFO]: Loaded 7 recipes
[08:58:20] [Server thread/INFO]: Starting minecraft server version 1.19.3
[08:58:20] [Server thread/INFO]: Loading properties
[08:58:21] [Server thread/INFO]: This server is running Purpur version git-Purpur-1933 (MC: 1.19.3) (Implementing API version 1.19.3-R0.1-SNAPSHOT) (Git: 72b7579 on HEAD)
[08:58:21] [Server thread/INFO]: Server Ping Player Sample Count: 12
[08:58:21] [Server thread/INFO]: Using 4 threads for Netty based IO
[08:58:21] [Server thread/INFO]: [ChunkTaskScheduler] Chunk system is using 1 I/O threads, 1 worker threads, and gen parallelism of 1 threads
[08:58:21] [Server thread/INFO]: [Pufferfish] Max SIMD vector size on this system is 256 bits (int)
[08:58:21] [Server thread/INFO]: [Pufferfish] Max SIMD vector size on this system is 256 bits (float)
[08:58:21] [Server thread/INFO]: [Pufferfish] SIMD operations detected as functional. Will replace some operations with faster versions.
[08:58:21] [Server thread/INFO]: Default game type: SURVIVAL
[08:58:21] [Server thread/INFO]: Generating keypair
[08:58:21] [Server thread/INFO]: Starting Minecraft server on *:25564
[08:58:21] [Server thread/INFO]: Using default channel type
[08:58:21] [Server thread/INFO]: Paper: Using Java compression from Velocity.
[08:58:21] [Server thread/INFO]: Paper: Using Java cipher from Velocity.
[08:58:22] [Server thread/INFO]: [SpigotLibraryLoader] [NexEngine] Loading 2 libraries... please wait
[08:58:22] [Server thread/INFO]: [SpigotLibraryLoader] [NexEngine] Loaded library D:\Libraries\Code\Server Development\libraries\com\zaxxer\HikariCP\5.0.1\HikariCP-5.0.1.jar
[08:58:22] [Server thread/INFO]: [SpigotLibraryLoader] [NexEngine] Loaded library D:\Libraries\Code\Server Development\libraries\org\slf4j\slf4j-api\2.0.0-alpha1\slf4j-api-2.0.0-alpha1.jar
[08:58:22] [Server thread/INFO]: [SpigotLibraryLoader] [NexEngine] Loaded library D:\Libraries\Code\Server Development\libraries\it\unimi\dsi\fastutil\8.5.11\fastutil-8.5.11.jar
[08:58:23] [Server thread/INFO]: [LuckPerms] Loading server plugin LuckPerms v5.3.47
[08:58:23] [Server thread/INFO]: [Vault] Loading server plugin Vault v1.7.3-b131
[08:58:23] [Server thread/INFO]: [FastAsyncWorldEdit] Loading server plugin FastAsyncWorldEdit v2.5.3-SNAPSHOT-374;84e1886
[08:58:24] [Server thread/INFO]: Got request to register class com.sk89q.worldedit.bukkit.BukkitServerInterface with WorldEdit [com.sk89q.worldedit.extension.platform.PlatformManager@7dbed7ea]
[08:58:24] [Server thread/INFO]: [WorldGuard] Loading server plugin WorldGuard v7.0.7+216b061
[08:58:24] [Server thread/INFO]: [PlaceholderAPI] Loading server plugin PlaceholderAPI v2.10.10
[08:58:24] [Server thread/INFO]: [MythicLib] Loading server plugin MythicLib v1.6.1
[08:58:24] [Server thread/INFO]: [MythicLib] Plugin file is called 'MythicLib-1.6.1.jar'
[08:58:24] [Server thread/INFO]: [MythicLib] Detected Bukkit Version: v1_19_R2
[08:58:24] [Server thread/INFO]: [MythicLib] Hooked onto WorldGuard
[08:58:24] [Server thread/INFO]: [Citizens] Loading server plugin Citizens v2.0.30-SNAPSHOT (build 2944)
[08:58:24] [Server thread/INFO]: [MMOCore] Loading server plugin MMOCore v1.12
[08:58:24] [Server thread/INFO]: [MMOCore] Plugin file is called 'MMOCore-1.12.jar'
[08:58:24] [Server thread/INFO]: [NexEngine] Loading server plugin NexEngine v2.2.10 build-06/04/2023
[08:58:24] [Server thread/INFO]: [HolographicDisplays] Loading server plugin HolographicDisplays v3.0.3
[08:58:24] [Server thread/INFO]: [spark] Loading server plugin spark v1.10.53
[08:58:24] [Server thread/INFO]: [wbUtils] Loading server plugin wbUtils v0.09
[08:58:24] [Server thread/INFO]: [TabList] Loading server plugin TabList v5.6.8
[08:58:24] [Server thread/INFO]: [Sentinel] Loading server plugin Sentinel v2.7.2-SNAPSHOT (build 502)
[08:58:24] [Server thread/INFO]: [PlayerVaults] Loading server plugin PlayerVaults v4.2.5
[08:58:24] [Server thread/INFO]: [NoteBlockAPI] Loading server plugin NoteBlockAPI v2.0-SNAPSHOT
[08:58:24] [Server thread/INFO]: [MyCommand] Loading server plugin MyCommand v5.7.3
[08:58:24] [Server thread/INFO]: [MMOItems] Loading server plugin MMOItems v6.9.4
[08:58:24] [Server thread/INFO]: [MMOItems] Plugin file is called 'MMOItems-6.9.4.jar'
[08:58:24] [Server thread/INFO]: [MMOItems] Hooked onto WorldEdit
[08:58:24] [Server thread/INFO]: [ItemEdit] Loading server plugin ItemEdit v3.0.5
[08:58:24] [Server thread/INFO]: [ExcellentCrates] Loading server plugin ExcellentCrates v4.1.10
[08:58:24] [Server thread/INFO]: [DeluxeMenus] Loading server plugin DeluxeMenus v1.13.7-DEV-156
[08:58:24] [Server thread/INFO]: [DeluxeMenus] NMS hook has been setup successfully!
[08:58:24] [Server thread/INFO]: [CitizensCMD] Loading server plugin CitizensCMD v2.6.6
[08:58:24] [Server thread/INFO]: Server permissions file permissions.yml is empty, ignoring it
[08:58:24] [Server thread/INFO]: [LuckPerms] Enabling LuckPerms v5.3.47
[08:58:24] [Server thread/INFO]:         __    
[08:58:24] [Server thread/INFO]:   |    |__)   LuckPerms v5.3.47
[08:58:24] [Server thread/INFO]:   |___ |      Running on Bukkit - Purpur
[08:58:24] [Server thread/INFO]: 
[08:58:24] [Server thread/INFO]: [LuckPerms] Loading configuration...
[08:58:25] [Server thread/INFO]: [LuckPerms] Loading storage provider... [H2]
[08:58:25] [Server thread/INFO]: [LuckPerms] Loading internal permission managers...
[08:58:25] [Server thread/INFO]: [LuckPerms] Performing initial data load...
[08:58:25] [Server thread/INFO]: [LuckPerms] Successfully enabled. (took 1397ms)
[08:58:25] [Server thread/INFO]: [Vault] Enabling Vault v1.7.3-b131
[08:58:25] [Server thread/INFO]: [Vault] [Permission] SuperPermissions loaded as backup permission system.
[08:58:25] [Server thread/INFO]: [Vault] Enabled Version 1.7.3-b131
[08:58:25] [Server thread/INFO]: [LuckPerms] Registered Vault permission & chat hook.
[08:58:25] [Server thread/INFO]: [FastAsyncWorldEdit] Enabling FastAsyncWorldEdit v2.5.3-SNAPSHOT-374;84e1886
[08:58:26] [Server thread/INFO]: [com.fastasyncworldedit.core.Fawe] LZ4 Compression Binding loaded successfully
[08:58:26] [Server thread/INFO]: [com.fastasyncworldedit.core.Fawe] ZSTD Compression Binding loaded successfully
[08:58:26] [Server thread/INFO]: Registering commands with com.sk89q.worldedit.bukkit.BukkitServerInterface
[08:58:26] [Server thread/INFO]: WEPIF: Vault detected! Using Vault for permissions
[08:58:26] [Server thread/INFO]: Using com.sk89q.worldedit.bukkit.adapter.impl.fawe.v1_19_R2.PaperweightFaweAdapter as the Bukkit adapter
[08:58:27] [Server thread/INFO]: [NexEngine] Enabling NexEngine v2.2.10 build-06/04/2023
[08:58:27] [Server thread/INFO]: [NexEngine] Seems like we have Paper based fork here...
[08:58:27] [Server thread/INFO]: [NexEngine] Loaded NMS version: V1_19_R2
[08:58:27] [Server thread/WARN]: [NexEngine] ==================================
[08:58:27] [Server thread/WARN]: [NexEngine] WARNING: You're running an outdated server version (V1_19_R2)!
[08:58:27] [Server thread/WARN]: [NexEngine] Support for this version will be dropped soon.
[08:58:27] [Server thread/WARN]: [NexEngine] Please, upgrade your server to V1_19_R3.
[08:58:27] [Server thread/WARN]: [NexEngine] ==================================
[08:58:27] [Server thread/INFO]: [NexEngine] Successfully hooked with LuckPerms permissions
[08:58:27] [Server thread/INFO]: [NexEngine] Successfully hooked with LuckPerms chat
[08:58:27] [Server thread/INFO]: [NexEngine] Using 'en' language.
[08:58:27] [Server thread/INFO]: [NexEngine] Plugin loaded in 59 ms!
[08:58:27] [Server thread/WARN]: **** SERVER IS RUNNING IN OFFLINE/INSECURE MODE!
[08:58:27] [Server thread/WARN]: The server will make no attempt to authenticate usernames. Beware.
[08:58:27] [Server thread/WARN]: While this makes the game possible to play without internet access, it also opens up the ability for hackers to connect with any username they choose.
[08:58:27] [Server thread/WARN]: To change this, set "online-mode" to "true" in the server.properties file.
[08:58:27] [Server thread/INFO]: Preparing level "world"
[08:58:27] [Server thread/ERROR]: Unknown value for `blocks.respawn_anchor.explosion-effect`! Using default of `BLOCK`
[08:58:27] [Server thread/ERROR]: Invalid block for `tools.axe.strippables`: minecraft:cherry_log
[08:58:27] [Server thread/ERROR]: Invalid block for `tools.axe.strippables`: minecraft:cherry_wood
[08:58:27] [Server thread/ERROR]: Unknown value for `blocks.bed.explosion-effect`! Using default of `BLOCK`
[08:58:27] [Server thread/ERROR]: Unknown value for `blocks.end-crystal.baseless.explosion-effect`! Using default of `BLOCK`
[08:58:27] [Server thread/ERROR]: Unknown value for `blocks.end-crystal.base.explosion-effect`! Using default of `BLOCK`
[08:58:27] [Server thread/INFO]: Preparing start region for dimension minecraft:overworld
[08:58:27] [Server thread/INFO]: Time elapsed: 82 ms
[08:58:27] [Server thread/INFO]: [WorldGuard] Enabling WorldGuard v7.0.7+216b061
[08:58:27] [Server thread/INFO]: [WorldGuard] (world) TNT ignition is PERMITTED.
[08:58:27] [Server thread/INFO]: [WorldGuard] (world) Lighters are PERMITTED.
[08:58:27] [Server thread/INFO]: [WorldGuard] (world) Lava fire is PERMITTED.
[08:58:27] [Server thread/INFO]: [WorldGuard] (world) Fire spread is UNRESTRICTED.
[08:58:27] [Server thread/INFO]: [WorldGuard] Loaded configuration for world 'world'
[08:58:27] [Server thread/INFO]: [WorldGuard] Loading region data...
[08:58:27] [Server thread/INFO]: [PlaceholderAPI] Enabling PlaceholderAPI v2.10.10
[08:58:28] [Server thread/INFO]: [PlaceholderAPI] Fetching available expansion information...
[08:58:28] [Server thread/INFO]: [MythicLib] Enabling MythicLib v1.6.1
[08:58:28] [Server thread/INFO]: [MythicLib] Hooked onto HolographicDisplays
[08:58:28] [Server thread/INFO]: [PlaceholderAPI] Successfully registered expansion: mythiclib
[08:58:28] [Server thread/INFO]: [MythicLib] Hooked onto PlaceholderAPI
[08:58:28] [Server thread/INFO]: [Citizens] Enabling Citizens v2.0.30-SNAPSHOT (build 2944)
[08:58:28] [Server thread/INFO]: [Citizens] Loading external libraries
[08:58:28] [Server thread/INFO]: [PlaceholderAPI] Successfully registered expansion: citizensplaceholder
[08:58:28] [Server thread/INFO]: [Citizens] Loaded economy handling via Vault.
[08:58:28] [Server thread/INFO]: [MMOCore] Enabling MMOCore v1.12
[08:58:28] [Server thread/INFO]: ========================================================================================
[08:58:28] [Server thread/INFO]: [Xanthe Protections] This Plugin Has Been Cracked - Xanthe Cracker : Discord.gg/hh284pD5Mh
[08:58:28] [Server thread/INFO]: ========================================================================================
[08:58:28] [Server thread/WARN]: [MMOCore] Vault was found but MMOCore was unable to successfully find/load an economy plugin.
[08:58:28] [Server thread/INFO]: [PlaceholderAPI] Successfully registered expansion: mmocore
[08:58:28] [Server thread/INFO]: [MMOCore] Hooked onto PlaceholderAPI
[08:58:28] [Server thread/INFO]: [MMOCore] Hooked onto Citizens
[08:58:28] [Server thread/INFO]: [MMOCore] Hooked onto WorldGuard
[08:58:28] [Server thread/WARN]: [MMOCore] Could not load objective '5' from quest 'tutorial': Could not match any objective to 'killmythicmob' in database
[08:58:28] [Server thread/WARN]: [MMOCore] An error occured while trying to load loot chest region 'sample-region': Could not find world world_name_here
[08:58:29] [Server thread/WARN]: [MMOCore] Hooked parties onto MMOCore
[08:58:29] [Server thread/WARN]: [MMOCore] Hooked guilds onto MMOCore
[08:58:29] [Server thread/INFO]: [HolographicDisplays] Enabling HolographicDisplays v3.0.3
[08:58:29] [Server thread/INFO]: [spark] Enabling spark v1.10.53
[08:58:29] [Server thread/INFO]: [spark] Using Paper ServerTickStartEvent for tick monitoring
[08:58:29] [Server thread/INFO]: [spark] Starting background profiler...
[08:58:29] [Server thread/INFO]: [spark] The async-profiler engine is not supported for your os/arch (windows11/amd64), so the built-in Java engine will be used instead.
[08:58:29] [Server thread/INFO]: [PlaceholderAPI] Successfully registered expansion: spark
[08:58:29] [Server thread/INFO]: [spark] Registered PlaceholderAPI placeholders
[08:58:29] [Server thread/INFO]: [wbUtils] Enabling wbUtils v0.09
[08:58:29] [Server thread/INFO]: [PlaceholderAPI] Successfully registered expansion: wbutils
[08:58:29] [Server thread/INFO]: [TabList] Enabling TabList v5.6.8
[08:58:29] [Server thread/INFO]: [Sentinel] Enabling Sentinel v2.7.2-SNAPSHOT (build 502)
[08:58:29] [Server thread/INFO]: [Sentinel] Sentinel loading...
[08:58:29] [Server thread/INFO]: [Sentinel] Running on java version: 19.0.1
[08:58:29] [Server thread/INFO]: [Sentinel] Sentinel loaded on a fully supported Minecraft version. If you encounter any issues or need to ask a question, please join our Discord at https://discord.gg/Q6pZGSR and post in the '#sentinel' channel.
[08:58:29] [Server thread/INFO]: [Sentinel] Vault linked! Group targets will work.
[08:58:29] [Server thread/INFO]: [Sentinel] Sentinel found WorldGuard! Adding support for it!
[08:58:29] [Server thread/INFO]: [Sentinel] Sentinel loaded!
[08:58:29] [Server thread/INFO]: [PlayerVaults] Enabling PlayerVaults v4.2.5
[08:58:29] [Server thread/INFO]: [PlayerVaults] Loaded! Took 187ms
[08:58:29] [Server thread/INFO]: [PlayerVaults] [PlayerVaults] Leaked by YOURNAME @ BlackSpigot.com
[08:58:29] [Server thread/INFO]: [NoteBlockAPI] Enabling NoteBlockAPI v2.0-SNAPSHOT
[08:58:29] [Server thread/INFO]: [MyCommand] Enabling MyCommand v5.7.3
[08:58:29] [Server thread/INFO]: *-=-=-=-=-=-=-=-=-* MyCommand v.5.7.3*-=-=-=-=-=-=-=-=-=-*
[08:58:29] [Server thread/INFO]: | Hooked on Vault 1.7.3-b131
[08:58:29] [Server thread/INFO]: | Command file(s) found : 1
[08:58:29] [Server thread/INFO]: | Config : Ready.
[08:58:29] [Server thread/INFO]: | ProtocolLib not found.
[08:58:30] [Server thread/INFO]: [PlaceholderAPI] Successfully registered expansion: mycommand
[08:58:30] [Server thread/INFO]: | Placeholder_API : Hooked, Ok.
[08:58:30] [Server thread/INFO]: | Custom commands loaded : 44
[08:58:30] [Server thread/INFO]: | You're running the latest version of MyCommand.
[08:58:30] [Server thread/INFO]: |          by emmerrei a.k.a. ivanfromitaly.           
[08:58:30] [Server thread/INFO]: *-=-=-=-=-=-=-=-=-=-*   Done!   *-=-=-=-=-=-=-=-=-=-=-*
[08:58:30] [Server thread/INFO]: [MMOItems] Enabling MMOItems v6.9.4
[08:58:30] [Server thread/INFO]: [MMOItems] Hooked onto MMOCore
[08:58:30] [Server thread/INFO]: [MMOItems] Now using MMOCore as RPG core plugin
[08:58:30] [Server thread/INFO]: [MMOItems Item Templates] Loading template modifiers, please wait..
[08:58:30] [Server thread/INFO]: [MMOItems Item Templates] Loading item templates, please wait...
[08:58:30] [Server thread/ERROR]: [MMOItems] Could not load Economy Support (Vault)
[08:58:30] [Server thread/INFO]: [MMOItems] Hooked onto Vault
[08:58:30] [Server thread/INFO]: [MMOItems] Hooked onto Vault
[08:58:30] [Server thread/INFO]: [MMOItems] Loading crafting stations, please wait..
[08:58:30] [Server thread/INFO]: [PlaceholderAPI] Successfully registered expansion: mmoitems
[08:58:30] [Server thread/INFO]: [MMOItems] Hooked onto PlaceholderAPI
[08:58:30] [Server thread/INFO]: [MMOItems] Loading recipes, please wait...
[08:58:30] [Server thread/INFO]: [ItemEdit] Enabling ItemEdit v3.0.5
[08:58:31] [Server thread/INFO]: [ItemEdit] Unable to hook into Vault
[08:58:31] [Server thread/INFO]: [ItemEdit] Hooking into PlaceholderApi
[08:58:31] [Server thread/INFO]: [ItemEdit] Hooked into PlaceHolderAPI:
[08:58:31] [Server thread/INFO]: [ItemEdit] placeholders:
[08:58:31] [Server thread/INFO]: [ItemEdit]   %itemedit_amount_<{itemid}>_[{slot}]_[{player}]%
[08:58:31] [Server thread/INFO]: [ItemEdit]     shows how many itemid player has on slot
[08:58:31] [Server thread/INFO]: [ItemEdit]     <{itemid}> for item id on serveritem
[08:58:31] [Server thread/INFO]: [ItemEdit]     [{slot}] for the slot where the item should be counted, by default inventory
[08:58:31] [Server thread/INFO]: [ItemEdit]       Values: inventory, equip, inventoryandequip, hand, offhand, head, chest, legs, feet
[08:58:31] [Server thread/INFO]: [ItemEdit]     [{player}] for the player, by default self
[08:58:31] [Server thread/INFO]: [ItemEdit]     example: %itemedit_amount_{my_item_id}_{hand}%
[08:58:31] [Server thread/INFO]: [PlaceholderAPI] Successfully registered expansion: itemedit
[08:58:31] [Server thread/INFO]: [ItemEdit] # Enabled (took 64 ms)
[08:58:31] [Server thread/INFO]: [ExcellentCrates] Enabling ExcellentCrates v4.1.10
[08:58:31] [Server thread/INFO]: [ExcellentCrates] Powered by: NexEngine
[08:58:31] [Server thread/WARN]: [ExcellentCrates] ==================================
[08:58:31] [Server thread/WARN]: [ExcellentCrates] WARNING: You're running an outdated server version (V1_19_R2)!
[08:58:31] [Server thread/WARN]: [ExcellentCrates] Support for this version will be dropped soon.
[08:58:31] [Server thread/WARN]: [ExcellentCrates] Please, upgrade your server to V1_19_R3.
[08:58:31] [Server thread/WARN]: [ExcellentCrates] ==================================
[08:58:31] [Server thread/INFO]: [PlaceholderAPI] Successfully registered expansion: excellentcrates
[08:58:31] [Server thread/INFO]: [ExcellentCrates] Using 'en' language.
[08:58:31] [Server thread/INFO]: [com.zaxxer.hikari.HikariDataSource] HikariPool-1 - Starting...
[08:58:31] [Server thread/INFO]: [com.zaxxer.hikari.pool.HikariPool] HikariPool-1 - Added connection org.sqlite.jdbc4.JDBC4Connection@164927c7
[08:58:31] [Server thread/INFO]: [com.zaxxer.hikari.HikariDataSource] HikariPool-1 - Start completed.
[08:58:31] [Server thread/INFO]: [ExcellentCrates] Loaded 2 crate keys.
[08:58:31] [Server thread/INFO]: [ExcellentCrates] Loaded 1 crate menus.
[08:58:31] [Server thread/INFO]: [ExcellentCrates] Plugin loaded in 213 ms!
[08:58:31] [Server thread/INFO]: [DeluxeMenus] Enabling DeluxeMenus v1.13.7-DEV-156
[08:58:31] [Server thread/INFO]: [DeluxeMenus] Successfully hooked into PlaceholderAPI!
[08:58:31] [Server thread/INFO]: [DeluxeMenus] 27 GUI menus loaded!
[08:58:31] [Server thread/INFO]: [PlaceholderAPI] Successfully registered expansion: deluxemenus
[08:58:31] [Server thread/INFO]: [CitizensCMD] Enabling CitizensCMD v2.6.6
[08:58:31] [Server thread/INFO]: [CitizensCMD] CitizensCMD 2.6.6
[08:58:31] [Server thread/INFO]: [CitizensCMD] by Mateus Moreira @LichtHund & Maintained by HexedHero
[08:58:31] [Server thread/INFO]: [CitizensCMD] Using English messages!
[08:58:31] [Server thread/INFO]: [CitizensCMD] Using PlaceholderAPI!
[08:58:32] [Server thread/INFO]: [PlaceholderAPI] Placeholder expansion registration initializing...
[08:58:32] [Server thread/INFO]: Running delayed init tasks
[08:58:32] [Server thread/INFO]: [com.fastasyncworldedit.bukkit.regions.WorldGuardFeature] Plugin 'WorldGuard' found. Using it now.
[08:58:32] [Server thread/INFO]: [com.fastasyncworldedit.bukkit.FaweBukkit] Attempting to use plugin 'WorldGuard'
[08:58:32] [Craft Scheduler Thread - 8 - ExcellentCrates/INFO]: [ExcellentCrates] Auto-save: Saved 0 online users | 0 offline users.
[08:58:32] [Craft Scheduler Thread - 6 - ItemEdit/INFO]: [ItemEdit] New Update at https://spigotmc.org/resources/40993
[08:58:32] [Server thread/INFO]: [ExcellentCrates] Loaded 2 crates.
[08:58:33] [Server thread/INFO]: [Citizens] Loaded 12 NPCs.
[08:58:33] [Server thread/INFO]: Done (12.565s)! For help, type "help"
[08:58:33] [Server thread/INFO]: [PlaceholderAPI] Successfully registered expansion: checkitem
[08:58:33] [Server thread/INFO]: [PAPI] [Javascript-Expansion] 10 scripts loaded!
[08:58:33] [Server thread/INFO]: [PlaceholderAPI] Successfully registered expansion: javascript
[08:58:33] [Server thread/INFO]: [PlaceholderAPI] Successfully registered expansion: luckperms
[08:58:33] [Server thread/INFO]: [PlaceholderAPI] Successfully registered expansion: math
[08:58:33] [Server thread/INFO]: [PlaceholderAPI] Successfully registered expansion: player
[08:58:33] [Server thread/INFO]: [PlaceholderAPI] Successfully registered expansion: random
[08:58:33] [Server thread/INFO]: 6 placeholder hooks successfully registered!
[08:58:37] [Server thread/INFO]: [MyCmd] Respawning 24 holograms
[08:58:42] [User Authenticator #0/INFO]: UUID of player sst4nk0 is 193c7d11-8a07-35a9-a657-d485e43824c5
[08:58:42] [Server thread/INFO]: sst4nk0 joined the game
[08:58:42] [Server thread/INFO]: sst4nk0[/127.0.0.1:57183] logged in with entity id 176 at ([world]1140.2059327411557, 4.0, -1139.9892658864367)
[08:58:45] [Async Chat Thread - #1/INFO]: [Not Secure] <sst4nk0> 뀁
