[11.08.2022 00:04:49][serveritem][give] sst4nk0 obtained 8 of currency_silver_coin (브???????i?)
[11.08.2022 00:04:49][serveritem][take] sst4nk0 gave 512 of currency_copper_coin (브?????i?)
[11.08.2022 00:04:52][serveritem][give] sst4nk0 obtained 1 of currency_gold_coin (브??????i?)
[11.08.2022 00:04:52][serveritem][take] sst4nk0 gave 64 of currency_silver_coin (브???????i?)
[11.08.2022 00:05:24][serveritem][give] sst4nk0 obtained 64 of currency_silver_coin (브???????i?)
[11.08.2022 00:05:24][serveritem][take] sst4nk0 gave 1 of currency_gold_coin (브??????i?)
[11.08.2022 00:05:27][serveritem][take] sst4nk0 gave 25 of currency_silver_coin (브???????i?)
[11.08.2022 00:05:29][serveritem][take] sst4nk0 gave 30 of currency_silver_coin (브???????i?)
[11.08.2022 00:06:16][serveritem][give] sst4nk0 obtained 64 of currency_copper_coin (브?????i?)
[11.08.2022 00:06:16][serveritem][take] sst4nk0 gave 1 of currency_silver_coin (브???????i?)
[11.08.2022 00:06:25][serveritem][take] sst4nk0 gave 25 of currency_copper_coin (브?????i?)
[11.08.2022 00:06:47][serveritem][take] sst4nk0 gave 5 of currency_silver_coin (브???????i?)
[11.08.2022 00:06:49][serveritem][take] sst4nk0 gave 8 of currency_silver_coin (브???????i?)
[11.08.2022 00:06:50][serveritem][take] sst4nk0 gave 11 of currency_silver_coin (브???????i?)
[11.08.2022 00:08:34][serveritem][give] sst4nk0 obtained 64 of currency_silver_coin (브???????i?)
[11.08.2022 00:08:34][serveritem][take] sst4nk0 gave 1 of currency_gold_coin (브??????i?)
[11.08.2022 00:08:34][serveritem][give] sst4nk0 obtained 64 of currency_silver_coin (브???????i?)
[11.08.2022 00:08:34][serveritem][take] sst4nk0 gave 1 of currency_gold_coin (브??????i?)
[11.08.2022 00:08:34][serveritem][give] sst4nk0 obtained 64 of currency_silver_coin (브???????i?)
[11.08.2022 00:08:34][serveritem][take] sst4nk0 gave 1 of currency_gold_coin (브??????i?)
[11.08.2022 00:08:34][serveritem][give] sst4nk0 obtained 64 of currency_silver_coin (브???????i?)
[11.08.2022 00:08:34][serveritem][take] sst4nk0 gave 1 of currency_gold_coin (브??????i?)
[11.08.2022 00:08:39][serveritem][take] sst4nk0 gave 25 of currency_copper_coin (브?????i?)
[11.08.2022 00:08:45][serveritem][take] sst4nk0 gave 5 of currency_silver_coin (브???????i?)
[11.08.2022 00:08:47][serveritem][take] sst4nk0 gave 8 of currency_silver_coin (브???????i?)
[11.08.2022 00:08:56][serveritem][take] sst4nk0 gave 11 of currency_silver_coin (브???????i?)
[11.08.2022 00:08:56][serveritem][take] sst4nk0 gave 13 of currency_silver_coin (브???????i?)
[11.08.2022 00:08:57][serveritem][take] sst4nk0 gave 17 of currency_silver_coin (브???????i?)
[11.08.2022 00:09:05][serveritem][take] sst4nk0 gave 21 of currency_silver_coin (브???????i?)
[11.08.2022 00:09:06][serveritem][take] sst4nk0 gave 25 of currency_silver_coin (브???????i?)
[11.08.2022 00:09:06][serveritem][take] sst4nk0 gave 30 of currency_silver_coin (브???????i?)
[11.08.2022 00:14:47][serveritem][give] sst4nk0 obtained 64 of currency_copper_coin (브?????i?)
[11.08.2022 00:14:47][serveritem][take] sst4nk0 gave 1 of currency_silver_coin (브???????i?)
[11.08.2022 00:14:47][serveritem][give] sst4nk0 obtained 64 of currency_silver_coin (브???????i?)
[11.08.2022 00:14:47][serveritem][take] sst4nk0 gave 1 of currency_gold_coin (브??????i?)
[11.08.2022 00:14:49][serveritem][give] sst4nk0 obtained 64 of currency_silver_coin (브???????i?)
[11.08.2022 00:14:49][serveritem][take] sst4nk0 gave 1 of currency_gold_coin (브??????i?)
[11.08.2022 00:14:53][serveritem][take] sst4nk0 gave 25 of currency_copper_coin (브?????i?)
[11.08.2022 00:14:54][serveritem][take] sst4nk0 gave 5 of currency_silver_coin (브???????i?)
[11.08.2022 00:14:54][serveritem][take] sst4nk0 gave 8 of currency_silver_coin (브???????i?)
[11.08.2022 00:14:55][serveritem][take] sst4nk0 gave 11 of currency_silver_coin (브???????i?)
[11.08.2022 00:14:55][serveritem][take] sst4nk0 gave 13 of currency_silver_coin (브???????i?)
[11.08.2022 00:14:55][serveritem][take] sst4nk0 gave 17 of currency_silver_coin (브???????i?)
[11.08.2022 00:14:56][serveritem][take] sst4nk0 gave 21 of currency_silver_coin (브???????i?)
[11.08.2022 00:14:56][serveritem][take] sst4nk0 gave 25 of currency_silver_coin (브???????i?)
[11.08.2022 00:14:57][serveritem][take] sst4nk0 gave 30 of currency_silver_coin (브???????i?)
[11.08.2022 00:16:32][serveritem][take] sst4nk0 gave 25 of currency_copper_coin (브?????i?)
[11.08.2022 00:20:21][serveritem][give] sst4nk0 obtained 64 of currency_silver_coin (브???????i?)
[11.08.2022 00:20:21][serveritem][take] sst4nk0 gave 1 of currency_gold_coin (브??????i?)
[11.08.2022 00:20:22][serveritem][give] sst4nk0 obtained 64 of currency_silver_coin (브???????i?)
[11.08.2022 00:20:22][serveritem][take] sst4nk0 gave 1 of currency_gold_coin (브??????i?)
[11.08.2022 00:20:22][serveritem][give] sst4nk0 obtained 64 of currency_silver_coin (브???????i?)
[11.08.2022 00:20:22][serveritem][take] sst4nk0 gave 1 of currency_gold_coin (브??????i?)
[11.08.2022 00:20:35][serveritem][give] sst4nk0 obtained 64 of currency_copper_coin (브?????i?)
[11.08.2022 00:20:35][serveritem][take] sst4nk0 gave 1 of currency_silver_coin (브???????i?)
[11.08.2022 00:20:37][serveritem][take] sst4nk0 gave 25 of currency_copper_coin (브?????i?)
[11.08.2022 00:20:40][serveritem][take] sst4nk0 gave 5 of currency_silver_coin (브???????i?)
[11.08.2022 00:20:43][serveritem][take] sst4nk0 gave 8 of currency_silver_coin (브???????i?)
[11.08.2022 00:22:37][serveritem][take] sst4nk0 gave 11 of currency_silver_coin (브???????i?)
[11.08.2022 00:22:38][serveritem][take] sst4nk0 gave 13 of currency_silver_coin (브???????i?)
[11.08.2022 00:22:39][serveritem][take] sst4nk0 gave 17 of currency_silver_coin (브???????i?)
[11.08.2022 00:24:00][serveritem][take] sst4nk0 gave 21 of currency_silver_coin (브???????i?)
[11.08.2022 00:24:05][serveritem][take] sst4nk0 gave 25 of currency_silver_coin (브???????i?)
[11.08.2022 00:24:35][serveritem][take] sst4nk0 gave 30 of currency_silver_coin (브???????i?)
[11.08.2022 00:26:11][serveritem][take] sst4nk0 gave 25 of currency_copper_coin (브?????i?)
[11.08.2022 00:26:35][serveritem][take] sst4nk0 gave 5 of currency_silver_coin (브???????i?)
[11.08.2022 00:26:36][serveritem][take] sst4nk0 gave 8 of currency_silver_coin (브???????i?)
[11.08.2022 00:26:37][serveritem][take] sst4nk0 gave 11 of currency_silver_coin (브???????i?)
[11.08.2022 00:26:37][serveritem][take] sst4nk0 gave 13 of currency_silver_coin (브???????i?)
[11.08.2022 00:26:38][serveritem][take] sst4nk0 gave 17 of currency_silver_coin (브???????i?)
[11.08.2022 00:26:46][serveritem][give] sst4nk0 obtained 64 of currency_silver_coin (브???????i?)
[11.08.2022 00:26:46][serveritem][take] sst4nk0 gave 1 of currency_gold_coin (브??????i?)
[11.08.2022 00:26:48][serveritem][take] sst4nk0 gave 21 of currency_silver_coin (브???????i?)
[11.08.2022 00:53:52][serveritem][take] sst4nk0 gave 25 of currency_silver_coin (브???????i?)
[11.08.2022 00:54:32][serveritem][give] sst4nk0 obtained 64 of currency_copper_coin (브?????i?)
[11.08.2022 00:54:32][serveritem][take] sst4nk0 gave 1 of currency_silver_coin (브???????i?)
[11.08.2022 00:54:33][serveritem][give] sst4nk0 obtained 64 of currency_silver_coin (브???????i?)
[11.08.2022 00:54:33][serveritem][take] sst4nk0 gave 1 of currency_gold_coin (브??????i?)
