[26.08.2022 00:08:23][serveritem][give] sst4nk0 obtained 1 of rune_1_1of3 (§aРуна [§fАζъ§a])
[26.08.2022 00:08:26][serveritem][give] sst4nk0 obtained 1 of rune_1_2of3 (§aРуна [§fѥсмъ§a])
[26.08.2022 00:08:28][serveritem][give] sst4nk0 obtained 1 of rune_1_3of3 (§aРуна [§fтворiтель сѥ§a])
[26.08.2022 11:01:11][serveritem][give] sst4nk0 obtained 2 of resource_log_oak (§7Дубовое бревно)
[26.08.2022 11:01:19][serveritem][give] sst4nk0 obtained 2 of resource_log_oak (§7Дубовое бревно)
[26.08.2022 11:01:26][serveritem][give] sst4nk0 obtained 2 of resource_log_spruce (§7Хвойное бревно)
[26.08.2022 11:01:31][serveritem][give] sst4nk0 obtained 1 of resource_log_spruce (§7Хвойное бревно)
[26.08.2022 11:01:39][serveritem][give] sst4nk0 obtained 1 of resource_log_spruce (§7Хвойное бревно)
[26.08.2022 11:01:44][serveritem][give] sst4nk0 obtained 2 of resource_log_oak (§7Дубовое бревно)
[26.08.2022 11:01:51][serveritem][give] sst4nk0 obtained 2 of resource_log_spruce (§7Хвойное бревно)
[26.08.2022 11:02:00][serveritem][give] sst4nk0 obtained 2 of resource_log_spruce (§7Хвойное бревно)
[26.08.2022 11:02:06][serveritem][give] sst4nk0 obtained 3 of resource_log_oak (§7Дубовое бревно)
[26.08.2022 11:02:13][serveritem][give] sst4nk0 obtained 2 of resource_log_birch (§7Берёзовое бревно)
[26.08.2022 11:02:21][serveritem][give] sst4nk0 obtained 2 of resource_log_birch (§7Берёзовое бревно)
[26.08.2022 11:03:04][serveritem][give] sst4nk0 obtained 2 of resource_log_oak (§7Дубовое бревно)
[26.08.2022 11:03:12][serveritem][give] sst4nk0 obtained 1 of resource_log_oak (§7Дубовое бревно)
[26.08.2022 11:03:18][serveritem][give] sst4nk0 obtained 2 of resource_log_spruce (§7Хвойное бревно)
[26.08.2022 11:03:24][serveritem][give] sst4nk0 obtained 1 of resource_log_spruce (§7Хвойное бревно)
[26.08.2022 11:03:31][serveritem][give] sst4nk0 obtained 1 of resource_log_spruce (§7Хвойное бревно)
[26.08.2022 11:03:36][serveritem][give] sst4nk0 obtained 1 of resource_log_oak (§7Дубовое бревно)
[26.08.2022 11:03:43][serveritem][give] sst4nk0 obtained 2 of resource_log_spruce (§7Хвойное бревно)
[26.08.2022 11:03:57][serveritem][give] sst4nk0 obtained 1 of resource_log_oak (§7Дубовое бревно)
[26.08.2022 11:04:02][serveritem][give] sst4nk0 obtained 2 of resource_log_spruce (§7Хвойное бревно)
[26.08.2022 11:04:09][serveritem][give] sst4nk0 obtained 2 of resource_log_birch (§7Берёзовое бревно)
[26.08.2022 11:04:17][serveritem][give] sst4nk0 obtained 1 of resource_log_birch (§7Берёзовое бревно)
[26.08.2022 11:04:50][serveritem][give] sst4nk0 obtained 2 of resource_log_oak (§7Дубовое бревно)
[26.08.2022 11:04:58][serveritem][give] sst4nk0 obtained 2 of resource_log_oak (§7Дубовое бревно)
[26.08.2022 11:05:04][serveritem][give] sst4nk0 obtained 1 of resource_log_spruce (§7Хвойное бревно)
[26.08.2022 11:05:08][serveritem][give] sst4nk0 obtained 1 of resource_log_spruce (§7Хвойное бревно)
[26.08.2022 11:05:20][serveritem][give] sst4nk0 obtained 1 of resource_log_spruce (§7Хвойное бревно)
[26.08.2022 11:05:26][serveritem][give] sst4nk0 obtained 1 of resource_log_oak (§7Дубовое бревно)
[26.08.2022 11:05:32][serveritem][give] sst4nk0 obtained 2 of resource_log_spruce (§7Хвойное бревно)
[26.08.2022 11:05:45][serveritem][give] sst4nk0 obtained 1 of resource_log_oak (§7Дубовое бревно)
[26.08.2022 11:05:52][serveritem][give] sst4nk0 obtained 2 of resource_log_birch (§7Берёзовое бревно)
[26.08.2022 11:06:02][serveritem][give] sst4nk0 obtained 2 of resource_log_birch (§7Берёзовое бревно)
[26.08.2022 11:06:52][serveritem][give] sst4nk0 obtained 240 of resource_log_oak (§7Дубовое бревно)
[26.08.2022 11:07:29][serveritem][give] sst4nk0 obtained 240 of resource_log_spruce (§7Хвойное бревно)
[26.08.2022 11:08:10][serveritem][give] sst4nk0 obtained 132 of resource_log_birch (§7Берёзовое бревно)
[26.08.2022 11:12:19][serveritem][take] sst4nk0 gave 6 of tool_axe_diamond (§fАлмазный топор)
[26.08.2022 11:23:23][serveritem][give] sst4nk0 obtained 2304 of currency_silver_coin (§aСребрꙗнiк)
[26.08.2022 11:23:28][serveritem][give] sst4nk0 obtained 25 of currency_gold_coin (§aζлантнiк)
[26.08.2022 11:23:28][serveritem][take] sst4nk0 gave 1600 of currency_silver_coin (§aСребрꙗнiк)
[26.08.2022 11:23:28][serveritem][give] sst4nk0 obtained 7 of currency_gold_coin (§aζлантнiк)
[26.08.2022 11:23:28][serveritem][take] sst4nk0 gave 448 of currency_silver_coin (§aСребрꙗнiк)
[26.08.2022 11:23:32][serveritem][give] sst4nk0 obtained 4 of currency_gold_coin (§aζлантнiк)
[26.08.2022 11:23:32][serveritem][take] sst4nk0 gave 256 of currency_silver_coin (§aСребрꙗнiк)
[26.08.2022 11:23:46][serveritem][give] sst4nk0 obtained 64 of currency_silver_coin (§aСребрꙗнiк)
[26.08.2022 11:23:46][serveritem][take] sst4nk0 gave 1 of currency_gold_coin (§aζлантнiк)
[26.08.2022 11:23:47][serveritem][give] sst4nk0 obtained 64 of currency_silver_coin (§aСребрꙗнiк)
[26.08.2022 11:23:47][serveritem][take] sst4nk0 gave 1 of currency_gold_coin (§aζлантнiк)
[26.08.2022 11:23:47][serveritem][give] sst4nk0 obtained 64 of currency_silver_coin (§aСребрꙗнiк)
[26.08.2022 11:23:47][serveritem][take] sst4nk0 gave 1 of currency_gold_coin (§aζлантнiк)
[26.08.2022 11:23:48][serveritem][give] sst4nk0 obtained 64 of currency_silver_coin (§aСребрꙗнiк)
[26.08.2022 11:23:48][serveritem][take] sst4nk0 gave 1 of currency_gold_coin (§aζлантнiк)
[26.08.2022 11:23:51][serveritem][give] sst4nk0 obtained 64 of currency_copper_coin (§aМѣдꙗнiк)
[26.08.2022 11:23:51][serveritem][take] sst4nk0 gave 1 of currency_silver_coin (§aСребрꙗнiк)
[26.08.2022 11:23:59][serveritem][take] sst4nk0 gave 25 of currency_copper_coin (§aМѣдꙗнiк)
[26.08.2022 11:24:07][serveritem][take] sst4nk0 gave 5 of currency_silver_coin (§aСребрꙗнiк)
[26.08.2022 11:24:08][serveritem][take] sst4nk0 gave 8 of currency_silver_coin (§aСребрꙗнiк)
[26.08.2022 11:24:09][serveritem][take] sst4nk0 gave 11 of currency_silver_coin (§aСребрꙗнiк)
[26.08.2022 11:24:15][serveritem][take] sst4nk0 gave 13 of currency_silver_coin (§aСребрꙗнiк)
[26.08.2022 11:24:24][serveritem][take] sst4nk0 gave 17 of currency_silver_coin (§aСребрꙗнiк)
[26.08.2022 11:24:25][serveritem][take] sst4nk0 gave 21 of currency_silver_coin (§aСребрꙗнiк)
[26.08.2022 11:24:25][serveritem][take] sst4nk0 gave 25 of currency_silver_coin (§aСребрꙗнiк)
[26.08.2022 11:24:26][serveritem][take] sst4nk0 gave 30 of currency_silver_coin (§aСребрꙗнiк)
[26.08.2022 11:31:19][serveritem][give] sst4nk0 obtained 1560 of currency_copper_coin (§aМѣдꙗнiк)
[26.08.2022 11:31:47][serveritem][give] sst4nk0 obtained 24 of currency_silver_coin (§aСребрꙗнiк)
[26.08.2022 11:31:47][serveritem][take] sst4nk0 gave 1536 of currency_copper_coin (§aМѣдꙗнiк)
[26.08.2022 11:36:05][serveritem][give] sst4nk0 obtained 64 of currency_copper_coin (§aМѣдꙗнiк)
[26.08.2022 11:36:05][serveritem][take] sst4nk0 gave 1 of currency_silver_coin (§aСребрꙗнiк)
[26.08.2022 11:36:06][serveritem][give] sst4nk0 obtained 64 of currency_copper_coin (§aМѣдꙗнiк)
[26.08.2022 11:36:06][serveritem][take] sst4nk0 gave 1 of currency_silver_coin (§aСребрꙗнiк)
[26.08.2022 11:36:06][serveritem][give] sst4nk0 obtained 64 of currency_copper_coin (§aМѣдꙗнiк)
[26.08.2022 11:36:06][serveritem][take] sst4nk0 gave 1 of currency_silver_coin (§aСребрꙗнiк)
[26.08.2022 11:36:06][serveritem][give] sst4nk0 obtained 64 of currency_copper_coin (§aМѣдꙗнiк)
[26.08.2022 11:36:06][serveritem][take] sst4nk0 gave 1 of currency_silver_coin (§aСребрꙗнiк)
[26.08.2022 11:36:06][serveritem][give] sst4nk0 obtained 64 of currency_copper_coin (§aМѣдꙗнiк)
[26.08.2022 11:36:06][serveritem][take] sst4nk0 gave 1 of currency_silver_coin (§aСребрꙗнiк)
[26.08.2022 11:36:06][serveritem][give] sst4nk0 obtained 64 of currency_copper_coin (§aМѣдꙗнiк)
[26.08.2022 11:36:06][serveritem][take] sst4nk0 gave 1 of currency_silver_coin (§aСребрꙗнiк)
[26.08.2022 11:36:07][serveritem][give] sst4nk0 obtained 64 of currency_copper_coin (§aМѣдꙗнiк)
[26.08.2022 11:36:07][serveritem][take] sst4nk0 gave 1 of currency_silver_coin (§aСребрꙗнiк)
[26.08.2022 20:11:58][serveritem][give] sst4nk0 obtained 2 of currency_copper_coin (§aМѣдꙗнiк)
[26.08.2022 20:11:58][serveritem][take] sst4nk0 gave 1 of resource_log_oak (§7Дубовое бревно)
[26.08.2022 20:11:59][serveritem][give] sst4nk0 obtained 2 of currency_copper_coin (§aМѣдꙗнiк)
[26.08.2022 20:11:59][serveritem][take] sst4nk0 gave 1 of resource_log_oak (§7Дубовое бревно)
[26.08.2022 20:11:59][serveritem][give] sst4nk0 obtained 2 of currency_copper_coin (§aМѣдꙗнiк)
[26.08.2022 20:11:59][serveritem][take] sst4nk0 gave 1 of resource_log_oak (§7Дубовое бревно)
[26.08.2022 20:11:59][serveritem][give] sst4nk0 obtained 2 of currency_copper_coin (§aМѣдꙗнiк)
[26.08.2022 20:11:59][serveritem][take] sst4nk0 gave 1 of resource_log_oak (§7Дубовое бревно)
[26.08.2022 20:12:00][serveritem][give] sst4nk0 obtained 2 of currency_copper_coin (§aМѣдꙗнiк)
[26.08.2022 20:12:00][serveritem][take] sst4nk0 gave 1 of resource_log_oak (§7Дубовое бревно)
[26.08.2022 20:12:00][serveritem][give] sst4nk0 obtained 2 of currency_copper_coin (§aМѣдꙗнiк)
[26.08.2022 20:12:00][serveritem][take] sst4nk0 gave 1 of resource_log_oak (§7Дубовое бревно)
[26.08.2022 20:12:00][serveritem][give] sst4nk0 obtained 2 of currency_copper_coin (§aМѣдꙗнiк)
[26.08.2022 20:12:00][serveritem][take] sst4nk0 gave 1 of resource_log_oak (§7Дубовое бревно)
[26.08.2022 20:12:00][serveritem][give] sst4nk0 obtained 2 of currency_copper_coin (§aМѣдꙗнiк)
[26.08.2022 20:12:00][serveritem][take] sst4nk0 gave 1 of resource_log_oak (§7Дубовое бревно)
[26.08.2022 20:12:00][serveritem][give] sst4nk0 obtained 2 of currency_copper_coin (§aМѣдꙗнiк)
[26.08.2022 20:12:00][serveritem][take] sst4nk0 gave 1 of resource_log_oak (§7Дубовое бревно)
[26.08.2022 20:12:00][serveritem][give] sst4nk0 obtained 2 of currency_copper_coin (§aМѣдꙗнiк)
[26.08.2022 20:12:00][serveritem][take] sst4nk0 gave 1 of resource_log_oak (§7Дубовое бревно)
[26.08.2022 20:12:01][serveritem][give] sst4nk0 obtained 2 of currency_copper_coin (§aМѣдꙗнiк)
[26.08.2022 20:12:01][serveritem][take] sst4nk0 gave 1 of resource_log_oak (§7Дубовое бревно)
[26.08.2022 20:12:01][serveritem][give] sst4nk0 obtained 2 of currency_copper_coin (§aМѣдꙗнiк)
[26.08.2022 20:12:01][serveritem][take] sst4nk0 gave 1 of resource_log_oak (§7Дубовое бревно)
[26.08.2022 20:12:02][serveritem][give] sst4nk0 obtained 2 of currency_copper_coin (§aМѣдꙗнiк)
[26.08.2022 20:12:02][serveritem][take] sst4nk0 gave 1 of resource_log_oak (§7Дубовое бревно)
[26.08.2022 20:12:03][serveritem][give] sst4nk0 obtained 2 of currency_copper_coin (§aМѣдꙗнiк)
[26.08.2022 20:12:03][serveritem][take] sst4nk0 gave 1 of resource_log_oak (§7Дубовое бревно)
[26.08.2022 20:12:03][serveritem][give] sst4nk0 obtained 2 of currency_copper_coin (§aМѣдꙗнiк)
[26.08.2022 20:12:03][serveritem][take] sst4nk0 gave 1 of resource_log_oak (§7Дубовое бревно)
[26.08.2022 20:12:03][serveritem][give] sst4nk0 obtained 2 of currency_copper_coin (§aМѣдꙗнiк)
[26.08.2022 20:12:03][serveritem][take] sst4nk0 gave 1 of resource_log_oak (§7Дубовое бревно)
[26.08.2022 20:12:04][serveritem][give] sst4nk0 obtained 2 of currency_copper_coin (§aМѣдꙗнiк)
[26.08.2022 20:12:04][serveritem][take] sst4nk0 gave 1 of resource_log_oak (§7Дубовое бревно)
[26.08.2022 20:12:04][serveritem][give] sst4nk0 obtained 2 of currency_copper_coin (§aМѣдꙗнiк)
[26.08.2022 20:12:04][serveritem][take] sst4nk0 gave 1 of resource_log_oak (§7Дубовое бревно)
[26.08.2022 20:12:04][serveritem][give] sst4nk0 obtained 2 of currency_copper_coin (§aМѣдꙗнiк)
[26.08.2022 20:12:04][serveritem][take] sst4nk0 gave 1 of resource_log_oak (§7Дубовое бревно)
[26.08.2022 20:12:04][serveritem][give] sst4nk0 obtained 2 of currency_copper_coin (§aМѣдꙗнiк)
[26.08.2022 20:12:04][serveritem][take] sst4nk0 gave 1 of resource_log_oak (§7Дубовое бревно)
[26.08.2022 20:12:04][serveritem][give] sst4nk0 obtained 2 of currency_copper_coin (§aМѣдꙗнiк)
[26.08.2022 20:12:04][serveritem][take] sst4nk0 gave 1 of resource_log_oak (§7Дубовое бревно)
[26.08.2022 20:12:04][serveritem][give] sst4nk0 obtained 2 of currency_copper_coin (§aМѣдꙗнiк)
[26.08.2022 20:12:04][serveritem][take] sst4nk0 gave 1 of resource_log_oak (§7Дубовое бревно)
[26.08.2022 20:12:04][serveritem][give] sst4nk0 obtained 2 of currency_copper_coin (§aМѣдꙗнiк)
[26.08.2022 20:12:04][serveritem][take] sst4nk0 gave 1 of resource_log_oak (§7Дубовое бревно)
[26.08.2022 20:12:05][serveritem][give] sst4nk0 obtained 2 of currency_copper_coin (§aМѣдꙗнiк)
[26.08.2022 20:12:05][serveritem][take] sst4nk0 gave 1 of resource_log_oak (§7Дубовое бревно)
[26.08.2022 20:12:05][serveritem][give] sst4nk0 obtained 2 of currency_copper_coin (§aМѣдꙗнiк)
[26.08.2022 20:12:05][serveritem][take] sst4nk0 gave 1 of resource_log_oak (§7Дубовое бревно)
[26.08.2022 20:12:05][serveritem][give] sst4nk0 obtained 2 of currency_copper_coin (§aМѣдꙗнiк)
[26.08.2022 20:12:05][serveritem][take] sst4nk0 gave 1 of resource_log_oak (§7Дубовое бревно)
[26.08.2022 20:12:05][serveritem][give] sst4nk0 obtained 2 of currency_copper_coin (§aМѣдꙗнiк)
[26.08.2022 20:12:05][serveritem][take] sst4nk0 gave 1 of resource_log_oak (§7Дубовое бревно)
[26.08.2022 20:12:05][serveritem][give] sst4nk0 obtained 2 of currency_copper_coin (§aМѣдꙗнiк)
[26.08.2022 20:12:05][serveritem][take] sst4nk0 gave 1 of resource_log_oak (§7Дубовое бревно)
[26.08.2022 20:12:06][serveritem][give] sst4nk0 obtained 2 of currency_copper_coin (§aМѣдꙗнiк)
[26.08.2022 20:12:06][serveritem][take] sst4nk0 gave 1 of resource_log_oak (§7Дубовое бревно)
[26.08.2022 20:12:06][serveritem][give] sst4nk0 obtained 2 of currency_copper_coin (§aМѣдꙗнiк)
[26.08.2022 20:12:06][serveritem][take] sst4nk0 gave 1 of resource_log_oak (§7Дубовое бревно)
[26.08.2022 20:12:07][serveritem][give] sst4nk0 obtained 2 of currency_copper_coin (§aМѣдꙗнiк)
[26.08.2022 20:12:07][serveritem][take] sst4nk0 gave 1 of resource_log_oak (§7Дубовое бревно)
[26.08.2022 20:12:07][serveritem][give] sst4nk0 obtained 2 of currency_copper_coin (§aМѣдꙗнiк)
[26.08.2022 20:12:07][serveritem][take] sst4nk0 gave 1 of resource_log_oak (§7Дубовое бревно)
[26.08.2022 20:12:09][serveritem][give] sst4nk0 obtained 2 of currency_silver_coin (§aСребрꙗнiк)
[26.08.2022 20:12:09][serveritem][take] sst4nk0 gave 64 of resource_log_oak (§7Дубовое бревно)
[26.08.2022 20:12:12][serveritem][give] sst4nk0 obtained 2 of currency_silver_coin (§aСребрꙗнiк)
[26.08.2022 20:12:12][serveritem][take] sst4nk0 gave 64 of resource_log_oak (§7Дубовое бревно)
[26.08.2022 20:12:12][serveritem][give] sst4nk0 obtained 2 of currency_silver_coin (§aСребрꙗнiк)
[26.08.2022 20:12:12][serveritem][take] sst4nk0 gave 64 of resource_log_oak (§7Дубовое бревно)
[26.08.2022 20:12:14][serveritem][give] sst4nk0 obtained 2 of currency_copper_coin (§aМѣдꙗнiк)
[26.08.2022 20:12:14][serveritem][take] sst4nk0 gave 1 of resource_log_oak (§7Дубовое бревно)
[26.08.2022 20:12:14][serveritem][give] sst4nk0 obtained 2 of currency_copper_coin (§aМѣдꙗнiк)
[26.08.2022 20:12:14][serveritem][take] sst4nk0 gave 1 of resource_log_oak (§7Дубовое бревно)
[26.08.2022 20:12:14][serveritem][give] sst4nk0 obtained 2 of currency_copper_coin (§aМѣдꙗнiк)
[26.08.2022 20:12:14][serveritem][take] sst4nk0 gave 1 of resource_log_oak (§7Дубовое бревно)
[26.08.2022 20:12:15][serveritem][give] sst4nk0 obtained 2 of currency_copper_coin (§aМѣдꙗнiк)
[26.08.2022 20:12:15][serveritem][take] sst4nk0 gave 1 of resource_log_oak (§7Дубовое бревно)
[26.08.2022 20:12:15][serveritem][give] sst4nk0 obtained 2 of currency_copper_coin (§aМѣдꙗнiк)
[26.08.2022 20:12:15][serveritem][take] sst4nk0 gave 1 of resource_log_oak (§7Дубовое бревно)
[26.08.2022 20:12:15][serveritem][give] sst4nk0 obtained 2 of currency_copper_coin (§aМѣдꙗнiк)
[26.08.2022 20:12:15][serveritem][take] sst4nk0 gave 1 of resource_log_oak (§7Дубовое бревно)
[26.08.2022 20:12:15][serveritem][give] sst4nk0 obtained 2 of currency_copper_coin (§aМѣдꙗнiк)
[26.08.2022 20:12:15][serveritem][take] sst4nk0 gave 1 of resource_log_oak (§7Дубовое бревно)
[26.08.2022 20:12:15][serveritem][give] sst4nk0 obtained 2 of currency_copper_coin (§aМѣдꙗнiк)
[26.08.2022 20:12:15][serveritem][take] sst4nk0 gave 1 of resource_log_oak (§7Дубовое бревно)
[26.08.2022 20:12:15][serveritem][give] sst4nk0 obtained 2 of currency_copper_coin (§aМѣдꙗнiк)
[26.08.2022 20:12:15][serveritem][take] sst4nk0 gave 1 of resource_log_oak (§7Дубовое бревно)
[26.08.2022 20:12:15][serveritem][give] sst4nk0 obtained 2 of currency_copper_coin (§aМѣдꙗнiк)
[26.08.2022 20:12:15][serveritem][take] sst4nk0 gave 1 of resource_log_oak (§7Дубовое бревно)
[26.08.2022 20:12:16][serveritem][give] sst4nk0 obtained 2 of currency_copper_coin (§aМѣдꙗнiк)
[26.08.2022 20:12:16][serveritem][take] sst4nk0 gave 1 of resource_log_oak (§7Дубовое бревно)
[26.08.2022 20:12:16][serveritem][give] sst4nk0 obtained 2 of currency_copper_coin (§aМѣдꙗнiк)
[26.08.2022 20:12:16][serveritem][take] sst4nk0 gave 1 of resource_log_oak (§7Дубовое бревно)
[26.08.2022 20:12:16][serveritem][give] sst4nk0 obtained 2 of currency_copper_coin (§aМѣдꙗнiк)
[26.08.2022 20:12:16][serveritem][take] sst4nk0 gave 1 of resource_log_oak (§7Дубовое бревно)
[26.08.2022 20:12:16][serveritem][give] sst4nk0 obtained 2 of currency_copper_coin (§aМѣдꙗнiк)
[26.08.2022 20:12:16][serveritem][take] sst4nk0 gave 1 of resource_log_oak (§7Дубовое бревно)
[26.08.2022 20:12:16][serveritem][give] sst4nk0 obtained 2 of currency_copper_coin (§aМѣдꙗнiк)
[26.08.2022 20:12:16][serveritem][take] sst4nk0 gave 1 of resource_log_oak (§7Дубовое бревно)
[26.08.2022 20:12:16][serveritem][give] sst4nk0 obtained 2 of currency_copper_coin (§aМѣдꙗнiк)
[26.08.2022 20:12:16][serveritem][take] sst4nk0 gave 1 of resource_log_oak (§7Дубовое бревно)
[26.08.2022 20:12:17][serveritem][give] sst4nk0 obtained 2 of currency_copper_coin (§aМѣдꙗнiк)
[26.08.2022 20:12:17][serveritem][take] sst4nk0 gave 1 of resource_log_oak (§7Дубовое бревно)
[26.08.2022 20:12:17][serveritem][give] sst4nk0 obtained 2 of currency_copper_coin (§aМѣдꙗнiк)
[26.08.2022 20:12:17][serveritem][take] sst4nk0 gave 1 of resource_log_oak (§7Дубовое бревно)
[26.08.2022 20:12:17][serveritem][give] sst4nk0 obtained 2 of currency_copper_coin (§aМѣдꙗнiк)
[26.08.2022 20:12:17][serveritem][take] sst4nk0 gave 1 of resource_log_oak (§7Дубовое бревно)
[26.08.2022 20:12:17][serveritem][give] sst4nk0 obtained 2 of currency_copper_coin (§aМѣдꙗнiк)
[26.08.2022 20:12:17][serveritem][take] sst4nk0 gave 1 of resource_log_oak (§7Дубовое бревно)
[26.08.2022 20:12:17][serveritem][give] sst4nk0 obtained 2 of currency_copper_coin (§aМѣдꙗнiк)
[26.08.2022 20:12:17][serveritem][take] sst4nk0 gave 1 of resource_log_oak (§7Дубовое бревно)
[26.08.2022 20:12:17][serveritem][give] sst4nk0 obtained 2 of currency_copper_coin (§aМѣдꙗнiк)
[26.08.2022 20:12:17][serveritem][take] sst4nk0 gave 1 of resource_log_oak (§7Дубовое бревно)
[26.08.2022 20:12:18][serveritem][give] sst4nk0 obtained 2 of currency_copper_coin (§aМѣдꙗнiк)
[26.08.2022 20:12:18][serveritem][take] sst4nk0 gave 1 of resource_log_oak (§7Дубовое бревно)
[26.08.2022 20:12:18][serveritem][give] sst4nk0 obtained 2 of currency_copper_coin (§aМѣдꙗнiк)
[26.08.2022 20:12:18][serveritem][take] sst4nk0 gave 1 of resource_log_oak (§7Дубовое бревно)
[26.08.2022 20:12:18][serveritem][give] sst4nk0 obtained 2 of currency_copper_coin (§aМѣдꙗнiк)
[26.08.2022 20:12:18][serveritem][take] sst4nk0 gave 1 of resource_log_oak (§7Дубовое бревно)
[26.08.2022 20:12:18][serveritem][give] sst4nk0 obtained 2 of currency_copper_coin (§aМѣдꙗнiк)
[26.08.2022 20:12:18][serveritem][take] sst4nk0 gave 1 of resource_log_oak (§7Дубовое бревно)
[26.08.2022 20:12:18][serveritem][give] sst4nk0 obtained 2 of currency_copper_coin (§aМѣдꙗнiк)
[26.08.2022 20:12:18][serveritem][take] sst4nk0 gave 1 of resource_log_oak (§7Дубовое бревно)
[26.08.2022 20:12:18][serveritem][give] sst4nk0 obtained 2 of currency_copper_coin (§aМѣдꙗнiк)
[26.08.2022 20:12:18][serveritem][take] sst4nk0 gave 1 of resource_log_oak (§7Дубовое бревно)
[26.08.2022 20:12:19][serveritem][give] sst4nk0 obtained 2 of currency_copper_coin (§aМѣдꙗнiк)
[26.08.2022 20:12:19][serveritem][take] sst4nk0 gave 1 of resource_log_oak (§7Дубовое бревно)
[26.08.2022 20:12:19][serveritem][give] sst4nk0 obtained 2 of currency_copper_coin (§aМѣдꙗнiк)
[26.08.2022 20:12:19][serveritem][take] sst4nk0 gave 1 of resource_log_oak (§7Дубовое бревно)
[26.08.2022 20:12:19][serveritem][give] sst4nk0 obtained 2 of currency_copper_coin (§aМѣдꙗнiк)
[26.08.2022 20:12:19][serveritem][take] sst4nk0 gave 1 of resource_log_oak (§7Дубовое бревно)
[26.08.2022 20:12:20][serveritem][give] sst4nk0 obtained 2 of currency_copper_coin (§aМѣдꙗнiк)
[26.08.2022 20:12:20][serveritem][take] sst4nk0 gave 1 of resource_log_oak (§7Дубовое бревно)
