[10.08.2022 02:14:07][serveritem][give] sst4nk0 obtained 64 of currency_copper_coin (브?????i?)
[10.08.2022 02:14:07][serveritem][take] sst4nk0 gave 1 of currency_silver_coin (브???????i?)
[10.08.2022 02:14:11][serveritem][give] sst4nk0 obtained 64 of currency_silver_coin (브???????i?)
[10.08.2022 02:14:11][serveritem][take] sst4nk0 gave 1 of currency_gold_coin (브??????i?)
[10.08.2022 02:14:15][serveritem][give] sst4nk0 obtained 1 of currency_silver_coin (브???????i?)
[10.08.2022 02:14:15][serveritem][take] sst4nk0 gave 64 of currency_copper_coin (브?????i?)
[10.08.2022 02:14:16][serveritem][give] sst4nk0 obtained 1 of currency_gold_coin (브??????i?)
[10.08.2022 02:14:16][serveritem][take] sst4nk0 gave 64 of currency_silver_coin (브???????i?)
[10.08.2022 02:20:28][serveritem][give] sst4nk0 obtained 64 of currency_copper_coin (브?????i?)
[10.08.2022 02:20:28][serveritem][take] sst4nk0 gave 1 of currency_silver_coin (브???????i?)
[10.08.2022 02:20:59][serveritem][give] sst4nk0 obtained 1 of currency_silver_coin (브???????i?)
[10.08.2022 02:20:59][serveritem][take] sst4nk0 gave 64 of currency_copper_coin (브?????i?)
[10.08.2022 02:35:04][serveritem][give] sst4nk0 obtained 64 of currency_silver_coin (브???????i?)
[10.08.2022 02:35:04][serveritem][take] sst4nk0 gave 1 of currency_gold_coin (브??????i?)
[10.08.2022 02:35:09][serveritem][give] sst4nk0 obtained 1 of currency_gold_coin (브??????i?)
[10.08.2022 02:35:09][serveritem][take] sst4nk0 gave 64 of currency_silver_coin (브???????i?)
[10.08.2022 02:36:36][serveritem][give] sst4nk0 obtained 64 of currency_silver_coin (브???????i?)
[10.08.2022 02:36:36][serveritem][take] sst4nk0 gave 1 of currency_gold_coin (브??????i?)
[10.08.2022 02:36:39][serveritem][give] sst4nk0 obtained 1 of currency_gold_coin (브??????i?)
[10.08.2022 02:36:39][serveritem][take] sst4nk0 gave 64 of currency_silver_coin (브???????i?)
[10.08.2022 02:37:12][serveritem][give] sst4nk0 obtained 64 of currency_silver_coin (브???????i?)
[10.08.2022 02:37:12][serveritem][take] sst4nk0 gave 1 of currency_gold_coin (브??????i?)
[10.08.2022 02:37:13][serveritem][give] sst4nk0 obtained 1 of currency_gold_coin (브??????i?)
[10.08.2022 02:37:13][serveritem][take] sst4nk0 gave 64 of currency_silver_coin (브???????i?)
[10.08.2022 02:37:14][serveritem][give] sst4nk0 obtained 64 of currency_silver_coin (브???????i?)
[10.08.2022 02:37:14][serveritem][take] sst4nk0 gave 1 of currency_gold_coin (브??????i?)
[10.08.2022 02:37:15][serveritem][give] sst4nk0 obtained 1 of currency_gold_coin (브??????i?)
[10.08.2022 02:37:15][serveritem][take] sst4nk0 gave 64 of currency_silver_coin (브???????i?)
[10.08.2022 02:37:21][serveritem][give] sst4nk0 obtained 64 of currency_silver_coin (브???????i?)
[10.08.2022 02:37:21][serveritem][take] sst4nk0 gave 1 of currency_gold_coin (브??????i?)
[10.08.2022 02:37:22][serveritem][give] sst4nk0 obtained 1 of currency_gold_coin (브??????i?)
[10.08.2022 02:37:22][serveritem][take] sst4nk0 gave 64 of currency_silver_coin (브???????i?)
[10.08.2022 02:37:24][serveritem][give] sst4nk0 obtained 64 of currency_silver_coin (브???????i?)
[10.08.2022 02:37:24][serveritem][take] sst4nk0 gave 1 of currency_gold_coin (브??????i?)
[10.08.2022 02:37:27][serveritem][give] sst4nk0 obtained 64 of currency_copper_coin (브?????i?)
[10.08.2022 02:37:27][serveritem][take] sst4nk0 gave 1 of currency_silver_coin (브???????i?)
[10.08.2022 02:37:27][serveritem][give] sst4nk0 obtained 64 of currency_copper_coin (브?????i?)
[10.08.2022 02:37:27][serveritem][take] sst4nk0 gave 1 of currency_silver_coin (브???????i?)
[10.08.2022 02:37:27][serveritem][give] sst4nk0 obtained 64 of currency_copper_coin (브?????i?)
[10.08.2022 02:37:27][serveritem][take] sst4nk0 gave 1 of currency_silver_coin (브???????i?)
[10.08.2022 02:37:27][serveritem][give] sst4nk0 obtained 64 of currency_copper_coin (브?????i?)
[10.08.2022 02:37:27][serveritem][take] sst4nk0 gave 1 of currency_silver_coin (브???????i?)
[10.08.2022 02:37:27][serveritem][give] sst4nk0 obtained 64 of currency_copper_coin (브?????i?)
[10.08.2022 02:37:27][serveritem][take] sst4nk0 gave 1 of currency_silver_coin (브???????i?)
[10.08.2022 02:37:28][serveritem][give] sst4nk0 obtained 64 of currency_copper_coin (브?????i?)
[10.08.2022 02:37:28][serveritem][take] sst4nk0 gave 1 of currency_silver_coin (브???????i?)
[10.08.2022 02:37:28][serveritem][give] sst4nk0 obtained 64 of currency_copper_coin (브?????i?)
[10.08.2022 02:37:28][serveritem][take] sst4nk0 gave 1 of currency_silver_coin (브???????i?)
[10.08.2022 02:37:28][serveritem][give] sst4nk0 obtained 64 of currency_copper_coin (브?????i?)
[10.08.2022 02:37:28][serveritem][take] sst4nk0 gave 1 of currency_silver_coin (브???????i?)
[10.08.2022 02:37:28][serveritem][give] sst4nk0 obtained 64 of currency_copper_coin (브?????i?)
[10.08.2022 02:37:28][serveritem][take] sst4nk0 gave 1 of currency_silver_coin (브???????i?)
[10.08.2022 02:37:28][serveritem][give] sst4nk0 obtained 64 of currency_copper_coin (브?????i?)
[10.08.2022 02:37:28][serveritem][take] sst4nk0 gave 1 of currency_silver_coin (브???????i?)
[10.08.2022 02:37:28][serveritem][give] sst4nk0 obtained 64 of currency_copper_coin (브?????i?)
[10.08.2022 02:37:28][serveritem][take] sst4nk0 gave 1 of currency_silver_coin (브???????i?)
[10.08.2022 02:37:28][serveritem][give] sst4nk0 obtained 64 of currency_copper_coin (브?????i?)
[10.08.2022 02:37:28][serveritem][take] sst4nk0 gave 1 of currency_silver_coin (브???????i?)
[10.08.2022 02:37:29][serveritem][give] sst4nk0 obtained 64 of currency_copper_coin (브?????i?)
[10.08.2022 02:37:29][serveritem][take] sst4nk0 gave 1 of currency_silver_coin (브???????i?)
[10.08.2022 02:37:29][serveritem][give] sst4nk0 obtained 64 of currency_copper_coin (브?????i?)
[10.08.2022 02:37:29][serveritem][take] sst4nk0 gave 1 of currency_silver_coin (브???????i?)
[10.08.2022 02:37:29][serveritem][give] sst4nk0 obtained 64 of currency_copper_coin (브?????i?)
[10.08.2022 02:37:29][serveritem][take] sst4nk0 gave 1 of currency_silver_coin (브???????i?)
[10.08.2022 02:37:29][serveritem][give] sst4nk0 obtained 64 of currency_copper_coin (브?????i?)
[10.08.2022 02:37:29][serveritem][take] sst4nk0 gave 1 of currency_silver_coin (브???????i?)
[10.08.2022 02:37:29][serveritem][give] sst4nk0 obtained 64 of currency_copper_coin (브?????i?)
[10.08.2022 02:37:29][serveritem][take] sst4nk0 gave 1 of currency_silver_coin (브???????i?)
[10.08.2022 02:37:29][serveritem][give] sst4nk0 obtained 64 of currency_copper_coin (브?????i?)
[10.08.2022 02:37:29][serveritem][take] sst4nk0 gave 1 of currency_silver_coin (브???????i?)
[10.08.2022 02:37:29][serveritem][give] sst4nk0 obtained 64 of currency_copper_coin (브?????i?)
[10.08.2022 02:37:29][serveritem][take] sst4nk0 gave 1 of currency_silver_coin (브???????i?)
[10.08.2022 02:37:30][serveritem][give] sst4nk0 obtained 64 of currency_copper_coin (브?????i?)
[10.08.2022 02:37:30][serveritem][take] sst4nk0 gave 1 of currency_silver_coin (브???????i?)
[10.08.2022 02:37:30][serveritem][give] sst4nk0 obtained 64 of currency_copper_coin (브?????i?)
[10.08.2022 02:37:30][serveritem][take] sst4nk0 gave 1 of currency_silver_coin (브???????i?)
[10.08.2022 02:37:30][serveritem][give] sst4nk0 obtained 64 of currency_copper_coin (브?????i?)
[10.08.2022 02:37:30][serveritem][take] sst4nk0 gave 1 of currency_silver_coin (브???????i?)
[10.08.2022 02:37:30][serveritem][give] sst4nk0 obtained 64 of currency_copper_coin (브?????i?)
[10.08.2022 02:37:30][serveritem][take] sst4nk0 gave 1 of currency_silver_coin (브???????i?)
[10.08.2022 02:37:30][serveritem][give] sst4nk0 obtained 64 of currency_copper_coin (브?????i?)
[10.08.2022 02:37:30][serveritem][take] sst4nk0 gave 1 of currency_silver_coin (브???????i?)
[10.08.2022 02:37:30][serveritem][give] sst4nk0 obtained 64 of currency_copper_coin (브?????i?)
[10.08.2022 02:37:30][serveritem][take] sst4nk0 gave 1 of currency_silver_coin (브???????i?)
[10.08.2022 02:37:30][serveritem][give] sst4nk0 obtained 64 of currency_copper_coin (브?????i?)
[10.08.2022 02:37:30][serveritem][take] sst4nk0 gave 1 of currency_silver_coin (브???????i?)
[10.08.2022 02:37:31][serveritem][give] sst4nk0 obtained 64 of currency_copper_coin (브?????i?)
[10.08.2022 02:37:31][serveritem][take] sst4nk0 gave 1 of currency_silver_coin (브???????i?)
[10.08.2022 02:37:31][serveritem][give] sst4nk0 obtained 64 of currency_copper_coin (브?????i?)
[10.08.2022 02:37:31][serveritem][take] sst4nk0 gave 1 of currency_silver_coin (브???????i?)
[10.08.2022 02:37:31][serveritem][give] sst4nk0 obtained 64 of currency_copper_coin (브?????i?)
[10.08.2022 02:37:31][serveritem][take] sst4nk0 gave 1 of currency_silver_coin (브???????i?)
[10.08.2022 02:37:31][serveritem][give] sst4nk0 obtained 64 of currency_copper_coin (브?????i?)
[10.08.2022 02:37:31][serveritem][take] sst4nk0 gave 1 of currency_silver_coin (브???????i?)
[10.08.2022 02:37:31][serveritem][give] sst4nk0 obtained 64 of currency_copper_coin (브?????i?)
[10.08.2022 02:37:31][serveritem][take] sst4nk0 gave 1 of currency_silver_coin (브???????i?)
[10.08.2022 02:37:32][serveritem][give] sst4nk0 obtained 64 of currency_copper_coin (브?????i?)
[10.08.2022 02:37:32][serveritem][take] sst4nk0 gave 1 of currency_silver_coin (브???????i?)
[10.08.2022 02:37:32][serveritem][give] sst4nk0 obtained 64 of currency_copper_coin (브?????i?)
[10.08.2022 02:37:32][serveritem][take] sst4nk0 gave 1 of currency_silver_coin (브???????i?)
[10.08.2022 02:37:32][serveritem][give] sst4nk0 obtained 64 of currency_copper_coin (브?????i?)
[10.08.2022 02:37:32][serveritem][take] sst4nk0 gave 1 of currency_silver_coin (브???????i?)
[10.08.2022 02:37:33][serveritem][give] sst4nk0 obtained 64 of currency_copper_coin (브?????i?)
[10.08.2022 02:37:33][serveritem][take] sst4nk0 gave 1 of currency_silver_coin (브???????i?)
[10.08.2022 02:37:33][serveritem][give] sst4nk0 obtained 64 of currency_copper_coin (브?????i?)
[10.08.2022 02:37:33][serveritem][take] sst4nk0 gave 1 of currency_silver_coin (브???????i?)
[10.08.2022 02:37:33][serveritem][give] sst4nk0 obtained 64 of currency_copper_coin (브?????i?)
[10.08.2022 02:37:33][serveritem][take] sst4nk0 gave 1 of currency_silver_coin (브???????i?)
[10.08.2022 02:37:33][serveritem][give] sst4nk0 obtained 64 of currency_copper_coin (브?????i?)
[10.08.2022 02:37:33][serveritem][take] sst4nk0 gave 1 of currency_silver_coin (브???????i?)
[10.08.2022 02:37:33][serveritem][give] sst4nk0 obtained 64 of currency_copper_coin (브?????i?)
[10.08.2022 02:37:33][serveritem][take] sst4nk0 gave 1 of currency_silver_coin (브???????i?)
[10.08.2022 02:37:47][serveritem][give] sst4nk0 obtained 34 of currency_silver_coin (브???????i?)
[10.08.2022 02:37:47][serveritem][take] sst4nk0 gave 2176 of currency_copper_coin (브?????i?)
[10.08.2022 02:37:49][serveritem][give] sst4nk0 obtained 2 of currency_silver_coin (브???????i?)
[10.08.2022 02:37:49][serveritem][take] sst4nk0 gave 128 of currency_copper_coin (브?????i?)
[10.08.2022 02:37:52][serveritem][give] sst4nk0 obtained 3 of currency_silver_coin (브???????i?)
[10.08.2022 02:37:52][serveritem][take] sst4nk0 gave 192 of currency_copper_coin (브?????i?)
[10.08.2022 02:37:57][serveritem][give] sst4nk0 obtained 1 of currency_gold_coin (브??????i?)
[10.08.2022 02:37:57][serveritem][take] sst4nk0 gave 64 of currency_silver_coin (브???????i?)
[10.08.2022 02:38:19][serveritem][give] sst4nk0 obtained 64 of currency_copper_coin (브?????i?)
[10.08.2022 02:38:19][serveritem][take] sst4nk0 gave 1 of currency_silver_coin (브???????i?)
[10.08.2022 02:38:20][serveritem][give] sst4nk0 obtained 1 of currency_silver_coin (브???????i?)
[10.08.2022 02:38:20][serveritem][take] sst4nk0 gave 64 of currency_copper_coin (브?????i?)
[10.08.2022 02:38:26][serveritem][give] sst4nk0 obtained 64 of currency_silver_coin (브???????i?)
[10.08.2022 02:38:26][serveritem][take] sst4nk0 gave 1 of currency_gold_coin (브??????i?)
[10.08.2022 02:38:27][serveritem][give] sst4nk0 obtained 64 of currency_copper_coin (브?????i?)
[10.08.2022 02:38:27][serveritem][take] sst4nk0 gave 1 of currency_silver_coin (브???????i?)
[10.08.2022 02:38:28][serveritem][give] sst4nk0 obtained 64 of currency_copper_coin (브?????i?)
[10.08.2022 02:38:28][serveritem][take] sst4nk0 gave 1 of currency_silver_coin (브???????i?)
[10.08.2022 02:38:28][serveritem][give] sst4nk0 obtained 64 of currency_copper_coin (브?????i?)
[10.08.2022 02:38:28][serveritem][take] sst4nk0 gave 1 of currency_silver_coin (브???????i?)
[10.08.2022 02:38:29][serveritem][give] sst4nk0 obtained 64 of currency_copper_coin (브?????i?)
[10.08.2022 02:38:29][serveritem][take] sst4nk0 gave 1 of currency_silver_coin (브???????i?)
[10.08.2022 02:38:29][serveritem][give] sst4nk0 obtained 64 of currency_copper_coin (브?????i?)
[10.08.2022 02:38:29][serveritem][take] sst4nk0 gave 1 of currency_silver_coin (브???????i?)
[10.08.2022 02:38:29][serveritem][give] sst4nk0 obtained 64 of currency_copper_coin (브?????i?)
[10.08.2022 02:38:29][serveritem][take] sst4nk0 gave 1 of currency_silver_coin (브???????i?)
[10.08.2022 02:38:29][serveritem][give] sst4nk0 obtained 64 of currency_copper_coin (브?????i?)
[10.08.2022 02:38:29][serveritem][take] sst4nk0 gave 1 of currency_silver_coin (브???????i?)
[10.08.2022 02:38:29][serveritem][give] sst4nk0 obtained 64 of currency_copper_coin (브?????i?)
[10.08.2022 02:38:29][serveritem][take] sst4nk0 gave 1 of currency_silver_coin (브???????i?)
[10.08.2022 02:38:30][serveritem][give] sst4nk0 obtained 64 of currency_copper_coin (브?????i?)
[10.08.2022 02:38:30][serveritem][take] sst4nk0 gave 1 of currency_silver_coin (브???????i?)
[10.08.2022 02:38:30][serveritem][give] sst4nk0 obtained 64 of currency_copper_coin (브?????i?)
[10.08.2022 02:38:30][serveritem][take] sst4nk0 gave 1 of currency_silver_coin (브???????i?)
[10.08.2022 02:38:31][serveritem][give] sst4nk0 obtained 64 of currency_copper_coin (브?????i?)
[10.08.2022 02:38:31][serveritem][take] sst4nk0 gave 1 of currency_silver_coin (브???????i?)
[10.08.2022 02:38:31][serveritem][give] sst4nk0 obtained 64 of currency_copper_coin (브?????i?)
[10.08.2022 02:38:31][serveritem][take] sst4nk0 gave 1 of currency_silver_coin (브???????i?)
[10.08.2022 02:38:32][serveritem][give] sst4nk0 obtained 64 of currency_copper_coin (브?????i?)
[10.08.2022 02:38:32][serveritem][take] sst4nk0 gave 1 of currency_silver_coin (브???????i?)
[10.08.2022 02:38:32][serveritem][give] sst4nk0 obtained 64 of currency_copper_coin (브?????i?)
[10.08.2022 02:38:32][serveritem][take] sst4nk0 gave 1 of currency_silver_coin (브???????i?)
[10.08.2022 02:38:32][serveritem][give] sst4nk0 obtained 64 of currency_copper_coin (브?????i?)
[10.08.2022 02:38:32][serveritem][take] sst4nk0 gave 1 of currency_silver_coin (브???????i?)
[10.08.2022 02:38:32][serveritem][give] sst4nk0 obtained 64 of currency_copper_coin (브?????i?)
[10.08.2022 02:38:32][serveritem][take] sst4nk0 gave 1 of currency_silver_coin (브???????i?)
[10.08.2022 02:38:32][serveritem][give] sst4nk0 obtained 64 of currency_copper_coin (브?????i?)
[10.08.2022 02:38:32][serveritem][take] sst4nk0 gave 1 of currency_silver_coin (브???????i?)
[10.08.2022 02:38:33][serveritem][give] sst4nk0 obtained 64 of currency_copper_coin (브?????i?)
[10.08.2022 02:38:33][serveritem][take] sst4nk0 gave 1 of currency_silver_coin (브???????i?)
[10.08.2022 02:38:33][serveritem][give] sst4nk0 obtained 64 of currency_copper_coin (브?????i?)
[10.08.2022 02:38:33][serveritem][take] sst4nk0 gave 1 of currency_silver_coin (브???????i?)
[10.08.2022 02:38:34][serveritem][give] sst4nk0 obtained 64 of currency_copper_coin (브?????i?)
[10.08.2022 02:38:34][serveritem][take] sst4nk0 gave 1 of currency_silver_coin (브???????i?)
[10.08.2022 02:38:34][serveritem][give] sst4nk0 obtained 64 of currency_copper_coin (브?????i?)
[10.08.2022 02:38:34][serveritem][take] sst4nk0 gave 1 of currency_silver_coin (브???????i?)
[10.08.2022 02:38:35][serveritem][give] sst4nk0 obtained 64 of currency_copper_coin (브?????i?)
[10.08.2022 02:38:35][serveritem][take] sst4nk0 gave 1 of currency_silver_coin (브???????i?)
[10.08.2022 02:38:35][serveritem][give] sst4nk0 obtained 64 of currency_copper_coin (브?????i?)
[10.08.2022 02:38:35][serveritem][take] sst4nk0 gave 1 of currency_silver_coin (브???????i?)
[10.08.2022 02:38:35][serveritem][give] sst4nk0 obtained 64 of currency_copper_coin (브?????i?)
[10.08.2022 02:38:35][serveritem][take] sst4nk0 gave 1 of currency_silver_coin (브???????i?)
[10.08.2022 02:38:38][serveritem][give] sst4nk0 obtained 24 of currency_silver_coin (브???????i?)
[10.08.2022 02:38:38][serveritem][take] sst4nk0 gave 1536 of currency_copper_coin (브?????i?)
[10.08.2022 02:38:40][serveritem][give] sst4nk0 obtained 1 of currency_gold_coin (브??????i?)
[10.08.2022 02:38:40][serveritem][take] sst4nk0 gave 64 of currency_silver_coin (브???????i?)
[10.08.2022 02:38:48][serveritem][give] sst4nk0 obtained 64 of currency_copper_coin (브?????i?)
[10.08.2022 02:38:48][serveritem][take] sst4nk0 gave 1 of currency_silver_coin (브???????i?)
[10.08.2022 02:38:50][serveritem][give] sst4nk0 obtained 1 of currency_silver_coin (브???????i?)
[10.08.2022 02:38:50][serveritem][take] sst4nk0 gave 64 of currency_copper_coin (브?????i?)
[10.08.2022 02:39:38][serveritem][give] sst4nk0 obtained 64 of currency_copper_coin (브?????i?)
[10.08.2022 02:39:38][serveritem][take] sst4nk0 gave 1 of currency_silver_coin (브???????i?)
[10.08.2022 02:39:41][serveritem][give] sst4nk0 obtained 1 of currency_silver_coin (브???????i?)
[10.08.2022 02:39:41][serveritem][take] sst4nk0 gave 64 of currency_copper_coin (브?????i?)
[10.08.2022 02:39:41][serveritem][give] sst4nk0 obtained 64 of currency_copper_coin (브?????i?)
[10.08.2022 02:39:41][serveritem][take] sst4nk0 gave 1 of currency_silver_coin (브???????i?)
[10.08.2022 02:39:42][serveritem][give] sst4nk0 obtained 1 of currency_silver_coin (브???????i?)
[10.08.2022 02:39:42][serveritem][take] sst4nk0 gave 64 of currency_copper_coin (브?????i?)
[10.08.2022 02:39:42][serveritem][give] sst4nk0 obtained 64 of currency_copper_coin (브?????i?)
[10.08.2022 02:39:42][serveritem][take] sst4nk0 gave 1 of currency_silver_coin (브???????i?)
[10.08.2022 02:39:43][serveritem][give] sst4nk0 obtained 1 of currency_silver_coin (브???????i?)
[10.08.2022 02:39:43][serveritem][take] sst4nk0 gave 64 of currency_copper_coin (브?????i?)
[10.08.2022 02:39:43][serveritem][give] sst4nk0 obtained 64 of currency_copper_coin (브?????i?)
[10.08.2022 02:39:43][serveritem][take] sst4nk0 gave 1 of currency_silver_coin (브???????i?)
[10.08.2022 02:39:44][serveritem][give] sst4nk0 obtained 1 of currency_silver_coin (브???????i?)
[10.08.2022 02:39:44][serveritem][take] sst4nk0 gave 64 of currency_copper_coin (브?????i?)
[10.08.2022 02:39:45][serveritem][give] sst4nk0 obtained 64 of currency_copper_coin (브?????i?)
[10.08.2022 02:39:45][serveritem][take] sst4nk0 gave 1 of currency_silver_coin (브???????i?)
[10.08.2022 02:39:45][serveritem][give] sst4nk0 obtained 1 of currency_silver_coin (브???????i?)
[10.08.2022 02:39:45][serveritem][take] sst4nk0 gave 64 of currency_copper_coin (브?????i?)
[10.08.2022 02:39:45][serveritem][give] sst4nk0 obtained 64 of currency_copper_coin (브?????i?)
[10.08.2022 02:39:45][serveritem][take] sst4nk0 gave 1 of currency_silver_coin (브???????i?)
[10.08.2022 02:39:46][serveritem][give] sst4nk0 obtained 1 of currency_silver_coin (브???????i?)
[10.08.2022 02:39:46][serveritem][take] sst4nk0 gave 64 of currency_copper_coin (브?????i?)
[10.08.2022 02:39:46][serveritem][give] sst4nk0 obtained 64 of currency_copper_coin (브?????i?)
[10.08.2022 02:39:46][serveritem][take] sst4nk0 gave 1 of currency_silver_coin (브???????i?)
[10.08.2022 02:39:46][serveritem][give] sst4nk0 obtained 1 of currency_silver_coin (브???????i?)
[10.08.2022 02:39:46][serveritem][take] sst4nk0 gave 64 of currency_copper_coin (브?????i?)
[10.08.2022 02:39:47][serveritem][give] sst4nk0 obtained 64 of currency_silver_coin (브???????i?)
[10.08.2022 02:39:47][serveritem][take] sst4nk0 gave 1 of currency_gold_coin (브??????i?)
[10.08.2022 02:39:48][serveritem][give] sst4nk0 obtained 64 of currency_copper_coin (브?????i?)
[10.08.2022 02:39:48][serveritem][take] sst4nk0 gave 1 of currency_silver_coin (브???????i?)
[10.08.2022 02:39:49][serveritem][give] sst4nk0 obtained 1 of currency_silver_coin (브???????i?)
[10.08.2022 02:39:49][serveritem][take] sst4nk0 gave 64 of currency_copper_coin (브?????i?)
[10.08.2022 02:39:50][serveritem][give] sst4nk0 obtained 64 of currency_copper_coin (브?????i?)
[10.08.2022 02:39:50][serveritem][take] sst4nk0 gave 1 of currency_silver_coin (브???????i?)
[10.08.2022 02:39:51][serveritem][give] sst4nk0 obtained 1 of currency_silver_coin (브???????i?)
[10.08.2022 02:39:51][serveritem][take] sst4nk0 gave 64 of currency_copper_coin (브?????i?)
[10.08.2022 02:39:51][serveritem][give] sst4nk0 obtained 64 of currency_copper_coin (브?????i?)
[10.08.2022 02:39:51][serveritem][take] sst4nk0 gave 1 of currency_silver_coin (브???????i?)
[10.08.2022 02:39:52][serveritem][give] sst4nk0 obtained 1 of currency_silver_coin (브???????i?)
[10.08.2022 02:39:52][serveritem][take] sst4nk0 gave 64 of currency_copper_coin (브?????i?)
[10.08.2022 02:39:52][serveritem][give] sst4nk0 obtained 64 of currency_copper_coin (브?????i?)
[10.08.2022 02:39:52][serveritem][take] sst4nk0 gave 1 of currency_silver_coin (브???????i?)
[10.08.2022 02:39:53][serveritem][give] sst4nk0 obtained 1 of currency_silver_coin (브???????i?)
[10.08.2022 02:39:53][serveritem][take] sst4nk0 gave 64 of currency_copper_coin (브?????i?)
[10.08.2022 02:39:54][serveritem][give] sst4nk0 obtained 64 of currency_copper_coin (브?????i?)
[10.08.2022 02:39:54][serveritem][take] sst4nk0 gave 1 of currency_silver_coin (브???????i?)
[10.08.2022 02:39:55][serveritem][give] sst4nk0 obtained 1 of currency_gold_coin (브??????i?)
[10.08.2022 02:39:55][serveritem][take] sst4nk0 gave 64 of currency_silver_coin (브???????i?)
[10.08.2022 02:39:58][serveritem][give] sst4nk0 obtained 1 of currency_silver_coin (브???????i?)
[10.08.2022 02:39:58][serveritem][take] sst4nk0 gave 64 of currency_copper_coin (브?????i?)
[10.08.2022 12:56:03][serveritem][give] sst4nk0 obtained 64 of currency_silver_coin (브???????i?)
[10.08.2022 12:56:03][serveritem][take] sst4nk0 gave 1 of currency_gold_coin (브??????i?)
[10.08.2022 12:56:05][serveritem][give] sst4nk0 obtained 64 of currency_copper_coin (브?????i?)
[10.08.2022 12:56:05][serveritem][take] sst4nk0 gave 1 of currency_silver_coin (브???????i?)
[10.08.2022 12:56:06][serveritem][give] sst4nk0 obtained 64 of currency_copper_coin (브?????i?)
[10.08.2022 12:56:06][serveritem][take] sst4nk0 gave 1 of currency_silver_coin (브???????i?)
[10.08.2022 12:56:06][serveritem][give] sst4nk0 obtained 64 of currency_copper_coin (브?????i?)
[10.08.2022 12:56:06][serveritem][take] sst4nk0 gave 1 of currency_silver_coin (브???????i?)
[10.08.2022 12:56:06][serveritem][give] sst4nk0 obtained 64 of currency_copper_coin (브?????i?)
[10.08.2022 12:56:06][serveritem][take] sst4nk0 gave 1 of currency_silver_coin (브???????i?)
[10.08.2022 12:56:06][serveritem][give] sst4nk0 obtained 64 of currency_copper_coin (브?????i?)
[10.08.2022 12:56:06][serveritem][take] sst4nk0 gave 1 of currency_silver_coin (브???????i?)
[10.08.2022 12:56:06][serveritem][give] sst4nk0 obtained 64 of currency_copper_coin (브?????i?)
[10.08.2022 12:56:06][serveritem][take] sst4nk0 gave 1 of currency_silver_coin (브???????i?)
[10.08.2022 12:56:07][serveritem][give] sst4nk0 obtained 64 of currency_copper_coin (브?????i?)
[10.08.2022 12:56:07][serveritem][take] sst4nk0 gave 1 of currency_silver_coin (브???????i?)
[10.08.2022 12:56:07][serveritem][give] sst4nk0 obtained 64 of currency_copper_coin (브?????i?)
[10.08.2022 12:56:07][serveritem][take] sst4nk0 gave 1 of currency_silver_coin (브???????i?)
[10.08.2022 12:56:07][serveritem][give] sst4nk0 obtained 64 of currency_copper_coin (브?????i?)
[10.08.2022 12:56:07][serveritem][take] sst4nk0 gave 1 of currency_silver_coin (브???????i?)
[10.08.2022 12:56:07][serveritem][give] sst4nk0 obtained 64 of currency_copper_coin (브?????i?)
[10.08.2022 12:56:07][serveritem][take] sst4nk0 gave 1 of currency_silver_coin (브???????i?)
[10.08.2022 12:56:07][serveritem][give] sst4nk0 obtained 64 of currency_copper_coin (브?????i?)
[10.08.2022 12:56:07][serveritem][take] sst4nk0 gave 1 of currency_silver_coin (브???????i?)
[10.08.2022 12:56:08][serveritem][give] sst4nk0 obtained 64 of currency_copper_coin (브?????i?)
[10.08.2022 12:56:08][serveritem][take] sst4nk0 gave 1 of currency_silver_coin (브???????i?)
[10.08.2022 12:56:08][serveritem][give] sst4nk0 obtained 64 of currency_copper_coin (브?????i?)
[10.08.2022 12:56:08][serveritem][take] sst4nk0 gave 1 of currency_silver_coin (브???????i?)
[10.08.2022 12:56:08][serveritem][give] sst4nk0 obtained 64 of currency_copper_coin (브?????i?)
[10.08.2022 12:56:08][serveritem][take] sst4nk0 gave 1 of currency_silver_coin (브???????i?)
[10.08.2022 12:56:08][serveritem][give] sst4nk0 obtained 64 of currency_copper_coin (브?????i?)
[10.08.2022 12:56:08][serveritem][take] sst4nk0 gave 1 of currency_silver_coin (브???????i?)
[10.08.2022 12:56:09][serveritem][give] sst4nk0 obtained 64 of currency_copper_coin (브?????i?)
[10.08.2022 12:56:09][serveritem][take] sst4nk0 gave 1 of currency_silver_coin (브???????i?)
[10.08.2022 12:56:09][serveritem][give] sst4nk0 obtained 64 of currency_copper_coin (브?????i?)
[10.08.2022 12:56:09][serveritem][take] sst4nk0 gave 1 of currency_silver_coin (브???????i?)
[10.08.2022 12:56:09][serveritem][give] sst4nk0 obtained 64 of currency_copper_coin (브?????i?)
[10.08.2022 12:56:09][serveritem][take] sst4nk0 gave 1 of currency_silver_coin (브???????i?)
[10.08.2022 12:56:09][serveritem][give] sst4nk0 obtained 64 of currency_copper_coin (브?????i?)
[10.08.2022 12:56:09][serveritem][take] sst4nk0 gave 1 of currency_silver_coin (브???????i?)
[10.08.2022 12:56:09][serveritem][give] sst4nk0 obtained 64 of currency_copper_coin (브?????i?)
[10.08.2022 12:56:09][serveritem][take] sst4nk0 gave 1 of currency_silver_coin (브???????i?)
[10.08.2022 12:56:09][serveritem][give] sst4nk0 obtained 64 of currency_copper_coin (브?????i?)
[10.08.2022 12:56:09][serveritem][take] sst4nk0 gave 1 of currency_silver_coin (브???????i?)
[10.08.2022 12:56:12][serveritem][give] sst4nk0 obtained 21 of currency_silver_coin (브???????i?)
[10.08.2022 12:56:12][serveritem][take] sst4nk0 gave 1344 of currency_copper_coin (브?????i?)
[10.08.2022 12:56:13][serveritem][give] sst4nk0 obtained 1 of currency_gold_coin (브??????i?)
[10.08.2022 12:56:13][serveritem][take] sst4nk0 gave 64 of currency_silver_coin (브???????i?)
[10.08.2022 13:04:34][serveritem][giveall] [sst4nk0] obtained 1 of currency_copper_coin (브?????i?)
[10.08.2022 13:26:23][serveritem][give] sst4nk0 obtained 64 of currency_copper_coin (브?????i?)
[10.08.2022 13:26:23][serveritem][take] sst4nk0 gave 1 of currency_silver_coin (브???????i?)
[10.08.2022 13:26:25][serveritem][give] sst4nk0 obtained 1 of currency_silver_coin (브???????i?)
[10.08.2022 13:26:25][serveritem][take] sst4nk0 gave 64 of currency_copper_coin (브?????i?)
[10.08.2022 13:26:29][serveritem][give] sst4nk0 obtained 64 of currency_silver_coin (브???????i?)
[10.08.2022 13:26:29][serveritem][take] sst4nk0 gave 1 of currency_gold_coin (브??????i?)
[10.08.2022 13:26:31][serveritem][give] sst4nk0 obtained 64 of currency_copper_coin (브?????i?)
[10.08.2022 13:26:31][serveritem][take] sst4nk0 gave 1 of currency_silver_coin (브???????i?)
[10.08.2022 13:26:31][serveritem][give] sst4nk0 obtained 64 of currency_copper_coin (브?????i?)
[10.08.2022 13:26:31][serveritem][take] sst4nk0 gave 1 of currency_silver_coin (브???????i?)
[10.08.2022 13:26:31][serveritem][give] sst4nk0 obtained 64 of currency_copper_coin (브?????i?)
[10.08.2022 13:26:31][serveritem][take] sst4nk0 gave 1 of currency_silver_coin (브???????i?)
[10.08.2022 13:26:31][serveritem][give] sst4nk0 obtained 64 of currency_copper_coin (브?????i?)
[10.08.2022 13:26:31][serveritem][take] sst4nk0 gave 1 of currency_silver_coin (브???????i?)
[10.08.2022 13:26:31][serveritem][give] sst4nk0 obtained 64 of currency_copper_coin (브?????i?)
[10.08.2022 13:26:31][serveritem][take] sst4nk0 gave 1 of currency_silver_coin (브???????i?)
[10.08.2022 13:26:31][serveritem][give] sst4nk0 obtained 64 of currency_copper_coin (브?????i?)
[10.08.2022 13:26:31][serveritem][take] sst4nk0 gave 1 of currency_silver_coin (브???????i?)
[10.08.2022 13:26:32][serveritem][give] sst4nk0 obtained 64 of currency_copper_coin (브?????i?)
[10.08.2022 13:26:32][serveritem][take] sst4nk0 gave 1 of currency_silver_coin (브???????i?)
[10.08.2022 13:26:32][serveritem][give] sst4nk0 obtained 64 of currency_copper_coin (브?????i?)
[10.08.2022 13:26:32][serveritem][take] sst4nk0 gave 1 of currency_silver_coin (브???????i?)
[10.08.2022 13:26:32][serveritem][give] sst4nk0 obtained 64 of currency_copper_coin (브?????i?)
[10.08.2022 13:26:32][serveritem][take] sst4nk0 gave 1 of currency_silver_coin (브???????i?)
[10.08.2022 13:26:32][serveritem][give] sst4nk0 obtained 64 of currency_copper_coin (브?????i?)
[10.08.2022 13:26:32][serveritem][take] sst4nk0 gave 1 of currency_silver_coin (브???????i?)
[10.08.2022 13:26:32][serveritem][give] sst4nk0 obtained 64 of currency_copper_coin (브?????i?)
[10.08.2022 13:26:32][serveritem][take] sst4nk0 gave 1 of currency_silver_coin (브???????i?)
[10.08.2022 13:26:32][serveritem][give] sst4nk0 obtained 64 of currency_copper_coin (브?????i?)
[10.08.2022 13:26:32][serveritem][take] sst4nk0 gave 1 of currency_silver_coin (브???????i?)
[10.08.2022 13:26:33][serveritem][give] sst4nk0 obtained 64 of currency_copper_coin (브?????i?)
[10.08.2022 13:26:33][serveritem][take] sst4nk0 gave 1 of currency_silver_coin (브???????i?)
[10.08.2022 13:26:33][serveritem][give] sst4nk0 obtained 64 of currency_copper_coin (브?????i?)
[10.08.2022 13:26:33][serveritem][take] sst4nk0 gave 1 of currency_silver_coin (브???????i?)
[10.08.2022 13:26:33][serveritem][give] sst4nk0 obtained 64 of currency_copper_coin (브?????i?)
[10.08.2022 13:26:33][serveritem][take] sst4nk0 gave 1 of currency_silver_coin (브???????i?)
[10.08.2022 13:26:33][serveritem][give] sst4nk0 obtained 64 of currency_copper_coin (브?????i?)
[10.08.2022 13:26:33][serveritem][take] sst4nk0 gave 1 of currency_silver_coin (브???????i?)
[10.08.2022 13:26:33][serveritem][give] sst4nk0 obtained 64 of currency_copper_coin (브?????i?)
[10.08.2022 13:26:33][serveritem][take] sst4nk0 gave 1 of currency_silver_coin (브???????i?)
[10.08.2022 13:26:33][serveritem][give] sst4nk0 obtained 64 of currency_copper_coin (브?????i?)
[10.08.2022 13:26:33][serveritem][take] sst4nk0 gave 1 of currency_silver_coin (브???????i?)
[10.08.2022 13:26:33][serveritem][give] sst4nk0 obtained 64 of currency_copper_coin (브?????i?)
[10.08.2022 13:26:33][serveritem][take] sst4nk0 gave 1 of currency_silver_coin (브???????i?)
[10.08.2022 13:26:34][serveritem][give] sst4nk0 obtained 64 of currency_copper_coin (브?????i?)
[10.08.2022 13:26:34][serveritem][take] sst4nk0 gave 1 of currency_silver_coin (브???????i?)
[10.08.2022 13:26:34][serveritem][give] sst4nk0 obtained 64 of currency_copper_coin (브?????i?)
[10.08.2022 13:26:34][serveritem][take] sst4nk0 gave 1 of currency_silver_coin (브???????i?)
[10.08.2022 13:26:34][serveritem][give] sst4nk0 obtained 64 of currency_copper_coin (브?????i?)
[10.08.2022 13:26:34][serveritem][take] sst4nk0 gave 1 of currency_silver_coin (브???????i?)
[10.08.2022 13:26:34][serveritem][give] sst4nk0 obtained 64 of currency_copper_coin (브?????i?)
[10.08.2022 13:26:34][serveritem][take] sst4nk0 gave 1 of currency_silver_coin (브???????i?)
[10.08.2022 13:26:35][serveritem][give] sst4nk0 obtained 1 of currency_silver_coin (브???????i?)
[10.08.2022 13:26:35][serveritem][take] sst4nk0 gave 64 of currency_copper_coin (브?????i?)
[10.08.2022 13:26:35][serveritem][give] sst4nk0 obtained 1 of currency_silver_coin (브???????i?)
[10.08.2022 13:26:35][serveritem][take] sst4nk0 gave 64 of currency_copper_coin (브?????i?)
[10.08.2022 13:26:35][serveritem][give] sst4nk0 obtained 1 of currency_silver_coin (브???????i?)
[10.08.2022 13:26:35][serveritem][take] sst4nk0 gave 64 of currency_copper_coin (브?????i?)
[10.08.2022 13:26:36][serveritem][give] sst4nk0 obtained 20 of currency_silver_coin (브???????i?)
[10.08.2022 13:26:36][serveritem][take] sst4nk0 gave 1280 of currency_copper_coin (브?????i?)
[10.08.2022 13:26:39][serveritem][give] sst4nk0 obtained 1 of currency_gold_coin (브??????i?)
[10.08.2022 13:26:39][serveritem][take] sst4nk0 gave 64 of currency_silver_coin (브???????i?)
[10.08.2022 13:27:47][serveritem][give] sst4nk0 obtained 64 of currency_copper_coin (브?????i?)
[10.08.2022 13:27:47][serveritem][take] sst4nk0 gave 1 of currency_silver_coin (브???????i?)
[10.08.2022 13:27:49][serveritem][give] sst4nk0 obtained 64 of currency_silver_coin (브???????i?)
[10.08.2022 13:27:49][serveritem][take] sst4nk0 gave 1 of currency_gold_coin (브??????i?)
[10.08.2022 13:27:51][serveritem][give] sst4nk0 obtained 1 of currency_gold_coin (브??????i?)
[10.08.2022 13:27:51][serveritem][take] sst4nk0 gave 64 of currency_silver_coin (브???????i?)
[10.08.2022 13:27:52][serveritem][give] sst4nk0 obtained 1 of currency_silver_coin (브???????i?)
[10.08.2022 13:27:52][serveritem][take] sst4nk0 gave 64 of currency_copper_coin (브?????i?)
[10.08.2022 13:27:54][serveritem][give] sst4nk0 obtained 64 of currency_silver_coin (브???????i?)
[10.08.2022 13:27:54][serveritem][take] sst4nk0 gave 1 of currency_gold_coin (브??????i?)
[10.08.2022 13:27:55][serveritem][give] sst4nk0 obtained 64 of currency_copper_coin (브?????i?)
[10.08.2022 13:27:55][serveritem][take] sst4nk0 gave 1 of currency_silver_coin (브???????i?)
[10.08.2022 13:27:55][serveritem][give] sst4nk0 obtained 64 of currency_copper_coin (브?????i?)
[10.08.2022 13:27:55][serveritem][take] sst4nk0 gave 1 of currency_silver_coin (브???????i?)
[10.08.2022 13:27:55][serveritem][give] sst4nk0 obtained 64 of currency_copper_coin (브?????i?)
[10.08.2022 13:27:55][serveritem][take] sst4nk0 gave 1 of currency_silver_coin (브???????i?)
[10.08.2022 13:27:55][serveritem][give] sst4nk0 obtained 64 of currency_copper_coin (브?????i?)
[10.08.2022 13:27:55][serveritem][take] sst4nk0 gave 1 of currency_silver_coin (브???????i?)
[10.08.2022 13:27:56][serveritem][give] sst4nk0 obtained 64 of currency_copper_coin (브?????i?)
[10.08.2022 13:27:56][serveritem][take] sst4nk0 gave 1 of currency_silver_coin (브???????i?)
[10.08.2022 13:27:56][serveritem][give] sst4nk0 obtained 64 of currency_copper_coin (브?????i?)
[10.08.2022 13:27:56][serveritem][take] sst4nk0 gave 1 of currency_silver_coin (브???????i?)
[10.08.2022 13:27:56][serveritem][give] sst4nk0 obtained 64 of currency_copper_coin (브?????i?)
[10.08.2022 13:27:56][serveritem][take] sst4nk0 gave 1 of currency_silver_coin (브???????i?)
[10.08.2022 13:27:56][serveritem][give] sst4nk0 obtained 64 of currency_copper_coin (브?????i?)
[10.08.2022 13:27:56][serveritem][take] sst4nk0 gave 1 of currency_silver_coin (브???????i?)
[10.08.2022 13:27:56][serveritem][give] sst4nk0 obtained 64 of currency_copper_coin (브?????i?)
[10.08.2022 13:27:56][serveritem][take] sst4nk0 gave 1 of currency_silver_coin (브???????i?)
[10.08.2022 13:27:56][serveritem][give] sst4nk0 obtained 64 of currency_copper_coin (브?????i?)
[10.08.2022 13:27:56][serveritem][take] sst4nk0 gave 1 of currency_silver_coin (브???????i?)
[10.08.2022 13:27:57][serveritem][give] sst4nk0 obtained 64 of currency_copper_coin (브?????i?)
[10.08.2022 13:27:57][serveritem][take] sst4nk0 gave 1 of currency_silver_coin (브???????i?)
[10.08.2022 13:27:57][serveritem][give] sst4nk0 obtained 64 of currency_copper_coin (브?????i?)
[10.08.2022 13:27:57][serveritem][take] sst4nk0 gave 1 of currency_silver_coin (브???????i?)
[10.08.2022 13:27:57][serveritem][give] sst4nk0 obtained 64 of currency_copper_coin (브?????i?)
[10.08.2022 13:27:57][serveritem][take] sst4nk0 gave 1 of currency_silver_coin (브???????i?)
[10.08.2022 13:27:57][serveritem][give] sst4nk0 obtained 64 of currency_copper_coin (브?????i?)
[10.08.2022 13:27:57][serveritem][take] sst4nk0 gave 1 of currency_silver_coin (브???????i?)
[10.08.2022 13:27:57][serveritem][give] sst4nk0 obtained 64 of currency_copper_coin (브?????i?)
[10.08.2022 13:27:57][serveritem][take] sst4nk0 gave 1 of currency_silver_coin (브???????i?)
[10.08.2022 13:27:57][serveritem][give] sst4nk0 obtained 64 of currency_copper_coin (브?????i?)
[10.08.2022 13:27:57][serveritem][take] sst4nk0 gave 1 of currency_silver_coin (브???????i?)
[10.08.2022 13:27:58][serveritem][give] sst4nk0 obtained 64 of currency_copper_coin (브?????i?)
[10.08.2022 13:27:58][serveritem][take] sst4nk0 gave 1 of currency_silver_coin (브???????i?)
[10.08.2022 13:27:58][serveritem][give] sst4nk0 obtained 64 of currency_copper_coin (브?????i?)
[10.08.2022 13:27:58][serveritem][take] sst4nk0 gave 1 of currency_silver_coin (브???????i?)
[10.08.2022 13:27:58][serveritem][give] sst4nk0 obtained 64 of currency_copper_coin (브?????i?)
[10.08.2022 13:27:58][serveritem][take] sst4nk0 gave 1 of currency_silver_coin (브???????i?)
[10.08.2022 13:27:58][serveritem][give] sst4nk0 obtained 64 of currency_copper_coin (브?????i?)
[10.08.2022 13:27:58][serveritem][take] sst4nk0 gave 1 of currency_silver_coin (브???????i?)
[10.08.2022 13:27:58][serveritem][give] sst4nk0 obtained 64 of currency_copper_coin (브?????i?)
[10.08.2022 13:27:58][serveritem][take] sst4nk0 gave 1 of currency_silver_coin (브???????i?)
[10.08.2022 13:27:58][serveritem][give] sst4nk0 obtained 64 of currency_copper_coin (브?????i?)
[10.08.2022 13:27:58][serveritem][take] sst4nk0 gave 1 of currency_silver_coin (브???????i?)
[10.08.2022 13:27:59][serveritem][give] sst4nk0 obtained 64 of currency_copper_coin (브?????i?)
[10.08.2022 13:27:59][serveritem][take] sst4nk0 gave 1 of currency_silver_coin (브???????i?)
[10.08.2022 13:27:59][serveritem][give] sst4nk0 obtained 64 of currency_copper_coin (브?????i?)
[10.08.2022 13:27:59][serveritem][take] sst4nk0 gave 1 of currency_silver_coin (브???????i?)
[10.08.2022 13:27:59][serveritem][give] sst4nk0 obtained 64 of currency_copper_coin (브?????i?)
[10.08.2022 13:27:59][serveritem][take] sst4nk0 gave 1 of currency_silver_coin (브???????i?)
[10.08.2022 13:27:59][serveritem][give] sst4nk0 obtained 64 of currency_copper_coin (브?????i?)
[10.08.2022 13:27:59][serveritem][take] sst4nk0 gave 1 of currency_silver_coin (브???????i?)
[10.08.2022 13:27:59][serveritem][give] sst4nk0 obtained 64 of currency_copper_coin (브?????i?)
[10.08.2022 13:27:59][serveritem][take] sst4nk0 gave 1 of currency_silver_coin (브???????i?)
[10.08.2022 13:27:59][serveritem][give] sst4nk0 obtained 64 of currency_copper_coin (브?????i?)
[10.08.2022 13:27:59][serveritem][take] sst4nk0 gave 1 of currency_silver_coin (브???????i?)
[10.08.2022 13:28:00][serveritem][give] sst4nk0 obtained 64 of currency_copper_coin (브?????i?)
[10.08.2022 13:28:00][serveritem][take] sst4nk0 gave 1 of currency_silver_coin (브???????i?)
[10.08.2022 13:28:00][serveritem][give] sst4nk0 obtained 64 of currency_copper_coin (브?????i?)
[10.08.2022 13:28:00][serveritem][take] sst4nk0 gave 1 of currency_silver_coin (브???????i?)
[10.08.2022 13:28:00][serveritem][give] sst4nk0 obtained 64 of currency_copper_coin (브?????i?)
[10.08.2022 13:28:00][serveritem][take] sst4nk0 gave 1 of currency_silver_coin (브???????i?)
[10.08.2022 13:28:01][serveritem][give] sst4nk0 obtained 64 of currency_copper_coin (브?????i?)
[10.08.2022 13:28:01][serveritem][take] sst4nk0 gave 1 of currency_silver_coin (브???????i?)
[10.08.2022 13:28:03][serveritem][give] sst4nk0 obtained 64 of currency_copper_coin (브?????i?)
[10.08.2022 13:28:03][serveritem][take] sst4nk0 gave 1 of currency_silver_coin (브???????i?)
[10.08.2022 13:28:04][serveritem][give] sst4nk0 obtained 64 of currency_copper_coin (브?????i?)
[10.08.2022 13:28:04][serveritem][take] sst4nk0 gave 1 of currency_silver_coin (브???????i?)
[10.08.2022 13:28:04][serveritem][give] sst4nk0 obtained 64 of currency_copper_coin (브?????i?)
[10.08.2022 13:28:04][serveritem][take] sst4nk0 gave 1 of currency_silver_coin (브???????i?)
[10.08.2022 13:28:04][serveritem][give] sst4nk0 obtained 64 of currency_copper_coin (브?????i?)
[10.08.2022 13:28:04][serveritem][take] sst4nk0 gave 1 of currency_silver_coin (브???????i?)
[10.08.2022 13:28:04][serveritem][give] sst4nk0 obtained 64 of currency_copper_coin (브?????i?)
[10.08.2022 13:28:04][serveritem][take] sst4nk0 gave 1 of currency_silver_coin (브???????i?)
[10.08.2022 13:28:05][serveritem][give] sst4nk0 obtained 64 of currency_copper_coin (브?????i?)
[10.08.2022 13:28:05][serveritem][take] sst4nk0 gave 1 of currency_silver_coin (브???????i?)
[10.08.2022 13:28:05][serveritem][give] sst4nk0 obtained 64 of currency_copper_coin (브?????i?)
[10.08.2022 13:28:05][serveritem][take] sst4nk0 gave 1 of currency_silver_coin (브???????i?)
[10.08.2022 13:28:05][serveritem][give] sst4nk0 obtained 64 of currency_copper_coin (브?????i?)
[10.08.2022 13:28:05][serveritem][take] sst4nk0 gave 1 of currency_silver_coin (브???????i?)
[10.08.2022 13:28:05][serveritem][give] sst4nk0 obtained 64 of currency_copper_coin (브?????i?)
[10.08.2022 13:28:05][serveritem][take] sst4nk0 gave 1 of currency_silver_coin (브???????i?)
[10.08.2022 13:28:18][serveritem][give] sst4nk0 obtained 32 of currency_silver_coin (브???????i?)
[10.08.2022 13:28:18][serveritem][take] sst4nk0 gave 2048 of currency_copper_coin (브?????i?)
[10.08.2022 13:28:21][serveritem][give] sst4nk0 obtained 9 of currency_silver_coin (브???????i?)
[10.08.2022 13:28:21][serveritem][take] sst4nk0 gave 576 of currency_copper_coin (브?????i?)
[10.08.2022 13:28:29][serveritem][give] sst4nk0 obtained 1 of currency_gold_coin (브??????i?)
[10.08.2022 13:28:29][serveritem][take] sst4nk0 gave 64 of currency_silver_coin (브???????i?)
[10.08.2022 13:28:37][serveritem][give] sst4nk0 obtained 64 of currency_silver_coin (브???????i?)
[10.08.2022 13:28:37][serveritem][take] sst4nk0 gave 1 of currency_gold_coin (브??????i?)
[10.08.2022 13:28:38][serveritem][give] sst4nk0 obtained 64 of currency_copper_coin (브?????i?)
[10.08.2022 13:28:38][serveritem][take] sst4nk0 gave 1 of currency_silver_coin (브???????i?)
[10.08.2022 13:28:38][serveritem][give] sst4nk0 obtained 64 of currency_copper_coin (브?????i?)
[10.08.2022 13:28:38][serveritem][take] sst4nk0 gave 1 of currency_silver_coin (브???????i?)
[10.08.2022 13:28:38][serveritem][give] sst4nk0 obtained 64 of currency_copper_coin (브?????i?)
[10.08.2022 13:28:38][serveritem][take] sst4nk0 gave 1 of currency_silver_coin (브???????i?)
[10.08.2022 13:28:39][serveritem][give] sst4nk0 obtained 64 of currency_copper_coin (브?????i?)
[10.08.2022 13:28:39][serveritem][take] sst4nk0 gave 1 of currency_silver_coin (브???????i?)
[10.08.2022 13:28:39][serveritem][give] sst4nk0 obtained 64 of currency_copper_coin (브?????i?)
[10.08.2022 13:28:39][serveritem][take] sst4nk0 gave 1 of currency_silver_coin (브???????i?)
[10.08.2022 13:28:39][serveritem][give] sst4nk0 obtained 64 of currency_copper_coin (브?????i?)
[10.08.2022 13:28:39][serveritem][take] sst4nk0 gave 1 of currency_silver_coin (브???????i?)
[10.08.2022 13:28:39][serveritem][give] sst4nk0 obtained 64 of currency_copper_coin (브?????i?)
[10.08.2022 13:28:39][serveritem][take] sst4nk0 gave 1 of currency_silver_coin (브???????i?)
[10.08.2022 13:28:39][serveritem][give] sst4nk0 obtained 64 of currency_copper_coin (브?????i?)
[10.08.2022 13:28:39][serveritem][take] sst4nk0 gave 1 of currency_silver_coin (브???????i?)
[10.08.2022 13:28:39][serveritem][give] sst4nk0 obtained 64 of currency_copper_coin (브?????i?)
[10.08.2022 13:28:39][serveritem][take] sst4nk0 gave 1 of currency_silver_coin (브???????i?)
[10.08.2022 13:28:39][serveritem][give] sst4nk0 obtained 64 of currency_copper_coin (브?????i?)
[10.08.2022 13:28:39][serveritem][take] sst4nk0 gave 1 of currency_silver_coin (브???????i?)
[10.08.2022 13:28:40][serveritem][give] sst4nk0 obtained 64 of currency_copper_coin (브?????i?)
[10.08.2022 13:28:40][serveritem][take] sst4nk0 gave 1 of currency_silver_coin (브???????i?)
[10.08.2022 13:28:40][serveritem][give] sst4nk0 obtained 64 of currency_copper_coin (브?????i?)
[10.08.2022 13:28:40][serveritem][take] sst4nk0 gave 1 of currency_silver_coin (브???????i?)
[10.08.2022 13:28:40][serveritem][give] sst4nk0 obtained 64 of currency_copper_coin (브?????i?)
[10.08.2022 13:28:40][serveritem][take] sst4nk0 gave 1 of currency_silver_coin (브???????i?)
[10.08.2022 13:28:40][serveritem][give] sst4nk0 obtained 64 of currency_copper_coin (브?????i?)
[10.08.2022 13:28:40][serveritem][take] sst4nk0 gave 1 of currency_silver_coin (브???????i?)
[10.08.2022 13:28:40][serveritem][give] sst4nk0 obtained 64 of currency_copper_coin (브?????i?)
[10.08.2022 13:28:40][serveritem][take] sst4nk0 gave 1 of currency_silver_coin (브???????i?)
[10.08.2022 13:28:40][serveritem][give] sst4nk0 obtained 64 of currency_copper_coin (브?????i?)
[10.08.2022 13:28:40][serveritem][take] sst4nk0 gave 1 of currency_silver_coin (브???????i?)
[10.08.2022 13:28:41][serveritem][give] sst4nk0 obtained 64 of currency_copper_coin (브?????i?)
[10.08.2022 13:28:41][serveritem][take] sst4nk0 gave 1 of currency_silver_coin (브???????i?)
[10.08.2022 13:28:41][serveritem][give] sst4nk0 obtained 64 of currency_copper_coin (브?????i?)
[10.08.2022 13:28:41][serveritem][take] sst4nk0 gave 1 of currency_silver_coin (브???????i?)
[10.08.2022 13:28:41][serveritem][give] sst4nk0 obtained 64 of currency_copper_coin (브?????i?)
[10.08.2022 13:28:41][serveritem][take] sst4nk0 gave 1 of currency_silver_coin (브???????i?)
[10.08.2022 13:28:41][serveritem][give] sst4nk0 obtained 64 of currency_copper_coin (브?????i?)
[10.08.2022 13:28:41][serveritem][take] sst4nk0 gave 1 of currency_silver_coin (브???????i?)
[10.08.2022 13:28:41][serveritem][give] sst4nk0 obtained 64 of currency_copper_coin (브?????i?)
[10.08.2022 13:28:41][serveritem][take] sst4nk0 gave 1 of currency_silver_coin (브???????i?)
[10.08.2022 13:28:41][serveritem][give] sst4nk0 obtained 64 of currency_copper_coin (브?????i?)
[10.08.2022 13:28:41][serveritem][take] sst4nk0 gave 1 of currency_silver_coin (브???????i?)
[10.08.2022 13:28:42][serveritem][give] sst4nk0 obtained 64 of currency_copper_coin (브?????i?)
[10.08.2022 13:28:42][serveritem][take] sst4nk0 gave 1 of currency_silver_coin (브???????i?)
[10.08.2022 13:28:42][serveritem][give] sst4nk0 obtained 64 of currency_copper_coin (브?????i?)
[10.08.2022 13:28:42][serveritem][take] sst4nk0 gave 1 of currency_silver_coin (브???????i?)
[10.08.2022 13:28:42][serveritem][give] sst4nk0 obtained 64 of currency_copper_coin (브?????i?)
[10.08.2022 13:28:42][serveritem][take] sst4nk0 gave 1 of currency_silver_coin (브???????i?)
[10.08.2022 13:28:42][serveritem][give] sst4nk0 obtained 64 of currency_copper_coin (브?????i?)
[10.08.2022 13:28:42][serveritem][take] sst4nk0 gave 1 of currency_silver_coin (브???????i?)
[10.08.2022 13:28:43][serveritem][give] sst4nk0 obtained 64 of currency_copper_coin (브?????i?)
[10.08.2022 13:28:43][serveritem][take] sst4nk0 gave 1 of currency_silver_coin (브???????i?)
[10.08.2022 13:28:43][serveritem][give] sst4nk0 obtained 64 of currency_copper_coin (브?????i?)
[10.08.2022 13:28:43][serveritem][take] sst4nk0 gave 1 of currency_silver_coin (브???????i?)
[10.08.2022 13:28:44][serveritem][give] sst4nk0 obtained 64 of currency_copper_coin (브?????i?)
[10.08.2022 13:28:44][serveritem][take] sst4nk0 gave 1 of currency_silver_coin (브???????i?)
[10.08.2022 13:28:44][serveritem][give] sst4nk0 obtained 64 of currency_copper_coin (브?????i?)
[10.08.2022 13:28:44][serveritem][take] sst4nk0 gave 1 of currency_silver_coin (브???????i?)
[10.08.2022 13:28:45][serveritem][give] sst4nk0 obtained 30 of currency_silver_coin (브???????i?)
[10.08.2022 13:28:45][serveritem][take] sst4nk0 gave 1920 of currency_copper_coin (브?????i?)
[10.08.2022 13:28:47][serveritem][give] sst4nk0 obtained 1 of currency_gold_coin (브??????i?)
[10.08.2022 13:28:47][serveritem][take] sst4nk0 gave 64 of currency_silver_coin (브???????i?)
[10.08.2022 14:16:19][serveritem][give] sst4nk0 obtained 1 of sys_avatar_nitwit (Avatar Nitwit)
[10.08.2022 15:12:12][serveritem][give] sst4nk0 obtained 1 of currency_gold_coin (브??????i?)
[10.08.2022 16:26:08][serveritem][give] sst4nk0 obtained 1 of currency_copper_coin (브?????i?)
[10.08.2022 19:53:31][serveritem][give] sst4nk0 obtained 64 of currency_gold_coin (브??????i?)
[10.08.2022 20:06:22][serveritem][give] sst4nk0 obtained 1 of rune_1_1of3 (브???? [븑???브])
[10.08.2022 20:06:46][serveritem][give] sst4nk0 obtained 1 of rune_1_1of3 (브???? [븑???브])
[10.08.2022 20:07:53][serveritem][give] sst4nk0 obtained 1 of rune_1_1of3 (브???? [븑???브])
[10.08.2022 20:07:56][serveritem][give] sst4nk0 obtained 1 of rune_1_1of3 (브???? [븑???브])
[10.08.2022 20:08:09][serveritem][give] sst4nk0 obtained 1 of rune_1_2of3 (브???? [븑????브])
[10.08.2022 20:08:09][serveritem][give] sst4nk0 obtained 1 of rune_1_2of3 (브???? [븑????브])
[10.08.2022 20:08:40][serveritem][give] sst4nk0 obtained 1 of rune_1_2of3 (브???? [븑????브])
[10.08.2022 20:08:41][serveritem][give] sst4nk0 obtained 1 of rune_1_2of3 (브???? [븑????브])
[10.08.2022 20:09:54][serveritem][give] sst4nk0 obtained 1 of rune_1_2of3 (브???? [븑????브])
[10.08.2022 20:10:02][serveritem][give] sst4nk0 obtained 1 of rune_1_2of3 (브???? [븑????브])
[10.08.2022 20:10:53][serveritem][give] sst4nk0 obtained 1 of rune_1_1of3 (브???? [븑???브])
[10.08.2022 20:10:54][serveritem][give] sst4nk0 obtained 1 of rune_1_1of3 (브???? [븑???브])
[10.08.2022 20:11:05][serveritem][give] sst4nk0 obtained 1 of rune_1_2of3 (브???? [븑????브])
[10.08.2022 20:14:09][serveritem][give] sst4nk0 obtained 1 of rune_1_2of3 (브???? [븑????브])
[10.08.2022 20:15:32][serveritem][give] sst4nk0 obtained 1 of rune_1_2of3 (브???? [븑????브])
[10.08.2022 20:15:35][serveritem][give] sst4nk0 obtained 1 of rune_1_1of3 (브???? [븑???브])
[10.08.2022 20:30:20][serveritem][give] sst4nk0 obtained 1 of rune_1_2of3 (브???? [븑????브])
[10.08.2022 20:30:23][serveritem][give] sst4nk0 obtained 1 of rune_1_1of3 (브???? [븑???브])
[10.08.2022 21:06:21][serveritem][give] sst4nk0 obtained 64 of currency_silver_coin (브???????i?)
[10.08.2022 21:06:21][serveritem][take] sst4nk0 gave 1 of currency_gold_coin (브??????i?)
[10.08.2022 21:06:24][serveritem][give] sst4nk0 obtained 64 of currency_copper_coin (브?????i?)
[10.08.2022 21:06:24][serveritem][take] sst4nk0 gave 1 of currency_silver_coin (브???????i?)
[10.08.2022 21:06:29][serveritem][give] sst4nk0 obtained 1 of currency_silver_coin (브???????i?)
[10.08.2022 21:06:29][serveritem][take] sst4nk0 gave 64 of currency_copper_coin (브?????i?)
[10.08.2022 21:06:30][serveritem][give] sst4nk0 obtained 1 of currency_gold_coin (브??????i?)
[10.08.2022 21:06:30][serveritem][take] sst4nk0 gave 64 of currency_silver_coin (브???????i?)
[10.08.2022 21:24:30][serveritem][take] sst4nk0 gave 25 of currency_copper_coin (브?????i?)
[10.08.2022 21:24:30][serveritem][take] sst4nk0 gave 25 of currency_copper_coin (브?????i?)
[10.08.2022 21:24:31][serveritem][take] sst4nk0 gave 25 of currency_copper_coin (브?????i?)
[10.08.2022 21:24:31][serveritem][take] sst4nk0 gave 25 of currency_copper_coin (브?????i?)
[10.08.2022 21:24:31][serveritem][take] sst4nk0 gave 25 of currency_copper_coin (브?????i?)
[10.08.2022 21:24:31][serveritem][take] sst4nk0 gave 25 of currency_copper_coin (브?????i?)
[10.08.2022 21:24:31][serveritem][take] sst4nk0 gave 25 of currency_copper_coin (브?????i?)
[10.08.2022 21:24:32][serveritem][take] sst4nk0 gave 25 of currency_copper_coin (브?????i?)
[10.08.2022 21:24:32][serveritem][take] sst4nk0 gave 25 of currency_copper_coin (브?????i?)
[10.08.2022 21:24:33][serveritem][take] sst4nk0 gave 25 of currency_copper_coin (브?????i?)
[10.08.2022 21:24:33][serveritem][take] sst4nk0 gave 25 of currency_copper_coin (브?????i?)
[10.08.2022 21:24:34][serveritem][take] sst4nk0 gave 25 of currency_copper_coin (브?????i?)
[10.08.2022 21:24:35][serveritem][take] sst4nk0 gave 25 of currency_copper_coin (브?????i?)
[10.08.2022 21:24:35][serveritem][take] sst4nk0 gave 25 of currency_copper_coin (브?????i?)
[10.08.2022 21:24:36][serveritem][take] sst4nk0 gave 25 of currency_copper_coin (브?????i?)
[10.08.2022 21:24:59][serveritem][take] sst4nk0 gave 25 of currency_copper_coin (브?????i?)
[10.08.2022 21:25:06][serveritem][take] sst4nk0 gave 25 of currency_copper_coin (브?????i?)
[10.08.2022 21:25:06][serveritem][take] sst4nk0 gave 25 of currency_copper_coin (브?????i?)
[10.08.2022 21:25:07][serveritem][take] sst4nk0 gave 25 of currency_copper_coin (브?????i?)
[10.08.2022 21:25:07][serveritem][take] sst4nk0 gave 25 of currency_copper_coin (브?????i?)
[10.08.2022 21:25:07][serveritem][take] sst4nk0 gave 25 of currency_copper_coin (브?????i?)
[10.08.2022 21:25:07][serveritem][take] sst4nk0 gave 25 of currency_copper_coin (브?????i?)
[10.08.2022 21:25:07][serveritem][take] sst4nk0 gave 25 of currency_copper_coin (브?????i?)
[10.08.2022 21:25:08][serveritem][take] sst4nk0 gave 25 of currency_copper_coin (브?????i?)
[10.08.2022 21:25:08][serveritem][take] sst4nk0 gave 25 of currency_copper_coin (브?????i?)
[10.08.2022 21:25:08][serveritem][take] sst4nk0 gave 25 of currency_copper_coin (브?????i?)
[10.08.2022 21:25:08][serveritem][take] sst4nk0 gave 25 of currency_copper_coin (브?????i?)
[10.08.2022 21:25:08][serveritem][take] sst4nk0 gave 25 of currency_copper_coin (브?????i?)
[10.08.2022 21:25:08][serveritem][take] sst4nk0 gave 25 of currency_copper_coin (브?????i?)
[10.08.2022 21:25:09][serveritem][take] sst4nk0 gave 25 of currency_copper_coin (브?????i?)
[10.08.2022 21:25:09][serveritem][take] sst4nk0 gave 25 of currency_copper_coin (브?????i?)
[10.08.2022 21:25:09][serveritem][take] sst4nk0 gave 25 of currency_copper_coin (브?????i?)
[10.08.2022 21:25:09][serveritem][take] sst4nk0 gave 25 of currency_copper_coin (브?????i?)
[10.08.2022 21:25:09][serveritem][take] sst4nk0 gave 25 of currency_copper_coin (브?????i?)
[10.08.2022 21:25:09][serveritem][take] sst4nk0 gave 25 of currency_copper_coin (브?????i?)
[10.08.2022 21:25:09][serveritem][take] sst4nk0 gave 25 of currency_copper_coin (브?????i?)
[10.08.2022 21:25:10][serveritem][take] sst4nk0 gave 25 of currency_copper_coin (브?????i?)
[10.08.2022 21:25:10][serveritem][take] sst4nk0 gave 25 of currency_copper_coin (브?????i?)
[10.08.2022 21:25:10][serveritem][take] sst4nk0 gave 25 of currency_copper_coin (브?????i?)
[10.08.2022 21:25:11][serveritem][take] sst4nk0 gave 25 of currency_copper_coin (브?????i?)
[10.08.2022 21:25:12][serveritem][take] sst4nk0 gave 25 of currency_copper_coin (브?????i?)
[10.08.2022 21:29:52][serveritem][take] sst4nk0 gave 25 of currency_copper_coin (브?????i?)
[10.08.2022 21:29:55][serveritem][take] sst4nk0 gave 25 of currency_copper_coin (브?????i?)
[10.08.2022 21:30:35][serveritem][take] sst4nk0 gave 25 of currency_copper_coin (브?????i?)
[10.08.2022 21:30:56][serveritem][take] sst4nk0 gave 25 of currency_copper_coin (브?????i?)
[10.08.2022 21:32:47][serveritem][take] sst4nk0 gave 25 of currency_copper_coin (브?????i?)
[10.08.2022 21:40:15][serveritem][take] sst4nk0 gave 0 of currency_silver_coin (브???????i?)
[10.08.2022 21:42:49][serveritem][take] sst4nk0 gave 25 of currency_copper_coin (브?????i?)
[10.08.2022 21:42:53][serveritem][take] sst4nk0 gave 25 of currency_copper_coin (브?????i?)
[10.08.2022 21:43:30][serveritem][take] sst4nk0 gave 25 of currency_copper_coin (브?????i?)
[10.08.2022 21:43:31][serveritem][take] sst4nk0 gave 0 of currency_silver_coin (브???????i?)
[10.08.2022 21:43:32][serveritem][take] sst4nk0 gave 0 of currency_silver_coin (브???????i?)
[10.08.2022 21:43:33][serveritem][take] sst4nk0 gave 0 of currency_silver_coin (브???????i?)
[10.08.2022 21:43:35][serveritem][take] sst4nk0 gave 0 of currency_silver_coin (브???????i?)
[10.08.2022 21:43:35][serveritem][take] sst4nk0 gave 0 of currency_silver_coin (브???????i?)
[10.08.2022 21:44:11][serveritem][take] sst4nk0 gave 25 of currency_copper_coin (브?????i?)
[10.08.2022 21:44:16][serveritem][give] sst4nk0 obtained 1 of currency_silver_coin (브???????i?)
[10.08.2022 21:44:16][serveritem][take] sst4nk0 gave 64 of currency_copper_coin (브?????i?)
[10.08.2022 21:44:16][serveritem][give] sst4nk0 obtained 1 of currency_silver_coin (브???????i?)
[10.08.2022 21:44:16][serveritem][take] sst4nk0 gave 64 of currency_copper_coin (브?????i?)
[10.08.2022 21:44:16][serveritem][give] sst4nk0 obtained 1 of currency_silver_coin (브???????i?)
[10.08.2022 21:44:16][serveritem][take] sst4nk0 gave 64 of currency_copper_coin (브?????i?)
[10.08.2022 21:44:17][serveritem][give] sst4nk0 obtained 1 of currency_silver_coin (브???????i?)
[10.08.2022 21:44:17][serveritem][take] sst4nk0 gave 64 of currency_copper_coin (브?????i?)
[10.08.2022 21:44:17][serveritem][give] sst4nk0 obtained 1 of currency_silver_coin (브???????i?)
[10.08.2022 21:44:17][serveritem][take] sst4nk0 gave 64 of currency_copper_coin (브?????i?)
[10.08.2022 21:44:21][serveritem][take] sst4nk0 gave 5 of currency_silver_coin (브???????i?)
[10.08.2022 21:45:02][serveritem][give] sst4nk0 obtained 1 of currency_silver_coin (브???????i?)
[10.08.2022 21:45:02][serveritem][take] sst4nk0 gave 64 of currency_copper_coin (브?????i?)
[10.08.2022 21:45:14][serveritem][take] sst4nk0 gave 25 of currency_copper_coin (브?????i?)
[10.08.2022 21:45:15][serveritem][take] sst4nk0 gave 5 of currency_silver_coin (브???????i?)
[10.08.2022 21:45:27][serveritem][take] sst4nk0 gave 5 of currency_silver_coin (브???????i?)
[10.08.2022 21:46:08][serveritem][take] sst4nk0 gave 5 of currency_silver_coin (브???????i?)
[10.08.2022 21:47:24][serveritem][take] sst4nk0 gave 25 of currency_copper_coin (브?????i?)
[10.08.2022 21:47:25][serveritem][take] sst4nk0 gave 5 of currency_silver_coin (브???????i?)
[10.08.2022 21:57:07][serveritem][take] sst4nk0 gave 25 of currency_copper_coin (브?????i?)
[10.08.2022 21:57:08][serveritem][take] sst4nk0 gave 5 of currency_silver_coin (브???????i?)
[10.08.2022 21:58:58][serveritem][take] sst4nk0 gave 25 of currency_copper_coin (브?????i?)
[10.08.2022 21:58:59][serveritem][take] sst4nk0 gave 5 of currency_silver_coin (브???????i?)
[10.08.2022 21:59:01][serveritem][take] sst4nk0 gave 5 of currency_silver_coin (브???????i?)
[10.08.2022 22:00:10][serveritem][take] sst4nk0 gave 25 of currency_copper_coin (브?????i?)
[10.08.2022 22:00:11][serveritem][take] sst4nk0 gave 5 of currency_silver_coin (브???????i?)
[10.08.2022 22:05:51][serveritem][take] sst4nk0 gave 25 of currency_copper_coin (브?????i?)
[10.08.2022 22:05:52][serveritem][take] sst4nk0 gave 5 of currency_silver_coin (브???????i?)
[10.08.2022 22:05:53][serveritem][take] sst4nk0 gave 8 of currency_silver_coin (브???????i?)
[10.08.2022 22:05:58][serveritem][take] sst4nk0 gave 8 of currency_silver_coin (브???????i?)
[10.08.2022 22:06:05][serveritem][take] sst4nk0 gave 25 of currency_copper_coin (브?????i?)
[10.08.2022 22:06:05][serveritem][take] sst4nk0 gave 5 of currency_silver_coin (브???????i?)
[10.08.2022 22:06:06][serveritem][take] sst4nk0 gave 8 of currency_silver_coin (브???????i?)
[10.08.2022 22:08:04][serveritem][take] sst4nk0 gave 25 of currency_copper_coin (브?????i?)
[10.08.2022 22:08:09][serveritem][take] sst4nk0 gave 5 of currency_silver_coin (브???????i?)
[10.08.2022 22:08:11][serveritem][take] sst4nk0 gave 8 of currency_silver_coin (브???????i?)
[10.08.2022 22:08:15][serveritem][take] sst4nk0 gave 11 of currency_silver_coin (브???????i?)
[10.08.2022 22:08:30][serveritem][take] sst4nk0 gave 25 of currency_copper_coin (브?????i?)
[10.08.2022 22:08:30][serveritem][take] sst4nk0 gave 5 of currency_silver_coin (브???????i?)
[10.08.2022 22:08:30][serveritem][take] sst4nk0 gave 8 of currency_silver_coin (브???????i?)
[10.08.2022 22:08:31][serveritem][take] sst4nk0 gave 11 of currency_silver_coin (브???????i?)
[10.08.2022 22:08:39][serveritem][take] sst4nk0 gave 25 of currency_copper_coin (브?????i?)
[10.08.2022 22:08:40][serveritem][take] sst4nk0 gave 5 of currency_silver_coin (브???????i?)
[10.08.2022 22:08:41][serveritem][take] sst4nk0 gave 8 of currency_silver_coin (브???????i?)
[10.08.2022 22:08:42][serveritem][take] sst4nk0 gave 11 of currency_silver_coin (브???????i?)
[10.08.2022 22:08:59][serveritem][take] sst4nk0 gave 25 of currency_copper_coin (브?????i?)
[10.08.2022 22:09:00][serveritem][take] sst4nk0 gave 5 of currency_silver_coin (브???????i?)
[10.08.2022 22:09:02][serveritem][take] sst4nk0 gave 8 of currency_silver_coin (브???????i?)
[10.08.2022 22:09:02][serveritem][take] sst4nk0 gave 11 of currency_silver_coin (브???????i?)
[10.08.2022 22:12:15][serveritem][take] sst4nk0 gave 25 of currency_copper_coin (브?????i?)
[10.08.2022 22:12:16][serveritem][take] sst4nk0 gave 5 of currency_silver_coin (브???????i?)
[10.08.2022 22:12:17][serveritem][take] sst4nk0 gave 8 of currency_silver_coin (브???????i?)
[10.08.2022 22:12:18][serveritem][take] sst4nk0 gave 11 of currency_silver_coin (브???????i?)
[10.08.2022 22:12:23][serveritem][take] sst4nk0 gave 25 of currency_copper_coin (브?????i?)
[10.08.2022 22:12:27][serveritem][take] sst4nk0 gave 5 of currency_silver_coin (브???????i?)
[10.08.2022 22:12:29][serveritem][take] sst4nk0 gave 8 of currency_silver_coin (브???????i?)
[10.08.2022 22:12:30][serveritem][take] sst4nk0 gave 11 of currency_silver_coin (브???????i?)
[10.08.2022 22:14:25][serveritem][take] sst4nk0 gave 25 of currency_copper_coin (브?????i?)
[10.08.2022 22:14:35][serveritem][take] sst4nk0 gave 5 of currency_silver_coin (브???????i?)
[10.08.2022 22:14:36][serveritem][take] sst4nk0 gave 8 of currency_silver_coin (브???????i?)
[10.08.2022 22:14:38][serveritem][take] sst4nk0 gave 11 of currency_silver_coin (브???????i?)
[10.08.2022 22:15:01][serveritem][take] sst4nk0 gave 13 of currency_silver_coin (브???????i?)
[10.08.2022 22:15:10][serveritem][take] sst4nk0 gave 25 of currency_copper_coin (브?????i?)
[10.08.2022 22:15:11][serveritem][take] sst4nk0 gave 5 of currency_silver_coin (브???????i?)
[10.08.2022 22:15:12][serveritem][take] sst4nk0 gave 8 of currency_silver_coin (브???????i?)
[10.08.2022 22:15:13][serveritem][take] sst4nk0 gave 11 of currency_silver_coin (브???????i?)
[10.08.2022 22:16:02][serveritem][take] sst4nk0 gave 13 of currency_silver_coin (브???????i?)
[10.08.2022 22:16:07][serveritem][take] sst4nk0 gave 25 of currency_copper_coin (브?????i?)
[10.08.2022 22:16:08][serveritem][take] sst4nk0 gave 5 of currency_silver_coin (브???????i?)
[10.08.2022 22:16:09][serveritem][take] sst4nk0 gave 8 of currency_silver_coin (브???????i?)
[10.08.2022 22:16:10][serveritem][take] sst4nk0 gave 11 of currency_silver_coin (브???????i?)
[10.08.2022 22:17:45][serveritem][take] sst4nk0 gave 25 of currency_copper_coin (브?????i?)
[10.08.2022 22:17:45][serveritem][take] sst4nk0 gave 5 of currency_silver_coin (브???????i?)
[10.08.2022 22:17:46][serveritem][take] sst4nk0 gave 8 of currency_silver_coin (브???????i?)
[10.08.2022 22:17:48][serveritem][take] sst4nk0 gave 11 of currency_silver_coin (브???????i?)
[10.08.2022 22:17:49][serveritem][take] sst4nk0 gave 13 of currency_silver_coin (브???????i?)
[10.08.2022 22:17:54][serveritem][take] sst4nk0 gave 13 of currency_silver_coin (브???????i?)
[10.08.2022 22:18:18][serveritem][take] sst4nk0 gave 17 of currency_silver_coin (브???????i?)
[10.08.2022 22:22:13][serveritem][take] sst4nk0 gave 21 of currency_silver_coin (브???????i?)
[10.08.2022 22:22:32][serveritem][take] sst4nk0 gave 21 of currency_silver_coin (브???????i?)
[10.08.2022 22:24:21][serveritem][take] sst4nk0 gave 21 of currency_silver_coin (브???????i?)
[10.08.2022 22:27:47][serveritem][take] sst4nk0 gave 30 of currency_silver_coin (브???????i?)
[10.08.2022 22:28:11][serveritem][take] sst4nk0 gave 30 of currency_silver_coin (브???????i?)
[10.08.2022 22:32:53][serveritem][take] sst4nk0 gave 30 of currency_silver_coin (브???????i?)
[10.08.2022 22:35:00][serveritem][take] sst4nk0 gave 25 of currency_copper_coin (브?????i?)
[10.08.2022 22:35:02][serveritem][take] sst4nk0 gave 5 of currency_silver_coin (브???????i?)
[10.08.2022 22:35:03][serveritem][take] sst4nk0 gave 8 of currency_silver_coin (브???????i?)
[10.08.2022 22:35:05][serveritem][take] sst4nk0 gave 11 of currency_silver_coin (브???????i?)
[10.08.2022 22:35:06][serveritem][take] sst4nk0 gave 13 of currency_silver_coin (브???????i?)
[10.08.2022 22:35:17][serveritem][take] sst4nk0 gave 25 of currency_copper_coin (브?????i?)
[10.08.2022 22:35:17][serveritem][take] sst4nk0 gave 5 of currency_silver_coin (브???????i?)
[10.08.2022 22:35:28][serveritem][take] sst4nk0 gave 8 of currency_silver_coin (브???????i?)
[10.08.2022 22:35:31][serveritem][take] sst4nk0 gave 11 of currency_silver_coin (브???????i?)
[10.08.2022 22:35:38][serveritem][take] sst4nk0 gave 13 of currency_silver_coin (브???????i?)
[10.08.2022 22:35:44][serveritem][take] sst4nk0 gave 17 of currency_silver_coin (브???????i?)
[10.08.2022 22:35:51][serveritem][take] sst4nk0 gave 21 of currency_silver_coin (브???????i?)
[10.08.2022 22:36:00][serveritem][take] sst4nk0 gave 25 of currency_silver_coin (브???????i?)
[10.08.2022 22:36:03][serveritem][take] sst4nk0 gave 30 of currency_silver_coin (브???????i?)
[10.08.2022 22:36:54][serveritem][give] sst4nk0 obtained 1 of rune_1_1of3 (브???? [븑???브])
[10.08.2022 22:37:01][serveritem][give] sst4nk0 obtained 64 of currency_silver_coin (브???????i?)
[10.08.2022 22:37:01][serveritem][take] sst4nk0 gave 1 of currency_gold_coin (브??????i?)
[10.08.2022 22:37:01][serveritem][give] sst4nk0 obtained 64 of currency_silver_coin (브???????i?)
[10.08.2022 22:37:01][serveritem][take] sst4nk0 gave 1 of currency_gold_coin (브??????i?)
[10.08.2022 22:37:01][serveritem][give] sst4nk0 obtained 64 of currency_silver_coin (브???????i?)
[10.08.2022 22:37:01][serveritem][take] sst4nk0 gave 1 of currency_gold_coin (브??????i?)
[10.08.2022 22:37:01][serveritem][give] sst4nk0 obtained 64 of currency_silver_coin (브???????i?)
[10.08.2022 22:37:01][serveritem][take] sst4nk0 gave 1 of currency_gold_coin (브??????i?)
[10.08.2022 22:37:02][serveritem][give] sst4nk0 obtained 64 of currency_silver_coin (브???????i?)
[10.08.2022 22:37:02][serveritem][take] sst4nk0 gave 1 of currency_gold_coin (브??????i?)
[10.08.2022 22:37:02][serveritem][give] sst4nk0 obtained 64 of currency_silver_coin (브???????i?)
[10.08.2022 22:37:02][serveritem][take] sst4nk0 gave 1 of currency_gold_coin (브??????i?)
[10.08.2022 22:37:02][serveritem][give] sst4nk0 obtained 64 of currency_silver_coin (브???????i?)
[10.08.2022 22:37:02][serveritem][take] sst4nk0 gave 1 of currency_gold_coin (브??????i?)
[10.08.2022 22:37:06][serveritem][give] sst4nk0 obtained 64 of currency_copper_coin (브?????i?)
[10.08.2022 22:37:06][serveritem][take] sst4nk0 gave 1 of currency_silver_coin (브???????i?)
[10.08.2022 22:37:06][serveritem][give] sst4nk0 obtained 64 of currency_copper_coin (브?????i?)
[10.08.2022 22:37:06][serveritem][take] sst4nk0 gave 1 of currency_silver_coin (브???????i?)
[10.08.2022 22:37:06][serveritem][give] sst4nk0 obtained 64 of currency_copper_coin (브?????i?)
[10.08.2022 22:37:06][serveritem][take] sst4nk0 gave 1 of currency_silver_coin (브???????i?)
[10.08.2022 22:37:06][serveritem][give] sst4nk0 obtained 64 of currency_copper_coin (브?????i?)
[10.08.2022 22:37:06][serveritem][take] sst4nk0 gave 1 of currency_silver_coin (브???????i?)
[10.08.2022 22:37:06][serveritem][give] sst4nk0 obtained 64 of currency_copper_coin (브?????i?)
[10.08.2022 22:37:06][serveritem][take] sst4nk0 gave 1 of currency_silver_coin (브???????i?)
[10.08.2022 22:37:06][serveritem][give] sst4nk0 obtained 64 of currency_copper_coin (브?????i?)
[10.08.2022 22:37:06][serveritem][take] sst4nk0 gave 1 of currency_silver_coin (브???????i?)
[10.08.2022 22:37:06][serveritem][give] sst4nk0 obtained 64 of currency_copper_coin (브?????i?)
[10.08.2022 22:37:06][serveritem][take] sst4nk0 gave 1 of currency_silver_coin (브???????i?)
[10.08.2022 22:37:21][serveritem][give] sst4nk0 obtained 1 of rune_1_2of3 (브???? [븑????브])
[10.08.2022 22:37:31][serveritem][take] sst4nk0 gave 25 of currency_copper_coin (브?????i?)
[10.08.2022 22:37:32][serveritem][take] sst4nk0 gave 5 of currency_silver_coin (브???????i?)
[10.08.2022 22:37:33][serveritem][take] sst4nk0 gave 8 of currency_silver_coin (브???????i?)
[10.08.2022 22:37:34][serveritem][take] sst4nk0 gave 11 of currency_silver_coin (브???????i?)
[10.08.2022 22:37:46][serveritem][take] sst4nk0 gave 13 of currency_silver_coin (브???????i?)
[10.08.2022 22:37:47][serveritem][take] sst4nk0 gave 17 of currency_silver_coin (브???????i?)
[10.08.2022 22:37:48][serveritem][take] sst4nk0 gave 21 of currency_silver_coin (브???????i?)
[10.08.2022 22:37:49][serveritem][take] sst4nk0 gave 25 of currency_silver_coin (브???????i?)
[10.08.2022 22:37:50][serveritem][take] sst4nk0 gave 30 of currency_silver_coin (브???????i?)
[10.08.2022 22:38:41][serveritem][give] sst4nk0 obtained 64 of currency_copper_coin (브?????i?)
[10.08.2022 22:38:41][serveritem][take] sst4nk0 gave 1 of currency_silver_coin (브???????i?)
[10.08.2022 22:38:43][serveritem][take] sst4nk0 gave 25 of currency_copper_coin (브?????i?)
[10.08.2022 22:39:27][serveritem][give] sst4nk0 obtained 64 of currency_gold_coin (브??????i?)
[10.08.2022 22:40:51][serveritem][give] sst4nk0 obtained 1 of rune_1_1of3 (브???? [븑???브])
[10.08.2022 22:41:13][serveritem][give] sst4nk0 obtained 64 of currency_silver_coin (브???????i?)
[10.08.2022 22:41:13][serveritem][take] sst4nk0 gave 1 of currency_gold_coin (브??????i?)
[10.08.2022 22:41:13][serveritem][give] sst4nk0 obtained 64 of currency_silver_coin (브???????i?)
[10.08.2022 22:41:13][serveritem][take] sst4nk0 gave 1 of currency_gold_coin (브??????i?)
[10.08.2022 22:41:14][serveritem][give] sst4nk0 obtained 64 of currency_silver_coin (브???????i?)
[10.08.2022 22:41:14][serveritem][take] sst4nk0 gave 1 of currency_gold_coin (브??????i?)
[10.08.2022 22:41:14][serveritem][give] sst4nk0 obtained 64 of currency_silver_coin (브???????i?)
[10.08.2022 22:41:14][serveritem][take] sst4nk0 gave 1 of currency_gold_coin (브??????i?)
[10.08.2022 22:41:14][serveritem][give] sst4nk0 obtained 64 of currency_silver_coin (브???????i?)
[10.08.2022 22:41:14][serveritem][take] sst4nk0 gave 1 of currency_gold_coin (브??????i?)
[10.08.2022 22:41:14][serveritem][give] sst4nk0 obtained 64 of currency_silver_coin (브???????i?)
[10.08.2022 22:41:14][serveritem][take] sst4nk0 gave 1 of currency_gold_coin (브??????i?)
[10.08.2022 22:41:18][serveritem][give] sst4nk0 obtained 64 of currency_copper_coin (브?????i?)
[10.08.2022 22:41:18][serveritem][take] sst4nk0 gave 1 of currency_silver_coin (브???????i?)
[10.08.2022 22:41:18][serveritem][give] sst4nk0 obtained 64 of currency_copper_coin (브?????i?)
[10.08.2022 22:41:18][serveritem][take] sst4nk0 gave 1 of currency_silver_coin (브???????i?)
[10.08.2022 22:41:18][serveritem][give] sst4nk0 obtained 64 of currency_copper_coin (브?????i?)
[10.08.2022 22:41:18][serveritem][take] sst4nk0 gave 1 of currency_silver_coin (브???????i?)
[10.08.2022 22:41:18][serveritem][give] sst4nk0 obtained 64 of currency_copper_coin (브?????i?)
[10.08.2022 22:41:18][serveritem][take] sst4nk0 gave 1 of currency_silver_coin (브???????i?)
[10.08.2022 22:41:19][serveritem][give] sst4nk0 obtained 64 of currency_copper_coin (브?????i?)
[10.08.2022 22:41:19][serveritem][take] sst4nk0 gave 1 of currency_silver_coin (브???????i?)
[10.08.2022 22:41:19][serveritem][give] sst4nk0 obtained 64 of currency_copper_coin (브?????i?)
[10.08.2022 22:41:19][serveritem][take] sst4nk0 gave 1 of currency_silver_coin (브???????i?)
[10.08.2022 22:41:19][serveritem][give] sst4nk0 obtained 64 of currency_copper_coin (브?????i?)
[10.08.2022 22:41:19][serveritem][take] sst4nk0 gave 1 of currency_silver_coin (브???????i?)
[10.08.2022 22:41:19][serveritem][give] sst4nk0 obtained 64 of currency_copper_coin (브?????i?)
[10.08.2022 22:41:19][serveritem][take] sst4nk0 gave 1 of currency_silver_coin (브???????i?)
[10.08.2022 22:41:37][serveritem][give] sst4nk0 obtained 1 of rune_1_2of3 (브???? [븑????브])
[10.08.2022 22:42:05][serveritem][take] sst4nk0 gave 25 of currency_copper_coin (브?????i?)
[10.08.2022 22:42:10][serveritem][take] sst4nk0 gave 5 of currency_silver_coin (브???????i?)
[10.08.2022 22:42:14][serveritem][take] sst4nk0 gave 8 of currency_silver_coin (브???????i?)
[10.08.2022 22:42:14][serveritem][take] sst4nk0 gave 11 of currency_silver_coin (브???????i?)
[10.08.2022 22:42:14][serveritem][take] sst4nk0 gave 13 of currency_silver_coin (브???????i?)
[10.08.2022 22:42:15][serveritem][take] sst4nk0 gave 17 of currency_silver_coin (브???????i?)
[10.08.2022 22:42:15][serveritem][take] sst4nk0 gave 21 of currency_silver_coin (브???????i?)
[10.08.2022 22:42:15][serveritem][take] sst4nk0 gave 25 of currency_silver_coin (브???????i?)
[10.08.2022 22:42:16][serveritem][take] sst4nk0 gave 30 of currency_silver_coin (브???????i?)
[10.08.2022 22:53:46][serveritem][take] sst4nk0 gave 25 of currency_copper_coin (브?????i?)
[10.08.2022 22:53:51][serveritem][take] sst4nk0 gave 5 of currency_silver_coin (브???????i?)
[10.08.2022 22:53:52][serveritem][take] sst4nk0 gave 8 of currency_silver_coin (브???????i?)
[10.08.2022 22:53:53][serveritem][take] sst4nk0 gave 11 of currency_silver_coin (브???????i?)
[10.08.2022 22:53:55][serveritem][take] sst4nk0 gave 13 of currency_silver_coin (브???????i?)
[10.08.2022 22:53:56][serveritem][take] sst4nk0 gave 17 of currency_silver_coin (브???????i?)
[10.08.2022 22:53:57][serveritem][take] sst4nk0 gave 21 of currency_silver_coin (브???????i?)
[10.08.2022 22:53:58][serveritem][take] sst4nk0 gave 25 of currency_silver_coin (브???????i?)
[10.08.2022 22:58:03][serveritem][give] sst4nk0 obtained 1 of rune_1_2of3 (브???? [븑????브])
[10.08.2022 22:58:09][serveritem][give] sst4nk0 obtained 1 of rune_1_1of3 (브???? [븑???브])
[10.08.2022 23:04:15][serveritem][take] sst4nk0 gave 8 of currency_silver_coin (브???????i?)
[10.08.2022 23:04:16][serveritem][take] sst4nk0 gave 11 of currency_silver_coin (브???????i?)
[10.08.2022 23:04:19][serveritem][take] sst4nk0 gave 13 of currency_silver_coin (브???????i?)
[10.08.2022 23:04:22][serveritem][take] sst4nk0 gave 17 of currency_silver_coin (브???????i?)
[10.08.2022 23:04:23][serveritem][take] sst4nk0 gave 21 of currency_silver_coin (브???????i?)
