[20.08.2022 18:52:06][serveritem][give] sst4nk0 obtained 64 of currency_copper_coin (브?????i?)
[20.08.2022 18:52:06][serveritem][take] sst4nk0 gave 1 of currency_silver_coin (브???????i?)
[20.08.2022 18:52:07][serveritem][give] sst4nk0 obtained 64 of currency_copper_coin (브?????i?)
[20.08.2022 18:52:07][serveritem][take] sst4nk0 gave 1 of currency_silver_coin (브???????i?)
[20.08.2022 18:52:07][serveritem][give] sst4nk0 obtained 64 of currency_copper_coin (브?????i?)
[20.08.2022 18:52:07][serveritem][take] sst4nk0 gave 1 of currency_silver_coin (브???????i?)
[20.08.2022 18:52:09][serveritem][give] sst4nk0 obtained 64 of currency_silver_coin (브???????i?)
[20.08.2022 18:52:09][serveritem][take] sst4nk0 gave 1 of currency_gold_coin (브??????i?)
[20.08.2022 18:52:09][serveritem][give] sst4nk0 obtained 64 of currency_silver_coin (브???????i?)
[20.08.2022 18:52:09][serveritem][take] sst4nk0 gave 1 of currency_gold_coin (브??????i?)
[20.08.2022 18:52:10][serveritem][give] sst4nk0 obtained 64 of currency_silver_coin (브???????i?)
[20.08.2022 18:52:10][serveritem][take] sst4nk0 gave 1 of currency_gold_coin (브??????i?)
[20.08.2022 18:52:10][serveritem][give] sst4nk0 obtained 64 of currency_silver_coin (브???????i?)
[20.08.2022 18:52:10][serveritem][take] sst4nk0 gave 1 of currency_gold_coin (브??????i?)
[20.08.2022 18:52:10][serveritem][give] sst4nk0 obtained 64 of currency_silver_coin (브???????i?)
[20.08.2022 18:52:10][serveritem][take] sst4nk0 gave 1 of currency_gold_coin (브??????i?)
[20.08.2022 18:52:10][serveritem][give] sst4nk0 obtained 64 of currency_silver_coin (브???????i?)
[20.08.2022 18:52:10][serveritem][take] sst4nk0 gave 1 of currency_gold_coin (브??????i?)
[20.08.2022 18:52:11][serveritem][give] sst4nk0 obtained 64 of currency_copper_coin (브?????i?)
[20.08.2022 18:52:11][serveritem][take] sst4nk0 gave 1 of currency_silver_coin (브???????i?)
[20.08.2022 18:52:11][serveritem][give] sst4nk0 obtained 64 of currency_copper_coin (브?????i?)
[20.08.2022 18:52:11][serveritem][take] sst4nk0 gave 1 of currency_silver_coin (브???????i?)
[20.08.2022 18:52:11][serveritem][give] sst4nk0 obtained 64 of currency_copper_coin (브?????i?)
[20.08.2022 18:52:11][serveritem][take] sst4nk0 gave 1 of currency_silver_coin (브???????i?)
[20.08.2022 18:52:12][serveritem][give] sst4nk0 obtained 1 of currency_gold_coin (브??????i?)
[20.08.2022 18:52:12][serveritem][take] sst4nk0 gave 64 of currency_silver_coin (브???????i?)
[20.08.2022 18:52:13][serveritem][give] sst4nk0 obtained 1 of currency_gold_coin (브??????i?)
[20.08.2022 18:52:13][serveritem][take] sst4nk0 gave 64 of currency_silver_coin (브???????i?)
[20.08.2022 18:52:13][serveritem][give] sst4nk0 obtained 1 of currency_gold_coin (브??????i?)
[20.08.2022 18:52:13][serveritem][take] sst4nk0 gave 64 of currency_silver_coin (브???????i?)
[20.08.2022 18:52:13][serveritem][give] sst4nk0 obtained 1 of currency_gold_coin (브??????i?)
[20.08.2022 18:52:13][serveritem][take] sst4nk0 gave 64 of currency_silver_coin (브???????i?)
[20.08.2022 18:52:13][serveritem][give] sst4nk0 obtained 1 of currency_gold_coin (브??????i?)
[20.08.2022 18:52:13][serveritem][take] sst4nk0 gave 64 of currency_silver_coin (브???????i?)
[20.08.2022 18:52:13][serveritem][give] sst4nk0 obtained 1 of currency_gold_coin (브??????i?)
[20.08.2022 18:52:13][serveritem][take] sst4nk0 gave 64 of currency_silver_coin (브???????i?)
[20.08.2022 18:52:14][serveritem][give] sst4nk0 obtained 1 of currency_silver_coin (브???????i?)
[20.08.2022 18:52:14][serveritem][take] sst4nk0 gave 64 of currency_copper_coin (브?????i?)
[20.08.2022 18:52:14][serveritem][give] sst4nk0 obtained 1 of currency_silver_coin (브???????i?)
[20.08.2022 18:52:14][serveritem][take] sst4nk0 gave 64 of currency_copper_coin (브?????i?)
[20.08.2022 18:52:14][serveritem][give] sst4nk0 obtained 1 of currency_silver_coin (브???????i?)
[20.08.2022 18:52:14][serveritem][take] sst4nk0 gave 64 of currency_copper_coin (브?????i?)
[20.08.2022 18:52:14][serveritem][give] sst4nk0 obtained 1 of currency_silver_coin (브???????i?)
[20.08.2022 18:52:14][serveritem][take] sst4nk0 gave 64 of currency_copper_coin (브?????i?)
[20.08.2022 18:52:14][serveritem][give] sst4nk0 obtained 1 of currency_silver_coin (브???????i?)
[20.08.2022 18:52:14][serveritem][take] sst4nk0 gave 64 of currency_copper_coin (브?????i?)
[20.08.2022 18:52:14][serveritem][give] sst4nk0 obtained 1 of currency_silver_coin (브???????i?)
[20.08.2022 18:52:14][serveritem][take] sst4nk0 gave 64 of currency_copper_coin (브?????i?)
