[23.08.2022 01:31:25][serveritem][give] sst4nk0 obtained 1 of currency_copper_coin (§aМѣдꙗнiк)
[23.08.2022 01:31:25][serveritem][give] sst4nk0 obtained 8 of currency_silver_coin (§aСребрꙗнiк)
[23.08.2022 01:31:25][serveritem][give] sst4nk0 obtained 6 of currency_gold_coin (§aζлантнiк)
[23.08.2022 01:33:22][serveritem][give] sst4nk0 obtained 1 of currency_copper_coin (§aМѣдꙗнiк)
[23.08.2022 01:33:22][serveritem][give] sst4nk0 obtained 36 of currency_silver_coin (§aСребрꙗнiк)
[23.08.2022 01:33:22][serveritem][give] sst4nk0 obtained 1 of currency_gold_coin (§aζлантнiк)
[23.08.2022 02:23:34][serveritem][give] sst4nk0 obtained 1 of tool_formulas (§fФормулы счёта)
[23.08.2022 02:23:34][serveritem][take] sst4nk0 gave 1 of currency_gold_coin (§aζлантнiк)
[23.08.2022 02:33:06][serveritem][give] sst4nk0 obtained 1 of tool_formulas (§fФормулы счёта)
[23.08.2022 02:33:06][serveritem][take] sst4nk0 gave 1 of currency_gold_coin (§aζлантнiк)
[23.08.2022 02:35:34][serveritem][give] sst4nk0 obtained 1 of tool_formulas (§fФормулы счёта)
[23.08.2022 02:35:34][serveritem][take] sst4nk0 gave 1 of currency_gold_coin (§aζлантнiк)
[23.08.2022 02:35:41][serveritem][give] sst4nk0 obtained 2 of currency_copper_coin (§aМѣдꙗнiк)
[23.08.2022 02:35:41][serveritem][give] sst4nk0 obtained 36 of currency_silver_coin (§aСребрꙗнiк)
[23.08.2022 02:35:41][serveritem][give] sst4nk0 obtained 1 of currency_gold_coin (§aζлантнiк)
[23.08.2022 10:55:05][serveritem][give] sst4nk0 obtained 1 of currency_copper_coin (§aМѣдꙗнiк)
[23.08.2022 10:55:05][serveritem][give] sst4nk0 obtained 41 of currency_silver_coin (§aСребрꙗнiк)
[23.08.2022 10:55:05][serveritem][give] sst4nk0 obtained 15 of currency_gold_coin (§aζлантнiк)
[23.08.2022 19:29:54][serveritem][give] sst4nk0 obtained 1 of tool_formulas (§fФормулы счёта)
[23.08.2022 19:29:54][serveritem][take] sst4nk0 gave 1 of currency_gold_coin (§aζлантнiк)
[23.08.2022 19:30:27][serveritem][give] sst4nk0 obtained 5 of currency_copper_coin (§aМѣдꙗнiк)
[23.08.2022 19:30:27][serveritem][give] sst4nk0 obtained 40 of currency_silver_coin (§aСребрꙗнiк)
[23.08.2022 19:30:27][serveritem][give] sst4nk0 obtained 15 of currency_gold_coin (§aζлантнiк)
[23.08.2022 19:30:48][serveritem][take] sst4nk0 gave 8 of currency_gold_coin (§aζлантнiк)
[23.08.2022 22:25:14][serveritem][give] sst4nk0 obtained 1 of tool_axe_stone (§fКаменный топор)
[23.08.2022 22:27:08][serveritem][give] sst4nk0 obtained 1 of tool_axe_stone (§fКаменный топор)
[23.08.2022 22:28:13][serveritem][give] sst4nk0 obtained 1 of tool_axe_stone (§fКаменный топор)
[23.08.2022 22:41:21][serveritem][give] sst4nk0 obtained 1 of tool_axe_stone (§fКаменный топор)
[23.08.2022 22:45:05][serveritem][give] sst4nk0 obtained 1 of tool_axe_stone (§fКаменный топор)
[23.08.2022 22:46:09][serveritem][give] sst4nk0 obtained 1 of tool_axe_stone (§fКаменный топор)
[23.08.2022 22:52:24][serveritem][give] sst4nk0 obtained 1 of tool_axe_stone (§fКаменный топор)
[23.08.2022 22:58:37][serveritem][give] sst4nk0 obtained 1 of tool_axe_stone (§fКаменный топор)
[23.08.2022 23:07:33][serveritem][give] sst4nk0 obtained 1 of rune_1_3of3 (§aРуна [§fтворiтель сѥ§a])
[23.08.2022 23:13:47][serveritem][give] sst4nk0 obtained 1 of rune_1_3of3 (§aРуна [§fтворiтель сѥ§a])
[23.08.2022 23:14:07][serveritem][give] sst4nk0 obtained 1 of tool_axe_stone (§fКаменный топор)
[23.08.2022 23:15:22][serveritem][give] sst4nk0 obtained 1 of rune_1_3of3 (§aРуна [§fтворiтель сѥ§a])
[23.08.2022 23:31:20][serveritem][give] sst4nk0 obtained 1 of tool_axe_stone (§fКаменный топор)
[23.08.2022 23:31:25][serveritem][give] sst4nk0 obtained 1 of rune_1_3of3 (§aРуна [§fтворiтель сѥ§a])
[23.08.2022 23:32:09][serveritem][give] sst4nk0 obtained 1 of rune_1_2of3 (§aРуна [§fѥсмъ§a])
[23.08.2022 23:32:16][serveritem][give] sst4nk0 obtained 1 of rune_1_1of3 (§aРуна [§fАζъ§a])
