[27.08.2022 01:04:49][serveritem][give] sst4nk0 obtained 3 of currency_copper_coin (§aМѣдꙗнiк)
[27.08.2022 01:04:49][serveritem][take] sst4nk0 gave 1 of resource_log_spruce (§7Хвойное бревно)
[27.08.2022 01:04:50][serveritem][give] sst4nk0 obtained 3 of currency_copper_coin (§aМѣдꙗнiк)
[27.08.2022 01:04:50][serveritem][take] sst4nk0 gave 1 of resource_log_spruce (§7Хвойное бревно)
[27.08.2022 01:04:51][serveritem][give] sst4nk0 obtained 3 of currency_copper_coin (§aМѣдꙗнiк)
[27.08.2022 01:04:51][serveritem][take] sst4nk0 gave 1 of resource_log_spruce (§7Хвойное бревно)
[27.08.2022 01:04:51][serveritem][give] sst4nk0 obtained 3 of currency_copper_coin (§aМѣдꙗнiк)
[27.08.2022 01:04:51][serveritem][take] sst4nk0 gave 1 of resource_log_spruce (§7Хвойное бревно)
[27.08.2022 01:05:00][serveritem][give] sst4nk0 obtained 3 of currency_silver_coin (§aСребрꙗнiк)
[27.08.2022 01:05:00][serveritem][take] sst4nk0 gave 64 of resource_log_spruce (§7Хвойное бревно)
[27.08.2022 01:05:01][serveritem][give] sst4nk0 obtained 3 of currency_silver_coin (§aСребрꙗнiк)
[27.08.2022 01:05:01][serveritem][take] sst4nk0 gave 64 of resource_log_spruce (§7Хвойное бревно)
[27.08.2022 01:05:02][serveritem][give] sst4nk0 obtained 3 of currency_silver_coin (§aСребрꙗнiк)
[27.08.2022 01:05:02][serveritem][take] sst4nk0 gave 64 of resource_log_spruce (§7Хвойное бревно)
[27.08.2022 01:07:57][serveritem][give] sst4nk0 obtained 4 of currency_copper_coin (§aМѣдꙗнiк)
[27.08.2022 01:07:57][serveritem][take] sst4nk0 gave 1 of resource_log_birch (§7Берёзовое бревно)
[27.08.2022 01:07:58][serveritem][give] sst4nk0 obtained 4 of currency_copper_coin (§aМѣдꙗнiк)
[27.08.2022 01:07:58][serveritem][take] sst4nk0 gave 1 of resource_log_birch (§7Берёзовое бревно)
[27.08.2022 01:07:59][serveritem][give] sst4nk0 obtained 4 of currency_copper_coin (§aМѣдꙗнiк)
[27.08.2022 01:07:59][serveritem][take] sst4nk0 gave 1 of resource_log_birch (§7Берёзовое бревно)
[27.08.2022 01:07:59][serveritem][give] sst4nk0 obtained 4 of currency_copper_coin (§aМѣдꙗнiк)
[27.08.2022 01:07:59][serveritem][take] sst4nk0 gave 1 of resource_log_birch (§7Берёзовое бревно)
[27.08.2022 01:08:07][serveritem][give] sst4nk0 obtained 4 of currency_silver_coin (§aСребрꙗнiк)
[27.08.2022 01:08:07][serveritem][take] sst4nk0 gave 64 of resource_log_birch (§7Берёзовое бревно)
[27.08.2022 01:08:09][serveritem][give] sst4nk0 obtained 4 of currency_silver_coin (§aСребрꙗнiк)
[27.08.2022 01:08:09][serveritem][take] sst4nk0 gave 64 of resource_log_birch (§7Берёзовое бревно)
[27.08.2022 01:12:10][serveritem][give] sst4nk0 obtained 1 of rune_1_2of3 (§aРуна [§fѥсмъ§a])
[27.08.2022 12:49:13][serveritem][give] sst4nk0 obtained 1 of tool_axe_stone (§fКаменный топор)
[27.08.2022 13:04:16][serveritem][give] sst4nk0 obtained 1 of resource_log_spruce (§7Хвойное бревно)
[27.08.2022 13:04:31][serveritem][give] sst4nk0 obtained 1 of resource_log_oak (§7Дубовое бревно)
[27.08.2022 13:04:37][serveritem][give] sst4nk0 obtained 2 of resource_log_spruce (§7Хвойное бревно)
[27.08.2022 13:06:00][serveritem][give] sst4nk0 obtained 1 of resource_log_spruce (§7Хвойное бревно)
[27.08.2022 13:06:05][serveritem][give] sst4nk0 obtained 3 of resource_log_oak (§7Дубовое бревно)
[27.08.2022 13:06:13][serveritem][give] sst4nk0 obtained 2 of resource_log_spruce (§7Хвойное бревно)
[27.08.2022 13:06:21][serveritem][give] sst4nk0 obtained 2 of resource_log_oak (§7Дубовое бревно)
[27.08.2022 13:41:36][serveritem][give] sst4nk0 obtained 3 of currency_copper_coin (§aМѣдꙗнiк)
[27.08.2022 13:41:36][serveritem][take] sst4nk0 gave 1 of resource_log_spruce (§7Хвойное бревно)
[27.08.2022 13:41:37][serveritem][give] sst4nk0 obtained 3 of currency_copper_coin (§aМѣдꙗнiк)
[27.08.2022 13:41:37][serveritem][take] sst4nk0 gave 1 of resource_log_spruce (§7Хвойное бревно)
[27.08.2022 13:41:37][serveritem][give] sst4nk0 obtained 3 of currency_copper_coin (§aМѣдꙗнiк)
[27.08.2022 13:41:37][serveritem][take] sst4nk0 gave 1 of resource_log_spruce (§7Хвойное бревно)
[27.08.2022 13:41:37][serveritem][give] sst4nk0 obtained 3 of currency_copper_coin (§aМѣдꙗнiк)
[27.08.2022 13:41:37][serveritem][take] sst4nk0 gave 1 of resource_log_spruce (§7Хвойное бревно)
[27.08.2022 13:41:37][serveritem][give] sst4nk0 obtained 3 of currency_copper_coin (§aМѣдꙗнiк)
[27.08.2022 13:41:37][serveritem][take] sst4nk0 gave 1 of resource_log_spruce (§7Хвойное бревно)
[27.08.2022 13:41:37][serveritem][give] sst4nk0 obtained 3 of currency_copper_coin (§aМѣдꙗнiк)
[27.08.2022 13:41:37][serveritem][take] sst4nk0 gave 1 of resource_log_spruce (§7Хвойное бревно)
[27.08.2022 13:41:37][serveritem][give] sst4nk0 obtained 3 of currency_copper_coin (§aМѣдꙗнiк)
[27.08.2022 13:41:37][serveritem][take] sst4nk0 gave 1 of resource_log_spruce (§7Хвойное бревно)
[27.08.2022 13:41:38][serveritem][give] sst4nk0 obtained 3 of currency_copper_coin (§aМѣдꙗнiк)
[27.08.2022 13:41:38][serveritem][take] sst4nk0 gave 1 of resource_log_spruce (§7Хвойное бревно)
[27.08.2022 13:41:38][serveritem][give] sst4nk0 obtained 3 of currency_copper_coin (§aМѣдꙗнiк)
[27.08.2022 13:41:38][serveritem][take] sst4nk0 gave 1 of resource_log_spruce (§7Хвойное бревно)
[27.08.2022 13:41:38][serveritem][give] sst4nk0 obtained 3 of currency_copper_coin (§aМѣдꙗнiк)
[27.08.2022 13:41:38][serveritem][take] sst4nk0 gave 1 of resource_log_spruce (§7Хвойное бревно)
[27.08.2022 13:41:38][serveritem][give] sst4nk0 obtained 3 of currency_copper_coin (§aМѣдꙗнiк)
[27.08.2022 13:41:38][serveritem][take] sst4nk0 gave 1 of resource_log_spruce (§7Хвойное бревно)
[27.08.2022 13:41:38][serveritem][give] sst4nk0 obtained 3 of currency_copper_coin (§aМѣдꙗнiк)
[27.08.2022 13:41:38][serveritem][take] sst4nk0 gave 1 of resource_log_spruce (§7Хвойное бревно)
[27.08.2022 13:41:38][serveritem][give] sst4nk0 obtained 3 of currency_copper_coin (§aМѣдꙗнiк)
[27.08.2022 13:41:38][serveritem][take] sst4nk0 gave 1 of resource_log_spruce (§7Хвойное бревно)
[27.08.2022 13:41:38][serveritem][give] sst4nk0 obtained 3 of currency_copper_coin (§aМѣдꙗнiк)
[27.08.2022 13:41:38][serveritem][take] sst4nk0 gave 1 of resource_log_spruce (§7Хвойное бревно)
[27.08.2022 13:41:38][serveritem][give] sst4nk0 obtained 3 of currency_copper_coin (§aМѣдꙗнiк)
[27.08.2022 13:41:38][serveritem][take] sst4nk0 gave 1 of resource_log_spruce (§7Хвойное бревно)
[27.08.2022 13:41:39][serveritem][give] sst4nk0 obtained 3 of currency_copper_coin (§aМѣдꙗнiк)
[27.08.2022 13:41:39][serveritem][take] sst4nk0 gave 1 of resource_log_spruce (§7Хвойное бревно)
[27.08.2022 13:41:39][serveritem][give] sst4nk0 obtained 3 of currency_copper_coin (§aМѣдꙗнiк)
[27.08.2022 13:41:39][serveritem][take] sst4nk0 gave 1 of resource_log_spruce (§7Хвойное бревно)
[27.08.2022 13:41:39][serveritem][give] sst4nk0 obtained 3 of currency_copper_coin (§aМѣдꙗнiк)
[27.08.2022 13:41:39][serveritem][take] sst4nk0 gave 1 of resource_log_spruce (§7Хвойное бревно)
[27.08.2022 13:41:39][serveritem][give] sst4nk0 obtained 3 of currency_copper_coin (§aМѣдꙗнiк)
[27.08.2022 13:41:39][serveritem][take] sst4nk0 gave 1 of resource_log_spruce (§7Хвойное бревно)
[27.08.2022 13:41:39][serveritem][give] sst4nk0 obtained 3 of currency_copper_coin (§aМѣдꙗнiк)
[27.08.2022 13:41:39][serveritem][take] sst4nk0 gave 1 of resource_log_spruce (§7Хвойное бревно)
[27.08.2022 13:41:39][serveritem][give] sst4nk0 obtained 3 of currency_copper_coin (§aМѣдꙗнiк)
[27.08.2022 13:41:39][serveritem][take] sst4nk0 gave 1 of resource_log_spruce (§7Хвойное бревно)
[27.08.2022 13:41:40][serveritem][give] sst4nk0 obtained 3 of currency_copper_coin (§aМѣдꙗнiк)
[27.08.2022 13:41:40][serveritem][take] sst4nk0 gave 1 of resource_log_spruce (§7Хвойное бревно)
[27.08.2022 13:41:40][serveritem][give] sst4nk0 obtained 3 of currency_copper_coin (§aМѣдꙗнiк)
[27.08.2022 13:41:40][serveritem][take] sst4nk0 gave 1 of resource_log_spruce (§7Хвойное бревно)
[27.08.2022 13:41:40][serveritem][give] sst4nk0 obtained 3 of currency_copper_coin (§aМѣдꙗнiк)
[27.08.2022 13:41:40][serveritem][take] sst4nk0 gave 1 of resource_log_spruce (§7Хвойное бревно)
[27.08.2022 13:41:40][serveritem][give] sst4nk0 obtained 3 of currency_copper_coin (§aМѣдꙗнiк)
[27.08.2022 13:41:40][serveritem][take] sst4nk0 gave 1 of resource_log_spruce (§7Хвойное бревно)
[27.08.2022 13:41:40][serveritem][give] sst4nk0 obtained 3 of currency_copper_coin (§aМѣдꙗнiк)
[27.08.2022 13:41:40][serveritem][take] sst4nk0 gave 1 of resource_log_spruce (§7Хвойное бревно)
[27.08.2022 13:41:40][serveritem][give] sst4nk0 obtained 3 of currency_copper_coin (§aМѣдꙗнiк)
[27.08.2022 13:41:40][serveritem][take] sst4nk0 gave 1 of resource_log_spruce (§7Хвойное бревно)
[27.08.2022 13:41:40][serveritem][give] sst4nk0 obtained 3 of currency_copper_coin (§aМѣдꙗнiк)
[27.08.2022 13:41:40][serveritem][take] sst4nk0 gave 1 of resource_log_spruce (§7Хвойное бревно)
[27.08.2022 13:41:41][serveritem][give] sst4nk0 obtained 3 of currency_copper_coin (§aМѣдꙗнiк)
[27.08.2022 13:41:41][serveritem][take] sst4nk0 gave 1 of resource_log_spruce (§7Хвойное бревно)
[27.08.2022 13:41:41][serveritem][give] sst4nk0 obtained 3 of currency_copper_coin (§aМѣдꙗнiк)
[27.08.2022 13:41:41][serveritem][take] sst4nk0 gave 1 of resource_log_spruce (§7Хвойное бревно)
[27.08.2022 13:41:41][serveritem][give] sst4nk0 obtained 3 of currency_copper_coin (§aМѣдꙗнiк)
[27.08.2022 13:41:41][serveritem][take] sst4nk0 gave 1 of resource_log_spruce (§7Хвойное бревно)
[27.08.2022 13:41:41][serveritem][give] sst4nk0 obtained 3 of currency_copper_coin (§aМѣдꙗнiк)
[27.08.2022 13:41:41][serveritem][take] sst4nk0 gave 1 of resource_log_spruce (§7Хвойное бревно)
[27.08.2022 13:41:41][serveritem][give] sst4nk0 obtained 3 of currency_copper_coin (§aМѣдꙗнiк)
[27.08.2022 13:41:41][serveritem][take] sst4nk0 gave 1 of resource_log_spruce (§7Хвойное бревно)
[27.08.2022 13:41:41][serveritem][give] sst4nk0 obtained 3 of currency_copper_coin (§aМѣдꙗнiк)
[27.08.2022 13:41:41][serveritem][take] sst4nk0 gave 1 of resource_log_spruce (§7Хвойное бревно)
[27.08.2022 13:41:42][serveritem][give] sst4nk0 obtained 3 of currency_copper_coin (§aМѣдꙗнiк)
[27.08.2022 13:41:42][serveritem][take] sst4nk0 gave 1 of resource_log_spruce (§7Хвойное бревно)
[27.08.2022 13:41:42][serveritem][give] sst4nk0 obtained 3 of currency_copper_coin (§aМѣдꙗнiк)
[27.08.2022 13:41:42][serveritem][take] sst4nk0 gave 1 of resource_log_spruce (§7Хвойное бревно)
[27.08.2022 13:45:58][serveritem][give] sst4nk0 obtained 3 of resource_log_oak (§7Дубовое бревно)
[27.08.2022 13:54:00][serveritem][give] sst4nk0 obtained 2 of resource_log_oak (§7Дубовое бревно)
[27.08.2022 13:54:35][serveritem][give] sst4nk0 obtained 2 of currency_copper_coin (§aМѣдꙗнiк)
[27.08.2022 13:54:35][serveritem][take] sst4nk0 gave 1 of resource_log_oak (§7Дубовое бревно)
[27.08.2022 13:54:35][serveritem][give] sst4nk0 obtained 2 of currency_copper_coin (§aМѣдꙗнiк)
[27.08.2022 13:54:35][serveritem][take] sst4nk0 gave 1 of resource_log_oak (§7Дубовое бревно)
[27.08.2022 13:54:35][serveritem][give] sst4nk0 obtained 2 of currency_copper_coin (§aМѣдꙗнiк)
[27.08.2022 13:54:35][serveritem][take] sst4nk0 gave 1 of resource_log_oak (§7Дубовое бревно)
[27.08.2022 13:54:36][serveritem][give] sst4nk0 obtained 2 of currency_copper_coin (§aМѣдꙗнiк)
[27.08.2022 13:54:36][serveritem][take] sst4nk0 gave 1 of resource_log_oak (§7Дубовое бревно)
[27.08.2022 13:54:36][serveritem][give] sst4nk0 obtained 2 of currency_copper_coin (§aМѣдꙗнiк)
[27.08.2022 13:54:36][serveritem][take] sst4nk0 gave 1 of resource_log_oak (§7Дубовое бревно)
[27.08.2022 14:00:39][serveritem][give] sst4nk0 obtained 1 of tool_axe_stone (§fКаменный топор)
[27.08.2022 14:00:46][serveritem][give] sst4nk0 obtained 1 of rune_1_3of3 (§aРуна [§fтворiтель сѥ§a])
[27.08.2022 14:01:00][serveritem][give] sst4nk0 obtained 1 of rune_1_3of3 (§aРуна [§fтворiтель сѥ§a])
[27.08.2022 14:01:24][serveritem][give] sst4nk0 obtained 1 of rune_1_2of3 (§aРуна [§fѥсмъ§a])
[27.08.2022 14:01:27][serveritem][give] sst4nk0 obtained 1 of rune_1_1of3 (§aРуна [§fАζъ§a])
[27.08.2022 14:05:46][serveritem][give] sst4nk0 obtained 2 of resource_log_oak (§7Дубовое бревно)
[27.08.2022 14:06:01][serveritem][give] sst4nk0 obtained 1 of resource_log_spruce (§7Хвойное бревно)
[27.08.2022 14:06:36][serveritem][give] sst4nk0 obtained 2 of resource_log_birch (§7Берёзовое бревно)
[27.08.2022 14:07:16][serveritem][give] sst4nk0 obtained 2 of currency_copper_coin (§aМѣдꙗнiк)
[27.08.2022 14:07:16][serveritem][take] sst4nk0 gave 1 of resource_log_oak (§7Дубовое бревно)
[27.08.2022 14:07:16][serveritem][give] sst4nk0 obtained 2 of currency_copper_coin (§aМѣдꙗнiк)
[27.08.2022 14:07:16][serveritem][take] sst4nk0 gave 1 of resource_log_oak (§7Дубовое бревно)
[27.08.2022 14:07:17][serveritem][give] sst4nk0 obtained 3 of currency_copper_coin (§aМѣдꙗнiк)
[27.08.2022 14:07:17][serveritem][take] sst4nk0 gave 1 of resource_log_spruce (§7Хвойное бревно)
[27.08.2022 14:07:17][serveritem][give] sst4nk0 obtained 4 of currency_copper_coin (§aМѣдꙗнiк)
[27.08.2022 14:07:17][serveritem][take] sst4nk0 gave 1 of resource_log_birch (§7Берёзовое бревно)
[27.08.2022 14:07:18][serveritem][give] sst4nk0 obtained 4 of currency_copper_coin (§aМѣдꙗнiк)
[27.08.2022 14:07:18][serveritem][take] sst4nk0 gave 1 of resource_log_birch (§7Берёзовое бревно)
[27.08.2022 14:08:19][serveritem][give] sst4nk0 obtained 1 of rune_1_1of3 (§aРуна [§fАζъ§a])
[27.08.2022 14:08:22][serveritem][give] sst4nk0 obtained 1 of rune_1_2of3 (§aРуна [§fѥсмъ§a])
[27.08.2022 14:10:33][serveritem][give] sst4nk0 obtained 2 of resource_log_spruce (§7Хвойное бревно)
[27.08.2022 14:13:52][serveritem][give] sst4nk0 obtained 1 of resource_log_oak (§7Дубовое бревно)
[27.08.2022 14:22:04][serveritem][give] sst4nk0 obtained 3 of resource_log_oak (§7Дубовое бревно)
[27.08.2022 14:25:36][serveritem][give] sst4nk0 obtained 2 of resource_log_oak (§7Дубовое бревно)
[27.08.2022 14:35:41][serveritem][give] sst4nk0 obtained 2 of resource_log_oak (§7Дубовое бревно)
[27.08.2022 14:37:25][serveritem][give] sst4nk0 obtained 3 of resource_log_oak (§7Дубовое бревно)
[27.08.2022 14:39:54][serveritem][give] sst4nk0 obtained 1 of resource_log_oak (§7Дубовое бревно)
[27.08.2022 14:41:37][serveritem][give] sst4nk0 obtained 1 of resource_log_oak (§7Дубовое бревно)
[27.08.2022 14:41:59][serveritem][give] sst4nk0 obtained 3 of resource_log_oak (§7Дубовое бревно)
[27.08.2022 14:42:35][serveritem][give] sst4nk0 obtained 1 of resource_log_oak (§7Дубовое бревно)
[27.08.2022 14:45:40][serveritem][give] sst4nk0 obtained 1 of resource_log_oak (§7Дубовое бревно)
[27.08.2022 14:45:49][serveritem][give] sst4nk0 obtained 3 of resource_log_oak (§7Дубовое бревно)
[27.08.2022 14:45:57][serveritem][give] sst4nk0 obtained 1 of resource_log_oak (§7Дубовое бревно)
[27.08.2022 14:47:16][serveritem][give] sst4nk0 obtained 2 of resource_log_oak (§7Дубовое бревно)
[27.08.2022 14:49:07][serveritem][give] sst4nk0 obtained 3 of currency_copper_coin (§aМѣдꙗнiк)
[27.08.2022 14:49:07][serveritem][take] sst4nk0 gave 1 of resource_log_spruce (§7Хвойное бревно)
[27.08.2022 14:49:08][serveritem][give] sst4nk0 obtained 3 of currency_copper_coin (§aМѣдꙗнiк)
[27.08.2022 14:49:08][serveritem][take] sst4nk0 gave 1 of resource_log_spruce (§7Хвойное бревно)
[27.08.2022 14:49:09][serveritem][give] sst4nk0 obtained 2 of currency_copper_coin (§aМѣдꙗнiк)
[27.08.2022 14:49:09][serveritem][take] sst4nk0 gave 1 of resource_log_oak (§7Дубовое бревно)
[27.08.2022 14:49:09][serveritem][give] sst4nk0 obtained 2 of currency_copper_coin (§aМѣдꙗнiк)
[27.08.2022 14:49:09][serveritem][take] sst4nk0 gave 1 of resource_log_oak (§7Дубовое бревно)
[27.08.2022 14:49:10][serveritem][give] sst4nk0 obtained 2 of currency_copper_coin (§aМѣдꙗнiк)
[27.08.2022 14:49:10][serveritem][take] sst4nk0 gave 1 of resource_log_oak (§7Дубовое бревно)
[27.08.2022 14:49:10][serveritem][give] sst4nk0 obtained 2 of currency_copper_coin (§aМѣдꙗнiк)
[27.08.2022 14:49:10][serveritem][take] sst4nk0 gave 1 of resource_log_oak (§7Дубовое бревно)
[27.08.2022 14:49:10][serveritem][give] sst4nk0 obtained 2 of currency_copper_coin (§aМѣдꙗнiк)
[27.08.2022 14:49:10][serveritem][take] sst4nk0 gave 1 of resource_log_oak (§7Дубовое бревно)
[27.08.2022 14:49:10][serveritem][give] sst4nk0 obtained 2 of currency_copper_coin (§aМѣдꙗнiк)
[27.08.2022 14:49:10][serveritem][take] sst4nk0 gave 1 of resource_log_oak (§7Дубовое бревно)
[27.08.2022 14:49:11][serveritem][give] sst4nk0 obtained 2 of currency_copper_coin (§aМѣдꙗнiк)
[27.08.2022 14:49:11][serveritem][take] sst4nk0 gave 1 of resource_log_oak (§7Дубовое бревно)
[27.08.2022 14:49:11][serveritem][give] sst4nk0 obtained 2 of currency_copper_coin (§aМѣдꙗнiк)
[27.08.2022 14:49:11][serveritem][take] sst4nk0 gave 1 of resource_log_oak (§7Дубовое бревно)
[27.08.2022 14:49:11][serveritem][give] sst4nk0 obtained 2 of currency_copper_coin (§aМѣдꙗнiк)
[27.08.2022 14:49:11][serveritem][take] sst4nk0 gave 1 of resource_log_oak (§7Дубовое бревно)
[27.08.2022 14:49:11][serveritem][give] sst4nk0 obtained 2 of currency_copper_coin (§aМѣдꙗнiк)
[27.08.2022 14:49:11][serveritem][take] sst4nk0 gave 1 of resource_log_oak (§7Дубовое бревно)
[27.08.2022 14:49:11][serveritem][give] sst4nk0 obtained 2 of currency_copper_coin (§aМѣдꙗнiк)
[27.08.2022 14:49:11][serveritem][take] sst4nk0 gave 1 of resource_log_oak (§7Дубовое бревно)
[27.08.2022 14:49:11][serveritem][give] sst4nk0 obtained 2 of currency_copper_coin (§aМѣдꙗнiк)
[27.08.2022 14:49:11][serveritem][take] sst4nk0 gave 1 of resource_log_oak (§7Дубовое бревно)
[27.08.2022 14:49:11][serveritem][give] sst4nk0 obtained 2 of currency_copper_coin (§aМѣдꙗнiк)
[27.08.2022 14:49:11][serveritem][take] sst4nk0 gave 1 of resource_log_oak (§7Дубовое бревно)
[27.08.2022 14:49:11][serveritem][give] sst4nk0 obtained 2 of currency_copper_coin (§aМѣдꙗнiк)
[27.08.2022 14:49:11][serveritem][take] sst4nk0 gave 1 of resource_log_oak (§7Дубовое бревно)
[27.08.2022 14:49:11][serveritem][give] sst4nk0 obtained 2 of currency_copper_coin (§aМѣдꙗнiк)
[27.08.2022 14:49:11][serveritem][take] sst4nk0 gave 1 of resource_log_oak (§7Дубовое бревно)
[27.08.2022 14:49:12][serveritem][give] sst4nk0 obtained 2 of currency_copper_coin (§aМѣдꙗнiк)
[27.08.2022 14:49:12][serveritem][take] sst4nk0 gave 1 of resource_log_oak (§7Дубовое бревно)
[27.08.2022 14:49:12][serveritem][give] sst4nk0 obtained 2 of currency_copper_coin (§aМѣдꙗнiк)
[27.08.2022 14:49:12][serveritem][take] sst4nk0 gave 1 of resource_log_oak (§7Дубовое бревно)
[27.08.2022 14:49:12][serveritem][give] sst4nk0 obtained 2 of currency_copper_coin (§aМѣдꙗнiк)
[27.08.2022 14:49:12][serveritem][take] sst4nk0 gave 1 of resource_log_oak (§7Дубовое бревно)
[27.08.2022 14:51:49][serveritem][give] sst4nk0 obtained 3 of resource_log_oak (§7Дубовое бревно)
[27.08.2022 14:52:52][serveritem][give] sst4nk0 obtained 2 of resource_log_oak (§7Дубовое бревно)
[27.08.2022 14:53:39][serveritem][give] sst4nk0 obtained 1 of resource_log_spruce (§7Хвойное бревно)
[27.08.2022 14:54:00][serveritem][give] sst4nk0 obtained 1 of resource_log_spruce (§7Хвойное бревно)
[27.08.2022 14:54:15][serveritem][give] sst4nk0 obtained 2 of currency_copper_coin (§aМѣдꙗнiк)
[27.08.2022 14:54:15][serveritem][take] sst4nk0 gave 1 of resource_log_oak (§7Дубовое бревно)
[27.08.2022 14:54:16][serveritem][give] sst4nk0 obtained 2 of currency_copper_coin (§aМѣдꙗнiк)
[27.08.2022 14:54:16][serveritem][take] sst4nk0 gave 1 of resource_log_oak (§7Дубовое бревно)
[27.08.2022 14:54:16][serveritem][give] sst4nk0 obtained 2 of currency_copper_coin (§aМѣдꙗнiк)
[27.08.2022 14:54:16][serveritem][take] sst4nk0 gave 1 of resource_log_oak (§7Дубовое бревно)
[27.08.2022 14:54:16][serveritem][give] sst4nk0 obtained 2 of currency_copper_coin (§aМѣдꙗнiк)
[27.08.2022 14:54:16][serveritem][take] sst4nk0 gave 1 of resource_log_oak (§7Дубовое бревно)
[27.08.2022 14:54:16][serveritem][give] sst4nk0 obtained 2 of currency_copper_coin (§aМѣдꙗнiк)
[27.08.2022 14:54:16][serveritem][take] sst4nk0 gave 1 of resource_log_oak (§7Дубовое бревно)
[27.08.2022 14:54:17][serveritem][give] sst4nk0 obtained 3 of currency_copper_coin (§aМѣдꙗнiк)
[27.08.2022 14:54:17][serveritem][take] sst4nk0 gave 1 of resource_log_spruce (§7Хвойное бревно)
[27.08.2022 14:54:17][serveritem][give] sst4nk0 obtained 3 of currency_copper_coin (§aМѣдꙗнiк)
[27.08.2022 14:54:17][serveritem][take] sst4nk0 gave 1 of resource_log_spruce (§7Хвойное бревно)
[27.08.2022 14:57:31][serveritem][give] sst4nk0 obtained 1 of rune_1_2of3 (§aРуна [§fѥсмъ§a])
[27.08.2022 14:57:33][serveritem][give] sst4nk0 obtained 1 of rune_1_1of3 (§aРуна [§fАζъ§a])
[27.08.2022 15:05:04][serveritem][give] sst4nk0 obtained 1 of rune_1_3of3 (§aРуна [§fтворiтель сѥ§a])
[27.08.2022 15:05:17][serveritem][give] sst4nk0 obtained 3 of resource_log_oak (§7Дубовое бревно)
[27.08.2022 15:05:30][serveritem][give] sst4nk0 obtained 1 of resource_log_spruce (§7Хвойное бревно)
[27.08.2022 15:05:37][serveritem][give] sst4nk0 obtained 2 of resource_log_oak (§7Дубовое бревно)
[27.08.2022 15:10:31][serveritem][give] LogiFlo obtained 1 of rune_1_2of3 (§aРуна [§fѥсмъ§a])
[27.08.2022 15:16:58][serveritem][give] LogiFlo obtained 1 of tool_axe_stone (§fКаменный топор)
[27.08.2022 15:17:27][serveritem][give] LogiFlo obtained 2 of resource_log_oak (§7Дубовое бревно)
[27.08.2022 15:17:35][serveritem][give] LogiFlo obtained 1 of resource_log_spruce (§7Хвойное бревно)
[27.08.2022 15:19:31][serveritem][give] LogiFlo obtained 3 of currency_copper_coin (§aМѣдꙗнiк)
[27.08.2022 15:19:31][serveritem][take] LogiFlo gave 1 of resource_log_spruce (§7Хвойное бревно)
[27.08.2022 15:19:31][serveritem][give] LogiFlo obtained 2 of currency_copper_coin (§aМѣдꙗнiк)
[27.08.2022 15:19:31][serveritem][take] LogiFlo gave 1 of resource_log_oak (§7Дубовое бревно)
[27.08.2022 15:19:33][serveritem][give] LogiFlo obtained 2 of currency_copper_coin (§aМѣдꙗнiк)
[27.08.2022 15:19:33][serveritem][take] LogiFlo gave 1 of resource_log_oak (§7Дубовое бревно)
[27.08.2022 15:22:31][serveritem][give] sst4nk0 obtained 1 of resource_log_spruce (§7Хвойное бревно)
[27.08.2022 15:42:18][serveritem][give] sst4nk0 obtained 1 of resource_log_oak (§7Дубовое бревно)
[27.08.2022 15:42:53][serveritem][give] sst4nk0 obtained 2 of resource_log_oak (§7Дубовое бревно)
[27.08.2022 15:44:15][serveritem][give] sst4nk0 obtained 1 of resource_log_spruce (§7Хвойное бревно)
[27.08.2022 15:44:22][serveritem][give] sst4nk0 obtained 1 of resource_log_oak (§7Дубовое бревно)
[27.08.2022 15:44:29][serveritem][give] sst4nk0 obtained 2 of resource_log_spruce (§7Хвойное бревно)
[27.08.2022 15:45:16][serveritem][give] sst4nk0 obtained 3 of resource_log_oak (§7Дубовое бревно)
[27.08.2022 15:45:23][serveritem][give] sst4nk0 obtained 3 of resource_log_oak (§7Дубовое бревно)
[27.08.2022 15:45:30][serveritem][give] sst4nk0 obtained 1 of resource_log_spruce (§7Хвойное бревно)
[27.08.2022 15:45:43][serveritem][give] sst4nk0 obtained 1 of resource_log_spruce (§7Хвойное бревно)
[27.08.2022 15:45:50][serveritem][give] sst4nk0 obtained 2 of resource_log_oak (§7Дубовое бревно)
[27.08.2022 15:45:55][serveritem][give] sst4nk0 obtained 1 of resource_log_spruce (§7Хвойное бревно)
[27.08.2022 15:46:03][serveritem][give] sst4nk0 obtained 2 of resource_log_spruce (§7Хвойное бревно)
[27.08.2022 15:46:17][serveritem][give] sst4nk0 obtained 3 of resource_log_oak (§7Дубовое бревно)
[27.08.2022 15:46:35][serveritem][give] sst4nk0 obtained 2 of currency_copper_coin (§aМѣдꙗнiк)
[27.08.2022 15:46:35][serveritem][take] sst4nk0 gave 1 of resource_log_oak (§7Дубовое бревно)
[27.08.2022 15:46:35][serveritem][give] sst4nk0 obtained 2 of currency_copper_coin (§aМѣдꙗнiк)
[27.08.2022 15:46:35][serveritem][take] sst4nk0 gave 1 of resource_log_oak (§7Дубовое бревно)
[27.08.2022 15:46:35][serveritem][give] sst4nk0 obtained 2 of currency_copper_coin (§aМѣдꙗнiк)
[27.08.2022 15:46:35][serveritem][take] sst4nk0 gave 1 of resource_log_oak (§7Дубовое бревно)
[27.08.2022 15:46:35][serveritem][give] sst4nk0 obtained 2 of currency_copper_coin (§aМѣдꙗнiк)
[27.08.2022 15:46:35][serveritem][take] sst4nk0 gave 1 of resource_log_oak (§7Дубовое бревно)
[27.08.2022 15:46:35][serveritem][give] sst4nk0 obtained 2 of currency_copper_coin (§aМѣдꙗнiк)
[27.08.2022 15:46:35][serveritem][take] sst4nk0 gave 1 of resource_log_oak (§7Дубовое бревно)
[27.08.2022 15:46:36][serveritem][give] sst4nk0 obtained 2 of currency_copper_coin (§aМѣдꙗнiк)
[27.08.2022 15:46:36][serveritem][take] sst4nk0 gave 1 of resource_log_oak (§7Дубовое бревно)
[27.08.2022 15:46:36][serveritem][give] sst4nk0 obtained 2 of currency_copper_coin (§aМѣдꙗнiк)
[27.08.2022 15:46:36][serveritem][take] sst4nk0 gave 1 of resource_log_oak (§7Дубовое бревно)
[27.08.2022 15:46:36][serveritem][give] sst4nk0 obtained 2 of currency_copper_coin (§aМѣдꙗнiк)
[27.08.2022 15:46:36][serveritem][take] sst4nk0 gave 1 of resource_log_oak (§7Дубовое бревно)
[27.08.2022 15:46:36][serveritem][give] sst4nk0 obtained 2 of currency_copper_coin (§aМѣдꙗнiк)
[27.08.2022 15:46:36][serveritem][take] sst4nk0 gave 1 of resource_log_oak (§7Дубовое бревно)
[27.08.2022 15:46:36][serveritem][give] sst4nk0 obtained 2 of currency_copper_coin (§aМѣдꙗнiк)
[27.08.2022 15:46:36][serveritem][take] sst4nk0 gave 1 of resource_log_oak (§7Дубовое бревно)
[27.08.2022 15:46:37][serveritem][give] sst4nk0 obtained 2 of currency_copper_coin (§aМѣдꙗнiк)
[27.08.2022 15:46:37][serveritem][take] sst4nk0 gave 1 of resource_log_oak (§7Дубовое бревно)
[27.08.2022 15:46:37][serveritem][give] sst4nk0 obtained 3 of currency_copper_coin (§aМѣдꙗнiк)
[27.08.2022 15:46:37][serveritem][take] sst4nk0 gave 1 of resource_log_spruce (§7Хвойное бревно)
[27.08.2022 15:46:38][serveritem][give] sst4nk0 obtained 3 of currency_copper_coin (§aМѣдꙗнiк)
[27.08.2022 15:46:38][serveritem][take] sst4nk0 gave 1 of resource_log_spruce (§7Хвойное бревно)
[27.08.2022 15:46:38][serveritem][give] sst4nk0 obtained 3 of currency_copper_coin (§aМѣдꙗнiк)
[27.08.2022 15:46:38][serveritem][take] sst4nk0 gave 1 of resource_log_spruce (§7Хвойное бревно)
[27.08.2022 15:46:38][serveritem][give] sst4nk0 obtained 3 of currency_copper_coin (§aМѣдꙗнiк)
[27.08.2022 15:46:38][serveritem][take] sst4nk0 gave 1 of resource_log_spruce (§7Хвойное бревно)
[27.08.2022 15:46:38][serveritem][give] sst4nk0 obtained 3 of currency_copper_coin (§aМѣдꙗнiк)
[27.08.2022 15:46:38][serveritem][take] sst4nk0 gave 1 of resource_log_spruce (§7Хвойное бревно)
[27.08.2022 15:46:38][serveritem][give] sst4nk0 obtained 3 of currency_copper_coin (§aМѣдꙗнiк)
[27.08.2022 15:46:38][serveritem][take] sst4nk0 gave 1 of resource_log_spruce (§7Хвойное бревно)
[27.08.2022 15:46:38][serveritem][give] sst4nk0 obtained 3 of currency_copper_coin (§aМѣдꙗнiк)
[27.08.2022 15:46:38][serveritem][take] sst4nk0 gave 1 of resource_log_spruce (§7Хвойное бревно)
