[13.08.2022 18:21:45][serveritem][take] sst4nk0 gave 8 of currency_gold_coin (브??????i?)
[13.08.2022 18:21:47][serveritem][take] sst4nk0 gave 8 of currency_gold_coin (브??????i?)
[13.08.2022 18:21:49][serveritem][take] sst4nk0 gave 8 of currency_gold_coin (브??????i?)
[13.08.2022 18:21:51][serveritem][take] sst4nk0 gave 8 of currency_gold_coin (브??????i?)
[13.08.2022 18:22:07][serveritem][take] sst4nk0 gave 8 of currency_gold_coin (브??????i?)
[13.08.2022 18:35:17][serveritem][take] sst4nk0 gave 8 of currency_gold_coin (브??????i?)
[13.08.2022 18:44:59][serveritem][take] sst4nk0 gave 8 of currency_gold_coin (브??????i?)
[13.08.2022 18:51:43][serveritem][give] sst4nk0 obtained 100 of currency_copper_coin (브?????i?)
[13.08.2022 18:51:53][serveritem][give] sst4nk0 obtained 100 of currency_copper_coin (브?????i?)
[13.08.2022 18:52:05][serveritem][give] sst4nk0 obtained 100 of currency_copper_coin (브?????i?)
[13.08.2022 18:52:22][serveritem][give] sst4nk0 obtained 100 of currency_copper_coin (브?????i?)
[13.08.2022 18:52:22][serveritem][give] sst4nk0 obtained 100 of currency_silver_coin (브???????i?)
[13.08.2022 18:52:22][serveritem][give] sst4nk0 obtained 100 of currency_gold_coin (브??????i?)
[13.08.2022 19:07:34][serveritem][give] sst4nk0 obtained 52 of currency_copper_coin (브?????i?)
[13.08.2022 19:07:34][serveritem][give] sst4nk0 obtained 27 of currency_silver_coin (브???????i?)
[13.08.2022 19:07:34][serveritem][give] sst4nk0 obtained 12 of currency_gold_coin (브??????i?)
[13.08.2022 19:20:55][serveritem][give] sst4nk0 obtained 52 of currency_copper_coin (브?????i?)
[13.08.2022 19:20:55][serveritem][give] sst4nk0 obtained 27 of currency_silver_coin (브???????i?)
[13.08.2022 19:20:55][serveritem][give] sst4nk0 obtained 12 of currency_gold_coin (브??????i?)
[13.08.2022 19:34:53][serveritem][give] sst4nk0 obtained 56 of currency_copper_coin (브?????i?)
[13.08.2022 19:34:53][serveritem][give] sst4nk0 obtained 14 of currency_silver_coin (브???????i?)
[13.08.2022 19:34:53][serveritem][give] sst4nk0 obtained 2 of currency_gold_coin (브??????i?)
[13.08.2022 19:35:39][serveritem][give] sst4nk0 obtained 56 of currency_copper_coin (브?????i?)
[13.08.2022 19:35:39][serveritem][give] sst4nk0 obtained 14 of currency_silver_coin (브???????i?)
[13.08.2022 19:35:39][serveritem][give] sst4nk0 obtained 2 of currency_gold_coin (브??????i?)
[13.08.2022 23:03:46][serveritem][give] sst4nk0 obtained 64 of currency_copper_coin (브?????i?)
[13.08.2022 23:03:46][serveritem][take] sst4nk0 gave 1 of currency_silver_coin (브???????i?)
[13.08.2022 23:03:47][serveritem][give] sst4nk0 obtained 64 of currency_copper_coin (브?????i?)
[13.08.2022 23:03:47][serveritem][take] sst4nk0 gave 1 of currency_silver_coin (브???????i?)
[13.08.2022 23:03:48][serveritem][give] sst4nk0 obtained 64 of currency_copper_coin (브?????i?)
[13.08.2022 23:03:48][serveritem][take] sst4nk0 gave 1 of currency_silver_coin (브???????i?)
[13.08.2022 23:03:48][serveritem][give] sst4nk0 obtained 64 of currency_copper_coin (브?????i?)
[13.08.2022 23:03:48][serveritem][take] sst4nk0 gave 1 of currency_silver_coin (브???????i?)
[13.08.2022 23:03:51][serveritem][give] sst4nk0 obtained 1 of currency_silver_coin (브???????i?)
[13.08.2022 23:03:51][serveritem][take] sst4nk0 gave 64 of currency_copper_coin (브?????i?)
[13.08.2022 23:03:51][serveritem][give] sst4nk0 obtained 1 of currency_silver_coin (브???????i?)
[13.08.2022 23:03:51][serveritem][take] sst4nk0 gave 64 of currency_copper_coin (브?????i?)
[13.08.2022 23:03:51][serveritem][give] sst4nk0 obtained 1 of currency_silver_coin (브???????i?)
[13.08.2022 23:03:51][serveritem][take] sst4nk0 gave 64 of currency_copper_coin (브?????i?)
[13.08.2022 23:03:51][serveritem][give] sst4nk0 obtained 1 of currency_silver_coin (브???????i?)
[13.08.2022 23:03:51][serveritem][take] sst4nk0 gave 64 of currency_copper_coin (브?????i?)
[13.08.2022 23:03:54][serveritem][give] sst4nk0 obtained 64 of currency_silver_coin (브???????i?)
[13.08.2022 23:03:54][serveritem][take] sst4nk0 gave 1 of currency_gold_coin (브??????i?)
[13.08.2022 23:03:54][serveritem][give] sst4nk0 obtained 64 of currency_silver_coin (브???????i?)
[13.08.2022 23:03:54][serveritem][take] sst4nk0 gave 1 of currency_gold_coin (브??????i?)
[13.08.2022 23:03:55][serveritem][give] sst4nk0 obtained 64 of currency_silver_coin (브???????i?)
[13.08.2022 23:03:55][serveritem][take] sst4nk0 gave 1 of currency_gold_coin (브??????i?)
[13.08.2022 23:03:55][serveritem][give] sst4nk0 obtained 64 of currency_silver_coin (브???????i?)
[13.08.2022 23:03:55][serveritem][take] sst4nk0 gave 1 of currency_gold_coin (브??????i?)
[13.08.2022 23:03:55][serveritem][give] sst4nk0 obtained 64 of currency_silver_coin (브???????i?)
[13.08.2022 23:03:55][serveritem][take] sst4nk0 gave 1 of currency_gold_coin (브??????i?)
[13.08.2022 23:03:55][serveritem][give] sst4nk0 obtained 64 of currency_silver_coin (브???????i?)
[13.08.2022 23:03:55][serveritem][take] sst4nk0 gave 1 of currency_gold_coin (브??????i?)
[13.08.2022 23:03:55][serveritem][give] sst4nk0 obtained 64 of currency_silver_coin (브???????i?)
[13.08.2022 23:03:55][serveritem][take] sst4nk0 gave 1 of currency_gold_coin (브??????i?)
[13.08.2022 23:03:55][serveritem][give] sst4nk0 obtained 64 of currency_silver_coin (브???????i?)
[13.08.2022 23:03:55][serveritem][take] sst4nk0 gave 1 of currency_gold_coin (브??????i?)
[13.08.2022 23:03:56][serveritem][give] sst4nk0 obtained 64 of currency_silver_coin (브???????i?)
[13.08.2022 23:03:56][serveritem][take] sst4nk0 gave 1 of currency_gold_coin (브??????i?)
[13.08.2022 23:03:56][serveritem][give] sst4nk0 obtained 64 of currency_silver_coin (브???????i?)
[13.08.2022 23:03:56][serveritem][take] sst4nk0 gave 1 of currency_gold_coin (브??????i?)
[13.08.2022 23:03:56][serveritem][give] sst4nk0 obtained 64 of currency_silver_coin (브???????i?)
[13.08.2022 23:03:56][serveritem][take] sst4nk0 gave 1 of currency_gold_coin (브??????i?)
[13.08.2022 23:03:56][serveritem][give] sst4nk0 obtained 64 of currency_silver_coin (브???????i?)
[13.08.2022 23:03:56][serveritem][take] sst4nk0 gave 1 of currency_gold_coin (브??????i?)
[13.08.2022 23:06:02][serveritem][take] sst4nk0 gave 8 of currency_gold_coin (브??????i?)
[13.08.2022 23:10:27][serveritem][take] sst4nk0 gave 8 of currency_gold_coin (브??????i?)
[13.08.2022 23:13:01][serveritem][take] sst4nk0 gave 8 of currency_gold_coin (브??????i?)
[13.08.2022 23:13:09][serveritem][take] sst4nk0 gave 8 of currency_gold_coin (브??????i?)
[13.08.2022 23:25:30][serveritem][take] sst4nk0 gave 8 of currency_gold_coin (브??????i?)
[13.08.2022 23:26:13][serveritem][give] sst4nk0 obtained 64 of currency_silver_coin (브???????i?)
[13.08.2022 23:26:13][serveritem][take] sst4nk0 gave 1 of currency_gold_coin (브??????i?)
[13.08.2022 23:26:14][serveritem][give] sst4nk0 obtained 64 of currency_copper_coin (브?????i?)
[13.08.2022 23:26:14][serveritem][take] sst4nk0 gave 1 of currency_silver_coin (브???????i?)
[13.08.2022 23:26:21][serveritem][take] sst4nk0 gave 25 of currency_copper_coin (브?????i?)
[13.08.2022 23:26:38][serveritem][take] sst4nk0 gave 25 of currency_copper_coin (브?????i?)
[13.08.2022 23:26:52][serveritem][give] sst4nk0 obtained 64 of currency_copper_coin (브?????i?)
[13.08.2022 23:26:52][serveritem][take] sst4nk0 gave 1 of currency_silver_coin (브???????i?)
[13.08.2022 23:26:54][serveritem][take] sst4nk0 gave 25 of currency_copper_coin (브?????i?)
[13.08.2022 23:27:33][serveritem][take] sst4nk0 gave 25 of currency_copper_coin (브?????i?)
[13.08.2022 23:27:40][serveritem][take] sst4nk0 gave 25 of currency_copper_coin (브?????i?)
[13.08.2022 23:30:24][serveritem][give] sst4nk0 obtained 64 of currency_copper_coin (브?????i?)
[13.08.2022 23:30:24][serveritem][take] sst4nk0 gave 1 of currency_silver_coin (브???????i?)
[13.08.2022 23:30:26][serveritem][take] sst4nk0 gave 25 of currency_copper_coin (브?????i?)
[13.08.2022 23:30:31][serveritem][take] sst4nk0 gave 25 of currency_copper_coin (브?????i?)
[13.08.2022 23:30:43][serveritem][give] sst4nk0 obtained 64 of currency_copper_coin (브?????i?)
[13.08.2022 23:30:43][serveritem][take] sst4nk0 gave 1 of currency_silver_coin (브???????i?)
[13.08.2022 23:30:54][serveritem][take] sst4nk0 gave 5 of currency_silver_coin (브???????i?)
[13.08.2022 23:31:03][serveritem][take] sst4nk0 gave 25 of currency_copper_coin (브?????i?)
[13.08.2022 23:31:05][serveritem][give] sst4nk0 obtained 12 of currency_copper_coin (브?????i?)
[13.08.2022 23:32:36][serveritem][take] sst4nk0 gave 25 of currency_copper_coin (브?????i?)
[13.08.2022 23:32:44][serveritem][take] sst4nk0 gave 25 of currency_copper_coin (브?????i?)
[13.08.2022 23:32:51][serveritem][give] sst4nk0 obtained 64 of currency_copper_coin (브?????i?)
[13.08.2022 23:32:51][serveritem][take] sst4nk0 gave 1 of currency_silver_coin (브???????i?)
[13.08.2022 23:32:53][serveritem][take] sst4nk0 gave 25 of currency_copper_coin (브?????i?)
[13.08.2022 23:33:50][serveritem][give] sst4nk0 obtained 36 of currency_copper_coin (브?????i?)
[13.08.2022 23:35:13][serveritem][take] sst4nk0 gave 5 of currency_silver_coin (브???????i?)
[13.08.2022 23:35:40][serveritem][take] sst4nk0 gave 25 of currency_copper_coin (브?????i?)
[13.08.2022 23:35:51][serveritem][give] sst4nk0 obtained 15 of currency_copper_coin (브?????i?)
[13.08.2022 23:35:52][serveritem][take] sst4nk0 gave 25 of currency_copper_coin (브?????i?)
[13.08.2022 23:35:55][serveritem][take] sst4nk0 gave 5 of currency_silver_coin (브???????i?)
[13.08.2022 23:36:04][serveritem][take] sst4nk0 gave 25 of currency_copper_coin (브?????i?)
[13.08.2022 23:36:07][serveritem][take] sst4nk0 gave 5 of currency_silver_coin (브???????i?)
[13.08.2022 23:37:16][serveritem][take] sst4nk0 gave 8 of currency_silver_coin (브???????i?)
[13.08.2022 23:37:19][serveritem][give] sst4nk0 obtained 24 of currency_copper_coin (브?????i?)
[13.08.2022 23:37:19][serveritem][give] sst4nk0 obtained 7 of currency_silver_coin (브???????i?)
[13.08.2022 23:38:27][serveritem][take] sst4nk0 gave 11 of currency_silver_coin (브???????i?)
[13.08.2022 23:39:01][serveritem][give] sst4nk0 obtained 5 of currency_silver_coin (브???????i?)
[13.08.2022 23:39:37][serveritem][take] sst4nk0 gave 13 of currency_silver_coin (브???????i?)
[13.08.2022 23:39:39][serveritem][give] sst4nk0 obtained 6 of currency_silver_coin (브???????i?)
[13.08.2022 23:41:51][serveritem][take] sst4nk0 gave 17 of currency_silver_coin (브???????i?)
[13.08.2022 23:41:52][serveritem][give] sst4nk0 obtained 8 of currency_silver_coin (브???????i?)
[13.08.2022 23:45:14][serveritem][give] sst4nk0 obtained 64 of currency_silver_coin (브???????i?)
[13.08.2022 23:45:14][serveritem][take] sst4nk0 gave 1 of currency_gold_coin (브??????i?)
[13.08.2022 23:45:18][serveritem][take] sst4nk0 gave 21 of currency_silver_coin (브???????i?)
[13.08.2022 23:45:27][serveritem][give] sst4nk0 obtained 10 of currency_silver_coin (브???????i?)
[13.08.2022 23:48:20][serveritem][take] sst4nk0 gave 25 of currency_silver_coin (브???????i?)
[13.08.2022 23:48:37][serveritem][take] sst4nk0 gave 25 of currency_copper_coin (브?????i?)
[13.08.2022 23:48:39][serveritem][take] sst4nk0 gave 5 of currency_silver_coin (브???????i?)
[13.08.2022 23:48:39][serveritem][take] sst4nk0 gave 8 of currency_silver_coin (브???????i?)
[13.08.2022 23:48:40][serveritem][take] sst4nk0 gave 11 of currency_silver_coin (브???????i?)
[13.08.2022 23:48:40][serveritem][take] sst4nk0 gave 13 of currency_silver_coin (브???????i?)
[13.08.2022 23:48:43][serveritem][give] sst4nk0 obtained 64 of currency_silver_coin (브???????i?)
[13.08.2022 23:48:43][serveritem][take] sst4nk0 gave 1 of currency_gold_coin (브??????i?)
[13.08.2022 23:48:45][serveritem][take] sst4nk0 gave 17 of currency_silver_coin (브???????i?)
[13.08.2022 23:48:46][serveritem][give] sst4nk0 obtained 12 of currency_copper_coin (브?????i?)
[13.08.2022 23:48:46][serveritem][give] sst4nk0 obtained 26 of currency_silver_coin (브???????i?)
[13.08.2022 23:48:50][serveritem][take] sst4nk0 gave 21 of currency_silver_coin (브???????i?)
[13.08.2022 23:48:51][serveritem][give] sst4nk0 obtained 10 of currency_silver_coin (브???????i?)
[13.08.2022 23:48:52][serveritem][take] sst4nk0 gave 25 of currency_silver_coin (브???????i?)
[13.08.2022 23:48:53][serveritem][take] sst4nk0 gave 30 of currency_silver_coin (브???????i?)
[13.08.2022 23:48:59][serveritem][give] sst4nk0 obtained 12 of currency_silver_coin (브???????i?)
[13.08.2022 23:49:44][serveritem][take] sst4nk0 gave 25 of currency_copper_coin (브?????i?)
[13.08.2022 23:49:46][serveritem][give] sst4nk0 obtained 12 of currency_copper_coin (브?????i?)
[13.08.2022 23:49:46][serveritem][take] sst4nk0 gave 5 of currency_silver_coin (브???????i?)
[13.08.2022 23:49:47][serveritem][take] sst4nk0 gave 8 of currency_silver_coin (브???????i?)
[13.08.2022 23:49:47][serveritem][take] sst4nk0 gave 11 of currency_silver_coin (브???????i?)
[13.08.2022 23:49:50][serveritem][give] sst4nk0 obtained 64 of currency_silver_coin (브???????i?)
[13.08.2022 23:49:50][serveritem][take] sst4nk0 gave 1 of currency_gold_coin (브??????i?)
[13.08.2022 23:49:51][serveritem][give] sst4nk0 obtained 12 of currency_silver_coin (브???????i?)
[13.08.2022 23:49:54][serveritem][take] sst4nk0 gave 13 of currency_silver_coin (브???????i?)
[13.08.2022 23:49:56][serveritem][give] sst4nk0 obtained 6 of currency_silver_coin (브???????i?)
[13.08.2022 23:50:00][serveritem][take] sst4nk0 gave 17 of currency_silver_coin (브???????i?)
[13.08.2022 23:50:02][serveritem][give] sst4nk0 obtained 8 of currency_silver_coin (브???????i?)
[13.08.2022 23:50:04][serveritem][take] sst4nk0 gave 21 of currency_silver_coin (브???????i?)
[13.08.2022 23:50:06][serveritem][give] sst4nk0 obtained 10 of currency_silver_coin (브???????i?)
[13.08.2022 23:50:13][serveritem][take] sst4nk0 gave 25 of currency_silver_coin (브???????i?)
[13.08.2022 23:50:13][serveritem][give] sst4nk0 obtained 12 of currency_silver_coin (브???????i?)
[13.08.2022 23:58:36][serveritem][take] sst4nk0 gave 30 of currency_silver_coin (브???????i?)
[13.08.2022 23:58:44][serveritem][give] sst4nk0 obtained 15 of currency_silver_coin (브???????i?)
