[03.11.2022 22:02:58][serveritem][take] sst4nk0 gave 2 of currency_copper_coin (§aМѣдꙗнiк)
[03.11.2022 22:03:38][serveritem][give] sst4nk0 obtained 1 of tool_axe_stone (§fКаменный топор)
[03.11.2022 22:03:55][serveritem][give] sst4nk0 obtained 2 of resource_log_oak (§7Дубовое бревно)
[03.11.2022 22:04:33][serveritem][give] sst4nk0 obtained 1 of resource_log_spruce (§7Хвойное бревно)
[03.11.2022 22:04:46][serveritem][give] sst4nk0 obtained 2 of resource_log_spruce (§7Хвойное бревно)
[03.11.2022 22:04:54][serveritem][give] sst4nk0 obtained 2 of resource_log_spruce (§7Хвойное бревно)
[03.11.2022 22:05:04][serveritem][give] sst4nk0 obtained 1 of resource_log_spruce (§7Хвойное бревно)
[03.11.2022 22:05:13][serveritem][give] sst4nk0 obtained 2 of resource_log_spruce (§7Хвойное бревно)
[03.11.2022 22:07:47][serveritem][take] sst4nk0 gave 8 of currency_gold_coin (§aζлантнiк)
[03.11.2022 22:09:35][serveritem][give] sst4nk0 obtained 4 of currency_copper_coin (§aМѣдꙗнiк)
[03.11.2022 22:09:35][serveritem][give] sst4nk0 obtained 12 of currency_silver_coin (§aСребрꙗнiк)
[03.11.2022 22:09:35][serveritem][give] sst4nk0 obtained 1 of currency_gold_coin (§aζлантнiк)
[03.11.2022 22:09:57][serveritem][give] sst4nk0 obtained 1 of tool_formulas (§fФормулы счёта)
[03.11.2022 22:09:57][serveritem][take] sst4nk0 gave 1 of currency_gold_coin (§aζлантнiк)
[03.11.2022 22:10:40][serveritem][give] sst4nk0 obtained 31 of currency_copper_coin (§aМѣдꙗнiк)
[03.11.2022 22:10:40][serveritem][give] sst4nk0 obtained 26 of currency_silver_coin (§aСребрꙗнiк)
[03.11.2022 22:10:40][serveritem][give] sst4nk0 obtained 24 of currency_gold_coin (§aζлантнiк)
[03.11.2022 22:11:22][serveritem][give] sst4nk0 obtained 64 of currency_silver_coin (§aСребрꙗнiк)
[03.11.2022 22:11:22][serveritem][take] sst4nk0 gave 1 of currency_gold_coin (§aζлантнiк)
[03.11.2022 22:11:23][serveritem][give] sst4nk0 obtained 64 of currency_copper_coin (§aМѣдꙗнiк)
[03.11.2022 22:11:23][serveritem][take] sst4nk0 gave 1 of currency_silver_coin (§aСребрꙗнiк)
[03.11.2022 22:11:26][serveritem][take] sst4nk0 gave 25 of currency_copper_coin (§aМѣдꙗнiк)
[03.11.2022 22:11:27][serveritem][take] sst4nk0 gave 5 of currency_silver_coin (§aСребрꙗнiк)
[03.11.2022 22:11:28][serveritem][take] sst4nk0 gave 8 of currency_silver_coin (§aСребрꙗнiк)
[03.11.2022 22:11:28][serveritem][take] sst4nk0 gave 11 of currency_silver_coin (§aСребрꙗнiк)
[03.11.2022 22:11:29][serveritem][take] sst4nk0 gave 13 of currency_silver_coin (§aСребрꙗнiк)
[03.11.2022 22:11:30][serveritem][take] sst4nk0 gave 17 of currency_silver_coin (§aСребрꙗнiк)
[03.11.2022 22:11:32][serveritem][give] sst4nk0 obtained 64 of currency_silver_coin (§aСребрꙗнiк)
[03.11.2022 22:11:32][serveritem][take] sst4nk0 gave 1 of currency_gold_coin (§aζлантнiк)
[03.11.2022 22:11:34][serveritem][take] sst4nk0 gave 21 of currency_silver_coin (§aСребрꙗнiк)
[03.11.2022 22:11:34][serveritem][take] sst4nk0 gave 25 of currency_silver_coin (§aСребрꙗнiк)
[03.11.2022 22:11:39][serveritem][give] sst4nk0 obtained 64 of currency_silver_coin (§aСребрꙗнiк)
[03.11.2022 22:11:39][serveritem][take] sst4nk0 gave 1 of currency_gold_coin (§aζлантнiк)
[03.11.2022 22:11:41][serveritem][take] sst4nk0 gave 30 of currency_silver_coin (§aСребрꙗнiк)
[03.11.2022 22:12:01][serveritem][give] sst4nk0 obtained 16 of currency_copper_coin (§aМѣдꙗнiк)
[03.11.2022 22:12:01][serveritem][give] sst4nk0 obtained 63 of currency_silver_coin (§aСребрꙗнiк)
