[25.08.2022 00:31:17][serveritem][give] sst4nk0 obtained 1 of resource_log_oak (§7Дубовое бревно)
[25.08.2022 00:31:28][serveritem][give] sst4nk0 obtained 1 of resource_log_oak (§7Дубовое бревно)
[25.08.2022 00:31:28][serveritem][give] sst4nk0 obtained 1 of resource_log_oak (§7Дубовое бревно)
[25.08.2022 00:32:31][serveritem][give] sst4nk0 obtained 1 of resource_log_oak (§7Дубовое бревно)
[25.08.2022 00:32:49][serveritem][give] sst4nk0 obtained 1 of resource_log_oak (§7Дубовое бревно)
[25.08.2022 00:32:49][serveritem][give] sst4nk0 obtained 1 of resource_log_oak (§7Дубовое бревно)
[25.08.2022 00:35:36][serveritem][give] sst4nk0 obtained 1 of resource_log_oak (§7Дубовое бревно)
[25.08.2022 00:35:43][serveritem][give] sst4nk0 obtained 1 of resource_log_oak (§7Дубовое бревно)
[25.08.2022 00:38:00][serveritem][give] sst4nk0 obtained 1 of resource_log_oak (§7Дубовое бревно)
[25.08.2022 00:38:12][serveritem][give] sst4nk0 obtained 1 of resource_log_oak (§7Дубовое бревно)
[25.08.2022 00:38:20][serveritem][give] sst4nk0 obtained 1 of resource_log_oak (§7Дубовое бревно)
[25.08.2022 00:38:20][serveritem][give] sst4nk0 obtained 1 of resource_log_oak (§7Дубовое бревно)
[25.08.2022 00:40:54][serveritem][give] sst4nk0 obtained 1 of resource_log_oak (§7Дубовое бревно)
[25.08.2022 00:41:01][serveritem][give] sst4nk0 obtained 1 of resource_log_oak (§7Дубовое бревно)
[25.08.2022 00:41:01][serveritem][give] sst4nk0 obtained 1 of resource_log_oak (§7Дубовое бревно)
[25.08.2022 00:41:12][serveritem][give] sst4nk0 obtained 1 of resource_log_oak (§7Дубовое бревно)
[25.08.2022 00:41:19][serveritem][give] sst4nk0 obtained 1 of resource_log_oak (§7Дубовое бревно)
[25.08.2022 00:41:19][serveritem][give] sst4nk0 obtained 1 of resource_log_oak (§7Дубовое бревно)
[25.08.2022 01:16:31][serveritem][give] sst4nk0 obtained 1 of resource_log_oak (§7Дубовое бревно)
[25.08.2022 01:17:04][serveritem][give] sst4nk0 obtained 1 of resource_log_oak (§7Дубовое бревно)
[25.08.2022 01:18:11][serveritem][give] sst4nk0 obtained 1 of resource_log_spruce (§7Хвойное бревно)
[25.08.2022 01:18:26][serveritem][give] sst4nk0 obtained 1 of resource_log_spruce (§7Хвойное бревно)
[25.08.2022 01:20:18][serveritem][give] sst4nk0 obtained 1 of resource_log_spruce (§7Хвойное бревно)
[25.08.2022 01:20:56][serveritem][give] sst4nk0 obtained 1 of resource_log_oak (§7Дубовое бревно)
[25.08.2022 01:21:04][serveritem][give] sst4nk0 obtained 1 of resource_log_oak (§7Дубовое бревно)
[25.08.2022 01:21:13][serveritem][give] sst4nk0 obtained 1 of resource_log_oak (§7Дубовое бревно)
[25.08.2022 01:21:13][serveritem][give] sst4nk0 obtained 1 of resource_log_oak (§7Дубовое бревно)
[25.08.2022 01:26:14][serveritem][give] sst4nk0 obtained 1 of resource_log_oak (§7Дубовое бревно)
[25.08.2022 01:26:14][serveritem][give] sst4nk0 obtained 1 of resource_log_oak (§7Дубовое бревно)
[25.08.2022 01:26:20][serveritem][give] sst4nk0 obtained 1 of resource_log_spruce (§7Хвойное бревно)
[25.08.2022 01:27:20][serveritem][give] sst4nk0 obtained 1 of resource_log_oak (§7Дубовое бревно)
[25.08.2022 01:28:24][serveritem][give] sst4nk0 obtained 1 of tool_formulas (§fФормулы счёта)
[25.08.2022 01:28:24][serveritem][take] sst4nk0 gave 1 of currency_gold_coin (§aζлантнiк)
[25.08.2022 01:45:22][serveritem][take] sst4nk0 gave 8 of currency_gold_coin (§aζлантнiк)
[25.08.2022 12:32:36][serveritem][give] sst4nk0 obtained 1 of tool_axe_stone (§fКаменный топор)
[25.08.2022 12:33:49][serveritem][give] sst4nk0 obtained 1 of resource_log_oak (§7Дубовое бревно)
[25.08.2022 12:33:49][serveritem][give] sst4nk0 obtained 1 of resource_log_oak (§7Дубовое бревно)
[25.08.2022 12:33:57][serveritem][give] sst4nk0 obtained 1 of resource_log_oak (§7Дубовое бревно)
[25.08.2022 12:34:19][serveritem][give] sst4nk0 obtained 1 of rune_1_3of3 (§aРуна [§fтворiтель сѥ§a])
[25.08.2022 14:34:10][serveritem][give] sst4nk0 obtained 1 of resource_log_oak (§7Дубовое бревно)
[25.08.2022 14:36:00][serveritem][give] sst4nk0 obtained 1 of resource_log_oak (§7Дубовое бревно)
[25.08.2022 14:36:09][serveritem][give] sst4nk0 obtained 1 of resource_log_oak (§7Дубовое бревно)
[25.08.2022 14:36:22][serveritem][give] sst4nk0 obtained 1 of resource_log_oak (§7Дубовое бревно)
[25.08.2022 14:37:34][serveritem][give] sst4nk0 obtained 1 of resource_log_oak (§7Дубовое бревно)
[25.08.2022 14:40:29][serveritem][give] sst4nk0 obtained 1 of resource_log_oak (§7Дубовое бревно)
[25.08.2022 14:40:36][serveritem][give] sst4nk0 obtained 1 of resource_log_oak (§7Дубовое бревно)
[25.08.2022 14:40:47][serveritem][give] sst4nk0 obtained 1 of resource_log_oak (§7Дубовое бревно)
[25.08.2022 14:40:56][serveritem][give] sst4nk0 obtained 1 of resource_log_oak (§7Дубовое бревно)
[25.08.2022 14:43:46][serveritem][give] sst4nk0 obtained 1 of resource_log_spruce (§7Хвойное бревно)
[25.08.2022 14:44:36][serveritem][give] sst4nk0 obtained 1 of resource_log_spruce (§7Хвойное бревно)
[25.08.2022 14:44:36][serveritem][give] sst4nk0 obtained 1 of resource_log_spruce (§7Хвойное бревно)
[25.08.2022 14:45:32][serveritem][give] sst4nk0 obtained 1 of resource_log_spruce (§7Хвойное бревно)
[25.08.2022 14:46:10][serveritem][give] sst4nk0 obtained 1 of resource_log_spruce (§7Хвойное бревно)
[25.08.2022 14:47:16][serveritem][give] sst4nk0 obtained 1 of resource_log_spruce (§7Хвойное бревно)
[25.08.2022 14:47:16][serveritem][give] sst4nk0 obtained 1 of resource_log_spruce (§7Хвойное бревно)
[25.08.2022 14:47:26][serveritem][give] sst4nk0 obtained 1 of resource_log_spruce (§7Хвойное бревно)
[25.08.2022 14:47:58][serveritem][give] sst4nk0 obtained 1 of resource_log_oak (§7Дубовое бревно)
[25.08.2022 14:47:58][serveritem][give] sst4nk0 obtained 1 of resource_log_oak (§7Дубовое бревно)
[25.08.2022 14:48:10][serveritem][give] sst4nk0 obtained 1 of resource_log_oak (§7Дубовое бревно)
[25.08.2022 14:49:33][serveritem][give] sst4nk0 obtained 1 of resource_log_spruce (§7Хвойное бревно)
[25.08.2022 14:50:29][serveritem][give] sst4nk0 obtained 1 of resource_log_spruce (§7Хвойное бревно)
[25.08.2022 14:51:09][serveritem][give] sst4nk0 obtained 1 of resource_log_spruce (§7Хвойное бревно)
[25.08.2022 14:51:27][serveritem][give] sst4nk0 obtained 1 of resource_log_spruce (§7Хвойное бревно)
[25.08.2022 14:52:14][serveritem][give] sst4nk0 obtained 1 of resource_log_spruce (§7Хвойное бревно)
[25.08.2022 14:52:14][serveritem][give] sst4nk0 obtained 1 of resource_log_spruce (§7Хвойное бревно)
[25.08.2022 14:52:19][serveritem][give] sst4nk0 obtained 1 of resource_log_spruce (§7Хвойное бревно)
[25.08.2022 14:52:25][serveritem][give] sst4nk0 obtained 1 of resource_log_spruce (§7Хвойное бревно)
[25.08.2022 14:52:45][serveritem][give] sst4nk0 obtained 1 of resource_log_spruce (§7Хвойное бревно)
[25.08.2022 14:52:55][serveritem][give] sst4nk0 obtained 1 of resource_log_oak (§7Дубовое бревно)
[25.08.2022 14:54:02][serveritem][give] sst4nk0 obtained 1 of resource_log_spruce (§7Хвойное бревно)
[25.08.2022 14:55:39][serveritem][give] sst4nk0 obtained 1 of resource_log_spruce (§7Хвойное бревно)
[25.08.2022 14:55:39][serveritem][give] sst4nk0 obtained 1 of resource_log_spruce (§7Хвойное бревно)
[25.08.2022 14:55:50][serveritem][give] sst4nk0 obtained 1 of resource_log_spruce (§7Хвойное бревно)
[25.08.2022 14:55:55][serveritem][give] sst4nk0 obtained 1 of resource_log_spruce (§7Хвойное бревно)
[25.08.2022 14:55:55][serveritem][give] sst4nk0 obtained 1 of resource_log_spruce (§7Хвойное бревно)
[25.08.2022 14:56:34][serveritem][give] sst4nk0 obtained 1 of resource_log_oak (§7Дубовое бревно)
[25.08.2022 14:57:49][serveritem][give] sst4nk0 obtained 1 of resource_log_oak (§7Дубовое бревно)
[25.08.2022 15:12:38][serveritem][give] sst4nk0 obtained 1 of resource_log_oak (§7Дубовое бревно)
[25.08.2022 15:14:36][serveritem][give] sst4nk0 obtained 1 of resource_log_oak (§7Дубовое бревно)
[25.08.2022 15:14:53][serveritem][give] sst4nk0 obtained 1 of resource_log_oak (§7Дубовое бревно)
[25.08.2022 15:50:26][serveritem][give] sst4nk0 obtained 1 of resource_log_oak (§7Дубовое бревно)
[25.08.2022 16:03:32][serveritem][give] sst4nk0 obtained 1 of resource_log_oak (§7Дубовое бревно)
[25.08.2022 16:09:19][serveritem][give] sst4nk0 obtained 1 of resource_log_oak (§7Дубовое бревно)
[25.08.2022 16:11:05][serveritem][give] sst4nk0 obtained 1 of resource_log_oak (§7Дубовое бревно)
[25.08.2022 16:18:40][serveritem][give] sst4nk0 obtained 1 of resource_log_oak (§7Дубовое бревно)
[25.08.2022 16:18:40][serveritem][give] sst4nk0 obtained 1 of resource_log_oak (§7Дубовое бревно)
[25.08.2022 16:19:44][serveritem][give] sst4nk0 obtained 1 of resource_log_oak (§7Дубовое бревно)
[25.08.2022 16:23:51][serveritem][give] sst4nk0 obtained 1 of resource_log_oak (§7Дубовое бревно)
[25.08.2022 16:25:22][serveritem][give] sst4nk0 obtained 1 of resource_log_oak (§7Дубовое бревно)
[25.08.2022 17:38:45][serveritem][give] sst4nk0 obtained 1 of resource_log_oak (§7Дубовое бревно)
[25.08.2022 17:39:40][serveritem][give] sst4nk0 obtained 3 of resource_log_oak (§7Дубовое бревно)
[25.08.2022 17:39:50][serveritem][give] sst4nk0 obtained 3 of resource_log_oak (§7Дубовое бревно)
[25.08.2022 17:40:02][serveritem][give] sst4nk0 obtained 2 of resource_log_spruce (§7Хвойное бревно)
[25.08.2022 17:40:11][serveritem][give] sst4nk0 obtained 3 of resource_log_oak (§7Дубовое бревно)
[25.08.2022 17:40:17][serveritem][give] sst4nk0 obtained 3 of resource_log_oak (§7Дубовое бревно)
[25.08.2022 17:40:28][serveritem][give] sst4nk0 obtained 1 of resource_log_spruce (§7Хвойное бревно)
[25.08.2022 17:40:33][serveritem][give] sst4nk0 obtained 2 of resource_log_spruce (§7Хвойное бревно)
[25.08.2022 17:40:42][serveritem][give] sst4nk0 obtained 3 of resource_log_oak (§7Дубовое бревно)
[25.08.2022 17:41:14][serveritem][give] sst4nk0 obtained 2 of resource_log_oak (§7Дубовое бревно)
[25.08.2022 17:41:18][serveritem][give] sst4nk0 obtained 3 of resource_log_oak (§7Дубовое бревно)
[25.08.2022 17:41:20][serveritem][give] sst4nk0 obtained 2 of resource_log_oak (§7Дубовое бревно)
[25.08.2022 17:41:22][serveritem][give] sst4nk0 obtained 2 of resource_log_oak (§7Дубовое бревно)
[25.08.2022 17:41:24][serveritem][give] sst4nk0 obtained 1 of resource_log_oak (§7Дубовое бревно)
[25.08.2022 17:41:26][serveritem][give] sst4nk0 obtained 3 of resource_log_oak (§7Дубовое бревно)
[25.08.2022 17:41:28][serveritem][give] sst4nk0 obtained 2 of resource_log_oak (§7Дубовое бревно)
[25.08.2022 17:41:30][serveritem][give] sst4nk0 obtained 3 of resource_log_oak (§7Дубовое бревно)
[25.08.2022 17:41:33][serveritem][give] sst4nk0 obtained 1 of resource_log_oak (§7Дубовое бревно)
[25.08.2022 17:41:35][serveritem][give] sst4nk0 obtained 2 of resource_log_oak (§7Дубовое бревно)
[25.08.2022 17:41:37][serveritem][give] sst4nk0 obtained 3 of resource_log_oak (§7Дубовое бревно)
[25.08.2022 17:41:40][serveritem][give] sst4nk0 obtained 2 of resource_log_oak (§7Дубовое бревно)
[25.08.2022 17:41:42][serveritem][give] sst4nk0 obtained 2 of resource_log_oak (§7Дубовое бревно)
[25.08.2022 17:41:47][serveritem][give] sst4nk0 obtained 3 of resource_log_oak (§7Дубовое бревно)
[25.08.2022 17:41:52][serveritem][give] sst4nk0 obtained 2 of resource_log_oak (§7Дубовое бревно)
[25.08.2022 17:41:55][serveritem][give] sst4nk0 obtained 3 of resource_log_oak (§7Дубовое бревно)
[25.08.2022 17:41:57][serveritem][give] sst4nk0 obtained 2 of resource_log_oak (§7Дубовое бревно)
[25.08.2022 17:42:00][serveritem][give] sst4nk0 obtained 3 of resource_log_oak (§7Дубовое бревно)
[25.08.2022 17:42:02][serveritem][give] sst4nk0 obtained 2 of resource_log_oak (§7Дубовое бревно)
[25.08.2022 17:42:04][serveritem][give] sst4nk0 obtained 3 of resource_log_oak (§7Дубовое бревно)
[25.08.2022 17:42:06][serveritem][give] sst4nk0 obtained 2 of resource_log_oak (§7Дубовое бревно)
[25.08.2022 17:42:07][serveritem][give] sst4nk0 obtained 2 of resource_log_oak (§7Дубовое бревно)
[25.08.2022 17:42:09][serveritem][give] sst4nk0 obtained 3 of resource_log_oak (§7Дубовое бревно)
[25.08.2022 17:42:11][serveritem][give] sst4nk0 obtained 1 of resource_log_oak (§7Дубовое бревно)
[25.08.2022 17:42:13][serveritem][give] sst4nk0 obtained 3 of resource_log_oak (§7Дубовое бревно)
[25.08.2022 17:42:15][serveritem][give] sst4nk0 obtained 2 of resource_log_oak (§7Дубовое бревно)
[25.08.2022 17:44:07][serveritem][give] sst4nk0 obtained 3 of resource_log_oak (§7Дубовое бревно)
[25.08.2022 17:44:22][serveritem][give] sst4nk0 obtained 1 of resource_log_oak (§7Дубовое бревно)
[25.08.2022 17:45:04][serveritem][give] sst4nk0 obtained 1 of resource_log_oak (§7Дубовое бревно)
[25.08.2022 17:45:20][serveritem][give] sst4nk0 obtained 1 of resource_log_oak (§7Дубовое бревно)
[25.08.2022 17:58:26][serveritem][give] sst4nk0 obtained 2 of resource_log_oak (§7Дубовое бревно)
[25.08.2022 17:58:39][serveritem][give] sst4nk0 obtained 1 of resource_log_oak (§7Дубовое бревно)
[25.08.2022 17:58:55][serveritem][give] sst4nk0 obtained 1 of resource_log_spruce (§7Хвойное бревно)
[25.08.2022 18:02:15][serveritem][give] sst4nk0 obtained 2 of resource_log_spruce (§7Хвойное бревно)
[25.08.2022 18:02:25][serveritem][give] sst4nk0 obtained 1 of resource_log_spruce (§7Хвойное бревно)
[25.08.2022 18:03:06][serveritem][give] sst4nk0 obtained 2 of resource_log_spruce (§7Хвойное бревно)
[25.08.2022 18:04:22][serveritem][give] sst4nk0 obtained 1 of resource_log_spruce (§7Хвойное бревно)
[25.08.2022 18:05:24][serveritem][give] sst4nk0 obtained 1 of resource_log_spruce (§7Хвойное бревно)
[25.08.2022 18:06:09][serveritem][give] sst4nk0 obtained 2 of resource_log_spruce (§7Хвойное бревно)
[25.08.2022 18:07:50][serveritem][give] sst4nk0 obtained 1 of resource_log_spruce (§7Хвойное бревно)
[25.08.2022 18:08:29][serveritem][give] sst4nk0 obtained 2 of resource_log_oak (§7Дубовое бревно)
[25.08.2022 18:12:51][serveritem][give] sst4nk0 obtained 2 of resource_log_spruce (§7Хвойное бревно)
[25.08.2022 18:17:11][serveritem][give] sst4nk0 obtained 1 of resource_log_spruce (§7Хвойное бревно)
[25.08.2022 18:17:20][serveritem][give] sst4nk0 obtained 2 of resource_log_spruce (§7Хвойное бревно)
[25.08.2022 18:17:30][serveritem][give] sst4nk0 obtained 1 of resource_log_spruce (§7Хвойное бревно)
[25.08.2022 18:22:21][serveritem][give] sst4nk0 obtained 3 of resource_log_oak (§7Дубовое бревно)
[25.08.2022 18:28:41][serveritem][give] sst4nk0 obtained 1 of resource_log_spruce (§7Хвойное бревно)
[25.08.2022 18:38:31][serveritem][give] sst4nk0 obtained 1 of resource_log_oak (§7Дубовое бревно)
[25.08.2022 18:41:48][serveritem][give] sst4nk0 obtained 1 of resource_log_oak (§7Дубовое бревно)
[25.08.2022 18:49:22][serveritem][give] sst4nk0 obtained 2 of resource_log_oak (§7Дубовое бревно)
[25.08.2022 18:49:30][serveritem][give] sst4nk0 obtained 2 of resource_log_spruce (§7Хвойное бревно)
[25.08.2022 18:49:35][serveritem][give] sst4nk0 obtained 3 of resource_log_oak (§7Дубовое бревно)
[25.08.2022 18:49:41][serveritem][give] sst4nk0 obtained 1 of resource_log_spruce (§7Хвойное бревно)
[25.08.2022 18:58:24][serveritem][give] sst4nk0 obtained 1 of resource_log_spruce (§7Хвойное бревно)
[25.08.2022 18:58:32][serveritem][give] sst4nk0 obtained 2 of resource_log_oak (§7Дубовое бревно)
[25.08.2022 18:58:39][serveritem][give] sst4nk0 obtained 2 of resource_log_spruce (§7Хвойное бревно)
[25.08.2022 21:17:15][serveritem][give] sst4nk0 obtained 1 of resource_log_oak (§7Дубовое бревно)
[25.08.2022 21:21:04][serveritem][give] sst4nk0 obtained 2 of resource_log_birch (§7Берёзовое бревно)
[25.08.2022 21:21:18][serveritem][give] sst4nk0 obtained 2 of resource_log_birch (§7Берёзовое бревно)
[25.08.2022 21:21:24][serveritem][give] sst4nk0 obtained 1 of resource_log_birch (§7Берёзовое бревно)
[25.08.2022 21:27:20][serveritem][give] sst4nk0 obtained 2 of resource_log_birch (§7Берёзовое бревно)
[25.08.2022 21:28:28][serveritem][give] sst4nk0 obtained 2 of resource_log_birch (§7Берёзовое бревно)
[25.08.2022 21:30:37][serveritem][give] sst4nk0 obtained 1 of resource_log_birch (§7Берёзовое бревно)
[25.08.2022 21:32:13][serveritem][give] sst4nk0 obtained 2 of resource_log_oak (§7Дубовое бревно)
[25.08.2022 21:32:39][serveritem][give] sst4nk0 obtained 2 of resource_log_spruce (§7Хвойное бревно)
[25.08.2022 21:32:52][serveritem][give] sst4nk0 obtained 1 of resource_log_spruce (§7Хвойное бревно)
[25.08.2022 21:33:02][serveritem][give] sst4nk0 obtained 2 of resource_log_spruce (§7Хвойное бревно)
[25.08.2022 21:33:07][serveritem][give] sst4nk0 obtained 2 of resource_log_oak (§7Дубовое бревно)
[25.08.2022 21:33:13][serveritem][give] sst4nk0 obtained 2 of resource_log_spruce (§7Хвойное бревно)
[25.08.2022 21:33:19][serveritem][give] sst4nk0 obtained 1 of resource_log_oak (§7Дубовое бревно)
[25.08.2022 21:36:41][serveritem][give] sst4nk0 obtained 2 of resource_log_birch (§7Берёзовое бревно)
[25.08.2022 21:37:32][serveritem][give] sst4nk0 obtained 1 of resource_log_birch (§7Берёзовое бревно)
[25.08.2022 21:38:58][serveritem][give] sst4nk0 obtained 1 of resource_log_birch (§7Берёзовое бревно)
[25.08.2022 21:39:04][serveritem][give] sst4nk0 obtained 2 of resource_log_birch (§7Берёзовое бревно)
[25.08.2022 21:39:13][serveritem][give] sst4nk0 obtained 1 of resource_log_spruce (§7Хвойное бревно)
[25.08.2022 21:39:29][serveritem][give] sst4nk0 obtained 2 of resource_log_spruce (§7Хвойное бревно)
[25.08.2022 22:43:48][serveritem][give] sst4nk0 obtained 1 of resource_log_oak (§7Дубовое бревно)
[25.08.2022 22:43:58][serveritem][give] sst4nk0 obtained 1 of resource_log_oak (§7Дубовое бревно)
[25.08.2022 22:44:04][serveritem][give] sst4nk0 obtained 1 of resource_log_spruce (§7Хвойное бревно)
[25.08.2022 22:44:11][serveritem][give] sst4nk0 obtained 2 of resource_log_oak (§7Дубовое бревно)
[25.08.2022 22:45:10][serveritem][give] sst4nk0 obtained 1 of tool_axe_stone (§fКаменный топор)
[25.08.2022 22:45:53][serveritem][give] sst4nk0 obtained 1 of resource_log_oak (§7Дубовое бревно)
[25.08.2022 22:46:02][serveritem][give] sst4nk0 obtained 1 of resource_log_oak (§7Дубовое бревно)
[25.08.2022 22:46:11][serveritem][give] sst4nk0 obtained 2 of resource_log_oak (§7Дубовое бревно)
[25.08.2022 22:46:16][serveritem][give] sst4nk0 obtained 1 of resource_log_spruce (§7Хвойное бревно)
[25.08.2022 22:46:25][serveritem][give] sst4nk0 obtained 1 of resource_log_spruce (§7Хвойное бревно)
[25.08.2022 22:46:30][serveritem][give] sst4nk0 obtained 2 of resource_log_spruce (§7Хвойное бревно)
[25.08.2022 22:46:39][serveritem][give] sst4nk0 obtained 2 of resource_log_spruce (§7Хвойное бревно)
[25.08.2022 22:46:54][serveritem][give] sst4nk0 obtained 3 of resource_log_oak (§7Дубовое бревно)
[25.08.2022 22:47:15][serveritem][give] sst4nk0 obtained 2 of resource_log_spruce (§7Хвойное бревно)
[25.08.2022 22:47:58][serveritem][give] sst4nk0 obtained 1 of resource_log_spruce (§7Хвойное бревно)
[25.08.2022 22:48:03][serveritem][give] sst4nk0 obtained 2 of resource_log_oak (§7Дубовое бревно)
[25.08.2022 22:48:15][serveritem][give] sst4nk0 obtained 2 of resource_log_spruce (§7Хвойное бревно)
[25.08.2022 22:48:20][serveritem][give] sst4nk0 obtained 1 of resource_log_oak (§7Дубовое бревно)
[25.08.2022 22:48:29][serveritem][give] sst4nk0 obtained 2 of resource_log_oak (§7Дубовое бревно)
