[16.03.2023 18:41:53][serveritem][give] sst4nk0 obtained 1 of resource_log_spruce (§7Хвойное бревно)
[16.03.2023 21:03:05][serveritem][give] sst4nk0 obtained 1 of crate_wooden (§aДеревянная шкатулка)
[16.03.2023 21:05:48][serveritem][give] sst4nk0 obtained 1 of crate_wooden (§aДеревянная шкатулка)
[16.03.2023 21:05:59][serveritem][give] sst4nk0 obtained 1 of gps_looting_mineshaft (§fКомпас [§7рудник§f])
[16.03.2023 21:11:19][serveritem][give] sst4nk0 obtained 1 of crate_wooden (§aДеревянная шкатулка)
[16.03.2023 21:22:20][serveritem][give] sst4nk0 obtained 1 of crate_wooden (§aДеревянная шкатулка)
[16.03.2023 21:31:45][serveritem][give] sst4nk0 obtained 6 of currency_copper_coin (§aМѣдꙗнiк)
[16.03.2023 21:31:46][serveritem][give] sst4nk0 obtained 2 of currency_copper_coin (§aМѣдꙗнiк)
[16.03.2023 21:31:46][serveritem][give] sst4nk0 obtained 5 of crate_wooden (§aДеревянная шкатулка)
[16.03.2023 21:31:46][serveritem][give] sst4nk0 obtained 1 of currency_copper_coin (§aМѣдꙗнiк)
[16.03.2023 21:31:46][serveritem][give] sst4nk0 obtained 2 of resource_log_oak (§7Дубовое бревно)
[16.03.2023 21:31:46][serveritem][give] sst4nk0 obtained 6 of currency_copper_coin (§aМѣдꙗнiк)
[16.03.2023 21:31:46][serveritem][give] sst4nk0 obtained 2 of resource_log_oak (§7Дубовое бревно)
[16.03.2023 21:31:47][serveritem][give] sst4nk0 obtained 1 of currency_copper_coin (§aМѣдꙗнiк)
[16.03.2023 21:31:47][serveritem][give] sst4nk0 obtained 3 of resource_log_oak (§7Дубовое бревно)
[16.03.2023 21:31:47][serveritem][give] sst4nk0 obtained 2 of resource_log_spruce (§7Хвойное бревно)
[16.03.2023 21:44:09][serveritem][give] sst4nk0 obtained 2 of resource_log_spruce (§7Хвойное бревно)
[16.03.2023 21:44:09][serveritem][give] sst4nk0 obtained 2 of resource_log_spruce (§7Хвойное бревно)
[16.03.2023 21:44:09][serveritem][give] sst4nk0 obtained 3 of resource_log_oak (§7Дубовое бревно)
[16.03.2023 21:44:09][serveritem][give] sst4nk0 obtained 3 of resource_log_oak (§7Дубовое бревно)
[16.03.2023 21:44:11][serveritem][give] sst4nk0 obtained 2 of resource_log_oak (§7Дубовое бревно)
[16.03.2023 21:44:12][serveritem][give] sst4nk0 obtained 2 of currency_copper_coin (§aМѣдꙗнiк)
[16.03.2023 21:44:15][serveritem][give] sst4nk0 obtained 2 of currency_copper_coin (§aМѣдꙗнiк)
[16.03.2023 21:44:43][serveritem][give] sst4nk0 obtained 2 of currency_copper_coin (§aМѣдꙗнiк)
[16.03.2023 21:44:45][serveritem][give] sst4nk0 obtained 4 of currency_copper_coin (§aМѣдꙗнiк)
[16.03.2023 21:44:46][serveritem][give] sst4nk0 obtained 1 of resource_log_spruce (§7Хвойное бревно)
[16.03.2023 21:44:55][serveritem][give] sst4nk0 obtained 6 of currency_copper_coin (§aМѣдꙗнiк)
[16.03.2023 21:49:33][serveritem][take] sst4nk0 gave 30 of currency_silver_coin (§aСребрꙗнiк)
[16.03.2023 21:49:33][serveritem][give] sst4nk0 obtained 1 of tool_pickaxe_iron (§fЖелезная кирка)
[16.03.2023 21:49:34][serveritem][take] sst4nk0 gave 30 of currency_silver_coin (§aСребрꙗнiк)
[16.03.2023 21:49:34][serveritem][give] sst4nk0 obtained 1 of tool_pickaxe_iron (§fЖелезная кирка)
[16.03.2023 21:49:36][serveritem][take] sst4nk0 gave 1 of currency_gold_coin (§aζлантнiк)
[16.03.2023 21:49:36][serveritem][give] sst4nk0 obtained 34 of currency_silver_coin (§aСребрꙗнiк)
[16.03.2023 21:49:36][serveritem][give] sst4nk0 obtained 1 of tool_pickaxe_iron (§fЖелезная кирка)
[16.03.2023 21:49:39][serveritem][take] sst4nk0 gave 30 of currency_silver_coin (§aСребрꙗнiк)
[16.03.2023 21:49:39][serveritem][give] sst4nk0 obtained 1 of tool_pickaxe_iron (§fЖелезная кирка)
[16.03.2023 21:49:40][serveritem][take] sst4nk0 gave 1 of currency_gold_coin (§aζлантнiк)
[16.03.2023 21:49:40][serveritem][give] sst4nk0 obtained 34 of currency_silver_coin (§aСребрꙗнiк)
[16.03.2023 21:49:40][serveritem][give] sst4nk0 obtained 1 of tool_pickaxe_iron (§fЖелезная кирка)
[16.03.2023 21:49:41][serveritem][take] sst4nk0 gave 30 of currency_silver_coin (§aСребрꙗнiк)
[16.03.2023 21:49:41][serveritem][give] sst4nk0 obtained 1 of tool_pickaxe_iron (§fЖелезная кирка)
[16.03.2023 21:49:43][serveritem][take] sst4nk0 gave 1 of currency_gold_coin (§aζлантнiк)
[16.03.2023 21:49:43][serveritem][give] sst4nk0 obtained 34 of currency_silver_coin (§aСребрꙗнiк)
[16.03.2023 21:49:43][serveritem][give] sst4nk0 obtained 1 of tool_pickaxe_iron (§fЖелезная кирка)
[16.03.2023 21:49:44][serveritem][take] sst4nk0 gave 30 of currency_silver_coin (§aСребрꙗнiк)
[16.03.2023 21:49:44][serveritem][give] sst4nk0 obtained 1 of tool_pickaxe_iron (§fЖелезная кирка)
[16.03.2023 21:50:05][serveritem][take] sst4nk0 gave 1 of currency_gold_coin (§aζлантнiк)
[16.03.2023 21:50:05][serveritem][give] sst4nk0 obtained 34 of currency_silver_coin (§aСребрꙗнiк)
[16.03.2023 21:50:05][serveritem][give] sst4nk0 obtained 1 of tool_axe_iron (§fЖелезный топор)
[16.03.2023 21:50:06][serveritem][take] sst4nk0 gave 30 of currency_silver_coin (§aСребрꙗнiк)
[16.03.2023 21:50:06][serveritem][give] sst4nk0 obtained 1 of tool_axe_iron (§fЖелезный топор)
[16.03.2023 21:50:11][serveritem][take] sst4nk0 gave 1 of currency_gold_coin (§aζлантнiк)
[16.03.2023 21:50:11][serveritem][give] sst4nk0 obtained 34 of currency_silver_coin (§aСребрꙗнiк)
[16.03.2023 21:50:11][serveritem][give] sst4nk0 obtained 1 of tool_axe_iron (§fЖелезный топор)
[16.03.2023 21:50:13][serveritem][take] sst4nk0 gave 30 of currency_silver_coin (§aСребрꙗнiк)
[16.03.2023 21:50:13][serveritem][give] sst4nk0 obtained 1 of tool_axe_iron (§fЖелезный топор)
[16.03.2023 21:50:15][serveritem][take] sst4nk0 gave 1 of currency_gold_coin (§aζлантнiк)
[16.03.2023 21:50:15][serveritem][give] sst4nk0 obtained 34 of currency_silver_coin (§aСребрꙗнiк)
[16.03.2023 21:50:15][serveritem][give] sst4nk0 obtained 1 of tool_axe_iron (§fЖелезный топор)
[16.03.2023 21:50:17][serveritem][take] sst4nk0 gave 30 of currency_silver_coin (§aСребрꙗнiк)
[16.03.2023 21:50:17][serveritem][give] sst4nk0 obtained 1 of tool_axe_iron (§fЖелезный топор)
[16.03.2023 21:50:18][serveritem][take] sst4nk0 gave 1 of currency_gold_coin (§aζлантнiк)
[16.03.2023 21:50:18][serveritem][give] sst4nk0 obtained 34 of currency_silver_coin (§aСребрꙗнiк)
[16.03.2023 21:50:18][serveritem][give] sst4nk0 obtained 1 of tool_axe_iron (§fЖелезный топор)
[16.03.2023 21:50:19][serveritem][take] sst4nk0 gave 30 of currency_silver_coin (§aСребрꙗнiк)
[16.03.2023 21:50:19][serveritem][give] sst4nk0 obtained 1 of tool_axe_iron (§fЖелезный топор)
[16.03.2023 21:50:20][serveritem][take] sst4nk0 gave 30 of currency_silver_coin (§aСребрꙗнiк)
[16.03.2023 21:50:20][serveritem][give] sst4nk0 obtained 1 of tool_axe_iron (§fЖелезный топор)
[16.03.2023 21:50:22][serveritem][take] sst4nk0 gave 1 of currency_gold_coin (§aζлантнiк)
[16.03.2023 21:50:22][serveritem][give] sst4nk0 obtained 34 of currency_silver_coin (§aСребрꙗнiк)
[16.03.2023 21:50:22][serveritem][give] sst4nk0 obtained 1 of tool_axe_iron (§fЖелезный топор)
[16.03.2023 21:50:23][serveritem][take] sst4nk0 gave 30 of currency_silver_coin (§aСребрꙗнiк)
[16.03.2023 21:50:23][serveritem][give] sst4nk0 obtained 1 of tool_axe_iron (§fЖелезный топор)
[16.03.2023 21:52:00][serveritem][take] sst4nk0 gave 1 of currency_gold_coin (§aζлантнiк)
[16.03.2023 21:52:00][serveritem][give] sst4nk0 obtained 17 of currency_silver_coin (§aСребрꙗнiк)
[16.03.2023 21:52:00][serveritem][give] sst4nk0 obtained 1 of tool_axe_iron (§fЖелезный топор)
[16.03.2023 21:52:00][serveritem][take] sst4nk0 gave 1 of currency_gold_coin (§aζлантнiк)
[16.03.2023 21:52:00][serveritem][give] sst4nk0 obtained 17 of currency_silver_coin (§aСребрꙗнiк)
[16.03.2023 21:52:01][serveritem][give] sst4nk0 obtained 1 of tool_axe_iron (§fЖелезный топор)
[16.03.2023 21:52:01][serveritem][take] sst4nk0 gave 1 of currency_gold_coin (§aζлантнiк)
[16.03.2023 21:52:01][serveritem][give] sst4nk0 obtained 17 of currency_silver_coin (§aСребрꙗнiк)
[16.03.2023 21:52:01][serveritem][give] sst4nk0 obtained 1 of tool_axe_iron (§fЖелезный топор)
[16.03.2023 21:52:03][serveritem][take] sst4nk0 gave 47 of currency_silver_coin (§aСребрꙗнiк)
[16.03.2023 21:52:03][serveritem][give] sst4nk0 obtained 1 of tool_axe_iron (§fЖелезный топор)
[16.03.2023 22:11:27][serveritem][take] sst4nk0 gave 1 of currency_silver_coin (§aСребрꙗнiк)
[16.03.2023 22:11:27][serveritem][give] sst4nk0 obtained 62 of currency_copper_coin (§aМѣдꙗнiк)
[16.03.2023 22:13:01][serveritem][take] sst4nk0 gave 4 of currency_copper_coin (§aМѣдꙗнiк)
[16.03.2023 22:25:45][serveritem][give] sst4nk0 obtained 2 of resource_log_oak (§7Дубовое бревно)
[16.03.2023 22:25:46][serveritem][give] sst4nk0 obtained 1 of resource_log_birch (§7Берёзовое бревно)
[16.03.2023 22:25:46][serveritem][give] sst4nk0 obtained 1 of resource_log_birch (§7Берёзовое бревно)
[16.03.2023 22:25:46][serveritem][give] sst4nk0 obtained 6 of currency_copper_coin (§aМѣдꙗнiк)
[16.03.2023 22:25:47][serveritem][give] sst4nk0 obtained 1 of resource_log_spruce (§7Хвойное бревно)
[16.03.2023 22:25:47][serveritem][give] sst4nk0 obtained 2 of resource_log_spruce (§7Хвойное бревно)
[16.03.2023 22:25:47][serveritem][give] sst4nk0 obtained 6 of currency_copper_coin (§aМѣдꙗнiк)
[16.03.2023 22:25:47][serveritem][give] sst4nk0 obtained 4 of currency_copper_coin (§aМѣдꙗнiк)
[16.03.2023 22:25:47][serveritem][give] sst4nk0 obtained 1 of resource_log_birch (§7Берёзовое бревно)
[16.03.2023 22:25:48][serveritem][give] sst4nk0 obtained 1 of resource_log_birch (§7Берёзовое бревно)
[16.03.2023 22:25:48][serveritem][give] sst4nk0 obtained 2 of resource_log_spruce (§7Хвойное бревно)
[16.03.2023 22:25:48][serveritem][give] sst4nk0 obtained 2 of resource_log_oak (§7Дубовое бревно)
[16.03.2023 22:25:49][serveritem][give] sst4nk0 obtained 6 of currency_copper_coin (§aМѣдꙗнiк)
[16.03.2023 22:25:49][serveritem][give] sst4nk0 obtained 2 of resource_log_oak (§7Дубовое бревно)
[16.03.2023 22:25:49][serveritem][give] sst4nk0 obtained 1 of resource_log_spruce (§7Хвойное бревно)
[16.03.2023 22:25:49][serveritem][give] sst4nk0 obtained 1 of resource_log_birch (§7Берёзовое бревно)
[16.03.2023 22:25:49][serveritem][give] sst4nk0 obtained 4 of currency_copper_coin (§aМѣдꙗнiк)
[16.03.2023 22:25:50][serveritem][give] sst4nk0 obtained 3 of resource_log_oak (§7Дубовое бревно)
[16.03.2023 22:25:50][serveritem][give] sst4nk0 obtained 1 of resource_log_spruce (§7Хвойное бревно)
[16.03.2023 22:25:50][serveritem][give] sst4nk0 obtained 6 of currency_copper_coin (§aМѣдꙗнiк)
[16.03.2023 22:25:50][serveritem][give] sst4nk0 obtained 2 of currency_copper_coin (§aМѣдꙗнiк)
[16.03.2023 22:25:50][serveritem][give] sst4nk0 obtained 6 of currency_copper_coin (§aМѣдꙗнiк)
[16.03.2023 22:25:51][serveritem][give] sst4nk0 obtained 2 of resource_log_spruce (§7Хвойное бревно)
[16.03.2023 22:25:51][serveritem][give] sst4nk0 obtained 4 of currency_copper_coin (§aМѣдꙗнiк)
[16.03.2023 22:25:51][serveritem][give] sst4nk0 obtained 1 of currency_copper_coin (§aМѣдꙗнiк)
[16.03.2023 22:25:51][serveritem][give] sst4nk0 obtained 3 of resource_log_oak (§7Дубовое бревно)
[16.03.2023 22:25:51][serveritem][give] sst4nk0 obtained 1 of currency_copper_coin (§aМѣдꙗнiк)
[16.03.2023 22:25:52][serveritem][give] sst4nk0 obtained 1 of currency_copper_coin (§aМѣдꙗнiк)
[16.03.2023 22:25:52][serveritem][give] sst4nk0 obtained 2 of resource_log_oak (§7Дубовое бревно)
[16.03.2023 22:25:52][serveritem][give] sst4nk0 obtained 6 of currency_copper_coin (§aМѣдꙗнiк)
[16.03.2023 22:25:53][serveritem][give] sst4nk0 obtained 1 of resource_log_birch (§7Берёзовое бревно)
[16.03.2023 22:25:53][serveritem][give] sst4nk0 obtained 1 of currency_copper_coin (§aМѣдꙗнiк)
[16.03.2023 22:25:53][serveritem][give] sst4nk0 obtained 6 of currency_copper_coin (§aМѣдꙗнiк)
[16.03.2023 22:25:53][serveritem][give] sst4nk0 obtained 2 of resource_log_oak (§7Дубовое бревно)
[16.03.2023 22:25:54][serveritem][give] sst4nk0 obtained 4 of currency_copper_coin (§aМѣдꙗнiк)
[16.03.2023 22:25:54][serveritem][give] sst4nk0 obtained 1 of resource_log_birch (§7Берёзовое бревно)
[16.03.2023 22:25:54][serveritem][give] sst4nk0 obtained 1 of currency_copper_coin (§aМѣдꙗнiк)
[16.03.2023 22:25:54][serveritem][give] sst4nk0 obtained 2 of currency_copper_coin (§aМѣдꙗнiк)
[16.03.2023 22:25:55][serveritem][give] sst4nk0 obtained 1 of resource_log_birch (§7Берёзовое бревно)
[16.03.2023 22:25:55][serveritem][give] sst4nk0 obtained 2 of currency_copper_coin (§aМѣдꙗнiк)
[16.03.2023 22:25:55][serveritem][give] sst4nk0 obtained 5 of crate_wooden (§aДеревянная шкатулка)
[16.03.2023 22:25:55][serveritem][give] sst4nk0 obtained 6 of currency_copper_coin (§aМѣдꙗнiк)
[16.03.2023 22:25:56][serveritem][give] sst4nk0 obtained 6 of currency_copper_coin (§aМѣдꙗнiк)
[16.03.2023 22:25:56][serveritem][give] sst4nk0 obtained 1 of rune_1_1of3 (§aРуна [§fАζъ§a])
[16.03.2023 22:25:56][serveritem][give] sst4nk0 obtained 1 of resource_log_birch (§7Берёзовое бревно)
[16.03.2023 22:25:56][serveritem][give] sst4nk0 obtained 1 of currency_copper_coin (§aМѣдꙗнiк)
[16.03.2023 22:25:56][serveritem][give] sst4nk0 obtained 1 of currency_copper_coin (§aМѣдꙗнiк)
[16.03.2023 22:25:57][serveritem][give] sst4nk0 obtained 1 of currency_copper_coin (§aМѣдꙗнiк)
[16.03.2023 22:25:57][serveritem][give] sst4nk0 obtained 1 of currency_copper_coin (§aМѣдꙗнiк)
[16.03.2023 22:25:57][serveritem][give] sst4nk0 obtained 1 of resource_log_birch (§7Берёзовое бревно)
[16.03.2023 22:25:58][serveritem][give] sst4nk0 obtained 1 of resource_log_spruce (§7Хвойное бревно)
[16.03.2023 22:25:58][serveritem][give] sst4nk0 obtained 2 of resource_log_spruce (§7Хвойное бревно)
[16.03.2023 22:25:58][serveritem][give] sst4nk0 obtained 4 of currency_copper_coin (§aМѣдꙗнiк)
[16.03.2023 22:25:58][serveritem][give] sst4nk0 obtained 2 of currency_copper_coin (§aМѣдꙗнiк)
[16.03.2023 22:25:58][serveritem][give] sst4nk0 obtained 6 of currency_copper_coin (§aМѣдꙗнiк)
[16.03.2023 22:25:59][serveritem][give] sst4nk0 obtained 1 of currency_copper_coin (§aМѣдꙗнiк)
[16.03.2023 22:25:59][serveritem][give] sst4nk0 obtained 2 of currency_copper_coin (§aМѣдꙗнiк)
[16.03.2023 22:25:59][serveritem][give] sst4nk0 obtained 2 of currency_copper_coin (§aМѣдꙗнiк)
[16.03.2023 22:26:00][serveritem][give] sst4nk0 obtained 4 of currency_copper_coin (§aМѣдꙗнiк)
[16.03.2023 22:26:00][serveritem][give] sst4nk0 obtained 3 of resource_log_oak (§7Дубовое бревно)
[16.03.2023 22:26:00][serveritem][give] sst4nk0 obtained 4 of currency_copper_coin (§aМѣдꙗнiк)
[16.03.2023 22:26:00][serveritem][give] sst4nk0 obtained 1 of currency_copper_coin (§aМѣдꙗнiк)
[16.03.2023 22:26:01][serveritem][give] sst4nk0 obtained 4 of currency_copper_coin (§aМѣдꙗнiк)
[16.03.2023 22:26:01][serveritem][give] sst4nk0 obtained 4 of currency_copper_coin (§aМѣдꙗнiк)
[16.03.2023 22:26:01][serveritem][give] sst4nk0 obtained 3 of resource_log_oak (§7Дубовое бревно)
[16.03.2023 22:26:15][serveritem][give] sst4nk0 obtained 2 of currency_copper_coin (§aМѣдꙗнiк)
[16.03.2023 22:26:15][serveritem][give] sst4nk0 obtained 1 of resource_log_spruce (§7Хвойное бревно)
[16.03.2023 22:26:16][serveritem][give] sst4nk0 obtained 1 of resource_log_spruce (§7Хвойное бревно)
[16.03.2023 22:26:39][serveritem][give] sst4nk0 obtained 6 of currency_copper_coin (§aМѣдꙗнiк)
[16.03.2023 22:27:35][serveritem][take] sst4nk0 gave 4 of currency_copper_coin (§aМѣдꙗнiк)
[16.03.2023 22:27:35][serveritem][give] sst4nk0 obtained 1 of resource_log_oak (§7Дубовое бревно)
[16.03.2023 22:27:36][serveritem][take] sst4nk0 gave 4 of currency_copper_coin (§aМѣдꙗнiк)
[16.03.2023 22:27:36][serveritem][give] sst4nk0 obtained 1 of resource_log_oak (§7Дубовое бревно)
[16.03.2023 22:27:36][serveritem][take] sst4nk0 gave 4 of currency_copper_coin (§aМѣдꙗнiк)
[16.03.2023 22:27:36][serveritem][give] sst4nk0 obtained 1 of resource_log_oak (§7Дубовое бревно)
[16.03.2023 22:27:37][serveritem][take] sst4nk0 gave 4 of currency_copper_coin (§aМѣдꙗнiк)
[16.03.2023 22:27:37][serveritem][give] sst4nk0 obtained 1 of resource_log_oak (§7Дубовое бревно)
[16.03.2023 22:27:40][serveritem][give] sst4nk0 obtained 2 of currency_copper_coin (§aМѣдꙗнiк)
[16.03.2023 22:27:40][serveritem][take] sst4nk0 gave 1 of resource_log_oak (§7Дубовое бревно)
[16.03.2023 22:27:40][serveritem][give] sst4nk0 obtained 2 of currency_copper_coin (§aМѣдꙗнiк)
[16.03.2023 22:27:40][serveritem][take] sst4nk0 gave 1 of resource_log_oak (§7Дубовое бревно)
[16.03.2023 22:27:41][serveritem][give] sst4nk0 obtained 2 of currency_copper_coin (§aМѣдꙗнiк)
[16.03.2023 22:27:41][serveritem][take] sst4nk0 gave 1 of resource_log_oak (§7Дубовое бревно)
[16.03.2023 22:27:41][serveritem][give] sst4nk0 obtained 2 of currency_copper_coin (§aМѣдꙗнiк)
[16.03.2023 22:27:41][serveritem][take] sst4nk0 gave 1 of resource_log_oak (§7Дубовое бревно)
[16.03.2023 22:27:41][serveritem][give] sst4nk0 obtained 2 of currency_copper_coin (§aМѣдꙗнiк)
[16.03.2023 22:27:41][serveritem][take] sst4nk0 gave 1 of resource_log_oak (§7Дубовое бревно)
[16.03.2023 22:27:41][serveritem][give] sst4nk0 obtained 2 of currency_copper_coin (§aМѣдꙗнiк)
[16.03.2023 22:27:41][serveritem][take] sst4nk0 gave 1 of resource_log_oak (§7Дубовое бревно)
[16.03.2023 22:27:41][serveritem][give] sst4nk0 obtained 2 of currency_copper_coin (§aМѣдꙗнiк)
[16.03.2023 22:27:41][serveritem][take] sst4nk0 gave 1 of resource_log_oak (§7Дубовое бревно)
[16.03.2023 22:27:42][serveritem][give] sst4nk0 obtained 2 of currency_copper_coin (§aМѣдꙗнiк)
[16.03.2023 22:27:42][serveritem][take] sst4nk0 gave 1 of resource_log_oak (§7Дубовое бревно)
[16.03.2023 22:27:42][serveritem][give] sst4nk0 obtained 2 of currency_copper_coin (§aМѣдꙗнiк)
[16.03.2023 22:27:42][serveritem][take] sst4nk0 gave 1 of resource_log_oak (§7Дубовое бревно)
[16.03.2023 22:27:42][serveritem][give] sst4nk0 obtained 2 of currency_copper_coin (§aМѣдꙗнiк)
[16.03.2023 22:27:42][serveritem][take] sst4nk0 gave 1 of resource_log_oak (§7Дубовое бревно)
[16.03.2023 22:27:43][serveritem][give] sst4nk0 obtained 2 of currency_copper_coin (§aМѣдꙗнiк)
[16.03.2023 22:27:43][serveritem][take] sst4nk0 gave 1 of resource_log_oak (§7Дубовое бревно)
[16.03.2023 22:27:43][serveritem][give] sst4nk0 obtained 2 of currency_copper_coin (§aМѣдꙗнiк)
[16.03.2023 22:27:43][serveritem][take] sst4nk0 gave 1 of resource_log_oak (§7Дубовое бревно)
[16.03.2023 22:27:43][serveritem][give] sst4nk0 obtained 2 of currency_copper_coin (§aМѣдꙗнiк)
[16.03.2023 22:27:43][serveritem][take] sst4nk0 gave 1 of resource_log_oak (§7Дубовое бревно)
[16.03.2023 22:27:43][serveritem][give] sst4nk0 obtained 2 of currency_copper_coin (§aМѣдꙗнiк)
[16.03.2023 22:27:43][serveritem][take] sst4nk0 gave 1 of resource_log_oak (§7Дубовое бревно)
[16.03.2023 22:27:43][serveritem][give] sst4nk0 obtained 2 of currency_copper_coin (§aМѣдꙗнiк)
[16.03.2023 22:27:43][serveritem][take] sst4nk0 gave 1 of resource_log_oak (§7Дубовое бревно)
[16.03.2023 22:27:43][serveritem][give] sst4nk0 obtained 2 of currency_copper_coin (§aМѣдꙗнiк)
[16.03.2023 22:27:43][serveritem][take] sst4nk0 gave 1 of resource_log_oak (§7Дубовое бревно)
[16.03.2023 22:27:44][serveritem][give] sst4nk0 obtained 2 of currency_copper_coin (§aМѣдꙗнiк)
[16.03.2023 22:27:44][serveritem][take] sst4nk0 gave 1 of resource_log_oak (§7Дубовое бревно)
[16.03.2023 22:27:44][serveritem][give] sst4nk0 obtained 2 of currency_copper_coin (§aМѣдꙗнiк)
[16.03.2023 22:27:44][serveritem][take] sst4nk0 gave 1 of resource_log_oak (§7Дубовое бревно)
[16.03.2023 22:27:44][serveritem][give] sst4nk0 obtained 2 of currency_copper_coin (§aМѣдꙗнiк)
[16.03.2023 22:27:44][serveritem][take] sst4nk0 gave 1 of resource_log_oak (§7Дубовое бревно)
[16.03.2023 22:27:44][serveritem][give] sst4nk0 obtained 2 of currency_copper_coin (§aМѣдꙗнiк)
[16.03.2023 22:27:44][serveritem][take] sst4nk0 gave 1 of resource_log_oak (§7Дубовое бревно)
[16.03.2023 22:27:44][serveritem][give] sst4nk0 obtained 2 of currency_copper_coin (§aМѣдꙗнiк)
[16.03.2023 22:27:44][serveritem][take] sst4nk0 gave 1 of resource_log_oak (§7Дубовое бревно)
[16.03.2023 22:27:44][serveritem][give] sst4nk0 obtained 2 of currency_copper_coin (§aМѣдꙗнiк)
[16.03.2023 22:27:44][serveritem][take] sst4nk0 gave 1 of resource_log_oak (§7Дубовое бревно)
[16.03.2023 22:27:45][serveritem][give] sst4nk0 obtained 2 of currency_copper_coin (§aМѣдꙗнiк)
[16.03.2023 22:27:45][serveritem][take] sst4nk0 gave 1 of resource_log_oak (§7Дубовое бревно)
[16.03.2023 22:27:45][serveritem][give] sst4nk0 obtained 2 of currency_copper_coin (§aМѣдꙗнiк)
[16.03.2023 22:27:45][serveritem][take] sst4nk0 gave 1 of resource_log_oak (§7Дубовое бревно)
[16.03.2023 22:27:45][serveritem][give] sst4nk0 obtained 2 of currency_copper_coin (§aМѣдꙗнiк)
[16.03.2023 22:27:45][serveritem][take] sst4nk0 gave 1 of resource_log_oak (§7Дубовое бревно)
[16.03.2023 22:27:45][serveritem][give] sst4nk0 obtained 2 of currency_copper_coin (§aМѣдꙗнiк)
[16.03.2023 22:27:45][serveritem][take] sst4nk0 gave 1 of resource_log_oak (§7Дубовое бревно)
[16.03.2023 22:27:49][serveritem][give] sst4nk0 obtained 4 of currency_copper_coin (§aМѣдꙗнiк)
[16.03.2023 22:27:49][serveritem][take] sst4nk0 gave 1 of resource_log_birch (§7Берёзовое бревно)
[16.03.2023 22:27:49][serveritem][give] sst4nk0 obtained 4 of currency_copper_coin (§aМѣдꙗнiк)
[16.03.2023 22:27:49][serveritem][take] sst4nk0 gave 1 of resource_log_birch (§7Берёзовое бревно)
[16.03.2023 22:27:49][serveritem][give] sst4nk0 obtained 4 of currency_copper_coin (§aМѣдꙗнiк)
[16.03.2023 22:27:49][serveritem][take] sst4nk0 gave 1 of resource_log_birch (§7Берёзовое бревно)
[16.03.2023 22:27:49][serveritem][give] sst4nk0 obtained 4 of currency_copper_coin (§aМѣдꙗнiк)
[16.03.2023 22:27:50][serveritem][take] sst4nk0 gave 1 of resource_log_birch (§7Берёзовое бревно)
[16.03.2023 22:27:50][serveritem][give] sst4nk0 obtained 4 of currency_copper_coin (§aМѣдꙗнiк)
[16.03.2023 22:27:50][serveritem][take] sst4nk0 gave 1 of resource_log_birch (§7Берёзовое бревно)
[16.03.2023 22:27:50][serveritem][give] sst4nk0 obtained 4 of currency_copper_coin (§aМѣдꙗнiк)
[16.03.2023 22:27:50][serveritem][take] sst4nk0 gave 1 of resource_log_birch (§7Берёзовое бревно)
[16.03.2023 22:27:50][serveritem][give] sst4nk0 obtained 4 of currency_copper_coin (§aМѣдꙗнiк)
[16.03.2023 22:27:50][serveritem][take] sst4nk0 gave 1 of resource_log_birch (§7Берёзовое бревно)
[16.03.2023 22:27:50][serveritem][give] sst4nk0 obtained 4 of currency_copper_coin (§aМѣдꙗнiк)
[16.03.2023 22:27:50][serveritem][take] sst4nk0 gave 1 of resource_log_birch (§7Берёзовое бревно)
[16.03.2023 22:27:50][serveritem][give] sst4nk0 obtained 4 of currency_copper_coin (§aМѣдꙗнiк)
[16.03.2023 22:27:50][serveritem][take] sst4nk0 gave 1 of resource_log_birch (§7Берёзовое бревно)
[16.03.2023 22:27:51][serveritem][give] sst4nk0 obtained 4 of currency_copper_coin (§aМѣдꙗнiк)
[16.03.2023 22:27:51][serveritem][take] sst4nk0 gave 1 of resource_log_birch (§7Берёзовое бревно)
[16.03.2023 22:28:03][serveritem][give] sst4nk0 obtained 3 of currency_copper_coin (§aМѣдꙗнiк)
[16.03.2023 22:28:03][serveritem][take] sst4nk0 gave 1 of resource_log_spruce (§7Хвойное бревно)
[16.03.2023 22:28:04][serveritem][give] sst4nk0 obtained 3 of currency_copper_coin (§aМѣдꙗнiк)
[16.03.2023 22:28:04][serveritem][take] sst4nk0 gave 1 of resource_log_spruce (§7Хвойное бревно)
[16.03.2023 22:28:04][serveritem][give] sst4nk0 obtained 3 of currency_copper_coin (§aМѣдꙗнiк)
[16.03.2023 22:28:04][serveritem][take] sst4nk0 gave 1 of resource_log_spruce (§7Хвойное бревно)
[16.03.2023 22:28:04][serveritem][give] sst4nk0 obtained 3 of currency_copper_coin (§aМѣдꙗнiк)
[16.03.2023 22:28:04][serveritem][take] sst4nk0 gave 1 of resource_log_spruce (§7Хвойное бревно)
[16.03.2023 22:28:05][serveritem][give] sst4nk0 obtained 3 of currency_copper_coin (§aМѣдꙗнiк)
[16.03.2023 22:28:05][serveritem][take] sst4nk0 gave 1 of resource_log_spruce (§7Хвойное бревно)
[16.03.2023 22:28:05][serveritem][give] sst4nk0 obtained 3 of currency_copper_coin (§aМѣдꙗнiк)
[16.03.2023 22:28:05][serveritem][take] sst4nk0 gave 1 of resource_log_spruce (§7Хвойное бревно)
[16.03.2023 22:28:05][serveritem][give] sst4nk0 obtained 3 of currency_copper_coin (§aМѣдꙗнiк)
[16.03.2023 22:28:05][serveritem][take] sst4nk0 gave 1 of resource_log_spruce (§7Хвойное бревно)
[16.03.2023 22:28:05][serveritem][give] sst4nk0 obtained 3 of currency_copper_coin (§aМѣдꙗнiк)
[16.03.2023 22:28:05][serveritem][take] sst4nk0 gave 1 of resource_log_spruce (§7Хвойное бревно)
[16.03.2023 22:28:05][serveritem][give] sst4nk0 obtained 3 of currency_copper_coin (§aМѣдꙗнiк)
[16.03.2023 22:28:05][serveritem][take] sst4nk0 gave 1 of resource_log_spruce (§7Хвойное бревно)
[16.03.2023 22:28:05][serveritem][give] sst4nk0 obtained 3 of currency_copper_coin (§aМѣдꙗнiк)
[16.03.2023 22:28:05][serveritem][take] sst4nk0 gave 1 of resource_log_spruce (§7Хвойное бревно)
[16.03.2023 22:28:05][serveritem][give] sst4nk0 obtained 3 of currency_copper_coin (§aМѣдꙗнiк)
[16.03.2023 22:28:05][serveritem][take] sst4nk0 gave 1 of resource_log_spruce (§7Хвойное бревно)
[16.03.2023 22:28:06][serveritem][give] sst4nk0 obtained 3 of currency_copper_coin (§aМѣдꙗнiк)
[16.03.2023 22:28:06][serveritem][take] sst4nk0 gave 1 of resource_log_spruce (§7Хвойное бревно)
[16.03.2023 22:28:06][serveritem][give] sst4nk0 obtained 3 of currency_copper_coin (§aМѣдꙗнiк)
[16.03.2023 22:28:06][serveritem][take] sst4nk0 gave 1 of resource_log_spruce (§7Хвойное бревно)
[16.03.2023 22:28:06][serveritem][give] sst4nk0 obtained 3 of currency_copper_coin (§aМѣдꙗнiк)
[16.03.2023 22:28:06][serveritem][take] sst4nk0 gave 1 of resource_log_spruce (§7Хвойное бревно)
