[06.03.2023 22:38:46][serveritem][give] sst4nk0 obtained 1 of resource_log_birch (§7Берёзовое бревно)
[06.03.2023 22:38:46][serveritem][give] sst4nk0 obtained 2 of resource_log_oak (§7Дубовое бревно)
[06.03.2023 22:38:46][serveritem][give] sst4nk0 obtained 1 of resource_log_birch (§7Берёзовое бревно)
[06.03.2023 22:38:46][serveritem][give] sst4nk0 obtained 4 of currency_copper_coin (§aМѣдꙗнiк)
[06.03.2023 22:38:47][serveritem][give] sst4nk0 obtained 1 of resource_log_spruce (§7Хвойное бревно)
[06.03.2023 22:38:47][serveritem][give] sst4nk0 obtained 2 of resource_log_spruce (§7Хвойное бревно)
[06.03.2023 22:38:47][serveritem][give] sst4nk0 obtained 1 of resource_log_spruce (§7Хвойное бревно)
[06.03.2023 22:38:47][serveritem][give] sst4nk0 obtained 3 of resource_log_oak (§7Дубовое бревно)
[06.03.2023 22:38:47][serveritem][give] sst4nk0 obtained 2 of resource_log_spruce (§7Хвойное бревно)
[06.03.2023 22:38:48][serveritem][give] sst4nk0 obtained 1 of resource_log_birch (§7Берёзовое бревно)
[06.03.2023 22:38:48][serveritem][give] sst4nk0 obtained 6 of currency_copper_coin (§aМѣдꙗнiк)
[06.03.2023 22:38:48][serveritem][give] sst4nk0 obtained 1 of resource_log_spruce (§7Хвойное бревно)
[06.03.2023 22:38:48][serveritem][give] sst4nk0 obtained 2 of resource_log_oak (§7Дубовое бревно)
[06.03.2023 22:38:48][serveritem][give] sst4nk0 obtained 6 of currency_copper_coin (§aМѣдꙗнiк)
[06.03.2023 22:38:49][serveritem][give] sst4nk0 obtained 1 of currency_silver_coin (§aСребрꙗнiк)
[06.03.2023 22:38:49][serveritem][give] sst4nk0 obtained 1 of resource_log_spruce (§7Хвойное бревно)
[06.03.2023 22:38:49][serveritem][give] sst4nk0 obtained 3 of resource_log_oak (§7Дубовое бревно)
[06.03.2023 22:38:49][serveritem][give] sst4nk0 obtained 4 of currency_copper_coin (§aМѣдꙗнiк)
[06.03.2023 22:38:49][serveritem][give] sst4nk0 obtained 1 of resource_log_spruce (§7Хвойное бревно)
[06.03.2023 22:38:50][serveritem][give] sst4nk0 obtained 1 of currency_copper_coin (§aМѣдꙗнiк)
[06.03.2023 22:38:50][serveritem][give] sst4nk0 obtained 2 of currency_copper_coin (§aМѣдꙗнiк)
[06.03.2023 22:38:50][serveritem][give] sst4nk0 obtained 4 of currency_copper_coin (§aМѣдꙗнiк)
[06.03.2023 22:38:50][serveritem][give] sst4nk0 obtained 1 of currency_copper_coin (§aМѣдꙗнiк)
[06.03.2023 22:38:50][serveritem][give] sst4nk0 obtained 2 of resource_log_oak (§7Дубовое бревно)
[06.03.2023 22:38:51][serveritem][give] sst4nk0 obtained 2 of currency_copper_coin (§aМѣдꙗнiк)
[06.03.2023 22:38:51][serveritem][give] sst4nk0 obtained 2 of resource_log_spruce (§7Хвойное бревно)
[06.03.2023 22:38:51][serveritem][give] sst4nk0 obtained 1 of resource_log_birch (§7Берёзовое бревно)
[06.03.2023 22:38:51][serveritem][give] sst4nk0 obtained 1 of currency_copper_coin (§aМѣдꙗнiк)
[06.03.2023 22:38:51][serveritem][give] sst4nk0 obtained 2 of currency_copper_coin (§aМѣдꙗнiк)
[06.03.2023 22:38:52][serveritem][give] sst4nk0 obtained 1 of currency_copper_coin (§aМѣдꙗнiк)
[06.03.2023 22:38:52][serveritem][give] sst4nk0 obtained 2 of resource_log_oak (§7Дубовое бревно)
[06.03.2023 22:38:52][serveritem][give] sst4nk0 obtained 1 of currency_copper_coin (§aМѣдꙗнiк)
[06.03.2023 22:38:52][serveritem][give] sst4nk0 obtained 3 of resource_log_oak (§7Дубовое бревно)
[06.03.2023 22:38:52][serveritem][give] sst4nk0 obtained 2 of resource_log_spruce (§7Хвойное бревно)
[06.03.2023 22:38:53][serveritem][give] sst4nk0 obtained 1 of resource_log_birch (§7Берёзовое бревно)
[06.03.2023 22:38:53][serveritem][give] sst4nk0 obtained 2 of resource_log_spruce (§7Хвойное бревно)
[06.03.2023 22:38:53][serveritem][give] sst4nk0 obtained 3 of resource_log_oak (§7Дубовое бревно)
[06.03.2023 22:38:53][serveritem][give] sst4nk0 obtained 2 of resource_log_oak (§7Дубовое бревно)
[06.03.2023 22:38:53][serveritem][give] sst4nk0 obtained 1 of resource_log_birch (§7Берёзовое бревно)
[06.03.2023 22:38:54][serveritem][give] sst4nk0 obtained 2 of currency_copper_coin (§aМѣдꙗнiк)
[06.03.2023 22:38:54][serveritem][give] sst4nk0 obtained 2 of resource_log_oak (§7Дубовое бревно)
[06.03.2023 22:38:54][serveritem][give] sst4nk0 obtained 2 of currency_copper_coin (§aМѣдꙗнiк)
[06.03.2023 22:38:54][serveritem][give] sst4nk0 obtained 1 of resource_log_birch (§7Берёзовое бревно)
[06.03.2023 22:38:54][serveritem][give] sst4nk0 obtained 6 of currency_copper_coin (§aМѣдꙗнiк)
[06.03.2023 22:38:55][serveritem][give] sst4nk0 obtained 2 of currency_copper_coin (§aМѣдꙗнiк)
[06.03.2023 22:38:55][serveritem][give] sst4nk0 obtained 2 of currency_copper_coin (§aМѣдꙗнiк)
[06.03.2023 22:38:55][serveritem][give] sst4nk0 obtained 1 of resource_log_birch (§7Берёзовое бревно)
[06.03.2023 22:38:55][serveritem][give] sst4nk0 obtained 1 of currency_copper_coin (§aМѣдꙗнiк)
[06.03.2023 22:38:56][serveritem][give] sst4nk0 obtained 2 of resource_log_spruce (§7Хвойное бревно)
[06.03.2023 22:38:56][serveritem][give] sst4nk0 obtained 1 of resource_log_spruce (§7Хвойное бревно)
[06.03.2023 22:38:56][serveritem][give] sst4nk0 obtained 6 of currency_copper_coin (§aМѣдꙗнiк)
[06.03.2023 22:38:56][serveritem][give] sst4nk0 obtained 4 of currency_copper_coin (§aМѣдꙗнiк)
[06.03.2023 22:38:56][serveritem][give] sst4nk0 obtained 1 of currency_copper_coin (§aМѣдꙗнiк)
[06.03.2023 22:38:57][serveritem][give] sst4nk0 obtained 4 of currency_copper_coin (§aМѣдꙗнiк)
[06.03.2023 22:38:57][serveritem][give] sst4nk0 obtained 2 of resource_log_spruce (§7Хвойное бревно)
[06.03.2023 22:38:57][serveritem][give] sst4nk0 obtained 1 of currency_copper_coin (§aМѣдꙗнiк)
[06.03.2023 22:38:57][serveritem][give] sst4nk0 obtained 2 of resource_log_spruce (§7Хвойное бревно)
[06.03.2023 22:38:58][serveritem][give] sst4nk0 obtained 6 of currency_copper_coin (§aМѣдꙗнiк)
[06.03.2023 22:38:58][serveritem][give] sst4nk0 obtained 2 of currency_copper_coin (§aМѣдꙗнiк)
[06.03.2023 22:38:58][serveritem][give] sst4nk0 obtained 1 of currency_copper_coin (§aМѣдꙗнiк)
[06.03.2023 22:38:58][serveritem][give] sst4nk0 obtained 1 of resource_log_birch (§7Берёзовое бревно)
[06.03.2023 22:38:58][serveritem][give] sst4nk0 obtained 2 of resource_log_oak (§7Дубовое бревно)
[06.03.2023 22:38:59][serveritem][give] sst4nk0 obtained 2 of currency_copper_coin (§aМѣдꙗнiк)
[06.03.2023 22:38:59][serveritem][give] sst4nk0 obtained 1 of rune_1_3of3 (§aРуна [§fтворiтель сѥ§a])
[06.03.2023 22:39:12][serveritem][give] sst4nk0 obtained 4 of currency_copper_coin (§aМѣдꙗнiк)
[06.03.2023 22:39:12][serveritem][take] sst4nk0 gave 1 of resource_log_birch (§7Берёзовое бревно)
[06.03.2023 22:39:12][serveritem][give] sst4nk0 obtained 4 of currency_copper_coin (§aМѣдꙗнiк)
[06.03.2023 22:39:12][serveritem][take] sst4nk0 gave 1 of resource_log_birch (§7Берёзовое бревно)
[06.03.2023 22:39:12][serveritem][give] sst4nk0 obtained 4 of currency_copper_coin (§aМѣдꙗнiк)
[06.03.2023 22:39:12][serveritem][take] sst4nk0 gave 1 of resource_log_birch (§7Берёзовое бревно)
[06.03.2023 22:39:13][serveritem][give] sst4nk0 obtained 4 of currency_copper_coin (§aМѣдꙗнiк)
[06.03.2023 22:39:13][serveritem][take] sst4nk0 gave 1 of resource_log_birch (§7Берёзовое бревно)
[06.03.2023 22:39:13][serveritem][give] sst4nk0 obtained 4 of currency_copper_coin (§aМѣдꙗнiк)
[06.03.2023 22:39:13][serveritem][take] sst4nk0 gave 1 of resource_log_birch (§7Берёзовое бревно)
[06.03.2023 22:39:13][serveritem][give] sst4nk0 obtained 4 of currency_copper_coin (§aМѣдꙗнiк)
[06.03.2023 22:39:13][serveritem][take] sst4nk0 gave 1 of resource_log_birch (§7Берёзовое бревно)
[06.03.2023 22:39:13][serveritem][give] sst4nk0 obtained 4 of currency_copper_coin (§aМѣдꙗнiк)
[06.03.2023 22:39:13][serveritem][take] sst4nk0 gave 1 of resource_log_birch (§7Берёзовое бревно)
[06.03.2023 22:39:13][serveritem][give] sst4nk0 obtained 4 of currency_copper_coin (§aМѣдꙗнiк)
[06.03.2023 22:39:13][serveritem][take] sst4nk0 gave 1 of resource_log_birch (§7Берёзовое бревно)
[06.03.2023 22:39:14][serveritem][give] sst4nk0 obtained 4 of currency_copper_coin (§aМѣдꙗнiк)
[06.03.2023 22:39:14][serveritem][take] sst4nk0 gave 1 of resource_log_birch (§7Берёзовое бревно)
[06.03.2023 22:39:14][serveritem][give] sst4nk0 obtained 3 of currency_copper_coin (§aМѣдꙗнiк)
[06.03.2023 22:39:14][serveritem][take] sst4nk0 gave 1 of resource_log_spruce (§7Хвойное бревно)
[06.03.2023 22:39:15][serveritem][give] sst4nk0 obtained 3 of currency_copper_coin (§aМѣдꙗнiк)
[06.03.2023 22:39:15][serveritem][take] sst4nk0 gave 1 of resource_log_spruce (§7Хвойное бревно)
[06.03.2023 22:39:15][serveritem][give] sst4nk0 obtained 3 of currency_copper_coin (§aМѣдꙗнiк)
[06.03.2023 22:39:15][serveritem][take] sst4nk0 gave 1 of resource_log_spruce (§7Хвойное бревно)
[06.03.2023 22:39:15][serveritem][give] sst4nk0 obtained 3 of currency_copper_coin (§aМѣдꙗнiк)
[06.03.2023 22:39:15][serveritem][take] sst4nk0 gave 1 of resource_log_spruce (§7Хвойное бревно)
[06.03.2023 22:39:15][serveritem][give] sst4nk0 obtained 3 of currency_copper_coin (§aМѣдꙗнiк)
[06.03.2023 22:39:15][serveritem][take] sst4nk0 gave 1 of resource_log_spruce (§7Хвойное бревно)
[06.03.2023 22:39:15][serveritem][give] sst4nk0 obtained 3 of currency_copper_coin (§aМѣдꙗнiк)
[06.03.2023 22:39:15][serveritem][take] sst4nk0 gave 1 of resource_log_spruce (§7Хвойное бревно)
[06.03.2023 22:39:15][serveritem][give] sst4nk0 obtained 3 of currency_copper_coin (§aМѣдꙗнiк)
[06.03.2023 22:39:15][serveritem][take] sst4nk0 gave 1 of resource_log_spruce (§7Хвойное бревно)
[06.03.2023 22:39:16][serveritem][give] sst4nk0 obtained 3 of currency_copper_coin (§aМѣдꙗнiк)
[06.03.2023 22:39:16][serveritem][take] sst4nk0 gave 1 of resource_log_spruce (§7Хвойное бревно)
[06.03.2023 22:39:16][serveritem][give] sst4nk0 obtained 3 of currency_copper_coin (§aМѣдꙗнiк)
[06.03.2023 22:39:16][serveritem][take] sst4nk0 gave 1 of resource_log_spruce (§7Хвойное бревно)
[06.03.2023 22:39:16][serveritem][give] sst4nk0 obtained 3 of currency_copper_coin (§aМѣдꙗнiк)
[06.03.2023 22:39:16][serveritem][take] sst4nk0 gave 1 of resource_log_spruce (§7Хвойное бревно)
[06.03.2023 22:39:16][serveritem][give] sst4nk0 obtained 3 of currency_copper_coin (§aМѣдꙗнiк)
[06.03.2023 22:39:16][serveritem][take] sst4nk0 gave 1 of resource_log_spruce (§7Хвойное бревно)
[06.03.2023 22:39:16][serveritem][give] sst4nk0 obtained 3 of currency_copper_coin (§aМѣдꙗнiк)
[06.03.2023 22:39:16][serveritem][take] sst4nk0 gave 1 of resource_log_spruce (§7Хвойное бревно)
[06.03.2023 22:39:16][serveritem][give] sst4nk0 obtained 3 of currency_copper_coin (§aМѣдꙗнiк)
[06.03.2023 22:39:16][serveritem][take] sst4nk0 gave 1 of resource_log_spruce (§7Хвойное бревно)
[06.03.2023 22:39:17][serveritem][give] sst4nk0 obtained 3 of currency_copper_coin (§aМѣдꙗнiк)
[06.03.2023 22:39:17][serveritem][take] sst4nk0 gave 1 of resource_log_spruce (§7Хвойное бревно)
[06.03.2023 22:39:17][serveritem][give] sst4nk0 obtained 3 of currency_copper_coin (§aМѣдꙗнiк)
[06.03.2023 22:39:17][serveritem][take] sst4nk0 gave 1 of resource_log_spruce (§7Хвойное бревно)
[06.03.2023 22:39:17][serveritem][give] sst4nk0 obtained 3 of currency_copper_coin (§aМѣдꙗнiк)
[06.03.2023 22:39:17][serveritem][take] sst4nk0 gave 1 of resource_log_spruce (§7Хвойное бревно)
[06.03.2023 22:39:17][serveritem][give] sst4nk0 obtained 3 of currency_copper_coin (§aМѣдꙗнiк)
[06.03.2023 22:39:17][serveritem][take] sst4nk0 gave 1 of resource_log_spruce (§7Хвойное бревно)
[06.03.2023 22:39:17][serveritem][give] sst4nk0 obtained 3 of currency_copper_coin (§aМѣдꙗнiк)
[06.03.2023 22:39:17][serveritem][take] sst4nk0 gave 1 of resource_log_spruce (§7Хвойное бревно)
[06.03.2023 22:39:17][serveritem][give] sst4nk0 obtained 3 of currency_copper_coin (§aМѣдꙗнiк)
[06.03.2023 22:39:17][serveritem][take] sst4nk0 gave 1 of resource_log_spruce (§7Хвойное бревно)
[06.03.2023 22:39:18][serveritem][give] sst4nk0 obtained 3 of currency_copper_coin (§aМѣдꙗнiк)
[06.03.2023 22:39:18][serveritem][take] sst4nk0 gave 1 of resource_log_spruce (§7Хвойное бревно)
[06.03.2023 22:39:18][serveritem][give] sst4nk0 obtained 3 of currency_copper_coin (§aМѣдꙗнiк)
[06.03.2023 22:39:18][serveritem][take] sst4nk0 gave 1 of resource_log_spruce (§7Хвойное бревно)
[06.03.2023 22:39:18][serveritem][give] sst4nk0 obtained 3 of currency_copper_coin (§aМѣдꙗнiк)
[06.03.2023 22:39:18][serveritem][take] sst4nk0 gave 1 of resource_log_spruce (§7Хвойное бревно)
[06.03.2023 22:39:18][serveritem][give] sst4nk0 obtained 2 of currency_copper_coin (§aМѣдꙗнiк)
[06.03.2023 22:39:18][serveritem][take] sst4nk0 gave 1 of resource_log_oak (§7Дубовое бревно)
[06.03.2023 22:39:19][serveritem][give] sst4nk0 obtained 2 of currency_copper_coin (§aМѣдꙗнiк)
[06.03.2023 22:39:19][serveritem][take] sst4nk0 gave 1 of resource_log_oak (§7Дубовое бревно)
[06.03.2023 22:39:19][serveritem][give] sst4nk0 obtained 2 of currency_copper_coin (§aМѣдꙗнiк)
[06.03.2023 22:39:19][serveritem][take] sst4nk0 gave 1 of resource_log_oak (§7Дубовое бревно)
[06.03.2023 22:39:19][serveritem][give] sst4nk0 obtained 2 of currency_copper_coin (§aМѣдꙗнiк)
[06.03.2023 22:39:19][serveritem][take] sst4nk0 gave 1 of resource_log_oak (§7Дубовое бревно)
[06.03.2023 22:39:19][serveritem][give] sst4nk0 obtained 2 of currency_copper_coin (§aМѣдꙗнiк)
[06.03.2023 22:39:19][serveritem][take] sst4nk0 gave 1 of resource_log_oak (§7Дубовое бревно)
[06.03.2023 22:39:19][serveritem][give] sst4nk0 obtained 2 of currency_copper_coin (§aМѣдꙗнiк)
[06.03.2023 22:39:19][serveritem][take] sst4nk0 gave 1 of resource_log_oak (§7Дубовое бревно)
[06.03.2023 22:39:19][serveritem][give] sst4nk0 obtained 2 of currency_copper_coin (§aМѣдꙗнiк)
[06.03.2023 22:39:19][serveritem][take] sst4nk0 gave 1 of resource_log_oak (§7Дубовое бревно)
[06.03.2023 22:39:20][serveritem][give] sst4nk0 obtained 2 of currency_copper_coin (§aМѣдꙗнiк)
[06.03.2023 22:39:20][serveritem][take] sst4nk0 gave 1 of resource_log_oak (§7Дубовое бревно)
[06.03.2023 22:39:20][serveritem][give] sst4nk0 obtained 2 of currency_copper_coin (§aМѣдꙗнiк)
[06.03.2023 22:39:20][serveritem][take] sst4nk0 gave 1 of resource_log_oak (§7Дубовое бревно)
[06.03.2023 22:39:20][serveritem][give] sst4nk0 obtained 2 of currency_copper_coin (§aМѣдꙗнiк)
[06.03.2023 22:39:20][serveritem][take] sst4nk0 gave 1 of resource_log_oak (§7Дубовое бревно)
[06.03.2023 22:39:20][serveritem][give] sst4nk0 obtained 2 of currency_copper_coin (§aМѣдꙗнiк)
[06.03.2023 22:39:20][serveritem][take] sst4nk0 gave 1 of resource_log_oak (§7Дубовое бревно)
[06.03.2023 22:39:20][serveritem][give] sst4nk0 obtained 2 of currency_copper_coin (§aМѣдꙗнiк)
[06.03.2023 22:39:20][serveritem][take] sst4nk0 gave 1 of resource_log_oak (§7Дубовое бревно)
[06.03.2023 22:39:20][serveritem][give] sst4nk0 obtained 2 of currency_copper_coin (§aМѣдꙗнiк)
[06.03.2023 22:39:20][serveritem][take] sst4nk0 gave 1 of resource_log_oak (§7Дубовое бревно)
[06.03.2023 22:39:21][serveritem][give] sst4nk0 obtained 2 of currency_copper_coin (§aМѣдꙗнiк)
[06.03.2023 22:39:21][serveritem][take] sst4nk0 gave 1 of resource_log_oak (§7Дубовое бревно)
[06.03.2023 22:39:21][serveritem][give] sst4nk0 obtained 2 of currency_copper_coin (§aМѣдꙗнiк)
[06.03.2023 22:39:21][serveritem][take] sst4nk0 gave 1 of resource_log_oak (§7Дубовое бревно)
[06.03.2023 22:39:21][serveritem][give] sst4nk0 obtained 2 of currency_copper_coin (§aМѣдꙗнiк)
[06.03.2023 22:39:21][serveritem][take] sst4nk0 gave 1 of resource_log_oak (§7Дубовое бревно)
[06.03.2023 22:39:21][serveritem][give] sst4nk0 obtained 2 of currency_copper_coin (§aМѣдꙗнiк)
[06.03.2023 22:39:21][serveritem][take] sst4nk0 gave 1 of resource_log_oak (§7Дубовое бревно)
[06.03.2023 22:39:21][serveritem][give] sst4nk0 obtained 2 of currency_copper_coin (§aМѣдꙗнiк)
[06.03.2023 22:39:21][serveritem][take] sst4nk0 gave 1 of resource_log_oak (§7Дубовое бревно)
[06.03.2023 22:39:22][serveritem][give] sst4nk0 obtained 2 of currency_copper_coin (§aМѣдꙗнiк)
[06.03.2023 22:39:22][serveritem][take] sst4nk0 gave 1 of resource_log_oak (§7Дубовое бревно)
[06.03.2023 22:39:22][serveritem][give] sst4nk0 obtained 2 of currency_copper_coin (§aМѣдꙗнiк)
[06.03.2023 22:39:22][serveritem][take] sst4nk0 gave 1 of resource_log_oak (§7Дубовое бревно)
[06.03.2023 22:39:22][serveritem][give] sst4nk0 obtained 2 of currency_copper_coin (§aМѣдꙗнiк)
[06.03.2023 22:39:22][serveritem][take] sst4nk0 gave 1 of resource_log_oak (§7Дубовое бревно)
[06.03.2023 22:39:22][serveritem][give] sst4nk0 obtained 2 of currency_copper_coin (§aМѣдꙗнiк)
[06.03.2023 22:39:22][serveritem][take] sst4nk0 gave 1 of resource_log_oak (§7Дубовое бревно)
[06.03.2023 22:39:22][serveritem][give] sst4nk0 obtained 2 of currency_copper_coin (§aМѣдꙗнiк)
[06.03.2023 22:39:22][serveritem][take] sst4nk0 gave 1 of resource_log_oak (§7Дубовое бревно)
[06.03.2023 22:39:22][serveritem][give] sst4nk0 obtained 2 of currency_copper_coin (§aМѣдꙗнiк)
[06.03.2023 22:39:22][serveritem][take] sst4nk0 gave 1 of resource_log_oak (§7Дубовое бревно)
[06.03.2023 22:39:23][serveritem][give] sst4nk0 obtained 2 of currency_copper_coin (§aМѣдꙗнiк)
[06.03.2023 22:39:23][serveritem][take] sst4nk0 gave 1 of resource_log_oak (§7Дубовое бревно)
[06.03.2023 22:39:23][serveritem][give] sst4nk0 obtained 2 of currency_copper_coin (§aМѣдꙗнiк)
[06.03.2023 22:39:23][serveritem][take] sst4nk0 gave 1 of resource_log_oak (§7Дубовое бревно)
[06.03.2023 22:42:52][serveritem][give] sst4nk0 obtained 6 of currency_copper_coin (§aМѣдꙗнiк)
[06.03.2023 22:42:52][serveritem][give] sst4nk0 obtained 1 of currency_copper_coin (§aМѣдꙗнiк)
[06.03.2023 22:42:53][serveritem][give] sst4nk0 obtained 6 of currency_copper_coin (§aМѣдꙗнiк)
[06.03.2023 22:42:53][serveritem][give] sst4nk0 obtained 2 of resource_log_spruce (§7Хвойное бревно)
[06.03.2023 22:42:53][serveritem][give] sst4nk0 obtained 2 of currency_copper_coin (§aМѣдꙗнiк)
[06.03.2023 22:42:53][serveritem][give] sst4nk0 obtained 2 of resource_log_spruce (§7Хвойное бревно)
[06.03.2023 22:42:53][serveritem][give] sst4nk0 obtained 2 of resource_log_spruce (§7Хвойное бревно)
[06.03.2023 22:42:54][serveritem][give] sst4nk0 obtained 6 of currency_copper_coin (§aМѣдꙗнiк)
[06.03.2023 22:42:54][serveritem][give] sst4nk0 obtained 2 of resource_log_oak (§7Дубовое бревно)
[06.03.2023 22:42:54][serveritem][give] sst4nk0 obtained 2 of resource_log_oak (§7Дубовое бревно)
[06.03.2023 22:42:54][serveritem][give] sst4nk0 obtained 6 of currency_copper_coin (§aМѣдꙗнiк)
[06.03.2023 22:42:55][serveritem][give] sst4nk0 obtained 2 of resource_log_oak (§7Дубовое бревно)
[06.03.2023 22:42:55][serveritem][give] sst4nk0 obtained 6 of currency_copper_coin (§aМѣдꙗнiк)
[06.03.2023 22:42:55][serveritem][give] sst4nk0 obtained 1 of rune_1_2of3 (§aРуна [§fѥсмъ§a])
[06.03.2023 22:42:55][serveritem][give] sst4nk0 obtained 6 of currency_copper_coin (§aМѣдꙗнiк)
[06.03.2023 22:42:55][serveritem][give] sst4nk0 obtained 4 of currency_copper_coin (§aМѣдꙗнiк)
[06.03.2023 22:42:56][serveritem][give] sst4nk0 obtained 1 of resource_log_spruce (§7Хвойное бревно)
[06.03.2023 22:42:56][serveritem][give] sst4nk0 obtained 1 of resource_log_spruce (§7Хвойное бревно)
[06.03.2023 22:42:56][serveritem][give] sst4nk0 obtained 4 of currency_copper_coin (§aМѣдꙗнiк)
[06.03.2023 22:42:56][serveritem][give] sst4nk0 obtained 1 of resource_log_birch (§7Берёзовое бревно)
[06.03.2023 22:42:56][serveritem][give] sst4nk0 obtained 1 of resource_log_spruce (§7Хвойное бревно)
[06.03.2023 22:42:57][serveritem][give] sst4nk0 obtained 1 of resource_log_birch (§7Берёзовое бревно)
[06.03.2023 22:42:57][serveritem][give] sst4nk0 obtained 2 of resource_log_spruce (§7Хвойное бревно)
[06.03.2023 22:42:57][serveritem][give] sst4nk0 obtained 3 of resource_log_oak (§7Дубовое бревно)
[06.03.2023 22:42:57][serveritem][give] sst4nk0 obtained 2 of currency_copper_coin (§aМѣдꙗнiк)
[06.03.2023 22:42:57][serveritem][give] sst4nk0 obtained 1 of resource_log_spruce (§7Хвойное бревно)
[06.03.2023 22:42:58][serveritem][give] sst4nk0 obtained 1 of currency_copper_coin (§aМѣдꙗнiк)
[06.03.2023 22:42:58][serveritem][give] sst4nk0 obtained 1 of resource_log_birch (§7Берёзовое бревно)
[06.03.2023 22:42:58][serveritem][give] sst4nk0 obtained 6 of currency_copper_coin (§aМѣдꙗнiк)
[06.03.2023 22:42:58][serveritem][give] sst4nk0 obtained 6 of currency_copper_coin (§aМѣдꙗнiк)
[06.03.2023 22:42:58][serveritem][give] sst4nk0 obtained 1 of currency_copper_coin (§aМѣдꙗнiк)
[06.03.2023 22:42:59][serveritem][give] sst4nk0 obtained 3 of resource_log_oak (§7Дубовое бревно)
[06.03.2023 22:42:59][serveritem][give] sst4nk0 obtained 6 of currency_copper_coin (§aМѣдꙗнiк)
[06.03.2023 22:42:59][serveritem][give] sst4nk0 obtained 1 of currency_copper_coin (§aМѣдꙗнiк)
[06.03.2023 22:42:59][serveritem][give] sst4nk0 obtained 4 of currency_copper_coin (§aМѣдꙗнiк)
[06.03.2023 22:42:59][serveritem][give] sst4nk0 obtained 1 of currency_copper_coin (§aМѣдꙗнiк)
[06.03.2023 22:43:00][serveritem][give] sst4nk0 obtained 4 of currency_copper_coin (§aМѣдꙗнiк)
[06.03.2023 22:43:00][serveritem][give] sst4nk0 obtained 1 of currency_copper_coin (§aМѣдꙗнiк)
[06.03.2023 22:43:00][serveritem][give] sst4nk0 obtained 1 of rune_1_1of3 (§aРуна [§fАζъ§a])
[06.03.2023 22:43:00][serveritem][give] sst4nk0 obtained 2 of resource_log_spruce (§7Хвойное бревно)
[06.03.2023 22:43:01][serveritem][give] sst4nk0 obtained 2 of resource_log_oak (§7Дубовое бревно)
[06.03.2023 22:43:01][serveritem][give] sst4nk0 obtained 2 of currency_copper_coin (§aМѣдꙗнiк)
[06.03.2023 22:43:01][serveritem][give] sst4nk0 obtained 1 of resource_log_birch (§7Берёзовое бревно)
[06.03.2023 22:43:01][serveritem][give] sst4nk0 obtained 3 of resource_log_oak (§7Дубовое бревно)
[06.03.2023 22:43:01][serveritem][give] sst4nk0 obtained 1 of currency_copper_coin (§aМѣдꙗнiк)
[06.03.2023 22:43:02][serveritem][give] sst4nk0 obtained 1 of resource_log_birch (§7Берёзовое бревно)
[06.03.2023 22:43:02][serveritem][give] sst4nk0 obtained 3 of resource_log_oak (§7Дубовое бревно)
[06.03.2023 22:43:02][serveritem][give] sst4nk0 obtained 4 of currency_copper_coin (§aМѣдꙗнiк)
[06.03.2023 22:43:02][serveritem][give] sst4nk0 obtained 1 of rune_1_3of3 (§aРуна [§fтворiтель сѥ§a])
[06.03.2023 22:43:02][serveritem][give] sst4nk0 obtained 1 of resource_log_birch (§7Берёзовое бревно)
[06.03.2023 22:43:03][serveritem][give] sst4nk0 obtained 2 of resource_log_oak (§7Дубовое бревно)
[06.03.2023 22:43:03][serveritem][give] sst4nk0 obtained 6 of currency_copper_coin (§aМѣдꙗнiк)
[06.03.2023 22:43:03][serveritem][give] sst4nk0 obtained 4 of currency_copper_coin (§aМѣдꙗнiк)
[06.03.2023 22:43:03][serveritem][give] sst4nk0 obtained 6 of currency_copper_coin (§aМѣдꙗнiк)
[06.03.2023 22:43:04][serveritem][give] sst4nk0 obtained 1 of currency_silver_coin (§aСребрꙗнiк)
[06.03.2023 22:43:04][serveritem][give] sst4nk0 obtained 6 of currency_copper_coin (§aМѣдꙗнiк)
[06.03.2023 22:43:04][serveritem][give] sst4nk0 obtained 1 of resource_log_spruce (§7Хвойное бревно)
[06.03.2023 22:43:04][serveritem][give] sst4nk0 obtained 3 of resource_log_oak (§7Дубовое бревно)
[06.03.2023 22:43:04][serveritem][give] sst4nk0 obtained 3 of resource_log_oak (§7Дубовое бревно)
[06.03.2023 22:43:05][serveritem][give] sst4nk0 obtained 1 of currency_copper_coin (§aМѣдꙗнiк)
[06.03.2023 22:43:05][serveritem][give] sst4nk0 obtained 1 of currency_copper_coin (§aМѣдꙗнiк)
[06.03.2023 22:43:05][serveritem][give] sst4nk0 obtained 2 of resource_log_oak (§7Дубовое бревно)
[06.03.2023 22:43:06][serveritem][give] sst4nk0 obtained 3 of resource_log_oak (§7Дубовое бревно)
[06.03.2023 22:44:23][serveritem][give] sst4nk0 obtained 2 of currency_copper_coin (§aМѣдꙗнiк)
[06.03.2023 22:44:23][serveritem][give] sst4nk0 obtained 1 of rune_1_3of3 (§aРуна [§fтворiтель сѥ§a])
[06.03.2023 22:44:23][serveritem][give] sst4nk0 obtained 2 of resource_log_oak (§7Дубовое бревно)
[06.03.2023 22:44:23][serveritem][give] sst4nk0 obtained 2 of currency_copper_coin (§aМѣдꙗнiк)
[06.03.2023 22:44:23][serveritem][give] sst4nk0 obtained 6 of currency_copper_coin (§aМѣдꙗнiк)
[06.03.2023 22:44:24][serveritem][give] sst4nk0 obtained 2 of resource_log_oak (§7Дубовое бревно)
[06.03.2023 22:44:24][serveritem][give] sst4nk0 obtained 2 of currency_copper_coin (§aМѣдꙗнiк)
[06.03.2023 22:44:24][serveritem][give] sst4nk0 obtained 6 of currency_copper_coin (§aМѣдꙗнiк)
[06.03.2023 22:44:24][serveritem][give] sst4nk0 obtained 4 of currency_copper_coin (§aМѣдꙗнiк)
[06.03.2023 22:44:24][serveritem][give] sst4nk0 obtained 1 of resource_log_birch (§7Берёзовое бревно)
[06.03.2023 22:44:25][serveritem][give] sst4nk0 obtained 2 of currency_copper_coin (§aМѣдꙗнiк)
[06.03.2023 22:44:25][serveritem][give] sst4nk0 obtained 6 of currency_copper_coin (§aМѣдꙗнiк)
[06.03.2023 22:44:25][serveritem][give] sst4nk0 obtained 2 of currency_copper_coin (§aМѣдꙗнiк)
[06.03.2023 22:44:25][serveritem][give] sst4nk0 obtained 2 of resource_log_spruce (§7Хвойное бревно)
[06.03.2023 22:44:25][serveritem][give] sst4nk0 obtained 6 of currency_copper_coin (§aМѣдꙗнiк)
[06.03.2023 22:44:26][serveritem][give] sst4nk0 obtained 1 of resource_log_spruce (§7Хвойное бревно)
[06.03.2023 22:44:26][serveritem][give] sst4nk0 obtained 1 of resource_log_spruce (§7Хвойное бревно)
[06.03.2023 22:44:26][serveritem][give] sst4nk0 obtained 2 of currency_copper_coin (§aМѣдꙗнiк)
[06.03.2023 22:44:26][serveritem][give] sst4nk0 obtained 4 of currency_copper_coin (§aМѣдꙗнiк)
[06.03.2023 22:44:26][serveritem][give] sst4nk0 obtained 2 of currency_copper_coin (§aМѣдꙗнiк)
[06.03.2023 22:44:27][serveritem][give] sst4nk0 obtained 1 of resource_log_birch (§7Берёзовое бревно)
[06.03.2023 22:44:27][serveritem][give] sst4nk0 obtained 3 of resource_log_oak (§7Дубовое бревно)
[06.03.2023 22:44:27][serveritem][give] sst4nk0 obtained 2 of resource_log_oak (§7Дубовое бревно)
[06.03.2023 22:44:27][serveritem][give] sst4nk0 obtained 1 of currency_copper_coin (§aМѣдꙗнiк)
[06.03.2023 22:44:27][serveritem][give] sst4nk0 obtained 1 of resource_log_spruce (§7Хвойное бревно)
[06.03.2023 22:44:28][serveritem][give] sst4nk0 obtained 2 of resource_log_spruce (§7Хвойное бревно)
[06.03.2023 22:44:28][serveritem][give] sst4nk0 obtained 2 of resource_log_spruce (§7Хвойное бревно)
[06.03.2023 22:44:28][serveritem][give] sst4nk0 obtained 1 of resource_log_birch (§7Берёзовое бревно)
[06.03.2023 22:44:28][serveritem][give] sst4nk0 obtained 4 of currency_copper_coin (§aМѣдꙗнiк)
[06.03.2023 22:44:28][serveritem][give] sst4nk0 obtained 1 of currency_copper_coin (§aМѣдꙗнiк)
[06.03.2023 22:44:29][serveritem][give] sst4nk0 obtained 2 of resource_log_oak (§7Дубовое бревно)
[06.03.2023 22:44:29][serveritem][give] sst4nk0 obtained 2 of currency_copper_coin (§aМѣдꙗнiк)
[06.03.2023 22:44:29][serveritem][give] sst4nk0 obtained 1 of resource_log_spruce (§7Хвойное бревно)
[06.03.2023 22:44:29][serveritem][give] sst4nk0 obtained 1 of resource_log_birch (§7Берёзовое бревно)
[06.03.2023 22:44:29][serveritem][give] sst4nk0 obtained 6 of currency_copper_coin (§aМѣдꙗнiк)
[06.03.2023 22:44:30][serveritem][give] sst4nk0 obtained 1 of resource_log_birch (§7Берёзовое бревно)
[06.03.2023 22:44:30][serveritem][give] sst4nk0 obtained 6 of currency_copper_coin (§aМѣдꙗнiк)
[06.03.2023 22:44:30][serveritem][give] sst4nk0 obtained 1 of resource_log_spruce (§7Хвойное бревно)
[06.03.2023 22:44:30][serveritem][give] sst4nk0 obtained 4 of currency_copper_coin (§aМѣдꙗнiк)
[06.03.2023 22:44:30][serveritem][give] sst4nk0 obtained 2 of resource_log_spruce (§7Хвойное бревно)
[06.03.2023 22:44:31][serveritem][give] sst4nk0 obtained 1 of currency_copper_coin (§aМѣдꙗнiк)
[06.03.2023 22:44:31][serveritem][give] sst4nk0 obtained 1 of resource_log_spruce (§7Хвойное бревно)
[06.03.2023 22:44:31][serveritem][give] sst4nk0 obtained 2 of resource_log_spruce (§7Хвойное бревно)
[06.03.2023 22:44:31][serveritem][give] sst4nk0 obtained 4 of currency_copper_coin (§aМѣдꙗнiк)
[06.03.2023 22:44:32][serveritem][give] sst4nk0 obtained 6 of currency_copper_coin (§aМѣдꙗнiк)
[06.03.2023 22:44:32][serveritem][give] sst4nk0 obtained 2 of resource_log_spruce (§7Хвойное бревно)
[06.03.2023 22:44:32][serveritem][give] sst4nk0 obtained 4 of currency_copper_coin (§aМѣдꙗнiк)
[06.03.2023 22:44:32][serveritem][give] sst4nk0 obtained 1 of resource_log_spruce (§7Хвойное бревно)
[06.03.2023 22:44:32][serveritem][give] sst4nk0 obtained 2 of resource_log_oak (§7Дубовое бревно)
[06.03.2023 22:44:33][serveritem][give] sst4nk0 obtained 4 of currency_copper_coin (§aМѣдꙗнiк)
[06.03.2023 22:44:33][serveritem][give] sst4nk0 obtained 1 of currency_copper_coin (§aМѣдꙗнiк)
[06.03.2023 22:44:33][serveritem][give] sst4nk0 obtained 6 of currency_copper_coin (§aМѣдꙗнiк)
[06.03.2023 22:44:33][serveritem][give] sst4nk0 obtained 2 of resource_log_oak (§7Дубовое бревно)
[06.03.2023 22:44:33][serveritem][give] sst4nk0 obtained 1 of currency_silver_coin (§aСребрꙗнiк)
[06.03.2023 22:44:34][serveritem][give] sst4nk0 obtained 6 of currency_copper_coin (§aМѣдꙗнiк)
[06.03.2023 22:44:34][serveritem][give] sst4nk0 obtained 6 of currency_copper_coin (§aМѣдꙗнiк)
[06.03.2023 22:44:34][serveritem][give] sst4nk0 obtained 2 of currency_copper_coin (§aМѣдꙗнiк)
[06.03.2023 22:44:34][serveritem][give] sst4nk0 obtained 2 of resource_log_spruce (§7Хвойное бревно)
[06.03.2023 22:44:35][serveritem][give] sst4nk0 obtained 1 of resource_log_birch (§7Берёзовое бревно)
[06.03.2023 22:44:35][serveritem][give] sst4nk0 obtained 2 of resource_log_oak (§7Дубовое бревно)
[06.03.2023 22:44:35][serveritem][give] sst4nk0 obtained 3 of resource_log_oak (§7Дубовое бревно)
[06.03.2023 22:44:35][serveritem][give] sst4nk0 obtained 6 of currency_copper_coin (§aМѣдꙗнiк)
[06.03.2023 22:44:36][serveritem][give] sst4nk0 obtained 2 of resource_log_spruce (§7Хвойное бревно)
