[19.03.2023 05:50:43][serveritem][give] sst4nk0 obtained 1 of resource_copper (§7Медь)
[19.03.2023 05:50:50][serveritem][give] sst4nk0 obtained 1 of resource_copper (§7Медь)
[19.03.2023 05:51:20][serveritem][give] sst4nk0 obtained 1 of resource_iron (§7Железо)
[19.03.2023 05:51:36][serveritem][give] sst4nk0 obtained 1 of resource_gold (§7Золото)
[19.03.2023 05:51:45][serveritem][give] sst4nk0 obtained 1 of resource_gold (§7Золото)
[19.03.2023 05:51:49][serveritem][give] sst4nk0 obtained 1 of resource_gold (§7Золото)
[19.03.2023 05:51:53][serveritem][give] sst4nk0 obtained 1 of resource_iron (§7Железо)
[19.03.2023 05:52:00][serveritem][give] sst4nk0 obtained 2 of resource_redspice (§7Красная пряность)
[19.03.2023 05:52:32][serveritem][give] sst4nk0 obtained 2 of resource_iron (§7Железо)
[19.03.2023 05:56:08][serveritem][give] sst4nk0 obtained 1 of resource_iron (§7Железо)
[19.03.2023 05:56:12][serveritem][give] sst4nk0 obtained 2 of resource_redspice (§7Красная пряность)
[19.03.2023 05:56:16][serveritem][give] sst4nk0 obtained 1 of resource_gold (§7Золото)
[19.03.2023 05:57:33][serveritem][give] sst4nk0 obtained 1 of resource_iron (§7Железо)
[19.03.2023 05:57:46][serveritem][give] sst4nk0 obtained 1 of resource_gold (§7Золото)
[19.03.2023 05:57:54][serveritem][give] sst4nk0 obtained 1 of resource_copper (§7Медь)
[19.03.2023 05:58:04][serveritem][give] sst4nk0 obtained 1 of resource_copper (§7Медь)
[19.03.2023 06:01:58][serveritem][give] sst4nk0 obtained 1 of resource_copper (§7Медь)
[19.03.2023 06:02:05][serveritem][give] sst4nk0 obtained 1 of resource_copper (§7Медь)
[19.03.2023 06:50:09][serveritem][give] sst4nk0 obtained 1 of resource_copper (§7Медь)
[19.03.2023 06:54:27][serveritem][give] sst4nk0 obtained 1 of resource_copper (§7Медь)
[19.03.2023 06:54:34][serveritem][give] sst4nk0 obtained 1 of resource_copper (§7Медь)
[19.03.2023 06:54:41][serveritem][give] sst4nk0 obtained 1 of resource_iron (§7Железо)
[19.03.2023 06:54:47][serveritem][give] sst4nk0 obtained 1 of resource_copper (§7Медь)
[19.03.2023 06:54:54][serveritem][give] sst4nk0 obtained 1 of resource_iron (§7Железо)
[19.03.2023 06:57:42][serveritem][give] sst4nk0 obtained 1 of resource_copper (§7Медь)
[19.03.2023 07:49:57][serveritem][give] LogiFlo obtained 1 of resource_copper (§7Медь)
[19.03.2023 07:50:11][serveritem][give] LogiFlo obtained 1 of resource_iron (§7Железо)
[19.03.2023 07:50:11][serveritem][give] LogiFlo obtained 1 of resource_iron (§7Железо)
[19.03.2023 07:50:22][serveritem][give] LogiFlo obtained 1 of resource_copper (§7Медь)
[19.03.2023 07:50:32][serveritem][give] LogiFlo obtained 1 of resource_copper (§7Медь)
[19.03.2023 07:51:01][serveritem][give] LogiFlo obtained 1 of resource_copper (§7Медь)
[19.03.2023 12:17:05][serveritem][give] sst4nk0 obtained 1 of resource_copper (§7Медь)
[19.03.2023 12:29:27][serveritem][give] sst4nk0 obtained 1 of resource_copper (§7Медь)
[19.03.2023 12:29:42][serveritem][give] sst4nk0 obtained 1 of resource_copper (§7Медь)
[19.03.2023 12:30:38][serveritem][give] sst4nk0 obtained 1 of resource_copper (§7Медь)
[19.03.2023 12:32:02][serveritem][give] sst4nk0 obtained 2 of resource_iron (§7Железо)
[19.03.2023 12:53:31][serveritem][give] sst4nk0 obtained 1 of resource_copper (§7Медь)
[19.03.2023 12:55:45][serveritem][give] sst4nk0 obtained 1 of resource_copper (§7Медь)
[19.03.2023 12:59:08][serveritem][give] sst4nk0 obtained 1 of resource_iron (§7Железо)
[19.03.2023 13:08:15][serveritem][give] sst4nk0 obtained 1 of resource_copper (§7Медь)
[19.03.2023 13:10:16][serveritem][give] Zipperok obtained 1 of resource_copper (§7Медь)
[19.03.2023 13:11:36][serveritem][give] Zipperok obtained 3 of resource_log_oak (§7Дубовое бревно)
[19.03.2023 13:12:20][serveritem][give] Zipperok obtained 1 of resource_copper (§7Медь)
[19.03.2023 13:13:03][serveritem][give] Zipperok obtained 1 of resource_copper (§7Медь)
[19.03.2023 13:13:10][serveritem][give] Zipperok obtained 1 of resource_iron (§7Железо)
[19.03.2023 13:15:35][serveritem][give] Zipperok obtained 1 of resource_iron (§7Железо)
[19.03.2023 13:15:39][serveritem][give] Zipperok obtained 1 of resource_copper (§7Медь)
[19.03.2023 13:15:45][serveritem][give] Zipperok obtained 1 of resource_copper (§7Медь)
[19.03.2023 13:15:54][serveritem][give] sst4nk0 obtained 1 of resource_copper (§7Медь)
[19.03.2023 13:15:55][serveritem][give] Zipperok obtained 1 of resource_copper (§7Медь)
[19.03.2023 13:16:01][serveritem][give] Zipperok obtained 1 of resource_gold (§7Золото)
[19.03.2023 13:19:22][serveritem][give] sst4nk0 obtained 1 of resource_iron (§7Железо)
[19.03.2023 13:19:25][serveritem][give] Zipperok obtained 1 of resource_iron (§7Железо)
[19.03.2023 13:19:31][serveritem][give] Zipperok obtained 1 of resource_copper (§7Медь)
[19.03.2023 13:19:39][serveritem][give] Zipperok obtained 1 of resource_copper (§7Медь)
[19.03.2023 13:25:10][serveritem][give] Zipperok obtained 1 of resource_iron (§7Железо)
[19.03.2023 13:25:17][serveritem][give] Zipperok obtained 1 of resource_copper (§7Медь)
[19.03.2023 13:25:31][serveritem][give] Zipperok obtained 1 of resource_copper (§7Медь)
[19.03.2023 13:25:39][serveritem][give] sst4nk0 obtained 1 of resource_copper (§7Медь)
[19.03.2023 13:25:47][serveritem][give] sst4nk0 obtained 1 of resource_copper (§7Медь)
[19.03.2023 13:25:53][serveritem][give] sst4nk0 obtained 1 of resource_copper (§7Медь)
[19.03.2023 13:28:22][serveritem][give] Zipperok obtained 1 of resource_copper (§7Медь)
[19.03.2023 13:28:33][serveritem][give] Zipperok obtained 1 of resource_copper (§7Медь)
[19.03.2023 13:28:45][serveritem][give] Zipperok obtained 1 of resource_iron (§7Железо)
[19.03.2023 13:29:24][serveritem][give] Zipperok obtained 1 of resource_copper (§7Медь)
[19.03.2023 13:32:20][serveritem][give] Zipperok obtained 1 of resource_iron (§7Железо)
[19.03.2023 13:35:58][serveritem][give] Zipperok obtained 1 of resource_iron (§7Железо)
[19.03.2023 13:36:05][serveritem][give] sst4nk0 obtained 1 of resource_copper (§7Медь)
[19.03.2023 13:36:29][serveritem][give] Zipperok obtained 1 of resource_copper (§7Медь)
[19.03.2023 13:38:21][serveritem][give] sst4nk0 obtained 1 of resource_gold (§7Золото)
[19.03.2023 13:38:26][serveritem][give] Zipperok obtained 1 of resource_copper (§7Медь)
[19.03.2023 13:38:57][serveritem][give] Zipperok obtained 1 of resource_iron (§7Железо)
[19.03.2023 13:45:54][serveritem][give] sst4nk0 obtained 1 of resource_gold (§7Золото)
[19.03.2023 13:45:57][serveritem][give] Zipperok obtained 1 of resource_iron (§7Железо)
[19.03.2023 13:46:06][serveritem][give] Zipperok obtained 1 of resource_copper (§7Медь)
[19.03.2023 13:46:21][serveritem][give] Zipperok obtained 1 of resource_iron (§7Железо)
[19.03.2023 13:49:17][serveritem][give] Zipperok obtained 1 of resource_iron (§7Железо)
[19.03.2023 13:51:13][serveritem][give] sst4nk0 obtained 1 of resource_gold (§7Золото)
[19.03.2023 13:51:27][serveritem][give] Zipperok obtained 1 of resource_iron (§7Железо)
[19.03.2023 13:57:42][serveritem][give] Zipperok obtained 1 of resource_iron (§7Железо)
[19.03.2023 14:02:24][serveritem][give] Zipperok obtained 1 of resource_iron (§7Железо)
[19.03.2023 14:06:07][serveritem][give] Zipperok obtained 1 of resource_iron (§7Железо)
[19.03.2023 14:06:15][serveritem][give] sst4nk0 obtained 1 of resource_copper (§7Медь)
[19.03.2023 14:06:23][serveritem][give] Zipperok obtained 1 of resource_copper (§7Медь)
[19.03.2023 14:07:19][serveritem][give] Zipperok obtained 1 of resource_copper (§7Медь)
[19.03.2023 14:07:31][serveritem][give] Zipperok obtained 1 of resource_copper (§7Медь)
[19.03.2023 14:07:34][serveritem][give] sst4nk0 obtained 1 of resource_copper (§7Медь)
[19.03.2023 14:08:41][serveritem][give] sst4nk0 obtained 1 of resource_copper (§7Медь)
[19.03.2023 14:10:07][serveritem][give] sst4nk0 obtained 2 of resource_copper (§7Медь)
[19.03.2023 14:10:26][serveritem][give] sst4nk0 obtained 2 of resource_iron (§7Железо)
[19.03.2023 14:10:33][serveritem][give] sst4nk0 obtained 2 of resource_copper (§7Медь)
[19.03.2023 14:10:46][serveritem][give] sst4nk0 obtained 1 of resource_copper (§7Медь)
[19.03.2023 14:10:54][serveritem][give] sst4nk0 obtained 1 of resource_gold (§7Золото)
[19.03.2023 14:15:40][serveritem][give] sst4nk0 obtained 1 of resource_iron (§7Железо)
[19.03.2023 14:15:49][serveritem][give] sst4nk0 obtained 2 of resource_redspice (§7Красная пряность)
[19.03.2023 14:43:30][serveritem][give] sst4nk0 obtained 1 of resource_gold (§7Золото)
[19.03.2023 14:43:33][serveritem][give] sst4nk0 obtained 1 of resource_gold (§7Золото)
[19.03.2023 14:43:38][serveritem][give] sst4nk0 obtained 1 of resource_copper (§7Медь)
[19.03.2023 14:45:33][serveritem][give] sst4nk0 obtained 2 of resource_iron (§7Железо)
[19.03.2023 14:45:37][serveritem][give] sst4nk0 obtained 2 of resource_gold (§7Золото)
[19.03.2023 14:45:40][serveritem][give] sst4nk0 obtained 2 of resource_gold (§7Золото)
[19.03.2023 14:45:43][serveritem][give] sst4nk0 obtained 2 of resource_iron (§7Железо)
[19.03.2023 14:45:45][serveritem][give] sst4nk0 obtained 2 of resource_redspice (§7Красная пряность)
[19.03.2023 14:46:16][serveritem][give] sst4nk0 obtained 2 of resource_copper (§7Медь)
[19.03.2023 14:46:20][serveritem][give] sst4nk0 obtained 2 of resource_iron (§7Железо)
[19.03.2023 14:46:43][serveritem][give] sst4nk0 obtained 4 of currency_copper_coin (§aМѣдꙗнiк)
[19.03.2023 14:46:45][serveritem][give] sst4nk0 obtained 2 of currency_copper_coin (§aМѣдꙗнiк)
[19.03.2023 14:46:46][serveritem][give] sst4nk0 obtained 4 of currency_copper_coin (§aМѣдꙗнiк)
[19.03.2023 14:46:46][serveritem][give] sst4nk0 obtained 6 of currency_copper_coin (§aМѣдꙗнiк)
[19.03.2023 14:46:46][serveritem][give] sst4nk0 obtained 6 of currency_copper_coin (§aМѣдꙗнiк)
[19.03.2023 14:46:46][serveritem][give] sst4nk0 obtained 6 of currency_copper_coin (§aМѣдꙗнiк)
[19.03.2023 14:46:46][serveritem][give] sst4nk0 obtained 1 of resource_log_spruce (§7Хвойное бревно)
[19.03.2023 14:46:47][serveritem][give] sst4nk0 obtained 2 of currency_copper_coin (§aМѣдꙗнiк)
[19.03.2023 14:46:47][serveritem][give] sst4nk0 obtained 1 of currency_copper_coin (§aМѣдꙗнiк)
[19.03.2023 14:46:47][serveritem][give] sst4nk0 obtained 2 of resource_log_spruce (§7Хвойное бревно)
[19.03.2023 14:46:48][serveritem][give] sst4nk0 obtained 1 of rune_1_2of3 (§aРуна [§fѥсмъ§a])
[19.03.2023 14:46:48][serveritem][give] sst4nk0 obtained 1 of currency_copper_coin (§aМѣдꙗнiк)
[19.03.2023 14:46:48][serveritem][give] sst4nk0 obtained 1 of currency_copper_coin (§aМѣдꙗнiк)
[19.03.2023 14:46:48][serveritem][give] sst4nk0 obtained 1 of resource_log_spruce (§7Хвойное бревно)
[19.03.2023 14:46:48][serveritem][give] sst4nk0 obtained 6 of currency_copper_coin (§aМѣдꙗнiк)
[19.03.2023 14:46:49][serveritem][give] sst4nk0 obtained 4 of currency_copper_coin (§aМѣдꙗнiк)
[19.03.2023 14:46:49][serveritem][give] sst4nk0 obtained 2 of resource_log_oak (§7Дубовое бревно)
[19.03.2023 14:46:49][serveritem][give] sst4nk0 obtained 6 of currency_copper_coin (§aМѣдꙗнiк)
[19.03.2023 14:46:49][serveritem][give] sst4nk0 obtained 6 of currency_copper_coin (§aМѣдꙗнiк)
[19.03.2023 14:46:49][serveritem][give] sst4nk0 obtained 2 of currency_copper_coin (§aМѣдꙗнiк)
[19.03.2023 14:46:50][serveritem][give] sst4nk0 obtained 2 of resource_log_oak (§7Дубовое бревно)
[19.03.2023 14:46:50][serveritem][give] sst4nk0 obtained 6 of currency_copper_coin (§aМѣдꙗнiк)
[19.03.2023 14:46:50][serveritem][give] sst4nk0 obtained 2 of currency_copper_coin (§aМѣдꙗнiк)
[19.03.2023 14:46:50][serveritem][give] sst4nk0 obtained 2 of resource_log_spruce (§7Хвойное бревно)
[19.03.2023 14:47:07][serveritem][give] sst4nk0 obtained 4 of currency_copper_coin (§aМѣдꙗнiк)
[19.03.2023 14:47:55][serveritem][give] sst4nk0 obtained 2 of currency_copper_coin (§aМѣдꙗнiк)
[19.03.2023 14:52:44][serveritem][give] sst4nk0 obtained 1 of resource_gold (§7Золото)
[19.03.2023 14:57:03][serveritem][give] sst4nk0 obtained 1 of resource_gold (§7Золото)
[19.03.2023 14:57:06][serveritem][give] sst4nk0 obtained 1 of resource_gold (§7Золото)
[19.03.2023 14:57:32][serveritem][give] sst4nk0 obtained 2 of resource_iron (§7Железо)
[19.03.2023 15:06:04][serveritem][give] sst4nk0 obtained 2 of resource_redspice (§7Красная пряность)
[19.03.2023 15:07:26][serveritem][give] sst4nk0 obtained 1 of resource_iron (§7Железо)
[19.03.2023 15:07:35][serveritem][give] sst4nk0 obtained 1 of resource_gold (§7Золото)
[19.03.2023 15:14:04][serveritem][give] sst4nk0 obtained 1 of resource_copper (§7Медь)
[19.03.2023 15:15:51][serveritem][give] sst4nk0 obtained 2 of resource_redspice (§7Красная пряность)
[19.03.2023 15:17:00][serveritem][give] sst4nk0 obtained 1 of resource_iron (§7Железо)
[19.03.2023 15:17:18][serveritem][give] sst4nk0 obtained 1 of resource_iron (§7Железо)
[19.03.2023 15:17:34][serveritem][give] sst4nk0 obtained 1 of resource_gold (§7Золото)
[19.03.2023 15:39:24][serveritem][give] sst4nk0 obtained 1 of resource_copper (§7Медь)
[19.03.2023 15:39:31][serveritem][give] sst4nk0 obtained 1 of resource_copper (§7Медь)
[19.03.2023 15:39:34][serveritem][give] sst4nk0 obtained 2 of resource_copper (§7Медь)
[19.03.2023 15:39:45][serveritem][give] sst4nk0 obtained 1 of resource_iron (§7Железо)
[19.03.2023 15:39:56][serveritem][give] sst4nk0 obtained 1 of resource_gold (§7Золото)
[19.03.2023 15:40:03][serveritem][give] sst4nk0 obtained 2 of resource_iron (§7Железо)
[19.03.2023 15:40:11][serveritem][give] sst4nk0 obtained 2 of resource_gold (§7Золото)
[19.03.2023 15:40:42][serveritem][give] sst4nk0 obtained 2 of resource_redspice (§7Красная пряность)
[19.03.2023 16:01:01][serveritem][give] sst4nk0 obtained 1 of resource_copper (§7Медь)
[19.03.2023 16:40:02][serveritem][give] sst4nk0 obtained 1 of resource_copper (§7Медь)
[19.03.2023 16:40:11][serveritem][give] sst4nk0 obtained 1 of resource_copper (§7Медь)
[19.03.2023 16:42:54][serveritem][give] sst4nk0 obtained 1 of resource_copper (§7Медь)
[19.03.2023 16:45:26][serveritem][give] sst4nk0 obtained 1 of resource_copper (§7Медь)
[19.03.2023 16:47:09][serveritem][give] sst4nk0 obtained 1 of resource_copper (§7Медь)
[19.03.2023 16:47:22][serveritem][give] sst4nk0 obtained 2 of resource_iron (§7Железо)
[19.03.2023 16:49:38][serveritem][give] sst4nk0 obtained 1 of resource_redspice (§7Красная пряность)
[19.03.2023 16:52:13][serveritem][give] sst4nk0 obtained 2 of resource_iron (§7Железо)
[19.03.2023 16:52:26][serveritem][give] sst4nk0 obtained 2 of resource_copper (§7Медь)
[19.03.2023 16:58:24][serveritem][give] sst4nk0 obtained 2 of resource_copper (§7Медь)
[19.03.2023 16:58:55][serveritem][give] sst4nk0 obtained 1 of currency_gold_coin (§aζлантнiк)
[19.03.2023 16:58:55][serveritem][take] sst4nk0 gave 64 of currency_silver_coin (§aСребрꙗнiк)
[19.03.2023 16:58:58][serveritem][give] sst4nk0 obtained 64 of currency_silver_coin (§aСребрꙗнiк)
[19.03.2023 16:58:58][serveritem][take] sst4nk0 gave 1 of currency_gold_coin (§aζлантнiк)
[19.03.2023 16:59:04][serveritem][give] sst4nk0 obtained 64 of currency_copper_coin (§aМѣдꙗнiк)
[19.03.2023 16:59:04][serveritem][take] sst4nk0 gave 1 of currency_silver_coin (§aСребрꙗнiк)
[19.03.2023 16:59:07][serveritem][give] sst4nk0 obtained 1 of currency_silver_coin (§aСребрꙗнiк)
[19.03.2023 16:59:07][serveritem][take] sst4nk0 gave 64 of currency_copper_coin (§aМѣдꙗнiк)
[19.03.2023 16:59:11][serveritem][give] sst4nk0 obtained 6 of currency_copper_coin (§aМѣдꙗнiк)
[19.03.2023 16:59:12][serveritem][give] sst4nk0 obtained 4 of currency_copper_coin (§aМѣдꙗнiк)
[19.03.2023 16:59:12][serveritem][give] sst4nk0 obtained 1 of resource_log_spruce (§7Хвойное бревно)
[19.03.2023 16:59:12][serveritem][give] sst4nk0 obtained 2 of currency_copper_coin (§aМѣдꙗнiк)
[19.03.2023 16:59:13][serveritem][give] sst4nk0 obtained 1 of resource_log_birch (§7Берёзовое бревно)
[19.03.2023 16:59:13][serveritem][give] sst4nk0 obtained 6 of currency_copper_coin (§aМѣдꙗнiк)
[19.03.2023 16:59:13][serveritem][give] sst4nk0 obtained 4 of currency_copper_coin (§aМѣдꙗнiк)
[19.03.2023 16:59:30][serveritem][give] sst4nk0 obtained 1 of crate_key_common (§fКлюч)
[19.03.2023 16:59:45][serveritem][give] sst4nk0 obtained 1 of resource_copper (§7Медь)
[19.03.2023 17:07:30][serveritem][give] sst4nk0 obtained 2 of resource_copper (§7Медь)
[19.03.2023 17:07:34][serveritem][give] sst4nk0 obtained 2 of resource_copper (§7Медь)
[19.03.2023 17:07:37][serveritem][give] sst4nk0 obtained 1 of resource_copper (§7Медь)
[19.03.2023 17:07:47][serveritem][give] sst4nk0 obtained 1 of resource_copper (§7Медь)
[19.03.2023 17:08:01][serveritem][give] sst4nk0 obtained 1 of resource_iron (§7Железо)
[19.03.2023 17:08:06][serveritem][give] sst4nk0 obtained 1 of resource_gold (§7Золото)
[19.03.2023 18:58:31][serveritem][give] sst4nk0 obtained 1 of resource_iron (§7Железо)
[19.03.2023 18:58:36][serveritem][give] sst4nk0 obtained 1 of resource_copper (§7Медь)
[19.03.2023 19:00:37][serveritem][give] sst4nk0 obtained 1 of resource_copper (§7Медь)
[19.03.2023 19:00:41][serveritem][give] sst4nk0 obtained 2 of resource_iron (§7Железо)
[19.03.2023 19:10:15][serveritem][give] sst4nk0 obtained 1 of resource_copper (§7Медь)
[19.03.2023 19:10:22][serveritem][give] sst4nk0 obtained 1 of resource_copper (§7Медь)
[19.03.2023 19:10:29][serveritem][give] sst4nk0 obtained 2 of resource_copper (§7Медь)
[19.03.2023 19:10:49][serveritem][give] sst4nk0 obtained 2 of resource_gold (§7Золото)
[19.03.2023 19:11:54][serveritem][give] sst4nk0 obtained 2 of resource_copper (§7Медь)
[19.03.2023 19:12:00][serveritem][give] sst4nk0 obtained 2 of resource_copper (§7Медь)
[19.03.2023 19:12:04][serveritem][give] sst4nk0 obtained 2 of resource_copper (§7Медь)
[19.03.2023 19:12:09][serveritem][give] sst4nk0 obtained 2 of resource_copper (§7Медь)
[19.03.2023 19:12:12][serveritem][give] sst4nk0 obtained 2 of resource_gold (§7Золото)
[19.03.2023 19:12:15][serveritem][give] sst4nk0 obtained 2 of resource_gold (§7Золото)
[19.03.2023 19:12:18][serveritem][give] sst4nk0 obtained 2 of resource_iron (§7Железо)
[19.03.2023 19:12:24][serveritem][give] sst4nk0 obtained 2 of resource_redspice (§7Красная пряность)
[19.03.2023 19:12:57][serveritem][give] sst4nk0 obtained 2 of resource_iron (§7Железо)
[19.03.2023 19:13:07][serveritem][give] sst4nk0 obtained 2 of resource_copper (§7Медь)
