[23.02.2023 11:16:18][serveritem][take] sst4nk0 gave 8 of currency_gold_coin (§aζлантнiк)
[23.02.2023 11:17:13][serveritem][take] sst4nk0 gave 8 of currency_gold_coin (§aζлантнiк)
[23.02.2023 11:19:20][serveritem][take] sst4nk0 gave 8 of currency_gold_coin (§aζлантнiк)
[23.02.2023 11:26:10][serveritem][give] sst4nk0 obtained 63 of currency_copper_coin (§aМѣдꙗнiк)
[23.02.2023 11:26:10][serveritem][give] sst4nk0 obtained 3 of currency_silver_coin (§aСребрꙗнiк)
[23.02.2023 11:26:10][serveritem][give] sst4nk0 obtained 24414 of currency_gold_coin (§aζлантнiк)
[23.02.2023 11:51:42][serveritem][take] sst4nk0 gave 2 of currency_copper_coin (§aМѣдꙗнiк)
[23.02.2023 11:51:43][serveritem][take] sst4nk0 gave 2 of currency_copper_coin (§aМѣдꙗнiк)
[23.02.2023 12:07:38][serveritem][take] sst4nk0 gave 2 of currency_copper_coin (§aМѣдꙗнiк)
[23.02.2023 12:08:26][serveritem][take] sst4nk0 gave 2 of currency_copper_coin (§aМѣдꙗнiк)
[23.02.2023 12:09:13][serveritem][take] sst4nk0 gave 2 of currency_copper_coin (§aМѣдꙗнiк)
[23.02.2023 12:25:57][serveritem][take] sst4nk0 gave 2 of currency_copper_coin (§aМѣдꙗнiк)
[23.02.2023 12:37:17][serveritem][take] sst4nk0 gave 2 of currency_copper_coin (§aМѣдꙗнiк)
[23.02.2023 12:38:45][serveritem][take] sst4nk0 gave 2 of currency_copper_coin (§aМѣдꙗнiк)
[23.02.2023 12:40:27][serveritem][take] sst4nk0 gave 2 of currency_copper_coin (§aМѣдꙗнiк)
[23.02.2023 12:41:50][serveritem][take] sst4nk0 gave 2 of currency_copper_coin (§aМѣдꙗнiк)
[23.02.2023 12:55:56][serveritem][take] sst4nk0 gave 8 of currency_gold_coin (§aζлантнiк)
[23.02.2023 13:53:43][serveritem][take] sst4nk0 gave 2 of currency_copper_coin (§aМѣдꙗнiк)
[23.02.2023 13:56:38][serveritem][take] sst4nk0 gave 2 of currency_copper_coin (§aМѣдꙗнiк)
[23.02.2023 15:18:19][serveritem][take] sst4nk0 gave 2 of currency_copper_coin (§aМѣдꙗнiк)
[23.02.2023 15:27:44][serveritem][take] sst4nk0 gave 2 of currency_copper_coin (§aМѣдꙗнiк)
[23.02.2023 15:28:47][serveritem][take] sst4nk0 gave 4 of currency_copper_coin (§aМѣдꙗнiк)
[23.02.2023 15:32:02][serveritem][take] sst4nk0 gave 4 of currency_copper_coin (§aМѣдꙗнiк)
[23.02.2023 15:33:24][serveritem][take] sst4nk0 gave 2 of currency_copper_coin (§aМѣдꙗнiк)
[23.02.2023 15:34:05][serveritem][take] sst4nk0 gave 4 of currency_copper_coin (§aМѣдꙗнiк)
[23.02.2023 15:35:05][serveritem][take] sst4nk0 gave 2 of currency_copper_coin (§aМѣдꙗнiк)
[23.02.2023 15:35:47][serveritem][take] sst4nk0 gave 4 of currency_copper_coin (§aМѣдꙗнiк)
[23.02.2023 16:25:31][serveritem][take] sst4nk0 gave 2 of currency_copper_coin (§aМѣдꙗнiк)
[23.02.2023 23:02:06][serveritem][take] sst4nk0 gave 4 of currency_copper_coin (§aМѣдꙗнiк)
[23.02.2023 23:28:01][serveritem][take] sst4nk0 gave 4 of currency_copper_coin (§aМѣдꙗнiк)
[23.02.2023 23:28:01][serveritem][give] sst4nk0 obtained 1 of resource_log_oak (§7Дубовое бревно)
[23.02.2023 23:28:07][serveritem][take] sst4nk0 gave 4 of currency_copper_coin (§aМѣдꙗнiк)
[23.02.2023 23:28:07][serveritem][give] sst4nk0 obtained 1 of resource_log_oak (§7Дубовое бревно)
[23.02.2023 23:28:59][serveritem][take] sst4nk0 gave 4 of currency_copper_coin (§aМѣдꙗнiк)
[23.02.2023 23:28:59][serveritem][give] sst4nk0 obtained 1 of resource_log_oak (§7Дубовое бревно)
[23.02.2023 23:29:00][serveritem][take] sst4nk0 gave 4 of currency_copper_coin (§aМѣдꙗнiк)
[23.02.2023 23:29:00][serveritem][give] sst4nk0 obtained 1 of resource_log_oak (§7Дубовое бревно)
[23.02.2023 23:29:02][serveritem][take] sst4nk0 gave 4 of currency_copper_coin (§aМѣдꙗнiк)
[23.02.2023 23:29:02][serveritem][give] sst4nk0 obtained 1 of resource_log_oak (§7Дубовое бревно)
[23.02.2023 23:29:02][serveritem][take] sst4nk0 gave 4 of currency_copper_coin (§aМѣдꙗнiк)
[23.02.2023 23:29:02][serveritem][give] sst4nk0 obtained 1 of resource_log_oak (§7Дубовое бревно)
[23.02.2023 23:29:03][serveritem][take] sst4nk0 gave 4 of currency_copper_coin (§aМѣдꙗнiк)
[23.02.2023 23:29:03][serveritem][give] sst4nk0 obtained 1 of resource_log_oak (§7Дубовое бревно)
[23.02.2023 23:29:03][serveritem][take] sst4nk0 gave 4 of currency_copper_coin (§aМѣдꙗнiк)
[23.02.2023 23:29:03][serveritem][give] sst4nk0 obtained 1 of resource_log_oak (§7Дубовое бревно)
[23.02.2023 23:29:03][serveritem][take] sst4nk0 gave 4 of currency_copper_coin (§aМѣдꙗнiк)
[23.02.2023 23:29:03][serveritem][give] sst4nk0 obtained 1 of resource_log_oak (§7Дубовое бревно)
[23.02.2023 23:29:04][serveritem][take] sst4nk0 gave 4 of currency_copper_coin (§aМѣдꙗнiк)
[23.02.2023 23:29:04][serveritem][give] sst4nk0 obtained 1 of resource_log_oak (§7Дубовое бревно)
[23.02.2023 23:29:04][serveritem][take] sst4nk0 gave 4 of currency_copper_coin (§aМѣдꙗнiк)
[23.02.2023 23:29:04][serveritem][give] sst4nk0 obtained 1 of resource_log_oak (§7Дубовое бревно)
[23.02.2023 23:29:05][serveritem][take] sst4nk0 gave 4 of currency_copper_coin (§aМѣдꙗнiк)
[23.02.2023 23:29:05][serveritem][give] sst4nk0 obtained 1 of resource_log_oak (§7Дубовое бревно)
[23.02.2023 23:29:05][serveritem][take] sst4nk0 gave 4 of currency_copper_coin (§aМѣдꙗнiк)
[23.02.2023 23:29:05][serveritem][give] sst4nk0 obtained 1 of resource_log_oak (§7Дубовое бревно)
[23.02.2023 23:29:05][serveritem][take] sst4nk0 gave 4 of currency_copper_coin (§aМѣдꙗнiк)
[23.02.2023 23:29:05][serveritem][give] sst4nk0 obtained 1 of resource_log_oak (§7Дубовое бревно)
[23.02.2023 23:29:05][serveritem][take] sst4nk0 gave 4 of currency_copper_coin (§aМѣдꙗнiк)
[23.02.2023 23:29:05][serveritem][give] sst4nk0 obtained 1 of resource_log_oak (§7Дубовое бревно)
[23.02.2023 23:30:06][serveritem][take] sst4nk0 gave 4 of currency_silver_coin (§aСребрꙗнiк)
[23.02.2023 23:30:06][serveritem][give] sst4nk0 obtained 64 of resource_log_oak (§7Дубовое бревно)
[23.02.2023 23:30:08][serveritem][take] sst4nk0 gave 4 of currency_silver_coin (§aСребрꙗнiк)
[23.02.2023 23:30:08][serveritem][give] sst4nk0 obtained 64 of resource_log_oak (§7Дубовое бревно)
[23.02.2023 23:30:09][serveritem][take] sst4nk0 gave 4 of currency_silver_coin (§aСребрꙗнiк)
[23.02.2023 23:30:09][serveritem][give] sst4nk0 obtained 64 of resource_log_oak (§7Дубовое бревно)
[23.02.2023 23:39:19][serveritem][take] sst4nk0 gave 5 of currency_copper_coin (§aМѣдꙗнiк)
[23.02.2023 23:39:19][serveritem][give] sst4nk0 obtained 1 of resource_log_spruce (§7Хвойное бревно)
[23.02.2023 23:39:20][serveritem][take] sst4nk0 gave 5 of currency_copper_coin (§aМѣдꙗнiк)
[23.02.2023 23:39:20][serveritem][give] sst4nk0 obtained 1 of resource_log_spruce (§7Хвойное бревно)
[23.02.2023 23:39:53][serveritem][take] sst4nk0 gave 5 of currency_copper_coin (§aМѣдꙗнiк)
[23.02.2023 23:39:53][serveritem][give] sst4nk0 obtained 1 of resource_log_spruce (§7Хвойное бревно)
[23.02.2023 23:40:13][serveritem][take] sst4nk0 gave 5 of currency_silver_coin (§aСребрꙗнiк)
[23.02.2023 23:40:13][serveritem][give] sst4nk0 obtained 64 of resource_log_spruce (§7Хвойное бревно)
[23.02.2023 23:40:40][serveritem][take] sst4nk0 gave 5 of currency_copper_coin (§aМѣдꙗнiк)
[23.02.2023 23:40:40][serveritem][give] sst4nk0 obtained 1 of resource_log_spruce (§7Хвойное бревно)
[23.02.2023 23:40:40][serveritem][take] sst4nk0 gave 5 of currency_copper_coin (§aМѣдꙗнiк)
[23.02.2023 23:40:40][serveritem][give] sst4nk0 obtained 1 of resource_log_spruce (§7Хвойное бревно)
[23.02.2023 23:40:41][serveritem][take] sst4nk0 gave 5 of currency_copper_coin (§aМѣдꙗнiк)
[23.02.2023 23:40:41][serveritem][give] sst4nk0 obtained 1 of resource_log_spruce (§7Хвойное бревно)
[23.02.2023 23:40:48][serveritem][take] sst4nk0 gave 4 of currency_copper_coin (§aМѣдꙗнiк)
[23.02.2023 23:40:48][serveritem][give] sst4nk0 obtained 1 of resource_log_oak (§7Дубовое бревно)
[23.02.2023 23:40:49][serveritem][take] sst4nk0 gave 4 of currency_copper_coin (§aМѣдꙗнiк)
[23.02.2023 23:40:49][serveritem][give] sst4nk0 obtained 1 of resource_log_oak (§7Дубовое бревно)
[23.02.2023 23:40:50][serveritem][take] sst4nk0 gave 4 of currency_copper_coin (§aМѣдꙗнiк)
[23.02.2023 23:40:50][serveritem][give] sst4nk0 obtained 1 of resource_log_oak (§7Дубовое бревно)
[23.02.2023 23:40:51][serveritem][take] sst4nk0 gave 4 of currency_copper_coin (§aМѣдꙗнiк)
[23.02.2023 23:40:51][serveritem][give] sst4nk0 obtained 1 of resource_log_oak (§7Дубовое бревно)
[23.02.2023 23:40:51][serveritem][take] sst4nk0 gave 4 of currency_copper_coin (§aМѣдꙗнiк)
[23.02.2023 23:40:51][serveritem][give] sst4nk0 obtained 1 of resource_log_oak (§7Дубовое бревно)
[23.02.2023 23:40:52][serveritem][take] sst4nk0 gave 4 of currency_copper_coin (§aМѣдꙗнiк)
[23.02.2023 23:40:52][serveritem][give] sst4nk0 obtained 1 of resource_log_oak (§7Дубовое бревно)
[23.02.2023 23:40:58][serveritem][give] sst4nk0 obtained 2 of currency_copper_coin (§aМѣдꙗнiк)
[23.02.2023 23:40:58][serveritem][take] sst4nk0 gave 1 of resource_log_oak (§7Дубовое бревно)
[23.02.2023 23:44:31][serveritem][take] sst4nk0 gave 6 of currency_copper_coin (§aМѣдꙗнiк)
[23.02.2023 23:44:31][serveritem][give] sst4nk0 obtained 1 of resource_log_birch (§7Берёзовое бревно)
[23.02.2023 23:44:32][serveritem][take] sst4nk0 gave 6 of currency_copper_coin (§aМѣдꙗнiк)
[23.02.2023 23:44:32][serveritem][give] sst4nk0 obtained 1 of resource_log_birch (§7Берёзовое бревно)
[23.02.2023 23:44:35][serveritem][take] sst4nk0 gave 6 of currency_silver_coin (§aСребрꙗнiк)
[23.02.2023 23:44:35][serveritem][give] sst4nk0 obtained 64 of resource_log_birch (§7Берёзовое бревно)
[23.02.2023 23:44:36][serveritem][take] sst4nk0 gave 6 of currency_silver_coin (§aСребрꙗнiк)
[23.02.2023 23:44:36][serveritem][give] sst4nk0 obtained 64 of resource_log_birch (§7Берёзовое бревно)
[23.02.2023 23:44:43][serveritem][give] sst4nk0 obtained 4 of currency_silver_coin (§aСребрꙗнiк)
[23.02.2023 23:44:43][serveritem][take] sst4nk0 gave 64 of resource_log_birch (§7Берёзовое бревно)
[23.02.2023 23:44:43][serveritem][give] sst4nk0 obtained 4 of currency_silver_coin (§aСребрꙗнiк)
[23.02.2023 23:44:43][serveritem][take] sst4nk0 gave 64 of resource_log_birch (§7Берёзовое бревно)
[23.02.2023 23:44:45][serveritem][give] sst4nk0 obtained 4 of currency_copper_coin (§aМѣдꙗнiк)
[23.02.2023 23:44:45][serveritem][take] sst4nk0 gave 1 of resource_log_birch (§7Берёзовое бревно)
[23.02.2023 23:44:45][serveritem][give] sst4nk0 obtained 4 of currency_copper_coin (§aМѣдꙗнiк)
[23.02.2023 23:44:45][serveritem][take] sst4nk0 gave 1 of resource_log_birch (§7Берёзовое бревно)
[23.02.2023 23:56:49][serveritem][take] sst4nk0 gave 4 of currency_copper_coin (§aМѣдꙗнiк)
[23.02.2023 23:58:30][serveritem][take] sst4nk0 gave 2 of currency_copper_coin (§aМѣдꙗнiк)
