[08.04.2023 07:07:42][serveritem][give] sst4nk0 obtained 1 of resource_copper (§7Медь)
[08.04.2023 07:07:46][serveritem][give] sst4nk0 obtained 1 of resource_copper (§7Медь)
[08.04.2023 07:07:51][serveritem][give] sst4nk0 obtained 1 of resource_iron (§7Железо)
[08.04.2023 07:08:00][serveritem][give] sst4nk0 obtained 1 of resource_copper (§7Медь)
[08.04.2023 07:08:18][serveritem][give] sst4nk0 obtained 2 of resource_redspice (§7Красная пряность)
[08.04.2023 07:08:20][serveritem][give] sst4nk0 obtained 2 of resource_iron (§7Железо)
[08.04.2023 07:17:34][serveritem][give] sst4nk0 obtained 1 of resource_copper (§7Медь)
[08.04.2023 07:19:38][serveritem][give] sst4nk0 obtained 2 of resource_log_oak (§7Дубовое бревно)
[08.04.2023 07:19:43][serveritem][give] sst4nk0 obtained 1 of resource_log_spruce (§7Хвойное бревно)
[08.04.2023 07:20:32][serveritem][give] sst4nk0 obtained 2 of resource_log_oak (§7Дубовое бревно)
[08.04.2023 07:21:26][serveritem][give] sst4nk0 obtained 1 of crate_wooden (§aДеревянная шкатулка)
[08.04.2023 07:21:40][serveritem][take] sst4nk0 gave 1 of currency_silver_coin (§aСребрꙗнiк)
[08.04.2023 07:21:40][serveritem][give] sst4nk0 obtained 62 of currency_copper_coin (§aМѣдꙗнiк)
[08.04.2023 07:31:16][serveritem][take] sst4nk0 gave 1 of currency_gold_coin (§aζлантнiк)
[08.04.2023 07:31:16][serveritem][give] sst4nk0 obtained 63 of currency_silver_coin (§aСребрꙗнiк)
[08.04.2023 07:31:16][serveritem][give] sst4nk0 obtained 60 of currency_copper_coin (§aМѣдꙗнiк)
[08.04.2023 07:31:33][serveritem][give] sst4nk0 obtained 1 of misc_stone_dirty (§fКамень в грязи)
[08.04.2023 07:59:20][serveritem][give] sst4nk0 obtained 1 of gps_looting_mineshaft (§fКомпас [§7рудник§f])
[08.04.2023 08:03:56][serveritem][give] sst4nk0 obtained 1 of resource_copper (§7Медь)
[08.04.2023 08:06:31][serveritem][give] sst4nk0 obtained 1 of resource_copper (§7Медь)
[08.04.2023 08:06:36][serveritem][give] sst4nk0 obtained 2 of resource_copper (§7Медь)
[08.04.2023 08:06:39][serveritem][give] sst4nk0 obtained 2 of resource_copper (§7Медь)
[08.04.2023 08:06:42][serveritem][give] sst4nk0 obtained 2 of resource_iron (§7Железо)
[08.04.2023 08:06:44][serveritem][give] sst4nk0 obtained 2 of resource_copper (§7Медь)
[08.04.2023 08:06:47][serveritem][give] sst4nk0 obtained 2 of resource_gold (§7Золото)
[08.04.2023 08:06:49][serveritem][give] sst4nk0 obtained 2 of resource_gold (§7Золото)
[08.04.2023 08:06:51][serveritem][give] sst4nk0 obtained 2 of resource_iron (§7Железо)
[08.04.2023 08:06:53][serveritem][give] sst4nk0 obtained 2 of resource_redspice (§7Красная пряность)
[08.04.2023 08:06:56][serveritem][give] sst4nk0 obtained 2 of resource_gold (§7Золото)
[08.04.2023 08:15:39][serveritem][give] sst4nk0 obtained 2 of resource_copper (§7Медь)
[08.04.2023 08:15:45][serveritem][give] sst4nk0 obtained 2 of resource_copper (§7Медь)
[08.04.2023 08:16:09][serveritem][give] sst4nk0 obtained 2 of resource_gold (§7Золото)
[08.04.2023 14:43:45][serveritem][give] sst4nk0 obtained 1 of resource_copper (§7Медь)
[08.04.2023 14:50:16][serveritem][give] sst4nk0 obtained 2 of resource_copper (§7Медь)
[08.04.2023 14:50:26][serveritem][give] sst4nk0 obtained 2 of resource_copper (§7Медь)
[08.04.2023 14:50:29][serveritem][give] sst4nk0 obtained 2 of resource_iron (§7Железо)
[08.04.2023 14:50:34][serveritem][give] sst4nk0 obtained 2 of resource_copper (§7Медь)
[08.04.2023 14:50:39][serveritem][give] sst4nk0 obtained 2 of resource_copper (§7Медь)
[08.04.2023 14:50:42][serveritem][give] sst4nk0 obtained 2 of resource_gold (§7Золото)
[08.04.2023 14:50:49][serveritem][give] sst4nk0 obtained 2 of resource_gold (§7Золото)
[08.04.2023 14:50:58][serveritem][give] sst4nk0 obtained 2 of resource_redspice (§7Красная пряность)
[08.04.2023 14:51:01][serveritem][give] sst4nk0 obtained 2 of resource_iron (§7Железо)
[08.04.2023 14:51:11][serveritem][give] sst4nk0 obtained 2 of resource_gold (§7Золото)
[08.04.2023 16:04:15][serveritem][give] sst4nk0 obtained 1 of resource_copper (§7Медь)
[08.04.2023 16:04:25][serveritem][give] sst4nk0 obtained 1 of resource_copper (§7Медь)
[08.04.2023 16:04:40][serveritem][give] sst4nk0 obtained 1 of resource_gold (§7Золото)
[08.04.2023 16:05:38][serveritem][give] sst4nk0 obtained 1 of resource_copper (§7Медь)
[08.04.2023 16:05:43][serveritem][give] sst4nk0 obtained 1 of resource_gold (§7Золото)
[08.04.2023 16:05:55][serveritem][give] sst4nk0 obtained 1 of resource_copper (§7Медь)
[08.04.2023 16:06:00][serveritem][give] sst4nk0 obtained 1 of resource_copper (§7Медь)
[08.04.2023 16:06:07][serveritem][give] sst4nk0 obtained 1 of resource_iron (§7Железо)
[08.04.2023 16:06:14][serveritem][give] sst4nk0 obtained 1 of resource_iron (§7Железо)
[08.04.2023 16:06:32][serveritem][give] sst4nk0 obtained 2 of resource_iron (§7Железо)
[08.04.2023 16:06:39][serveritem][give] sst4nk0 obtained 2 of resource_copper (§7Медь)
[08.04.2023 16:07:21][serveritem][give] sst4nk0 obtained 2 of resource_iron (§7Железо)
[08.04.2023 16:07:35][serveritem][give] sst4nk0 obtained 2 of resource_copper (§7Медь)
[08.04.2023 16:07:43][serveritem][give] sst4nk0 obtained 2 of resource_copper (§7Медь)
[08.04.2023 20:15:36][serveritem][give] sst4nk0 obtained 1 of resource_copper (§7Медь)
[08.04.2023 20:15:56][serveritem][give] sst4nk0 obtained 1 of resource_copper (§7Медь)
[08.04.2023 20:16:03][serveritem][give] sst4nk0 obtained 2 of resource_copper (§7Медь)
[08.04.2023 20:16:08][serveritem][give] sst4nk0 obtained 2 of resource_iron (§7Железо)
[08.04.2023 20:16:15][serveritem][give] sst4nk0 obtained 2 of resource_copper (§7Медь)
[08.04.2023 20:16:20][serveritem][give] sst4nk0 obtained 2 of resource_gold (§7Золото)
[08.04.2023 20:16:28][serveritem][give] sst4nk0 obtained 2 of resource_gold (§7Золото)
[08.04.2023 20:16:31][serveritem][give] sst4nk0 obtained 2 of resource_iron (§7Железо)
[08.04.2023 20:16:36][serveritem][give] sst4nk0 obtained 2 of resource_gold (§7Золото)
[08.04.2023 20:16:43][serveritem][give] sst4nk0 obtained 2 of resource_redspice (§7Красная пряность)
[08.04.2023 20:16:56][serveritem][give] sst4nk0 obtained 2 of resource_iron (§7Железо)
[08.04.2023 20:17:24][serveritem][give] sst4nk0 obtained 2 of resource_copper (§7Медь)
