[14.03.2023 20:02:52][serveritem][give] sst4nk0 obtained 3 of resource_log_oak (§7Дубовое бревно)
[14.03.2023 20:02:52][serveritem][give] sst4nk0 obtained 2 of currency_copper_coin (§aМѣдꙗнiк)
[14.03.2023 20:02:52][serveritem][give] sst4nk0 obtained 1 of resource_log_birch (§7Берёзовое бревно)
[14.03.2023 20:02:52][serveritem][give] sst4nk0 obtained 6 of currency_copper_coin (§aМѣдꙗнiк)
[14.03.2023 20:03:09][serveritem][give] sst4nk0 obtained 1 of currency_copper_coin (§aМѣдꙗнiк)
[14.03.2023 20:13:29][serveritem][give] sst4nk0 obtained 2 of currency_copper_coin (§aМѣдꙗнiк)
[14.03.2023 20:13:29][serveritem][give] sst4nk0 obtained 4 of currency_copper_coin (§aМѣдꙗнiк)
[14.03.2023 20:13:29][serveritem][give] sst4nk0 obtained 2 of resource_log_oak (§7Дубовое бревно)
[14.03.2023 20:13:29][serveritem][give] sst4nk0 obtained 1 of resource_log_birch (§7Берёзовое бревно)
[14.03.2023 20:13:30][serveritem][give] sst4nk0 obtained 2 of currency_copper_coin (§aМѣдꙗнiк)
[14.03.2023 20:13:30][serveritem][give] sst4nk0 obtained 1 of rune_1_1of3 (§aРуна [§fАζъ§a])
[14.03.2023 20:13:30][serveritem][give] sst4nk0 obtained 1 of resource_log_birch (§7Берёзовое бревно)
[14.03.2023 20:13:30][serveritem][give] sst4nk0 obtained 1 of currency_copper_coin (§aМѣдꙗнiк)
[14.03.2023 20:13:30][serveritem][give] sst4nk0 obtained 2 of resource_log_oak (§7Дубовое бревно)
[14.03.2023 20:13:31][serveritem][give] sst4nk0 obtained 4 of currency_copper_coin (§aМѣдꙗнiк)
[14.03.2023 20:13:31][serveritem][give] sst4nk0 obtained 1 of currency_copper_coin (§aМѣдꙗнiк)
[14.03.2023 20:13:31][serveritem][give] sst4nk0 obtained 6 of currency_copper_coin (§aМѣдꙗнiк)
[14.03.2023 20:13:31][serveritem][give] sst4nk0 obtained 6 of currency_copper_coin (§aМѣдꙗнiк)
[14.03.2023 20:13:32][serveritem][give] sst4nk0 obtained 6 of currency_copper_coin (§aМѣдꙗнiк)
[14.03.2023 20:13:32][serveritem][give] sst4nk0 obtained 2 of currency_copper_coin (§aМѣдꙗнiк)
[14.03.2023 20:13:32][serveritem][give] sst4nk0 obtained 1 of currency_copper_coin (§aМѣдꙗнiк)
[14.03.2023 20:13:33][serveritem][give] sst4nk0 obtained 2 of currency_copper_coin (§aМѣдꙗнiк)
[14.03.2023 20:13:33][serveritem][give] sst4nk0 obtained 1 of resource_log_spruce (§7Хвойное бревно)
[14.03.2023 20:13:33][serveritem][give] sst4nk0 obtained 1 of resource_log_birch (§7Берёзовое бревно)
[14.03.2023 20:13:33][serveritem][give] sst4nk0 obtained 1 of resource_log_spruce (§7Хвойное бревно)
[14.03.2023 20:13:34][serveritem][give] sst4nk0 obtained 1 of rune_1_2of3 (§aРуна [§fѥсмъ§a])
[14.03.2023 20:13:34][serveritem][give] sst4nk0 obtained 1 of resource_log_birch (§7Берёзовое бревно)
[14.03.2023 20:13:34][serveritem][give] sst4nk0 obtained 3 of resource_log_oak (§7Дубовое бревно)
[14.03.2023 20:13:34][serveritem][give] sst4nk0 obtained 1 of resource_log_birch (§7Берёзовое бревно)
[14.03.2023 20:13:34][serveritem][give] sst4nk0 obtained 1 of resource_log_birch (§7Берёзовое бревно)
[14.03.2023 20:13:35][serveritem][give] sst4nk0 obtained 2 of resource_log_oak (§7Дубовое бревно)
[14.03.2023 20:13:35][serveritem][give] sst4nk0 obtained 3 of resource_log_oak (§7Дубовое бревно)
[14.03.2023 20:13:35][serveritem][give] sst4nk0 obtained 3 of resource_log_oak (§7Дубовое бревно)
[14.03.2023 20:13:35][serveritem][give] sst4nk0 obtained 2 of resource_log_oak (§7Дубовое бревно)
[14.03.2023 20:13:35][serveritem][give] sst4nk0 obtained 2 of resource_log_spruce (§7Хвойное бревно)
[14.03.2023 20:13:36][serveritem][give] sst4nk0 obtained 2 of currency_copper_coin (§aМѣдꙗнiк)
[14.03.2023 20:13:36][serveritem][give] sst4nk0 obtained 6 of currency_copper_coin (§aМѣдꙗнiк)
[14.03.2023 20:13:36][serveritem][give] sst4nk0 obtained 2 of resource_log_spruce (§7Хвойное бревно)
[14.03.2023 20:13:36][serveritem][give] sst4nk0 obtained 1 of rune_1_2of3 (§aРуна [§fѥсмъ§a])
[14.03.2023 20:13:37][serveritem][give] sst4nk0 obtained 2 of resource_log_spruce (§7Хвойное бревно)
[14.03.2023 20:13:37][serveritem][give] sst4nk0 obtained 1 of resource_log_birch (§7Берёзовое бревно)
[14.03.2023 20:13:37][serveritem][give] sst4nk0 obtained 2 of resource_log_spruce (§7Хвойное бревно)
[14.03.2023 20:13:38][serveritem][give] sst4nk0 obtained 1 of currency_copper_coin (§aМѣдꙗнiк)
[14.03.2023 20:13:38][serveritem][give] sst4nk0 obtained 2 of resource_log_oak (§7Дубовое бревно)
[14.03.2023 20:13:38][serveritem][give] sst4nk0 obtained 4 of currency_copper_coin (§aМѣдꙗнiк)
[14.03.2023 20:13:38][serveritem][give] sst4nk0 obtained 1 of resource_log_birch (§7Берёзовое бревно)
[14.03.2023 20:13:39][serveritem][give] sst4nk0 obtained 4 of currency_copper_coin (§aМѣдꙗнiк)
[14.03.2023 20:13:39][serveritem][give] sst4nk0 obtained 1 of resource_log_birch (§7Берёзовое бревно)
[14.03.2023 20:13:39][serveritem][give] sst4nk0 obtained 6 of currency_copper_coin (§aМѣдꙗнiк)
[14.03.2023 20:13:40][serveritem][give] sst4nk0 obtained 2 of resource_log_oak (§7Дубовое бревно)
[14.03.2023 20:13:40][serveritem][give] sst4nk0 obtained 4 of currency_copper_coin (§aМѣдꙗнiк)
[14.03.2023 20:13:40][serveritem][give] sst4nk0 obtained 1 of resource_log_birch (§7Берёзовое бревно)
[14.03.2023 20:13:40][serveritem][give] sst4nk0 obtained 1 of resource_log_birch (§7Берёзовое бревно)
[14.03.2023 20:13:41][serveritem][give] sst4nk0 obtained 2 of resource_log_spruce (§7Хвойное бревно)
[14.03.2023 20:13:41][serveritem][give] sst4nk0 obtained 1 of currency_copper_coin (§aМѣдꙗнiк)
[14.03.2023 20:13:41][serveritem][give] sst4nk0 obtained 1 of resource_log_birch (§7Берёзовое бревно)
[14.03.2023 20:13:41][serveritem][give] sst4nk0 obtained 1 of resource_log_birch (§7Берёзовое бревно)
[14.03.2023 20:13:41][serveritem][give] sst4nk0 obtained 6 of currency_copper_coin (§aМѣдꙗнiк)
[14.03.2023 20:13:42][serveritem][give] sst4nk0 obtained 2 of resource_log_oak (§7Дубовое бревно)
[14.03.2023 20:13:42][serveritem][give] sst4nk0 obtained 3 of resource_log_oak (§7Дубовое бревно)
[14.03.2023 20:13:42][serveritem][give] sst4nk0 obtained 6 of currency_copper_coin (§aМѣдꙗнiк)
[14.03.2023 20:13:42][serveritem][give] sst4nk0 obtained 2 of resource_log_oak (§7Дубовое бревно)
[14.03.2023 20:13:42][serveritem][give] sst4nk0 obtained 4 of currency_copper_coin (§aМѣдꙗнiк)
[14.03.2023 20:13:43][serveritem][give] sst4nk0 obtained 6 of currency_copper_coin (§aМѣдꙗнiк)
[14.03.2023 21:58:03][serveritem][give] sst4nk0 obtained 1 of crate_wooden (§aДеревянная шкатулка)
[14.03.2023 21:58:07][serveritem][give] sst4nk0 obtained 1 of crate_wooden (§aДеревянная шкатулка)
[14.03.2023 21:58:34][serveritem][give] sst4nk0 obtained 1 of crate_wooden (§aДеревянная шкатулка)
