[10.03.2023 20:36:22][serveritem][give] sst4nk0 obtained 4 of currency_copper_coin (§aМѣдꙗнiк)
[10.03.2023 20:37:11][serveritem][give] sst4nk0 obtained 2 of resource_log_spruce (§7Хвойное бревно)
[10.03.2023 20:37:12][serveritem][give] sst4nk0 obtained 5 of crate_wooden (§aДеревянная шкатулка)
[10.03.2023 20:37:12][serveritem][give] sst4nk0 obtained 1 of resource_log_birch (§7Берёзовое бревно)
[10.03.2023 20:37:12][serveritem][give] sst4nk0 obtained 1 of currency_copper_coin (§aМѣдꙗнiк)
[10.03.2023 20:37:12][serveritem][give] sst4nk0 obtained 2 of currency_copper_coin (§aМѣдꙗнiк)
[10.03.2023 20:37:13][serveritem][give] sst4nk0 obtained 1 of currency_copper_coin (§aМѣдꙗнiк)
[10.03.2023 20:37:13][serveritem][give] sst4nk0 obtained 1 of rune_1_3of3 (§aРуна [§fтворiтель сѥ§a])
[10.03.2023 20:37:13][serveritem][give] sst4nk0 obtained 1 of rune_1_2of3 (§aРуна [§fѥсмъ§a])
[10.03.2023 20:37:13][serveritem][give] sst4nk0 obtained 1 of rune_1_2of3 (§aРуна [§fѥсмъ§a])
[10.03.2023 20:37:13][serveritem][give] sst4nk0 obtained 6 of currency_copper_coin (§aМѣдꙗнiк)
[10.03.2023 20:37:13][serveritem][give] sst4nk0 obtained 2 of resource_log_oak (§7Дубовое бревно)
[10.03.2023 20:37:14][serveritem][give] sst4nk0 obtained 1 of currency_copper_coin (§aМѣдꙗнiк)
[10.03.2023 20:37:14][serveritem][give] sst4nk0 obtained 6 of currency_copper_coin (§aМѣдꙗнiк)
[10.03.2023 20:37:14][serveritem][give] sst4nk0 obtained 1 of currency_copper_coin (§aМѣдꙗнiк)
[10.03.2023 20:37:14][serveritem][give] sst4nk0 obtained 6 of currency_copper_coin (§aМѣдꙗнiк)
[10.03.2023 20:37:14][serveritem][give] sst4nk0 obtained 2 of resource_log_oak (§7Дубовое бревно)
[10.03.2023 20:37:15][serveritem][give] sst4nk0 obtained 2 of resource_log_oak (§7Дубовое бревно)
[10.03.2023 20:37:15][serveritem][give] sst4nk0 obtained 1 of currency_copper_coin (§aМѣдꙗнiк)
[10.03.2023 20:37:15][serveritem][give] sst4nk0 obtained 3 of resource_log_oak (§7Дубовое бревно)
[10.03.2023 20:37:15][serveritem][give] sst4nk0 obtained 2 of resource_log_spruce (§7Хвойное бревно)
[10.03.2023 20:37:15][serveritem][give] sst4nk0 obtained 3 of resource_log_oak (§7Дубовое бревно)
[10.03.2023 20:37:16][serveritem][give] sst4nk0 obtained 1 of currency_copper_coin (§aМѣдꙗнiк)
[10.03.2023 20:37:16][serveritem][give] sst4nk0 obtained 2 of currency_copper_coin (§aМѣдꙗнiк)
[10.03.2023 20:37:16][serveritem][give] sst4nk0 obtained 1 of currency_copper_coin (§aМѣдꙗнiк)
[10.03.2023 20:37:16][serveritem][give] sst4nk0 obtained 1 of resource_log_birch (§7Берёзовое бревно)
[10.03.2023 20:37:16][serveritem][give] sst4nk0 obtained 1 of resource_log_spruce (§7Хвойное бревно)
[10.03.2023 20:37:17][serveritem][give] sst4nk0 obtained 4 of currency_copper_coin (§aМѣдꙗнiк)
[10.03.2023 20:37:17][serveritem][give] sst4nk0 obtained 1 of resource_log_spruce (§7Хвойное бревно)
[10.03.2023 20:37:17][serveritem][give] sst4nk0 obtained 1 of currency_copper_coin (§aМѣдꙗнiк)
[10.03.2023 20:37:17][serveritem][give] sst4nk0 obtained 1 of rune_1_1of3 (§aРуна [§fАζъ§a])
[10.03.2023 20:37:17][serveritem][give] sst4nk0 obtained 4 of currency_copper_coin (§aМѣдꙗнiк)
[10.03.2023 20:37:18][serveritem][give] sst4nk0 obtained 2 of resource_log_spruce (§7Хвойное бревно)
[10.03.2023 20:37:18][serveritem][give] sst4nk0 obtained 1 of resource_log_birch (§7Берёзовое бревно)
[10.03.2023 20:37:18][serveritem][give] sst4nk0 obtained 1 of resource_log_spruce (§7Хвойное бревно)
[10.03.2023 20:37:18][serveritem][give] sst4nk0 obtained 1 of currency_copper_coin (§aМѣдꙗнiк)
[10.03.2023 20:37:18][serveritem][give] sst4nk0 obtained 3 of resource_log_oak (§7Дубовое бревно)
[10.03.2023 20:37:19][serveritem][give] sst4nk0 obtained 1 of currency_copper_coin (§aМѣдꙗнiк)
[10.03.2023 20:37:19][serveritem][give] sst4nk0 obtained 4 of currency_copper_coin (§aМѣдꙗнiк)
[10.03.2023 20:37:19][serveritem][give] sst4nk0 obtained 1 of resource_log_birch (§7Берёзовое бревно)
[10.03.2023 20:37:19][serveritem][give] sst4nk0 obtained 4 of currency_copper_coin (§aМѣдꙗнiк)
[10.03.2023 20:37:19][serveritem][give] sst4nk0 obtained 2 of resource_log_spruce (§7Хвойное бревно)
[10.03.2023 20:37:20][serveritem][give] sst4nk0 obtained 2 of resource_log_oak (§7Дубовое бревно)
[10.03.2023 20:37:20][serveritem][give] sst4nk0 obtained 1 of currency_copper_coin (§aМѣдꙗнiк)
[10.03.2023 20:37:20][serveritem][give] sst4nk0 obtained 1 of resource_log_spruce (§7Хвойное бревно)
[10.03.2023 20:37:20][serveritem][give] sst4nk0 obtained 2 of currency_copper_coin (§aМѣдꙗнiк)
[10.03.2023 20:37:20][serveritem][give] sst4nk0 obtained 3 of resource_log_oak (§7Дубовое бревно)
[10.03.2023 20:37:21][serveritem][give] sst4nk0 obtained 1 of resource_log_birch (§7Берёзовое бревно)
[10.03.2023 20:37:21][serveritem][give] sst4nk0 obtained 4 of currency_copper_coin (§aМѣдꙗнiк)
[10.03.2023 20:37:21][serveritem][give] sst4nk0 obtained 6 of currency_copper_coin (§aМѣдꙗнiк)
[10.03.2023 20:37:21][serveritem][give] sst4nk0 obtained 1 of currency_copper_coin (§aМѣдꙗнiк)
[10.03.2023 20:37:21][serveritem][give] sst4nk0 obtained 6 of currency_copper_coin (§aМѣдꙗнiк)
[10.03.2023 20:37:22][serveritem][give] sst4nk0 obtained 2 of resource_log_oak (§7Дубовое бревно)
[10.03.2023 20:37:22][serveritem][give] sst4nk0 obtained 3 of resource_log_oak (§7Дубовое бревно)
[10.03.2023 20:37:22][serveritem][give] sst4nk0 obtained 1 of resource_log_birch (§7Берёзовое бревно)
[10.03.2023 20:37:22][serveritem][give] sst4nk0 obtained 1 of resource_log_spruce (§7Хвойное бревно)
[10.03.2023 20:37:22][serveritem][give] sst4nk0 obtained 2 of resource_log_oak (§7Дубовое бревно)
[10.03.2023 20:37:23][serveritem][give] sst4nk0 obtained 2 of resource_log_oak (§7Дубовое бревно)
[10.03.2023 20:37:23][serveritem][give] sst4nk0 obtained 3 of resource_log_oak (§7Дубовое бревно)
[10.03.2023 20:37:23][serveritem][give] sst4nk0 obtained 1 of resource_log_spruce (§7Хвойное бревно)
[10.03.2023 20:37:23][serveritem][give] sst4nk0 obtained 1 of currency_copper_coin (§aМѣдꙗнiк)
[10.03.2023 20:37:24][serveritem][give] sst4nk0 obtained 1 of currency_copper_coin (§aМѣдꙗнiк)
[10.03.2023 20:37:24][serveritem][give] sst4nk0 obtained 1 of resource_log_spruce (§7Хвойное бревно)
[10.03.2023 20:37:24][serveritem][give] sst4nk0 obtained 2 of currency_copper_coin (§aМѣдꙗнiк)
[10.03.2023 20:37:24][serveritem][give] sst4nk0 obtained 1 of resource_log_birch (§7Берёзовое бревно)
[10.03.2023 20:37:25][serveritem][give] sst4nk0 obtained 6 of currency_copper_coin (§aМѣдꙗнiк)
[10.03.2023 20:39:09][serveritem][give] sst4nk0 obtained 6 of currency_copper_coin (§aМѣдꙗнiк)
[10.03.2023 20:39:40][serveritem][give] sst4nk0 obtained 3 of resource_log_oak (§7Дубовое бревно)
[10.03.2023 20:39:45][serveritem][give] sst4nk0 obtained 1 of resource_log_birch (§7Берёзовое бревно)
[10.03.2023 20:39:46][serveritem][give] sst4nk0 obtained 2 of currency_copper_coin (§aМѣдꙗнiк)
[10.03.2023 20:39:46][serveritem][give] sst4nk0 obtained 2 of resource_log_oak (§7Дубовое бревно)
[10.03.2023 20:39:46][serveritem][give] sst4nk0 obtained 4 of currency_copper_coin (§aМѣдꙗнiк)
[10.03.2023 20:39:46][serveritem][give] sst4nk0 obtained 2 of currency_copper_coin (§aМѣдꙗнiк)
[10.03.2023 20:39:46][serveritem][give] sst4nk0 obtained 6 of currency_copper_coin (§aМѣдꙗнiк)
[10.03.2023 20:39:46][serveritem][give] sst4nk0 obtained 3 of resource_log_oak (§7Дубовое бревно)
[10.03.2023 20:39:47][serveritem][give] sst4nk0 obtained 4 of currency_copper_coin (§aМѣдꙗнiк)
[10.03.2023 20:39:47][serveritem][give] sst4nk0 obtained 2 of resource_log_oak (§7Дубовое бревно)
[10.03.2023 20:39:50][serveritem][give] sst4nk0 obtained 2 of resource_log_spruce (§7Хвойное бревно)
[10.03.2023 20:39:50][serveritem][give] sst4nk0 obtained 2 of resource_log_spruce (§7Хвойное бревно)
[10.03.2023 20:39:50][serveritem][give] sst4nk0 obtained 2 of currency_copper_coin (§aМѣдꙗнiк)
[10.03.2023 20:39:50][serveritem][give] sst4nk0 obtained 6 of currency_copper_coin (§aМѣдꙗнiк)
[10.03.2023 20:39:51][serveritem][give] sst4nk0 obtained 2 of resource_log_oak (§7Дубовое бревно)
[10.03.2023 20:39:51][serveritem][give] sst4nk0 obtained 3 of resource_log_oak (§7Дубовое бревно)
[10.03.2023 20:39:51][serveritem][give] sst4nk0 obtained 1 of currency_copper_coin (§aМѣдꙗнiк)
[10.03.2023 20:39:51][serveritem][give] sst4nk0 obtained 1 of currency_copper_coin (§aМѣдꙗнiк)
[10.03.2023 20:39:52][serveritem][give] sst4nk0 obtained 1 of resource_log_spruce (§7Хвойное бревно)
[10.03.2023 20:39:52][serveritem][give] sst4nk0 obtained 6 of currency_copper_coin (§aМѣдꙗнiк)
[10.03.2023 20:39:52][serveritem][give] sst4nk0 obtained 1 of rune_1_2of3 (§aРуна [§fѥсмъ§a])
[10.03.2023 20:39:52][serveritem][give] sst4nk0 obtained 2 of resource_log_oak (§7Дубовое бревно)
[10.03.2023 20:39:52][serveritem][give] sst4nk0 obtained 2 of resource_log_spruce (§7Хвойное бревно)
[10.03.2023 20:39:53][serveritem][give] sst4nk0 obtained 1 of rune_1_2of3 (§aРуна [§fѥсмъ§a])
[10.03.2023 20:39:53][serveritem][give] sst4nk0 obtained 1 of currency_copper_coin (§aМѣдꙗнiк)
[10.03.2023 20:39:54][serveritem][give] sst4nk0 obtained 6 of currency_copper_coin (§aМѣдꙗнiк)
[10.03.2023 20:39:54][serveritem][give] sst4nk0 obtained 4 of currency_copper_coin (§aМѣдꙗнiк)
[10.03.2023 20:39:54][serveritem][give] sst4nk0 obtained 1 of resource_log_birch (§7Берёзовое бревно)
[10.03.2023 20:39:54][serveritem][give] sst4nk0 obtained 1 of resource_log_birch (§7Берёзовое бревно)
[10.03.2023 20:39:54][serveritem][give] sst4nk0 obtained 1 of resource_log_spruce (§7Хвойное бревно)
[10.03.2023 20:39:55][serveritem][give] sst4nk0 obtained 2 of currency_copper_coin (§aМѣдꙗнiк)
[10.03.2023 20:39:55][serveritem][give] sst4nk0 obtained 1 of resource_log_birch (§7Берёзовое бревно)
[10.03.2023 20:39:55][serveritem][give] sst4nk0 obtained 4 of currency_copper_coin (§aМѣдꙗнiк)
[10.03.2023 20:39:55][serveritem][give] sst4nk0 obtained 2 of resource_log_spruce (§7Хвойное бревно)
[10.03.2023 20:39:56][serveritem][give] sst4nk0 obtained 4 of currency_copper_coin (§aМѣдꙗнiк)
[10.03.2023 20:39:56][serveritem][give] sst4nk0 obtained 1 of currency_copper_coin (§aМѣдꙗнiк)
[10.03.2023 20:39:56][serveritem][give] sst4nk0 obtained 4 of currency_copper_coin (§aМѣдꙗнiк)
[10.03.2023 20:39:56][serveritem][give] sst4nk0 obtained 6 of currency_copper_coin (§aМѣдꙗнiк)
[10.03.2023 20:39:56][serveritem][give] sst4nk0 obtained 1 of resource_log_spruce (§7Хвойное бревно)
[10.03.2023 20:39:57][serveritem][give] sst4nk0 obtained 2 of resource_log_spruce (§7Хвойное бревно)
[10.03.2023 20:39:57][serveritem][give] sst4nk0 obtained 2 of resource_log_oak (§7Дубовое бревно)
[10.03.2023 20:39:57][serveritem][give] sst4nk0 obtained 3 of resource_log_oak (§7Дубовое бревно)
[10.03.2023 20:39:57][serveritem][give] sst4nk0 obtained 2 of currency_copper_coin (§aМѣдꙗнiк)
[10.03.2023 20:39:57][serveritem][give] sst4nk0 obtained 2 of resource_log_oak (§7Дубовое бревно)
[10.03.2023 20:39:58][serveritem][give] sst4nk0 obtained 4 of currency_copper_coin (§aМѣдꙗнiк)
[10.03.2023 20:39:58][serveritem][give] sst4nk0 obtained 2 of resource_log_oak (§7Дубовое бревно)
[10.03.2023 20:39:58][serveritem][give] sst4nk0 obtained 2 of currency_copper_coin (§aМѣдꙗнiк)
[10.03.2023 20:39:58][serveritem][give] sst4nk0 obtained 2 of currency_copper_coin (§aМѣдꙗнiк)
[10.03.2023 20:39:58][serveritem][give] sst4nk0 obtained 6 of currency_copper_coin (§aМѣдꙗнiк)
[10.03.2023 20:39:59][serveritem][give] sst4nk0 obtained 2 of resource_log_spruce (§7Хвойное бревно)
[10.03.2023 20:39:59][serveritem][give] sst4nk0 obtained 1 of currency_copper_coin (§aМѣдꙗнiк)
[10.03.2023 20:39:59][serveritem][give] sst4nk0 obtained 3 of resource_log_oak (§7Дубовое бревно)
[10.03.2023 20:39:59][serveritem][give] sst4nk0 obtained 3 of resource_log_oak (§7Дубовое бревно)
[10.03.2023 20:39:59][serveritem][give] sst4nk0 obtained 1 of resource_log_birch (§7Берёзовое бревно)
[10.03.2023 20:40:00][serveritem][give] sst4nk0 obtained 1 of currency_copper_coin (§aМѣдꙗнiк)
[10.03.2023 20:40:00][serveritem][give] sst4nk0 obtained 2 of currency_copper_coin (§aМѣдꙗнiк)
[10.03.2023 20:40:00][serveritem][give] sst4nk0 obtained 2 of currency_copper_coin (§aМѣдꙗнiк)
[10.03.2023 20:40:00][serveritem][give] sst4nk0 obtained 1 of resource_log_spruce (§7Хвойное бревно)
[10.03.2023 20:40:00][serveritem][give] sst4nk0 obtained 1 of resource_log_birch (§7Берёзовое бревно)
[10.03.2023 20:40:01][serveritem][give] sst4nk0 obtained 3 of resource_log_oak (§7Дубовое бревно)
[10.03.2023 20:40:01][serveritem][give] sst4nk0 obtained 6 of currency_copper_coin (§aМѣдꙗнiк)
[10.03.2023 20:40:01][serveritem][give] sst4nk0 obtained 1 of currency_copper_coin (§aМѣдꙗнiк)
[10.03.2023 20:40:02][serveritem][give] sst4nk0 obtained 1 of currency_copper_coin (§aМѣдꙗнiк)
[10.03.2023 20:40:02][serveritem][give] sst4nk0 obtained 1 of resource_log_birch (§7Берёзовое бревно)
[10.03.2023 20:40:29][serveritem][give] sst4nk0 obtained 4 of currency_copper_coin (§aМѣдꙗнiк)
[10.03.2023 20:40:29][serveritem][take] sst4nk0 gave 1 of resource_log_birch (§7Берёзовое бревно)
[10.03.2023 20:40:29][serveritem][give] sst4nk0 obtained 4 of currency_copper_coin (§aМѣдꙗнiк)
[10.03.2023 20:40:29][serveritem][take] sst4nk0 gave 1 of resource_log_birch (§7Берёзовое бревно)
[10.03.2023 20:40:29][serveritem][give] sst4nk0 obtained 4 of currency_copper_coin (§aМѣдꙗнiк)
[10.03.2023 20:40:29][serveritem][take] sst4nk0 gave 1 of resource_log_birch (§7Берёзовое бревно)
[10.03.2023 20:40:30][serveritem][give] sst4nk0 obtained 4 of currency_copper_coin (§aМѣдꙗнiк)
[10.03.2023 20:40:30][serveritem][take] sst4nk0 gave 1 of resource_log_birch (§7Берёзовое бревно)
[10.03.2023 20:40:30][serveritem][give] sst4nk0 obtained 4 of currency_copper_coin (§aМѣдꙗнiк)
[10.03.2023 20:40:30][serveritem][take] sst4nk0 gave 1 of resource_log_birch (§7Берёзовое бревно)
[10.03.2023 20:40:30][serveritem][give] sst4nk0 obtained 4 of currency_copper_coin (§aМѣдꙗнiк)
[10.03.2023 20:40:30][serveritem][take] sst4nk0 gave 1 of resource_log_birch (§7Берёзовое бревно)
[10.03.2023 20:40:30][serveritem][give] sst4nk0 obtained 4 of currency_copper_coin (§aМѣдꙗнiк)
[10.03.2023 20:40:30][serveritem][take] sst4nk0 gave 1 of resource_log_birch (§7Берёзовое бревно)
[10.03.2023 20:40:30][serveritem][give] sst4nk0 obtained 4 of currency_copper_coin (§aМѣдꙗнiк)
[10.03.2023 20:40:30][serveritem][take] sst4nk0 gave 1 of resource_log_birch (§7Берёзовое бревно)
[10.03.2023 20:40:30][serveritem][give] sst4nk0 obtained 4 of currency_copper_coin (§aМѣдꙗнiк)
[10.03.2023 20:40:30][serveritem][take] sst4nk0 gave 1 of resource_log_birch (§7Берёзовое бревно)
[10.03.2023 20:40:30][serveritem][give] sst4nk0 obtained 4 of currency_copper_coin (§aМѣдꙗнiк)
[10.03.2023 20:40:30][serveritem][take] sst4nk0 gave 1 of resource_log_birch (§7Берёзовое бревно)
[10.03.2023 20:40:31][serveritem][give] sst4nk0 obtained 4 of currency_copper_coin (§aМѣдꙗнiк)
[10.03.2023 20:40:31][serveritem][take] sst4nk0 gave 1 of resource_log_birch (§7Берёзовое бревно)
[10.03.2023 20:40:31][serveritem][give] sst4nk0 obtained 4 of currency_copper_coin (§aМѣдꙗнiк)
[10.03.2023 20:40:31][serveritem][take] sst4nk0 gave 1 of resource_log_birch (§7Берёзовое бревно)
[10.03.2023 20:40:31][serveritem][give] sst4nk0 obtained 4 of currency_copper_coin (§aМѣдꙗнiк)
[10.03.2023 20:40:31][serveritem][take] sst4nk0 gave 1 of resource_log_birch (§7Берёзовое бревно)
[10.03.2023 20:40:31][serveritem][give] sst4nk0 obtained 4 of currency_copper_coin (§aМѣдꙗнiк)
[10.03.2023 20:40:31][serveritem][take] sst4nk0 gave 1 of resource_log_birch (§7Берёзовое бревно)
[10.03.2023 20:40:32][serveritem][give] sst4nk0 obtained 3 of currency_copper_coin (§aМѣдꙗнiк)
[10.03.2023 20:40:32][serveritem][take] sst4nk0 gave 1 of resource_log_spruce (§7Хвойное бревно)
[10.03.2023 20:40:32][serveritem][give] sst4nk0 obtained 3 of currency_copper_coin (§aМѣдꙗнiк)
[10.03.2023 20:40:32][serveritem][take] sst4nk0 gave 1 of resource_log_spruce (§7Хвойное бревно)
[10.03.2023 20:40:32][serveritem][give] sst4nk0 obtained 3 of currency_copper_coin (§aМѣдꙗнiк)
[10.03.2023 20:40:32][serveritem][take] sst4nk0 gave 1 of resource_log_spruce (§7Хвойное бревно)
[10.03.2023 20:40:32][serveritem][give] sst4nk0 obtained 3 of currency_copper_coin (§aМѣдꙗнiк)
[10.03.2023 20:40:32][serveritem][take] sst4nk0 gave 1 of resource_log_spruce (§7Хвойное бревно)
[10.03.2023 20:40:32][serveritem][give] sst4nk0 obtained 3 of currency_copper_coin (§aМѣдꙗнiк)
[10.03.2023 20:40:32][serveritem][take] sst4nk0 gave 1 of resource_log_spruce (§7Хвойное бревно)
[10.03.2023 20:40:32][serveritem][give] sst4nk0 obtained 3 of currency_copper_coin (§aМѣдꙗнiк)
[10.03.2023 20:40:32][serveritem][take] sst4nk0 gave 1 of resource_log_spruce (§7Хвойное бревно)
[10.03.2023 20:40:33][serveritem][give] sst4nk0 obtained 3 of currency_copper_coin (§aМѣдꙗнiк)
[10.03.2023 20:40:33][serveritem][take] sst4nk0 gave 1 of resource_log_spruce (§7Хвойное бревно)
[10.03.2023 20:40:33][serveritem][give] sst4nk0 obtained 3 of currency_copper_coin (§aМѣдꙗнiк)
[10.03.2023 20:40:33][serveritem][take] sst4nk0 gave 1 of resource_log_spruce (§7Хвойное бревно)
[10.03.2023 20:40:33][serveritem][give] sst4nk0 obtained 3 of currency_copper_coin (§aМѣдꙗнiк)
[10.03.2023 20:40:33][serveritem][take] sst4nk0 gave 1 of resource_log_spruce (§7Хвойное бревно)
[10.03.2023 20:40:33][serveritem][give] sst4nk0 obtained 3 of currency_copper_coin (§aМѣдꙗнiк)
[10.03.2023 20:40:33][serveritem][take] sst4nk0 gave 1 of resource_log_spruce (§7Хвойное бревно)
[10.03.2023 20:40:33][serveritem][give] sst4nk0 obtained 3 of currency_copper_coin (§aМѣдꙗнiк)
[10.03.2023 20:40:33][serveritem][take] sst4nk0 gave 1 of resource_log_spruce (§7Хвойное бревно)
[10.03.2023 20:40:34][serveritem][give] sst4nk0 obtained 3 of currency_copper_coin (§aМѣдꙗнiк)
[10.03.2023 20:40:34][serveritem][take] sst4nk0 gave 1 of resource_log_spruce (§7Хвойное бревно)
[10.03.2023 20:40:34][serveritem][give] sst4nk0 obtained 3 of currency_copper_coin (§aМѣдꙗнiк)
[10.03.2023 20:40:34][serveritem][take] sst4nk0 gave 1 of resource_log_spruce (§7Хвойное бревно)
[10.03.2023 20:40:34][serveritem][give] sst4nk0 obtained 3 of currency_copper_coin (§aМѣдꙗнiк)
[10.03.2023 20:40:34][serveritem][take] sst4nk0 gave 1 of resource_log_spruce (§7Хвойное бревно)
[10.03.2023 20:40:34][serveritem][give] sst4nk0 obtained 3 of currency_copper_coin (§aМѣдꙗнiк)
[10.03.2023 20:40:34][serveritem][take] sst4nk0 gave 1 of resource_log_spruce (§7Хвойное бревно)
[10.03.2023 20:40:34][serveritem][give] sst4nk0 obtained 3 of currency_copper_coin (§aМѣдꙗнiк)
[10.03.2023 20:40:34][serveritem][take] sst4nk0 gave 1 of resource_log_spruce (§7Хвойное бревно)
[10.03.2023 20:40:34][serveritem][give] sst4nk0 obtained 3 of currency_copper_coin (§aМѣдꙗнiк)
[10.03.2023 20:40:34][serveritem][take] sst4nk0 gave 1 of resource_log_spruce (§7Хвойное бревно)
[10.03.2023 20:40:35][serveritem][give] sst4nk0 obtained 3 of currency_copper_coin (§aМѣдꙗнiк)
[10.03.2023 20:40:35][serveritem][take] sst4nk0 gave 1 of resource_log_spruce (§7Хвойное бревно)
[10.03.2023 20:40:35][serveritem][give] sst4nk0 obtained 3 of currency_copper_coin (§aМѣдꙗнiк)
[10.03.2023 20:40:35][serveritem][take] sst4nk0 gave 1 of resource_log_spruce (§7Хвойное бревно)
[10.03.2023 20:40:35][serveritem][give] sst4nk0 obtained 3 of currency_copper_coin (§aМѣдꙗнiк)
[10.03.2023 20:40:35][serveritem][take] sst4nk0 gave 1 of resource_log_spruce (§7Хвойное бревно)
[10.03.2023 20:40:35][serveritem][give] sst4nk0 obtained 3 of currency_copper_coin (§aМѣдꙗнiк)
[10.03.2023 20:40:35][serveritem][take] sst4nk0 gave 1 of resource_log_spruce (§7Хвойное бревно)
[10.03.2023 20:40:36][serveritem][give] sst4nk0 obtained 3 of currency_copper_coin (§aМѣдꙗнiк)
[10.03.2023 20:40:36][serveritem][take] sst4nk0 gave 1 of resource_log_spruce (§7Хвойное бревно)
[10.03.2023 20:40:36][serveritem][give] sst4nk0 obtained 3 of currency_copper_coin (§aМѣдꙗнiк)
[10.03.2023 20:40:36][serveritem][take] sst4nk0 gave 1 of resource_log_spruce (§7Хвойное бревно)
[10.03.2023 20:40:36][serveritem][give] sst4nk0 obtained 3 of currency_copper_coin (§aМѣдꙗнiк)
[10.03.2023 20:40:36][serveritem][take] sst4nk0 gave 1 of resource_log_spruce (§7Хвойное бревно)
[10.03.2023 20:40:36][serveritem][give] sst4nk0 obtained 3 of currency_copper_coin (§aМѣдꙗнiк)
[10.03.2023 20:40:36][serveritem][take] sst4nk0 gave 1 of resource_log_spruce (§7Хвойное бревно)
[10.03.2023 20:40:36][serveritem][give] sst4nk0 obtained 3 of currency_copper_coin (§aМѣдꙗнiк)
[10.03.2023 20:40:36][serveritem][take] sst4nk0 gave 1 of resource_log_spruce (§7Хвойное бревно)
[10.03.2023 20:40:37][serveritem][give] sst4nk0 obtained 3 of currency_copper_coin (§aМѣдꙗнiк)
[10.03.2023 20:40:37][serveritem][take] sst4nk0 gave 1 of resource_log_spruce (§7Хвойное бревно)
[10.03.2023 20:40:37][serveritem][give] sst4nk0 obtained 3 of currency_copper_coin (§aМѣдꙗнiк)
[10.03.2023 20:40:37][serveritem][take] sst4nk0 gave 1 of resource_log_spruce (§7Хвойное бревно)
[10.03.2023 20:40:37][serveritem][give] sst4nk0 obtained 3 of currency_copper_coin (§aМѣдꙗнiк)
[10.03.2023 20:40:37][serveritem][take] sst4nk0 gave 1 of resource_log_spruce (§7Хвойное бревно)
[10.03.2023 20:40:37][serveritem][give] sst4nk0 obtained 3 of currency_copper_coin (§aМѣдꙗнiк)
[10.03.2023 20:40:37][serveritem][take] sst4nk0 gave 1 of resource_log_spruce (§7Хвойное бревно)
[10.03.2023 20:40:37][serveritem][give] sst4nk0 obtained 3 of currency_copper_coin (§aМѣдꙗнiк)
[10.03.2023 20:40:37][serveritem][take] sst4nk0 gave 1 of resource_log_spruce (§7Хвойное бревно)
[10.03.2023 20:40:38][serveritem][give] sst4nk0 obtained 2 of currency_copper_coin (§aМѣдꙗнiк)
[10.03.2023 20:40:38][serveritem][take] sst4nk0 gave 1 of resource_log_oak (§7Дубовое бревно)
[10.03.2023 20:40:38][serveritem][give] sst4nk0 obtained 2 of currency_copper_coin (§aМѣдꙗнiк)
[10.03.2023 20:40:38][serveritem][take] sst4nk0 gave 1 of resource_log_oak (§7Дубовое бревно)
[10.03.2023 20:40:39][serveritem][give] sst4nk0 obtained 2 of currency_copper_coin (§aМѣдꙗнiк)
[10.03.2023 20:40:39][serveritem][take] sst4nk0 gave 1 of resource_log_oak (§7Дубовое бревно)
[10.03.2023 20:40:39][serveritem][give] sst4nk0 obtained 2 of currency_copper_coin (§aМѣдꙗнiк)
[10.03.2023 20:40:39][serveritem][take] sst4nk0 gave 1 of resource_log_oak (§7Дубовое бревно)
[10.03.2023 20:40:39][serveritem][give] sst4nk0 obtained 2 of currency_copper_coin (§aМѣдꙗнiк)
[10.03.2023 20:40:39][serveritem][take] sst4nk0 gave 1 of resource_log_oak (§7Дубовое бревно)
[10.03.2023 20:40:39][serveritem][give] sst4nk0 obtained 2 of currency_copper_coin (§aМѣдꙗнiк)
[10.03.2023 20:40:39][serveritem][take] sst4nk0 gave 1 of resource_log_oak (§7Дубовое бревно)
[10.03.2023 20:40:39][serveritem][give] sst4nk0 obtained 2 of currency_copper_coin (§aМѣдꙗнiк)
[10.03.2023 20:40:39][serveritem][take] sst4nk0 gave 1 of resource_log_oak (§7Дубовое бревно)
[10.03.2023 20:40:39][serveritem][give] sst4nk0 obtained 2 of currency_copper_coin (§aМѣдꙗнiк)
[10.03.2023 20:40:39][serveritem][take] sst4nk0 gave 1 of resource_log_oak (§7Дубовое бревно)
[10.03.2023 20:40:40][serveritem][give] sst4nk0 obtained 2 of currency_copper_coin (§aМѣдꙗнiк)
[10.03.2023 20:40:40][serveritem][take] sst4nk0 gave 1 of resource_log_oak (§7Дубовое бревно)
[10.03.2023 20:40:40][serveritem][give] sst4nk0 obtained 2 of currency_copper_coin (§aМѣдꙗнiк)
[10.03.2023 20:40:40][serveritem][take] sst4nk0 gave 1 of resource_log_oak (§7Дубовое бревно)
[10.03.2023 20:40:40][serveritem][give] sst4nk0 obtained 2 of currency_copper_coin (§aМѣдꙗнiк)
[10.03.2023 20:40:40][serveritem][take] sst4nk0 gave 1 of resource_log_oak (§7Дубовое бревно)
[10.03.2023 20:40:40][serveritem][give] sst4nk0 obtained 2 of currency_copper_coin (§aМѣдꙗнiк)
[10.03.2023 20:40:40][serveritem][take] sst4nk0 gave 1 of resource_log_oak (§7Дубовое бревно)
[10.03.2023 20:40:40][serveritem][give] sst4nk0 obtained 2 of currency_copper_coin (§aМѣдꙗнiк)
[10.03.2023 20:40:40][serveritem][take] sst4nk0 gave 1 of resource_log_oak (§7Дубовое бревно)
[10.03.2023 20:40:40][serveritem][give] sst4nk0 obtained 2 of currency_copper_coin (§aМѣдꙗнiк)
[10.03.2023 20:40:40][serveritem][take] sst4nk0 gave 1 of resource_log_oak (§7Дубовое бревно)
[10.03.2023 20:40:41][serveritem][give] sst4nk0 obtained 2 of currency_copper_coin (§aМѣдꙗнiк)
[10.03.2023 20:40:41][serveritem][take] sst4nk0 gave 1 of resource_log_oak (§7Дубовое бревно)
[10.03.2023 20:40:41][serveritem][give] sst4nk0 obtained 2 of currency_copper_coin (§aМѣдꙗнiк)
[10.03.2023 20:40:41][serveritem][take] sst4nk0 gave 1 of resource_log_oak (§7Дубовое бревно)
[10.03.2023 20:40:41][serveritem][give] sst4nk0 obtained 2 of currency_copper_coin (§aМѣдꙗнiк)
[10.03.2023 20:40:41][serveritem][take] sst4nk0 gave 1 of resource_log_oak (§7Дубовое бревно)
[10.03.2023 20:40:41][serveritem][give] sst4nk0 obtained 2 of currency_copper_coin (§aМѣдꙗнiк)
[10.03.2023 20:40:41][serveritem][take] sst4nk0 gave 1 of resource_log_oak (§7Дубовое бревно)
[10.03.2023 20:40:41][serveritem][give] sst4nk0 obtained 2 of currency_copper_coin (§aМѣдꙗнiк)
[10.03.2023 20:40:41][serveritem][take] sst4nk0 gave 1 of resource_log_oak (§7Дубовое бревно)
[10.03.2023 20:40:41][serveritem][give] sst4nk0 obtained 2 of currency_copper_coin (§aМѣдꙗнiк)
[10.03.2023 20:40:41][serveritem][take] sst4nk0 gave 1 of resource_log_oak (§7Дубовое бревно)
[10.03.2023 20:40:42][serveritem][give] sst4nk0 obtained 2 of currency_copper_coin (§aМѣдꙗнiк)
[10.03.2023 20:40:42][serveritem][take] sst4nk0 gave 1 of resource_log_oak (§7Дубовое бревно)
[10.03.2023 20:40:42][serveritem][give] sst4nk0 obtained 2 of currency_copper_coin (§aМѣдꙗнiк)
[10.03.2023 20:40:42][serveritem][take] sst4nk0 gave 1 of resource_log_oak (§7Дубовое бревно)
[10.03.2023 20:40:42][serveritem][give] sst4nk0 obtained 2 of currency_copper_coin (§aМѣдꙗнiк)
[10.03.2023 20:40:42][serveritem][take] sst4nk0 gave 1 of resource_log_oak (§7Дубовое бревно)
[10.03.2023 20:40:42][serveritem][give] sst4nk0 obtained 2 of currency_copper_coin (§aМѣдꙗнiк)
[10.03.2023 20:40:42][serveritem][take] sst4nk0 gave 1 of resource_log_oak (§7Дубовое бревно)
[10.03.2023 20:40:42][serveritem][give] sst4nk0 obtained 2 of currency_copper_coin (§aМѣдꙗнiк)
[10.03.2023 20:40:42][serveritem][take] sst4nk0 gave 1 of resource_log_oak (§7Дубовое бревно)
[10.03.2023 20:40:43][serveritem][give] sst4nk0 obtained 2 of currency_copper_coin (§aМѣдꙗнiк)
[10.03.2023 20:40:43][serveritem][take] sst4nk0 gave 1 of resource_log_oak (§7Дубовое бревно)
[10.03.2023 20:40:43][serveritem][give] sst4nk0 obtained 2 of currency_copper_coin (§aМѣдꙗнiк)
[10.03.2023 20:40:43][serveritem][take] sst4nk0 gave 1 of resource_log_oak (§7Дубовое бревно)
[10.03.2023 20:40:43][serveritem][give] sst4nk0 obtained 2 of currency_copper_coin (§aМѣдꙗнiк)
[10.03.2023 20:40:43][serveritem][take] sst4nk0 gave 1 of resource_log_oak (§7Дубовое бревно)
[10.03.2023 20:40:43][serveritem][give] sst4nk0 obtained 2 of currency_copper_coin (§aМѣдꙗнiк)
[10.03.2023 20:40:43][serveritem][take] sst4nk0 gave 1 of resource_log_oak (§7Дубовое бревно)
[10.03.2023 20:40:44][serveritem][give] sst4nk0 obtained 2 of currency_copper_coin (§aМѣдꙗнiк)
[10.03.2023 20:40:44][serveritem][take] sst4nk0 gave 1 of resource_log_oak (§7Дубовое бревно)
[10.03.2023 20:40:44][serveritem][give] sst4nk0 obtained 2 of currency_copper_coin (§aМѣдꙗнiк)
[10.03.2023 20:40:44][serveritem][take] sst4nk0 gave 1 of resource_log_oak (§7Дубовое бревно)
[10.03.2023 20:40:44][serveritem][give] sst4nk0 obtained 2 of currency_copper_coin (§aМѣдꙗнiк)
[10.03.2023 20:40:44][serveritem][take] sst4nk0 gave 1 of resource_log_oak (§7Дубовое бревно)
[10.03.2023 20:40:44][serveritem][give] sst4nk0 obtained 2 of currency_copper_coin (§aМѣдꙗнiк)
[10.03.2023 20:40:44][serveritem][take] sst4nk0 gave 1 of resource_log_oak (§7Дубовое бревно)
[10.03.2023 20:40:44][serveritem][give] sst4nk0 obtained 2 of currency_copper_coin (§aМѣдꙗнiк)
[10.03.2023 20:40:44][serveritem][take] sst4nk0 gave 1 of resource_log_oak (§7Дубовое бревно)
[10.03.2023 20:40:45][serveritem][give] sst4nk0 obtained 2 of currency_copper_coin (§aМѣдꙗнiк)
[10.03.2023 20:40:45][serveritem][take] sst4nk0 gave 1 of resource_log_oak (§7Дубовое бревно)
[10.03.2023 20:40:45][serveritem][give] sst4nk0 obtained 2 of currency_copper_coin (§aМѣдꙗнiк)
[10.03.2023 20:40:45][serveritem][take] sst4nk0 gave 1 of resource_log_oak (§7Дубовое бревно)
[10.03.2023 20:40:45][serveritem][give] sst4nk0 obtained 2 of currency_copper_coin (§aМѣдꙗнiк)
[10.03.2023 20:40:45][serveritem][take] sst4nk0 gave 1 of resource_log_oak (§7Дубовое бревно)
[10.03.2023 20:40:45][serveritem][give] sst4nk0 obtained 2 of currency_copper_coin (§aМѣдꙗнiк)
[10.03.2023 20:40:45][serveritem][take] sst4nk0 gave 1 of resource_log_oak (§7Дубовое бревно)
[10.03.2023 20:40:45][serveritem][give] sst4nk0 obtained 2 of currency_copper_coin (§aМѣдꙗнiк)
[10.03.2023 20:40:45][serveritem][take] sst4nk0 gave 1 of resource_log_oak (§7Дубовое бревно)
[10.03.2023 20:40:45][serveritem][give] sst4nk0 obtained 2 of currency_copper_coin (§aМѣдꙗнiк)
[10.03.2023 20:40:45][serveritem][take] sst4nk0 gave 1 of resource_log_oak (§7Дубовое бревно)
[10.03.2023 20:40:46][serveritem][give] sst4nk0 obtained 2 of currency_copper_coin (§aМѣдꙗнiк)
[10.03.2023 20:40:46][serveritem][take] sst4nk0 gave 1 of resource_log_oak (§7Дубовое бревно)
[10.03.2023 20:40:46][serveritem][give] sst4nk0 obtained 2 of currency_copper_coin (§aМѣдꙗнiк)
[10.03.2023 20:40:46][serveritem][take] sst4nk0 gave 1 of resource_log_oak (§7Дубовое бревно)
[10.03.2023 20:40:46][serveritem][give] sst4nk0 obtained 2 of currency_copper_coin (§aМѣдꙗнiк)
[10.03.2023 20:40:46][serveritem][take] sst4nk0 gave 1 of resource_log_oak (§7Дубовое бревно)
[10.03.2023 20:40:46][serveritem][give] sst4nk0 obtained 2 of currency_copper_coin (§aМѣдꙗнiк)
[10.03.2023 20:40:46][serveritem][take] sst4nk0 gave 1 of resource_log_oak (§7Дубовое бревно)
[10.03.2023 20:40:46][serveritem][give] sst4nk0 obtained 2 of currency_copper_coin (§aМѣдꙗнiк)
[10.03.2023 20:40:46][serveritem][take] sst4nk0 gave 1 of resource_log_oak (§7Дубовое бревно)
[10.03.2023 20:40:47][serveritem][give] sst4nk0 obtained 2 of currency_copper_coin (§aМѣдꙗнiк)
[10.03.2023 20:40:47][serveritem][take] sst4nk0 gave 1 of resource_log_oak (§7Дубовое бревно)
[10.03.2023 20:40:47][serveritem][give] sst4nk0 obtained 2 of currency_copper_coin (§aМѣдꙗнiк)
[10.03.2023 20:40:47][serveritem][take] sst4nk0 gave 1 of resource_log_oak (§7Дубовое бревно)
[10.03.2023 20:40:47][serveritem][give] sst4nk0 obtained 2 of currency_copper_coin (§aМѣдꙗнiк)
[10.03.2023 20:40:47][serveritem][take] sst4nk0 gave 1 of resource_log_oak (§7Дубовое бревно)
[10.03.2023 20:40:47][serveritem][give] sst4nk0 obtained 2 of currency_copper_coin (§aМѣдꙗнiк)
[10.03.2023 20:40:47][serveritem][take] sst4nk0 gave 1 of resource_log_oak (§7Дубовое бревно)
[10.03.2023 20:40:47][serveritem][give] sst4nk0 obtained 2 of currency_copper_coin (§aМѣдꙗнiк)
[10.03.2023 20:40:47][serveritem][take] sst4nk0 gave 1 of resource_log_oak (§7Дубовое бревно)
[10.03.2023 20:40:48][serveritem][give] sst4nk0 obtained 2 of currency_copper_coin (§aМѣдꙗнiк)
[10.03.2023 20:40:48][serveritem][take] sst4nk0 gave 1 of resource_log_oak (§7Дубовое бревно)
[10.03.2023 20:40:48][serveritem][give] sst4nk0 obtained 2 of currency_copper_coin (§aМѣдꙗнiк)
[10.03.2023 20:40:48][serveritem][take] sst4nk0 gave 1 of resource_log_oak (§7Дубовое бревно)
[10.03.2023 20:40:48][serveritem][give] sst4nk0 obtained 2 of currency_copper_coin (§aМѣдꙗнiк)
[10.03.2023 20:40:48][serveritem][take] sst4nk0 gave 1 of resource_log_oak (§7Дубовое бревно)
[10.03.2023 20:40:48][serveritem][give] sst4nk0 obtained 2 of currency_copper_coin (§aМѣдꙗнiк)
[10.03.2023 20:40:48][serveritem][take] sst4nk0 gave 1 of resource_log_oak (§7Дубовое бревно)
[10.03.2023 20:40:48][serveritem][give] sst4nk0 obtained 2 of currency_copper_coin (§aМѣдꙗнiк)
[10.03.2023 20:40:48][serveritem][take] sst4nk0 gave 1 of resource_log_oak (§7Дубовое бревно)
[10.03.2023 20:40:49][serveritem][give] sst4nk0 obtained 2 of currency_copper_coin (§aМѣдꙗнiк)
[10.03.2023 20:40:49][serveritem][take] sst4nk0 gave 1 of resource_log_oak (§7Дубовое бревно)
[10.03.2023 20:40:49][serveritem][give] sst4nk0 obtained 2 of currency_copper_coin (§aМѣдꙗнiк)
[10.03.2023 20:40:49][serveritem][take] sst4nk0 gave 1 of resource_log_oak (§7Дубовое бревно)
[10.03.2023 20:40:49][serveritem][give] sst4nk0 obtained 2 of currency_copper_coin (§aМѣдꙗнiк)
[10.03.2023 20:40:49][serveritem][take] sst4nk0 gave 1 of resource_log_oak (§7Дубовое бревно)
[10.03.2023 20:40:49][serveritem][give] sst4nk0 obtained 2 of currency_copper_coin (§aМѣдꙗнiк)
[10.03.2023 20:40:49][serveritem][take] sst4nk0 gave 1 of resource_log_oak (§7Дубовое бревно)
[10.03.2023 20:40:49][serveritem][give] sst4nk0 obtained 2 of currency_copper_coin (§aМѣдꙗнiк)
[10.03.2023 20:40:49][serveritem][take] sst4nk0 gave 1 of resource_log_oak (§7Дубовое бревно)
[10.03.2023 20:40:49][serveritem][give] sst4nk0 obtained 2 of currency_copper_coin (§aМѣдꙗнiк)
[10.03.2023 20:40:49][serveritem][take] sst4nk0 gave 1 of resource_log_oak (§7Дубовое бревно)
[10.03.2023 20:40:50][serveritem][give] sst4nk0 obtained 2 of currency_copper_coin (§aМѣдꙗнiк)
[10.03.2023 20:40:50][serveritem][take] sst4nk0 gave 1 of resource_log_oak (§7Дубовое бревно)
[10.03.2023 20:40:50][serveritem][give] sst4nk0 obtained 2 of currency_copper_coin (§aМѣдꙗнiк)
[10.03.2023 20:40:50][serveritem][take] sst4nk0 gave 1 of resource_log_oak (§7Дубовое бревно)
[10.03.2023 20:40:50][serveritem][give] sst4nk0 obtained 2 of currency_copper_coin (§aМѣдꙗнiк)
[10.03.2023 20:40:50][serveritem][take] sst4nk0 gave 1 of resource_log_oak (§7Дубовое бревно)
[10.03.2023 20:40:50][serveritem][give] sst4nk0 obtained 2 of currency_copper_coin (§aМѣдꙗнiк)
[10.03.2023 20:40:50][serveritem][take] sst4nk0 gave 1 of resource_log_oak (§7Дубовое бревно)
[10.03.2023 20:40:50][serveritem][give] sst4nk0 obtained 2 of currency_copper_coin (§aМѣдꙗнiк)
[10.03.2023 20:40:50][serveritem][take] sst4nk0 gave 1 of resource_log_oak (§7Дубовое бревно)
[10.03.2023 20:40:51][serveritem][give] sst4nk0 obtained 2 of currency_copper_coin (§aМѣдꙗнiк)
[10.03.2023 20:40:51][serveritem][take] sst4nk0 gave 1 of resource_log_oak (§7Дубовое бревно)
[10.03.2023 21:51:00][serveritem][give] sst4nk0 obtained 1 of resource_log_spruce (§7Хвойное бревно)
[10.03.2023 21:51:01][serveritem][give] sst4nk0 obtained 2 of currency_copper_coin (§aМѣдꙗнiк)
[10.03.2023 21:51:01][serveritem][give] sst4nk0 obtained 1 of resource_log_birch (§7Берёзовое бревно)
[10.03.2023 21:51:01][serveritem][give] sst4nk0 obtained 3 of resource_log_oak (§7Дубовое бревно)
[10.03.2023 21:51:01][serveritem][give] sst4nk0 obtained 3 of resource_log_oak (§7Дубовое бревно)
[10.03.2023 21:51:01][serveritem][give] sst4nk0 obtained 6 of currency_copper_coin (§aМѣдꙗнiк)
[10.03.2023 21:51:01][serveritem][give] sst4nk0 obtained 2 of resource_log_spruce (§7Хвойное бревно)
[10.03.2023 21:51:02][serveritem][give] sst4nk0 obtained 2 of resource_log_oak (§7Дубовое бревно)
[10.03.2023 21:51:02][serveritem][give] sst4nk0 obtained 4 of currency_copper_coin (§aМѣдꙗнiк)
[10.03.2023 21:51:02][serveritem][give] sst4nk0 obtained 2 of currency_copper_coin (§aМѣдꙗнiк)
[10.03.2023 21:51:02][serveritem][give] sst4nk0 obtained 1 of currency_copper_coin (§aМѣдꙗнiк)
[10.03.2023 21:51:02][serveritem][give] sst4nk0 obtained 1 of currency_copper_coin (§aМѣдꙗнiк)
[10.03.2023 21:51:03][serveritem][give] sst4nk0 obtained 1 of resource_log_spruce (§7Хвойное бревно)
[10.03.2023 21:51:03][serveritem][give] sst4nk0 obtained 2 of resource_log_oak (§7Дубовое бревно)
[10.03.2023 21:51:03][serveritem][give] sst4nk0 obtained 4 of currency_copper_coin (§aМѣдꙗнiк)
[10.03.2023 21:51:03][serveritem][give] sst4nk0 obtained 3 of resource_log_oak (§7Дубовое бревно)
[10.03.2023 21:51:03][serveritem][give] sst4nk0 obtained 1 of currency_copper_coin (§aМѣдꙗнiк)
[10.03.2023 21:51:04][serveritem][give] sst4nk0 obtained 1 of resource_log_birch (§7Берёзовое бревно)
[10.03.2023 21:51:04][serveritem][give] sst4nk0 obtained 1 of currency_copper_coin (§aМѣдꙗнiк)
[10.03.2023 21:51:04][serveritem][give] sst4nk0 obtained 2 of resource_log_spruce (§7Хвойное бревно)
[10.03.2023 21:51:06][serveritem][give] sst4nk0 obtained 2 of resource_log_oak (§7Дубовое бревно)
[10.03.2023 21:51:06][serveritem][give] sst4nk0 obtained 6 of currency_copper_coin (§aМѣдꙗнiк)
[10.03.2023 21:51:06][serveritem][give] sst4nk0 obtained 6 of currency_copper_coin (§aМѣдꙗнiк)
[10.03.2023 21:51:06][serveritem][give] sst4nk0 obtained 2 of resource_log_spruce (§7Хвойное бревно)
[10.03.2023 21:51:06][serveritem][give] sst4nk0 obtained 6 of currency_copper_coin (§aМѣдꙗнiк)
[10.03.2023 21:51:06][serveritem][give] sst4nk0 obtained 1 of resource_log_spruce (§7Хвойное бревно)
[10.03.2023 21:51:07][serveritem][give] sst4nk0 obtained 2 of resource_log_spruce (§7Хвойное бревно)
[10.03.2023 21:51:07][serveritem][give] sst4nk0 obtained 2 of currency_copper_coin (§aМѣдꙗнiк)
[10.03.2023 21:51:07][serveritem][give] sst4nk0 obtained 1 of resource_log_spruce (§7Хвойное бревно)
[10.03.2023 21:51:07][serveritem][give] sst4nk0 obtained 2 of resource_log_oak (§7Дубовое бревно)
[10.03.2023 21:51:07][serveritem][give] sst4nk0 obtained 2 of resource_log_spruce (§7Хвойное бревно)
[10.03.2023 21:51:08][serveritem][give] sst4nk0 obtained 2 of resource_log_oak (§7Дубовое бревно)
[10.03.2023 21:51:08][serveritem][give] sst4nk0 obtained 2 of resource_log_oak (§7Дубовое бревно)
[10.03.2023 21:51:08][serveritem][give] sst4nk0 obtained 6 of currency_copper_coin (§aМѣдꙗнiк)
[10.03.2023 21:51:08][serveritem][give] sst4nk0 obtained 1 of resource_log_spruce (§7Хвойное бревно)
[10.03.2023 21:51:08][serveritem][give] sst4nk0 obtained 2 of currency_copper_coin (§aМѣдꙗнiк)
[10.03.2023 21:51:09][serveritem][give] sst4nk0 obtained 2 of resource_log_oak (§7Дубовое бревно)
[10.03.2023 21:51:09][serveritem][give] sst4nk0 obtained 4 of currency_copper_coin (§aМѣдꙗнiк)
[10.03.2023 21:51:09][serveritem][give] sst4nk0 obtained 3 of resource_log_oak (§7Дубовое бревно)
[10.03.2023 21:51:09][serveritem][give] sst4nk0 obtained 3 of resource_log_oak (§7Дубовое бревно)
[10.03.2023 21:51:09][serveritem][give] sst4nk0 obtained 1 of resource_log_birch (§7Берёзовое бревно)
[10.03.2023 21:51:10][serveritem][give] sst4nk0 obtained 1 of currency_copper_coin (§aМѣдꙗнiк)
[10.03.2023 21:51:10][serveritem][give] sst4nk0 obtained 1 of currency_copper_coin (§aМѣдꙗнiк)
[10.03.2023 21:51:10][serveritem][give] sst4nk0 obtained 1 of resource_log_spruce (§7Хвойное бревно)
[10.03.2023 21:51:10][serveritem][give] sst4nk0 obtained 2 of resource_log_oak (§7Дубовое бревно)
[10.03.2023 21:51:10][serveritem][give] sst4nk0 obtained 2 of resource_log_spruce (§7Хвойное бревно)
[10.03.2023 21:51:11][serveritem][give] sst4nk0 obtained 4 of currency_copper_coin (§aМѣдꙗнiк)
[10.03.2023 21:51:11][serveritem][give] sst4nk0 obtained 2 of currency_copper_coin (§aМѣдꙗнiк)
[10.03.2023 21:51:11][serveritem][give] sst4nk0 obtained 1 of resource_log_spruce (§7Хвойное бревно)
[10.03.2023 21:51:11][serveritem][give] sst4nk0 obtained 1 of currency_copper_coin (§aМѣдꙗнiк)
[10.03.2023 21:51:12][serveritem][give] sst4nk0 obtained 2 of resource_log_spruce (§7Хвойное бревно)
[10.03.2023 21:51:12][serveritem][give] sst4nk0 obtained 2 of resource_log_spruce (§7Хвойное бревно)
[10.03.2023 21:51:12][serveritem][give] sst4nk0 obtained 1 of currency_copper_coin (§aМѣдꙗнiк)
[10.03.2023 21:51:12][serveritem][give] sst4nk0 obtained 4 of currency_copper_coin (§aМѣдꙗнiк)
[10.03.2023 21:51:12][serveritem][give] sst4nk0 obtained 2 of currency_copper_coin (§aМѣдꙗнiк)
[10.03.2023 21:51:13][serveritem][give] sst4nk0 obtained 1 of resource_log_birch (§7Берёзовое бревно)
[10.03.2023 21:51:13][serveritem][give] sst4nk0 obtained 4 of currency_copper_coin (§aМѣдꙗнiк)
[10.03.2023 21:51:13][serveritem][give] sst4nk0 obtained 2 of resource_log_oak (§7Дубовое бревно)
[10.03.2023 21:51:13][serveritem][give] sst4nk0 obtained 3 of resource_log_oak (§7Дубовое бревно)
[10.03.2023 21:51:13][serveritem][give] sst4nk0 obtained 6 of currency_copper_coin (§aМѣдꙗнiк)
[10.03.2023 21:51:14][serveritem][give] sst4nk0 obtained 2 of currency_copper_coin (§aМѣдꙗнiк)
[10.03.2023 21:51:14][serveritem][give] sst4nk0 obtained 6 of currency_copper_coin (§aМѣдꙗнiк)
[10.03.2023 21:51:14][serveritem][give] sst4nk0 obtained 1 of resource_log_birch (§7Берёзовое бревно)
[10.03.2023 21:51:15][serveritem][give] sst4nk0 obtained 1 of currency_copper_coin (§aМѣдꙗнiк)
[10.03.2023 22:01:42][serveritem][take] sst4nk0 gave 1 of currency_silver_coin (§aСребрꙗнiк)
[10.03.2023 22:01:42][serveritem][give] sst4nk0 obtained 62 of currency_copper_coin (§aМѣдꙗнiк)
[10.03.2023 22:03:27][serveritem][take] sst4nk0 gave 4 of currency_copper_coin (§aМѣдꙗнiк)
[10.03.2023 22:03:44][serveritem][give] sst4nk0 obtained 1 of misc_stone_dirty (§fКамень в грязи)
[10.03.2023 22:03:46][serveritem][give] sst4nk0 obtained 1 of resource_log_spruce (§7Хвойное бревно)
[10.03.2023 22:05:14][serveritem][give] sst4nk0 obtained 2 of resource_log_oak (§7Дубовое бревно)
[10.03.2023 22:06:44][serveritem][give] sst4nk0 obtained 4 of currency_copper_coin (§aМѣдꙗнiк)
[10.03.2023 22:06:44][serveritem][give] sst4nk0 obtained 1 of resource_log_birch (§7Берёзовое бревно)
[10.03.2023 22:06:44][serveritem][give] sst4nk0 obtained 1 of currency_copper_coin (§aМѣдꙗнiк)
[10.03.2023 22:06:44][serveritem][give] sst4nk0 obtained 1 of resource_log_spruce (§7Хвойное бревно)
[10.03.2023 22:06:45][serveritem][give] sst4nk0 obtained 2 of resource_log_oak (§7Дубовое бревно)
[10.03.2023 22:06:45][serveritem][give] sst4nk0 obtained 1 of currency_copper_coin (§aМѣдꙗнiк)
[10.03.2023 22:06:45][serveritem][give] sst4nk0 obtained 2 of currency_copper_coin (§aМѣдꙗнiк)
[10.03.2023 22:06:45][serveritem][give] sst4nk0 obtained 2 of resource_log_oak (§7Дубовое бревно)
[10.03.2023 22:06:45][serveritem][give] sst4nk0 obtained 2 of resource_log_oak (§7Дубовое бревно)
[10.03.2023 22:06:45][serveritem][give] sst4nk0 obtained 3 of resource_log_oak (§7Дубовое бревно)
[10.03.2023 22:06:45][serveritem][give] sst4nk0 obtained 4 of currency_copper_coin (§aМѣдꙗнiк)
[10.03.2023 22:06:46][serveritem][give] sst4nk0 obtained 2 of currency_copper_coin (§aМѣдꙗнiк)
[10.03.2023 22:06:46][serveritem][give] sst4nk0 obtained 3 of resource_log_oak (§7Дубовое бревно)
[10.03.2023 22:06:46][serveritem][give] sst4nk0 obtained 4 of currency_copper_coin (§aМѣдꙗнiк)
[10.03.2023 22:06:46][serveritem][give] sst4nk0 obtained 1 of currency_copper_coin (§aМѣдꙗнiк)
[10.03.2023 22:06:46][serveritem][give] sst4nk0 obtained 1 of rune_1_1of3 (§aРуна [§fАζъ§a])
[10.03.2023 22:06:46][serveritem][give] sst4nk0 obtained 1 of currency_copper_coin (§aМѣдꙗнiк)
[10.03.2023 22:06:47][serveritem][give] sst4nk0 obtained 3 of resource_log_oak (§7Дубовое бревно)
[10.03.2023 22:06:47][serveritem][give] sst4nk0 obtained 4 of currency_copper_coin (§aМѣдꙗнiк)
[10.03.2023 22:06:47][serveritem][give] sst4nk0 obtained 1 of currency_copper_coin (§aМѣдꙗнiк)
[10.03.2023 22:06:47][serveritem][give] sst4nk0 obtained 2 of currency_copper_coin (§aМѣдꙗнiк)
[10.03.2023 22:06:47][serveritem][give] sst4nk0 obtained 3 of resource_log_oak (§7Дубовое бревно)
[10.03.2023 22:06:47][serveritem][give] sst4nk0 obtained 2 of resource_log_oak (§7Дубовое бревно)
[10.03.2023 22:06:48][serveritem][give] sst4nk0 obtained 4 of currency_copper_coin (§aМѣдꙗнiк)
[10.03.2023 22:06:48][serveritem][give] sst4nk0 obtained 2 of resource_log_oak (§7Дубовое бревно)
[10.03.2023 22:06:48][serveritem][give] sst4nk0 obtained 2 of resource_log_oak (§7Дубовое бревно)
[10.03.2023 22:06:48][serveritem][give] sst4nk0 obtained 2 of resource_log_spruce (§7Хвойное бревно)
[10.03.2023 22:06:48][serveritem][give] sst4nk0 obtained 2 of resource_log_spruce (§7Хвойное бревно)
[10.03.2023 22:06:48][serveritem][give] sst4nk0 obtained 6 of currency_copper_coin (§aМѣдꙗнiк)
[10.03.2023 22:06:49][serveritem][give] sst4nk0 obtained 6 of currency_copper_coin (§aМѣдꙗнiк)
[10.03.2023 22:06:49][serveritem][give] sst4nk0 obtained 1 of currency_copper_coin (§aМѣдꙗнiк)
[10.03.2023 22:06:49][serveritem][give] sst4nk0 obtained 1 of rune_1_2of3 (§aРуна [§fѥсмъ§a])
[10.03.2023 22:06:49][serveritem][give] sst4nk0 obtained 2 of resource_log_spruce (§7Хвойное бревно)
[10.03.2023 22:06:49][serveritem][give] sst4nk0 obtained 1 of currency_copper_coin (§aМѣдꙗнiк)
[10.03.2023 22:06:50][serveritem][give] sst4nk0 obtained 6 of currency_copper_coin (§aМѣдꙗнiк)
[10.03.2023 22:06:50][serveritem][give] sst4nk0 obtained 3 of resource_log_oak (§7Дубовое бревно)
[10.03.2023 22:06:50][serveritem][give] sst4nk0 obtained 1 of resource_log_birch (§7Берёзовое бревно)
[10.03.2023 22:06:50][serveritem][give] sst4nk0 obtained 4 of currency_copper_coin (§aМѣдꙗнiк)
[10.03.2023 22:06:50][serveritem][give] sst4nk0 obtained 1 of currency_copper_coin (§aМѣдꙗнiк)
[10.03.2023 22:06:50][serveritem][give] sst4nk0 obtained 3 of resource_log_oak (§7Дубовое бревно)
[10.03.2023 22:06:51][serveritem][give] sst4nk0 obtained 2 of resource_log_oak (§7Дубовое бревно)
[10.03.2023 22:06:51][serveritem][give] sst4nk0 obtained 6 of currency_copper_coin (§aМѣдꙗнiк)
[10.03.2023 22:06:51][serveritem][give] sst4nk0 obtained 2 of resource_log_oak (§7Дубовое бревно)
[10.03.2023 22:06:51][serveritem][give] sst4nk0 obtained 6 of currency_copper_coin (§aМѣдꙗнiк)
[10.03.2023 22:06:51][serveritem][give] sst4nk0 obtained 3 of resource_log_oak (§7Дубовое бревно)
[10.03.2023 22:06:51][serveritem][give] sst4nk0 obtained 1 of currency_silver_coin (§aСребрꙗнiк)
[10.03.2023 22:06:52][serveritem][give] sst4nk0 obtained 2 of currency_copper_coin (§aМѣдꙗнiк)
[10.03.2023 22:06:52][serveritem][give] sst4nk0 obtained 1 of currency_copper_coin (§aМѣдꙗнiк)
[10.03.2023 22:06:52][serveritem][give] sst4nk0 obtained 2 of resource_log_oak (§7Дубовое бревно)
[10.03.2023 22:06:52][serveritem][give] sst4nk0 obtained 2 of resource_log_spruce (§7Хвойное бревно)
[10.03.2023 22:06:52][serveritem][give] sst4nk0 obtained 2 of currency_copper_coin (§aМѣдꙗнiк)
[10.03.2023 22:06:52][serveritem][give] sst4nk0 obtained 1 of resource_log_birch (§7Берёзовое бревно)
[10.03.2023 22:06:53][serveritem][give] sst4nk0 obtained 1 of resource_log_birch (§7Берёзовое бревно)
[10.03.2023 22:06:53][serveritem][give] sst4nk0 obtained 2 of currency_copper_coin (§aМѣдꙗнiк)
[10.03.2023 22:06:53][serveritem][give] sst4nk0 obtained 6 of currency_copper_coin (§aМѣдꙗнiк)
[10.03.2023 22:06:53][serveritem][give] sst4nk0 obtained 2 of resource_log_spruce (§7Хвойное бревно)
[10.03.2023 22:06:53][serveritem][give] sst4nk0 obtained 4 of currency_copper_coin (§aМѣдꙗнiк)
[10.03.2023 22:06:53][serveritem][give] sst4nk0 obtained 6 of currency_copper_coin (§aМѣдꙗнiк)
[10.03.2023 22:06:53][serveritem][give] sst4nk0 obtained 2 of resource_log_spruce (§7Хвойное бревно)
[10.03.2023 22:06:54][serveritem][give] sst4nk0 obtained 2 of resource_log_oak (§7Дубовое бревно)
[10.03.2023 22:06:54][serveritem][give] sst4nk0 obtained 2 of resource_log_oak (§7Дубовое бревно)
[10.03.2023 22:06:55][serveritem][give] sst4nk0 obtained 1 of currency_silver_coin (§aСребрꙗнiк)
[10.03.2023 22:06:55][serveritem][give] sst4nk0 obtained 2 of currency_copper_coin (§aМѣдꙗнiк)
[10.03.2023 22:06:55][serveritem][give] sst4nk0 obtained 3 of resource_log_oak (§7Дубовое бревно)
