[18.03.2023 11:11:12][serveritem][give] sst4nk0 obtained 1 of resource_log_spruce (§7Хвойное бревно)
[18.03.2023 11:21:21][serveritem][give] sst4nk0 obtained 1 of resource_iron (§7Железо)
[18.03.2023 11:32:55][serveritem][give] sst4nk0 obtained 1 of resource_iron (§7Железо)
[18.03.2023 11:52:41][serveritem][give] sst4nk0 obtained 1 of resource_iron (§7Железо)
[18.03.2023 11:53:44][serveritem][give] sst4nk0 obtained 1 of resource_iron (§7Железо)
[18.03.2023 11:56:47][serveritem][give] sst4nk0 obtained 1 of resource_iron (§7Железо)
[18.03.2023 12:21:03][serveritem][give] sst4nk0 obtained 1 of resource_iron (§7Железо)
[18.03.2023 12:22:58][serveritem][give] sst4nk0 obtained 1 of resource_iron (§7Железо)
[18.03.2023 12:30:24][serveritem][give] sst4nk0 obtained 1 of resource_iron (§7Железо)
[18.03.2023 12:30:56][serveritem][give] sst4nk0 obtained 1 of resource_iron (§7Железо)
[18.03.2023 12:31:01][serveritem][give] sst4nk0 obtained 1 of resource_iron (§7Железо)
[18.03.2023 12:32:14][serveritem][give] sst4nk0 obtained 1 of resource_iron (§7Железо)
[18.03.2023 12:32:28][serveritem][give] sst4nk0 obtained 1 of resource_iron (§7Железо)
[18.03.2023 12:32:32][serveritem][give] sst4nk0 obtained 1 of resource_iron (§7Железо)
[18.03.2023 12:34:22][serveritem][give] sst4nk0 obtained 1 of resource_iron (§7Железо)
[18.03.2023 12:34:56][serveritem][give] Zipperok obtained 1 of tool_pickaxe_stone (§fКаменная кирка)
[18.03.2023 12:35:03][serveritem][give] Zipperok obtained 1 of crate_wooden (§aДеревянная шкатулка)
[18.03.2023 12:36:35][serveritem][give] sst4nk0 obtained 1 of resource_iron (§7Железо)
[18.03.2023 12:38:57][serveritem][give] sst4nk0 obtained 1 of resource_iron (§7Железо)
[18.03.2023 12:44:33][serveritem][give] sst4nk0 obtained 1 of resource_iron (§7Железо)
[18.03.2023 12:44:55][serveritem][give] LogiFlo obtained 1 of resource_iron (§7Железо)
[18.03.2023 12:46:28][serveritem][give] LogiFlo obtained 1 of resource_iron (§7Железо)
[18.03.2023 12:47:29][serveritem][give] LogiFlo obtained 1 of resource_iron (§7Железо)
[18.03.2023 12:47:38][serveritem][give] sst4nk0 obtained 1 of resource_iron (§7Железо)
[18.03.2023 12:48:13][serveritem][give] LogiFlo obtained 1 of resource_iron (§7Железо)
[18.03.2023 12:49:04][serveritem][give] sst4nk0 obtained 1 of resource_iron (§7Железо)
[18.03.2023 12:49:14][serveritem][give] LogiFlo obtained 1 of resource_iron (§7Железо)
[18.03.2023 12:49:24][serveritem][give] Zipperok obtained 1 of resource_iron (§7Железо)
[18.03.2023 12:50:06][serveritem][give] sst4nk0 obtained 1 of resource_iron (§7Железо)
[18.03.2023 12:53:06][serveritem][give] sst4nk0 obtained 1 of resource_iron (§7Железо)
[18.03.2023 14:41:04][serveritem][give] sst4nk0 obtained 1 of resource_iron (§7Железо)
[18.03.2023 14:58:28][serveritem][give] sst4nk0 obtained 1 of resource_iron (§7Железо)
[18.03.2023 16:03:36][serveritem][give] sst4nk0 obtained 1 of resource_iron (§7Железо)
[18.03.2023 16:04:38][serveritem][give] sst4nk0 obtained 1 of resource_iron (§7Железо)
[18.03.2023 16:05:39][serveritem][give] sst4nk0 obtained 1 of resource_iron (§7Железо)
[18.03.2023 16:06:41][serveritem][give] sst4nk0 obtained 1 of resource_iron (§7Железо)
[18.03.2023 16:07:43][serveritem][give] sst4nk0 obtained 1 of resource_iron (§7Железо)
[18.03.2023 16:10:16][serveritem][give] sst4nk0 obtained 1 of resource_iron (§7Железо)
[18.03.2023 16:11:16][serveritem][give] sst4nk0 obtained 1 of resource_iron (§7Железо)
[18.03.2023 16:12:27][serveritem][give] sst4nk0 obtained 1 of resource_iron (§7Железо)
[18.03.2023 16:13:36][serveritem][give] sst4nk0 obtained 1 of resource_iron (§7Железо)
[18.03.2023 17:45:48][serveritem][give] sst4nk0 obtained 1 of resource_copper (§7Медь)
[18.03.2023 17:47:07][serveritem][give] sst4nk0 obtained 1 of resource_copper (§7Медь)
[18.03.2023 17:47:37][serveritem][give] sst4nk0 obtained 1 of resource_copper (§7Медь)
[18.03.2023 17:47:39][serveritem][give] sst4nk0 obtained 1 of resource_copper (§7Медь)
[18.03.2023 17:47:41][serveritem][give] sst4nk0 obtained 1 of resource_copper (§7Медь)
[18.03.2023 17:47:43][serveritem][give] sst4nk0 obtained 1 of resource_copper (§7Медь)
[18.03.2023 17:47:46][serveritem][give] sst4nk0 obtained 1 of resource_copper (§7Медь)
[18.03.2023 17:47:48][serveritem][give] sst4nk0 obtained 1 of resource_copper (§7Медь)
[18.03.2023 17:47:52][serveritem][give] sst4nk0 obtained 1 of resource_copper (§7Медь)
[18.03.2023 17:50:23][serveritem][give] sst4nk0 obtained 1 of resource_copper (§7Медь)
[18.03.2023 17:50:54][serveritem][give] sst4nk0 obtained 1 of resource_copper (§7Медь)
[18.03.2023 17:50:59][serveritem][give] sst4nk0 obtained 1 of resource_copper (§7Медь)
[18.03.2023 17:51:02][serveritem][give] sst4nk0 obtained 1 of resource_copper (§7Медь)
[18.03.2023 17:51:04][serveritem][give] sst4nk0 obtained 1 of resource_copper (§7Медь)
[18.03.2023 17:51:06][serveritem][give] sst4nk0 obtained 1 of resource_copper (§7Медь)
[18.03.2023 17:51:08][serveritem][give] sst4nk0 obtained 1 of resource_copper (§7Медь)
[18.03.2023 17:51:15][serveritem][give] sst4nk0 obtained 1 of resource_copper (§7Медь)
[18.03.2023 17:53:56][serveritem][give] sst4nk0 obtained 1 of resource_copper (§7Медь)
[18.03.2023 17:54:00][serveritem][give] sst4nk0 obtained 1 of resource_copper (§7Медь)
[18.03.2023 17:54:02][serveritem][give] sst4nk0 obtained 1 of resource_copper (§7Медь)
[18.03.2023 17:54:04][serveritem][give] sst4nk0 obtained 1 of resource_copper (§7Медь)
[18.03.2023 17:54:06][serveritem][give] sst4nk0 obtained 1 of resource_copper (§7Медь)
[18.03.2023 18:00:32][serveritem][give] sst4nk0 obtained 1 of resource_copper (§7Медь)
[18.03.2023 18:01:41][serveritem][give] sst4nk0 obtained 1 of resource_copper (§7Медь)
[18.03.2023 18:02:44][serveritem][give] sst4nk0 obtained 1 of resource_copper (§7Медь)
[18.03.2023 18:02:45][serveritem][give] sst4nk0 obtained 1 of resource_copper (§7Медь)
[18.03.2023 18:02:47][serveritem][give] sst4nk0 obtained 1 of resource_copper (§7Медь)
[18.03.2023 18:02:50][serveritem][give] sst4nk0 obtained 1 of resource_copper (§7Медь)
[18.03.2023 18:02:58][serveritem][give] sst4nk0 obtained 1 of resource_copper (§7Медь)
[18.03.2023 18:03:01][serveritem][give] sst4nk0 obtained 1 of resource_copper (§7Медь)
[18.03.2023 18:03:23][serveritem][give] sst4nk0 obtained 1 of resource_copper (§7Медь)
[18.03.2023 18:04:01][serveritem][give] sst4nk0 obtained 1 of resource_copper (§7Медь)
[18.03.2023 18:04:04][serveritem][give] sst4nk0 obtained 1 of resource_copper (§7Медь)
[18.03.2023 18:04:20][serveritem][give] sst4nk0 obtained 1 of resource_copper (§7Медь)
[18.03.2023 18:23:49][serveritem][give] sst4nk0 obtained 1 of resource_copper (§7Медь)
[18.03.2023 18:24:59][serveritem][give] sst4nk0 obtained 1 of resource_copper (§7Медь)
[18.03.2023 18:27:40][serveritem][give] sst4nk0 obtained 1 of resource_copper (§7Медь)
[18.03.2023 18:28:17][serveritem][give] sst4nk0 obtained 1 of resource_copper (§7Медь)
[18.03.2023 18:28:20][serveritem][give] sst4nk0 obtained 1 of resource_copper (§7Медь)
[18.03.2023 18:28:30][serveritem][give] sst4nk0 obtained 1 of resource_copper (§7Медь)
[18.03.2023 18:36:00][serveritem][give] sst4nk0 obtained 1 of resource_copper (§7Медь)
[18.03.2023 18:37:53][serveritem][give] sst4nk0 obtained 1 of resource_copper (§7Медь)
[18.03.2023 18:45:13][serveritem][give] sst4nk0 obtained 1 of resource_copper (§7Медь)
[18.03.2023 18:48:01][serveritem][give] sst4nk0 obtained 1 of resource_copper (§7Медь)
[18.03.2023 18:49:37][serveritem][give] sst4nk0 obtained 1 of resource_copper (§7Медь)
[18.03.2023 18:50:17][serveritem][give] sst4nk0 obtained 1 of resource_copper (§7Медь)
[18.03.2023 18:51:18][serveritem][give] sst4nk0 obtained 1 of resource_copper (§7Медь)
[18.03.2023 18:51:22][serveritem][give] sst4nk0 obtained 1 of resource_copper (§7Медь)
[18.03.2023 18:54:23][serveritem][give] sst4nk0 obtained 1 of resource_copper (§7Медь)
[18.03.2023 19:01:35][serveritem][give] sst4nk0 obtained 1 of resource_copper (§7Медь)
[18.03.2023 19:01:47][serveritem][give] sst4nk0 obtained 1 of resource_copper (§7Медь)
[18.03.2023 19:01:50][serveritem][give] sst4nk0 obtained 1 of resource_copper (§7Медь)
[18.03.2023 19:02:04][serveritem][give] sst4nk0 obtained 1 of resource_copper (§7Медь)
[18.03.2023 19:07:26][serveritem][give] sst4nk0 obtained 1 of resource_copper (§7Медь)
[18.03.2023 19:07:31][serveritem][give] sst4nk0 obtained 1 of resource_copper (§7Медь)
[18.03.2023 19:07:34][serveritem][give] sst4nk0 obtained 1 of resource_copper (§7Медь)
[18.03.2023 19:20:11][serveritem][give] sst4nk0 obtained 1 of resource_copper (§7Медь)
[18.03.2023 19:20:20][serveritem][give] sst4nk0 obtained 1 of resource_copper (§7Медь)
[18.03.2023 19:20:25][serveritem][give] sst4nk0 obtained 1 of resource_copper (§7Медь)
[18.03.2023 19:20:34][serveritem][give] sst4nk0 obtained 1 of resource_copper (§7Медь)
[18.03.2023 19:26:00][serveritem][give] sst4nk0 obtained 1 of resource_copper (§7Медь)
[18.03.2023 19:27:11][serveritem][give] sst4nk0 obtained 1 of resource_copper (§7Медь)
[18.03.2023 19:31:30][serveritem][give] sst4nk0 obtained 1 of resource_iron (§7Железо)
[18.03.2023 19:54:41][serveritem][give] sst4nk0 obtained 1 of resource_copper (§7Медь)
[18.03.2023 19:54:48][serveritem][give] sst4nk0 obtained 1 of resource_iron (§7Железо)
[18.03.2023 19:54:55][serveritem][give] sst4nk0 obtained 1 of resource_copper (§7Медь)
[18.03.2023 19:56:01][serveritem][give] sst4nk0 obtained 1 of resource_iron (§7Железо)
[18.03.2023 19:56:53][serveritem][give] sst4nk0 obtained 1 of resource_iron (§7Железо)
[18.03.2023 19:58:17][serveritem][give] sst4nk0 obtained 1 of resource_iron (§7Железо)
[18.03.2023 20:00:04][serveritem][give] sst4nk0 obtained 1 of resource_gold (§7Золото)
[18.03.2023 20:01:46][serveritem][give] sst4nk0 obtained 1 of resource_gold (§7Золото)
[18.03.2023 20:03:51][serveritem][give] sst4nk0 obtained 1 of resource_gold (§7Золото)
[18.03.2023 20:04:09][serveritem][give] sst4nk0 obtained 1 of resource_copper (§7Медь)
[18.03.2023 20:04:12][serveritem][give] sst4nk0 obtained 1 of resource_copper (§7Медь)
[18.03.2023 20:04:16][serveritem][give] sst4nk0 obtained 1 of resource_iron (§7Железо)
[18.03.2023 20:04:53][serveritem][give] sst4nk0 obtained 1 of resource_gold (§7Золото)
[18.03.2023 20:06:46][serveritem][give] sst4nk0 obtained 1 of resource_gold (§7Золото)
[18.03.2023 20:10:01][serveritem][give] sst4nk0 obtained 1 of resource_redspice (§7Красная пряность)
[18.03.2023 20:11:20][serveritem][give] sst4nk0 obtained 1 of resource_iron (§7Железо)
[18.03.2023 21:58:47][serveritem][give] sst4nk0 obtained 1 of resource_redspice (§7Красная пряность)
[18.03.2023 21:59:32][serveritem][give] sst4nk0 obtained 1 of resource_redspice (§7Красная пряность)
[18.03.2023 21:59:34][serveritem][give] sst4nk0 obtained 1 of resource_redspice (§7Красная пряность)
[18.03.2023 21:59:37][serveritem][give] sst4nk0 obtained 1 of resource_redspice (§7Красная пряность)
[18.03.2023 21:59:39][serveritem][give] sst4nk0 obtained 1 of resource_redspice (§7Красная пряность)
[18.03.2023 21:59:41][serveritem][give] sst4nk0 obtained 1 of resource_redspice (§7Красная пряность)
[18.03.2023 21:59:42][serveritem][give] sst4nk0 obtained 1 of resource_redspice (§7Красная пряность)
[18.03.2023 21:59:44][serveritem][give] sst4nk0 obtained 1 of resource_redspice (§7Красная пряность)
[18.03.2023 21:59:45][serveritem][give] sst4nk0 obtained 1 of resource_redspice (§7Красная пряность)
[18.03.2023 21:59:47][serveritem][give] sst4nk0 obtained 1 of resource_redspice (§7Красная пряность)
[18.03.2023 21:59:49][serveritem][give] sst4nk0 obtained 1 of resource_redspice (§7Красная пряность)
[18.03.2023 21:59:50][serveritem][give] sst4nk0 obtained 1 of resource_redspice (§7Красная пряность)
[18.03.2023 21:59:52][serveritem][give] sst4nk0 obtained 1 of resource_redspice (§7Красная пряность)
[18.03.2023 21:59:53][serveritem][give] sst4nk0 obtained 1 of resource_redspice (§7Красная пряность)
[18.03.2023 21:59:55][serveritem][give] sst4nk0 obtained 1 of resource_redspice (§7Красная пряность)
[18.03.2023 21:59:56][serveritem][give] sst4nk0 obtained 1 of resource_redspice (§7Красная пряность)
[18.03.2023 21:59:58][serveritem][give] sst4nk0 obtained 1 of resource_redspice (§7Красная пряность)
[18.03.2023 21:59:59][serveritem][give] sst4nk0 obtained 1 of resource_redspice (§7Красная пряность)
[18.03.2023 22:00:02][serveritem][give] sst4nk0 obtained 1 of resource_redspice (§7Красная пряность)
[18.03.2023 22:00:05][serveritem][give] sst4nk0 obtained 1 of resource_redspice (§7Красная пряность)
[18.03.2023 22:00:06][serveritem][give] sst4nk0 obtained 1 of resource_redspice (§7Красная пряность)
[18.03.2023 22:00:07][serveritem][give] sst4nk0 obtained 1 of resource_redspice (§7Красная пряность)
[18.03.2023 22:00:09][serveritem][give] sst4nk0 obtained 1 of resource_redspice (§7Красная пряность)
[18.03.2023 22:00:11][serveritem][give] sst4nk0 obtained 1 of resource_redspice (§7Красная пряность)
[18.03.2023 22:00:12][serveritem][give] sst4nk0 obtained 1 of resource_redspice (§7Красная пряность)
[18.03.2023 22:04:00][serveritem][give] sst4nk0 obtained 1 of resource_redspice (§7Красная пряность)
[18.03.2023 22:09:31][serveritem][give] sst4nk0 obtained 1 of resource_gold (§7Золото)
[18.03.2023 22:09:38][serveritem][give] sst4nk0 obtained 1 of resource_redspice (§7Красная пряность)
[18.03.2023 22:09:58][serveritem][give] sst4nk0 obtained 1 of resource_iron (§7Железо)
[18.03.2023 22:10:04][serveritem][give] sst4nk0 obtained 1 of resource_copper (§7Медь)
[18.03.2023 22:10:08][serveritem][give] sst4nk0 obtained 1 of resource_copper (§7Медь)
[18.03.2023 22:10:13][serveritem][give] sst4nk0 obtained 1 of resource_copper (§7Медь)
[18.03.2023 22:10:22][serveritem][give] sst4nk0 obtained 1 of resource_iron (§7Железо)
[18.03.2023 22:13:35][serveritem][give] sst4nk0 obtained 1 of resource_gold (§7Золото)
[18.03.2023 22:13:43][serveritem][give] sst4nk0 obtained 1 of resource_gold (§7Золото)
[18.03.2023 22:13:47][serveritem][give] sst4nk0 obtained 1 of resource_gold (§7Золото)
[18.03.2023 22:13:52][serveritem][give] sst4nk0 obtained 1 of resource_redspice (§7Красная пряность)
[18.03.2023 22:13:58][serveritem][give] sst4nk0 obtained 1 of resource_copper (§7Медь)
[18.03.2023 22:14:02][serveritem][give] sst4nk0 obtained 1 of resource_copper (§7Медь)
[18.03.2023 22:14:05][serveritem][give] sst4nk0 obtained 1 of resource_copper (§7Медь)
[18.03.2023 22:14:09][serveritem][give] sst4nk0 obtained 1 of resource_iron (§7Железо)
[18.03.2023 22:28:06][serveritem][give] sst4nk0 obtained 1 of resource_copper (§7Медь)
[18.03.2023 22:28:10][serveritem][give] sst4nk0 obtained 1 of resource_copper (§7Медь)
[18.03.2023 22:28:16][serveritem][give] sst4nk0 obtained 2 of resource_iron (§7Железо)
[18.03.2023 22:28:24][serveritem][give] sst4nk0 obtained 2 of resource_gold (§7Золото)
[18.03.2023 22:28:27][serveritem][give] sst4nk0 obtained 2 of resource_gold (§7Золото)
[18.03.2023 22:28:30][serveritem][give] sst4nk0 obtained 2 of resource_iron (§7Железо)
[18.03.2023 22:28:32][serveritem][give] sst4nk0 obtained 2 of resource_redspice (§7Красная пряность)
[18.03.2023 22:28:36][serveritem][give] sst4nk0 obtained 2 of resource_gold (§7Золото)
[18.03.2023 22:47:44][serveritem][give] sst4nk0 obtained 2 of resource_copper (§7Медь)
[18.03.2023 22:47:48][serveritem][give] sst4nk0 obtained 2 of resource_copper (§7Медь)
[18.03.2023 22:47:55][serveritem][give] sst4nk0 obtained 2 of resource_iron (§7Железо)
[18.03.2023 22:52:55][serveritem][give] sst4nk0 obtained 2 of resource_iron (§7Железо)
[18.03.2023 23:02:56][serveritem][give] sst4nk0 obtained 2 of resource_copper (§7Медь)
[18.03.2023 23:07:15][serveritem][give] sst4nk0 obtained 1 of resource_copper (§7Медь)
[18.03.2023 23:07:21][serveritem][give] sst4nk0 obtained 1 of resource_copper (§7Медь)
[18.03.2023 23:08:21][serveritem][give] sst4nk0 obtained 1 of resource_iron (§7Железо)
[18.03.2023 23:08:32][serveritem][give] sst4nk0 obtained 2 of resource_redspice (§7Красная пряность)
[18.03.2023 23:09:44][serveritem][give] sst4nk0 obtained 1 of resource_copper (§7Медь)
[18.03.2023 23:10:22][serveritem][give] sst4nk0 obtained 1 of gps_looting_mineshaft (§fКомпас [§7рудник§f])
