[25.02.2023 08:50:43][serveritem][give] sst4nk0 obtained 1 of gps_bank_korosten (§fКомпас [§7банкир Коростня§f])
[25.02.2023 08:56:52][serveritem][give] sst4nk0 obtained 1 of gps_bank_korosten (§fКомпас [§7банкир Коростня§f])
[25.02.2023 10:40:38][serveritem][give] sst4nk0 obtained 10 of currency_copper_coin (§aМѣдꙗнiк)
[25.02.2023 10:52:07][serveritem][take] sst4nk0 gave 10 of currency_copper_coin (§aМѣдꙗнiк)
[25.02.2023 11:00:10][serveritem][take] sst4nk0 gave 10 of currency_copper_coin (§aМѣдꙗнiк)
[25.02.2023 11:00:54][serveritem][take] sst4nk0 gave 10 of currency_copper_coin (§aМѣдꙗнiк)
[25.02.2023 11:00:55][serveritem][take] sst4nk0 gave 10 of currency_copper_coin (§aМѣдꙗнiк)
[25.02.2023 11:00:56][serveritem][take] sst4nk0 gave 10 of currency_copper_coin (§aМѣдꙗнiк)
[25.02.2023 11:01:00][serveritem][take] sst4nk0 gave 4 of currency_copper_coin (§aМѣдꙗнiк)
[25.02.2023 11:01:15][serveritem][take] sst4nk0 gave 1 of currency_silver_coin (§aСребрꙗнiк)
[25.02.2023 11:01:15][serveritem][take] sst4nk0 gave 0 of currency_copper_coin (§aМѣдꙗнiк)
[25.02.2023 11:01:48][serveritem][take] sst4nk0 gave 1 of currency_gold_coin (§aζлантнiк)
[25.02.2023 11:01:48][serveritem][give] sst4nk0 obtained 63 of currency_silver_coin (§aСребрꙗнiк)
[25.02.2023 11:01:48][serveritem][take] sst4nk0 gave 1 of currency_silver_coin (§aСребрꙗнiк)
[25.02.2023 11:01:48][serveritem][take] sst4nk0 gave 0 of currency_copper_coin (§aМѣдꙗнiк)
[25.02.2023 11:05:32][serveritem][take] sst4nk0 gave 1 of currency_silver_coin (§aСребрꙗнiк)
[25.02.2023 11:08:09][serveritem][take] sst4nk0 gave 1 of currency_silver_coin (§aСребрꙗнiк)
[25.02.2023 11:08:09][serveritem][give] sst4nk0 obtained 54 of currency_copper_coin (§aМѣдꙗнiк)
[25.02.2023 11:08:18][serveritem][take] sst4nk0 gave 1 of currency_silver_coin (§aСребрꙗнiк)
[25.02.2023 11:08:18][serveritem][give] sst4nk0 obtained 54 of currency_copper_coin (§aМѣдꙗнiк)
[25.02.2023 11:08:33][serveritem][take] sst4nk0 gave 54 of currency_copper_coin (§aМѣдꙗнiк)
[25.02.2023 11:09:25][serveritem][take] sst4nk0 gave 1 of currency_gold_coin (§aζлантнiк)
[25.02.2023 11:09:25][serveritem][give] sst4nk0 obtained 63 of currency_silver_coin (§aСребрꙗнiк)
[25.02.2023 11:09:25][serveritem][give] sst4nk0 obtained 9 of currency_copper_coin (§aМѣдꙗнiк)
[25.02.2023 11:15:04][serveritem][take] sst4nk0 gave 1 of currency_gold_coin (§aζлантнiк)
[25.02.2023 11:15:04][serveritem][give] sst4nk0 obtained 63 of currency_silver_coin (§aСребрꙗнiк)
[25.02.2023 11:15:04][serveritem][give] sst4nk0 obtained 62 of currency_copper_coin (§aМѣдꙗнiк)
[25.02.2023 11:15:14][serveritem][take] sst4nk0 gave 1 of currency_silver_coin (§aСребрꙗнiк)
[25.02.2023 11:15:18][serveritem][take] sst4nk0 gave 1 of currency_silver_coin (§aСребрꙗнiк)
[25.02.2023 11:15:19][serveritem][take] sst4nk0 gave 1 of currency_silver_coin (§aСребрꙗнiк)
[25.02.2023 11:15:20][serveritem][take] sst4nk0 gave 1 of currency_silver_coin (§aСребрꙗнiк)
[25.02.2023 11:15:21][serveritem][take] sst4nk0 gave 1 of currency_silver_coin (§aСребрꙗнiк)
[25.02.2023 11:15:23][serveritem][take] sst4nk0 gave 1 of currency_silver_coin (§aСребрꙗнiк)
[25.02.2023 11:15:35][serveritem][take] sst4nk0 gave 1 of currency_silver_coin (§aСребрꙗнiк)
[25.02.2023 11:15:36][serveritem][take] sst4nk0 gave 1 of currency_silver_coin (§aСребрꙗнiк)
[25.02.2023 11:15:36][serveritem][take] sst4nk0 gave 1 of currency_silver_coin (§aСребрꙗнiк)
[25.02.2023 11:15:43][serveritem][take] sst4nk0 gave 1 of currency_silver_coin (§aСребрꙗнiк)
[25.02.2023 11:15:44][serveritem][take] sst4nk0 gave 1 of currency_silver_coin (§aСребрꙗнiк)
[25.02.2023 11:15:45][serveritem][take] sst4nk0 gave 1 of currency_silver_coin (§aСребрꙗнiк)
[25.02.2023 11:15:50][serveritem][take] sst4nk0 gave 63 of currency_copper_coin (§aМѣдꙗнiк)
[25.02.2023 11:15:55][serveritem][take] sst4nk0 gave 1 of currency_silver_coin (§aСребрꙗнiк)
[25.02.2023 11:15:55][serveritem][give] sst4nk0 obtained 54 of currency_copper_coin (§aМѣдꙗнiк)
[25.02.2023 11:16:21][serveritem][take] sst4nk0 gave 1 of currency_gold_coin (§aζлантнiк)
[25.02.2023 11:16:21][serveritem][give] sst4nk0 obtained 63 of currency_silver_coin (§aСребрꙗнiк)
[25.02.2023 11:17:10][serveritem][take] sst4nk0 gave 1 of currency_gold_coin (§aζлантнiк)
[25.02.2023 11:17:10][serveritem][give] sst4nk0 obtained 63 of currency_silver_coin (§aСребрꙗнiк)
[25.02.2023 11:17:10][serveritem][give] sst4nk0 obtained 9 of currency_copper_coin (§aМѣдꙗнiк)
[25.02.2023 11:17:45][serveritem][take] sst4nk0 gave 1 of currency_gold_coin (§aζлантнiк)
[25.02.2023 11:17:45][serveritem][give] sst4nk0 obtained 63 of currency_silver_coin (§aСребрꙗнiк)
[25.02.2023 11:17:45][serveritem][give] sst4nk0 obtained 9 of currency_copper_coin (§aМѣдꙗнiк)
[25.02.2023 11:18:25][serveritem][take] sst4nk0 gave 1 of currency_gold_coin (§aζлантнiк)
[25.02.2023 11:18:25][serveritem][give] sst4nk0 obtained 63 of currency_silver_coin (§aСребрꙗнiк)
[25.02.2023 11:18:25][serveritem][give] sst4nk0 obtained 9 of currency_copper_coin (§aМѣдꙗнiк)
[25.02.2023 11:27:04][serveritem][take] sst4nk0 gave 63 of currency_copper_coin (§aМѣдꙗнiк)
[25.02.2023 11:27:19][serveritem][take] sst4nk0 gave 4 of currency_silver_coin (§aСребрꙗнiк)
[25.02.2023 11:27:28][serveritem][take] sst4nk0 gave 1 of currency_gold_coin (§aζлантнiк)
[25.02.2023 11:27:36][serveritem][take] sst4nk0 gave 1 of currency_gold_coin (§aζлантнiк)
[25.02.2023 11:27:36][serveritem][give] sst4nk0 obtained 1 of currency_silver_coin (§aСребрꙗнiк)
[25.02.2023 11:27:37][serveritem][take] sst4nk0 gave 1 of currency_gold_coin (§aζлантнiк)
[25.02.2023 11:27:37][serveritem][give] sst4nk0 obtained 1 of currency_silver_coin (§aСребрꙗнiк)
[25.02.2023 11:27:38][serveritem][take] sst4nk0 gave 1 of currency_gold_coin (§aζлантнiк)
[25.02.2023 11:27:38][serveritem][give] sst4nk0 obtained 1 of currency_silver_coin (§aСребрꙗнiк)
[25.02.2023 11:27:38][serveritem][take] sst4nk0 gave 63 of currency_silver_coin (§aСребрꙗнiк)
[25.02.2023 11:27:40][serveritem][take] sst4nk0 gave 1 of currency_gold_coin (§aζлантнiк)
[25.02.2023 11:27:40][serveritem][give] sst4nk0 obtained 1 of currency_silver_coin (§aСребрꙗнiк)
[25.02.2023 11:27:41][serveritem][take] sst4nk0 gave 1 of currency_gold_coin (§aζлантнiк)
[25.02.2023 11:27:41][serveritem][give] sst4nk0 obtained 1 of currency_silver_coin (§aСребрꙗнiк)
[25.02.2023 11:27:42][serveritem][take] sst4nk0 gave 1 of currency_gold_coin (§aζлантнiк)
[25.02.2023 11:27:42][serveritem][give] sst4nk0 obtained 1 of currency_silver_coin (§aСребрꙗнiк)
[25.02.2023 11:27:45][serveritem][take] sst4nk0 gave 1 of currency_gold_coin (§aζлантнiк)
[25.02.2023 11:27:45][serveritem][give] sst4nk0 obtained 60 of currency_silver_coin (§aСребрꙗнiк)
[25.02.2023 11:39:54][serveritem][take] sst4nk0 gave 1 of currency_gold_coin (§aζлантнiк)
[25.02.2023 11:39:54][serveritem][give] sst4nk0 obtained 60 of currency_silver_coin (§aСребрꙗнiк)
[25.02.2023 11:40:03][serveritem][take] sst4nk0 gave 4 of currency_gold_coin (§aζлантнiк)
[25.02.2023 11:47:04][serveritem][give] sst4nk0 obtained 4 of currency_gold_coin (§aζлантнiк)
[25.02.2023 11:59:46][serveritem][give] sst4nk0 obtained 32 of currency_copper_coin (§aМѣдꙗнiк)
[25.02.2023 11:59:46][serveritem][give] sst4nk0 obtained 126 of currency_silver_coin (§aСребрꙗнiк)
[25.02.2023 12:06:13][serveritem][take] sst4nk0 gave 1 of currency_gold_coin (§aζлантнiк)
[25.02.2023 12:06:13][serveritem][give] sst4nk0 obtained 63 of currency_silver_coin (§aСребрꙗнiк)
[25.02.2023 12:06:13][serveritem][give] sst4nk0 obtained 39 of currency_copper_coin (§aМѣдꙗнiк)
[25.02.2023 12:06:58][serveritem][take] sst4nk0 gave 1 of currency_gold_coin (§aζлантнiк)
[25.02.2023 12:06:58][serveritem][give] sst4nk0 obtained 63 of currency_silver_coin (§aСребрꙗнiк)
[25.02.2023 12:06:58][serveritem][give] sst4nk0 obtained 39 of currency_copper_coin (§aМѣдꙗнiк)
[25.02.2023 12:07:53][serveritem][take] sst4nk0 gave 1 of currency_gold_coin (§aζлантнiк)
[25.02.2023 12:07:53][serveritem][give] sst4nk0 obtained 63 of currency_silver_coin (§aСребрꙗнiк)
[25.02.2023 12:07:53][serveritem][give] sst4nk0 obtained 39 of currency_copper_coin (§aМѣдꙗнiк)
[25.02.2023 12:09:39][serveritem][take] sst4nk0 gave 1 of currency_gold_coin (§aζлантнiк)
[25.02.2023 12:09:39][serveritem][give] sst4nk0 obtained 59 of currency_silver_coin (§aСребрꙗнiк)
[25.02.2023 12:10:55][serveritem][take] sst4nk0 gave 1 of currency_gold_coin (§aζлантнiк)
[25.02.2023 12:10:55][serveritem][give] sst4nk0 obtained 56 of currency_silver_coin (§aСребрꙗнiк)
[25.02.2023 12:12:41][serveritem][take] sst4nk0 gave 1 of currency_gold_coin (§aζлантнiк)
[25.02.2023 12:12:41][serveritem][give] sst4nk0 obtained 53 of currency_silver_coin (§aСребрꙗнiк)
[25.02.2023 12:14:14][serveritem][take] sst4nk0 gave 1 of currency_gold_coin (§aζлантнiк)
[25.02.2023 12:14:14][serveritem][give] sst4nk0 obtained 51 of currency_silver_coin (§aСребрꙗнiк)
[25.02.2023 12:15:57][serveritem][take] sst4nk0 gave 1 of currency_gold_coin (§aζлантнiк)
[25.02.2023 12:15:57][serveritem][give] sst4nk0 obtained 51 of currency_silver_coin (§aСребрꙗнiк)
[25.02.2023 12:16:03][serveritem][take] sst4nk0 gave 13 of currency_silver_coin (§aСребрꙗнiк)
[25.02.2023 12:16:05][serveritem][take] sst4nk0 gave 13 of currency_silver_coin (§aСребрꙗнiк)
[25.02.2023 12:16:05][serveritem][take] sst4nk0 gave 13 of currency_silver_coin (§aСребрꙗнiк)
[25.02.2023 12:16:06][serveritem][take] sst4nk0 gave 1 of currency_gold_coin (§aζлантнiк)
[25.02.2023 12:16:06][serveritem][give] sst4nk0 obtained 51 of currency_silver_coin (§aСребрꙗнiк)
[25.02.2023 12:16:06][serveritem][take] sst4nk0 gave 13 of currency_silver_coin (§aСребрꙗнiк)
[25.02.2023 12:16:07][serveritem][take] sst4nk0 gave 13 of currency_silver_coin (§aСребрꙗнiк)
[25.02.2023 12:16:07][serveritem][take] sst4nk0 gave 13 of currency_silver_coin (§aСребрꙗнiк)
[25.02.2023 12:16:07][serveritem][take] sst4nk0 gave 13 of currency_silver_coin (§aСребрꙗнiк)
[25.02.2023 12:16:08][serveritem][take] sst4nk0 gave 1 of currency_gold_coin (§aζлантнiк)
[25.02.2023 12:16:08][serveritem][give] sst4nk0 obtained 51 of currency_silver_coin (§aСребрꙗнiк)
[25.02.2023 12:16:08][serveritem][take] sst4nk0 gave 13 of currency_silver_coin (§aСребрꙗнiк)
[25.02.2023 12:16:08][serveritem][take] sst4nk0 gave 13 of currency_silver_coin (§aСребрꙗнiк)
[25.02.2023 12:16:09][serveritem][take] sst4nk0 gave 13 of currency_silver_coin (§aСребрꙗнiк)
[25.02.2023 12:16:09][serveritem][take] sst4nk0 gave 13 of currency_silver_coin (§aСребрꙗнiк)
[25.02.2023 12:16:09][serveritem][take] sst4nk0 gave 1 of currency_gold_coin (§aζлантнiк)
[25.02.2023 12:16:09][serveritem][give] sst4nk0 obtained 51 of currency_silver_coin (§aСребрꙗнiк)
[25.02.2023 12:16:09][serveritem][take] sst4nk0 gave 13 of currency_silver_coin (§aСребрꙗнiк)
[25.02.2023 12:16:09][serveritem][take] sst4nk0 gave 13 of currency_silver_coin (§aСребрꙗнiк)
[25.02.2023 12:16:10][serveritem][take] sst4nk0 gave 13 of currency_silver_coin (§aСребрꙗнiк)
[25.02.2023 12:16:10][serveritem][take] sst4nk0 gave 13 of currency_silver_coin (§aСребрꙗнiк)
[25.02.2023 12:16:10][serveritem][take] sst4nk0 gave 1 of currency_gold_coin (§aζлантнiк)
[25.02.2023 12:16:10][serveritem][give] sst4nk0 obtained 51 of currency_silver_coin (§aСребрꙗнiк)
[25.02.2023 12:16:10][serveritem][take] sst4nk0 gave 13 of currency_silver_coin (§aСребрꙗнiк)
[25.02.2023 12:16:11][serveritem][take] sst4nk0 gave 13 of currency_silver_coin (§aСребрꙗнiк)
[25.02.2023 12:16:11][serveritem][take] sst4nk0 gave 13 of currency_silver_coin (§aСребрꙗнiк)
[25.02.2023 12:16:11][serveritem][take] sst4nk0 gave 13 of currency_silver_coin (§aСребрꙗнiк)
[25.02.2023 12:16:11][serveritem][take] sst4nk0 gave 1 of currency_gold_coin (§aζлантнiк)
[25.02.2023 12:16:11][serveritem][give] sst4nk0 obtained 51 of currency_silver_coin (§aСребрꙗнiк)
[25.02.2023 12:16:11][serveritem][take] sst4nk0 gave 13 of currency_silver_coin (§aСребрꙗнiк)
[25.02.2023 12:16:12][serveritem][take] sst4nk0 gave 13 of currency_silver_coin (§aСребрꙗнiк)
[25.02.2023 12:16:12][serveritem][take] sst4nk0 gave 13 of currency_silver_coin (§aСребрꙗнiк)
[25.02.2023 12:16:12][serveritem][take] sst4nk0 gave 13 of currency_silver_coin (§aСребрꙗнiк)
[25.02.2023 12:16:12][serveritem][take] sst4nk0 gave 1 of currency_gold_coin (§aζлантнiк)
[25.02.2023 12:16:12][serveritem][give] sst4nk0 obtained 51 of currency_silver_coin (§aСребрꙗнiк)
[25.02.2023 12:16:12][serveritem][take] sst4nk0 gave 13 of currency_silver_coin (§aСребрꙗнiк)
[25.02.2023 12:16:12][serveritem][take] sst4nk0 gave 13 of currency_silver_coin (§aСребрꙗнiк)
[25.02.2023 12:16:12][serveritem][take] sst4nk0 gave 13 of currency_silver_coin (§aСребрꙗнiк)
[25.02.2023 12:16:13][serveritem][take] sst4nk0 gave 13 of currency_silver_coin (§aСребрꙗнiк)
[25.02.2023 12:16:13][serveritem][take] sst4nk0 gave 1 of currency_gold_coin (§aζлантнiк)
[25.02.2023 12:16:13][serveritem][give] sst4nk0 obtained 51 of currency_silver_coin (§aСребрꙗнiк)
[25.02.2023 12:16:13][serveritem][take] sst4nk0 gave 13 of currency_silver_coin (§aСребрꙗнiк)
[25.02.2023 12:16:13][serveritem][take] sst4nk0 gave 13 of currency_silver_coin (§aСребрꙗнiк)
[25.02.2023 12:17:05][serveritem][take] sst4nk0 gave 1 of currency_gold_coin (§aζлантнiк)
[25.02.2023 12:17:05][serveritem][give] sst4nk0 obtained 51 of currency_silver_coin (§aСребрꙗнiк)
[25.02.2023 12:17:12][serveritem][take] sst4nk0 gave 1 of currency_gold_coin (§aζлантнiк)
[25.02.2023 12:17:12][serveritem][give] sst4nk0 obtained 47 of currency_silver_coin (§aСребрꙗнiк)
[25.02.2023 12:20:21][serveritem][take] sst4nk0 gave 1 of currency_gold_coin (§aζлантнiк)
[25.02.2023 12:20:21][serveritem][give] sst4nk0 obtained 43 of currency_silver_coin (§aСребрꙗнiк)
[25.02.2023 12:20:22][serveritem][take] sst4nk0 gave 25 of currency_silver_coin (§aСребрꙗнiк)
[25.02.2023 12:21:51][serveritem][take] sst4nk0 gave 1 of currency_gold_coin (§aζлантнiк)
[25.02.2023 12:21:51][serveritem][give] sst4nk0 obtained 34 of currency_silver_coin (§aСребрꙗнiк)
[25.02.2023 12:22:12][serveritem][take] sst4nk0 gave 1 of currency_gold_coin (§aζлантнiк)
[25.02.2023 12:22:12][serveritem][give] sst4nk0 obtained 63 of currency_silver_coin (§aСребрꙗнiк)
[25.02.2023 12:22:12][serveritem][give] sst4nk0 obtained 39 of currency_copper_coin (§aМѣдꙗнiк)
[25.02.2023 12:22:13][serveritem][take] sst4nk0 gave 5 of currency_silver_coin (§aСребрꙗнiк)
[25.02.2023 12:22:13][serveritem][take] sst4nk0 gave 8 of currency_silver_coin (§aСребрꙗнiк)
[25.02.2023 12:22:14][serveritem][take] sst4nk0 gave 11 of currency_silver_coin (§aСребрꙗнiк)
[25.02.2023 12:22:14][serveritem][take] sst4nk0 gave 13 of currency_silver_coin (§aСребрꙗнiк)
[25.02.2023 12:22:14][serveritem][take] sst4nk0 gave 17 of currency_silver_coin (§aСребрꙗнiк)
[25.02.2023 12:22:15][serveritem][take] sst4nk0 gave 1 of currency_gold_coin (§aζлантнiк)
[25.02.2023 12:22:15][serveritem][give] sst4nk0 obtained 43 of currency_silver_coin (§aСребрꙗнiк)
[25.02.2023 12:22:15][serveritem][take] sst4nk0 gave 25 of currency_silver_coin (§aСребрꙗнiк)
[25.02.2023 12:22:16][serveritem][take] sst4nk0 gave 1 of currency_gold_coin (§aζлантнiк)
[25.02.2023 12:22:16][serveritem][give] sst4nk0 obtained 34 of currency_silver_coin (§aСребрꙗнiк)
[25.02.2023 12:23:50][serveritem][take] sst4nk0 gave 1 of currency_gold_coin (§aζлантнiк)
[25.02.2023 12:23:50][serveritem][give] sst4nk0 obtained 63 of currency_silver_coin (§aСребрꙗнiк)
[25.02.2023 12:23:50][serveritem][give] sst4nk0 obtained 39 of currency_copper_coin (§aМѣдꙗнiк)
[25.02.2023 12:23:52][serveritem][take] sst4nk0 gave 5 of currency_silver_coin (§aСребрꙗнiк)
[25.02.2023 12:23:52][serveritem][take] sst4nk0 gave 8 of currency_silver_coin (§aСребрꙗнiк)
[25.02.2023 12:23:52][serveritem][take] sst4nk0 gave 11 of currency_silver_coin (§aСребрꙗнiк)
[25.02.2023 12:23:53][serveritem][take] sst4nk0 gave 13 of currency_silver_coin (§aСребрꙗнiк)
[25.02.2023 12:23:53][serveritem][take] sst4nk0 gave 17 of currency_silver_coin (§aСребрꙗнiк)
[25.02.2023 12:23:53][serveritem][take] sst4nk0 gave 1 of currency_gold_coin (§aζлантнiк)
[25.02.2023 12:23:53][serveritem][give] sst4nk0 obtained 43 of currency_silver_coin (§aСребрꙗнiк)
[25.02.2023 12:23:53][serveritem][take] sst4nk0 gave 25 of currency_silver_coin (§aСребрꙗнiк)
[25.02.2023 12:23:53][serveritem][take] sst4nk0 gave 1 of currency_gold_coin (§aζлантнiк)
[25.02.2023 12:23:53][serveritem][give] sst4nk0 obtained 34 of currency_silver_coin (§aСребрꙗнiк)
[25.02.2023 12:24:18][serveritem][take] sst4nk0 gave 1 of currency_gold_coin (§aζлантнiк)
[25.02.2023 12:24:18][serveritem][give] sst4nk0 obtained 63 of currency_silver_coin (§aСребрꙗнiк)
[25.02.2023 12:24:18][serveritem][give] sst4nk0 obtained 39 of currency_copper_coin (§aМѣдꙗнiк)
[25.02.2023 12:24:18][serveritem][take] sst4nk0 gave 5 of currency_silver_coin (§aСребрꙗнiк)
[25.02.2023 12:24:19][serveritem][take] sst4nk0 gave 8 of currency_silver_coin (§aСребрꙗнiк)
[25.02.2023 12:24:19][serveritem][take] sst4nk0 gave 11 of currency_silver_coin (§aСребрꙗнiк)
[25.02.2023 12:24:19][serveritem][take] sst4nk0 gave 13 of currency_silver_coin (§aСребрꙗнiк)
[25.02.2023 12:24:19][serveritem][take] sst4nk0 gave 17 of currency_silver_coin (§aСребрꙗнiк)
[25.02.2023 12:24:19][serveritem][take] sst4nk0 gave 1 of currency_gold_coin (§aζлантнiк)
[25.02.2023 12:24:19][serveritem][give] sst4nk0 obtained 43 of currency_silver_coin (§aСребрꙗнiк)
[25.02.2023 12:24:19][serveritem][take] sst4nk0 gave 25 of currency_silver_coin (§aСребрꙗнiк)
[25.02.2023 12:24:20][serveritem][take] sst4nk0 gave 1 of currency_gold_coin (§aζлантнiк)
[25.02.2023 12:24:20][serveritem][give] sst4nk0 obtained 34 of currency_silver_coin (§aСребрꙗнiк)
[25.02.2023 12:40:59][serveritem][take] sst4nk0 gave 1 of currency_gold_coin (§aζлантнiк)
[25.02.2023 12:40:59][serveritem][give] sst4nk0 obtained 63 of currency_silver_coin (§aСребрꙗнiк)
[25.02.2023 12:40:59][serveritem][give] sst4nk0 obtained 60 of currency_copper_coin (§aМѣдꙗнiк)
[25.02.2023 12:40:59][serveritem][give] sst4nk0 obtained 1 of resource_log_oak (§7Дубовое бревно)
[25.02.2023 12:41:10][serveritem][take] sst4nk0 gave 1 of currency_gold_coin (§aζлантнiк)
[25.02.2023 12:41:10][serveritem][give] sst4nk0 obtained 60 of currency_silver_coin (§aСребрꙗнiк)
[25.02.2023 12:41:10][serveritem][give] sst4nk0 obtained 64 of resource_log_oak (§7Дубовое бревно)
[25.02.2023 12:41:15][serveritem][take] sst4nk0 gave 4 of currency_silver_coin (§aСребрꙗнiк)
[25.02.2023 12:41:15][serveritem][give] sst4nk0 obtained 64 of resource_log_oak (§7Дубовое бревно)
[25.02.2023 12:41:15][serveritem][take] sst4nk0 gave 4 of currency_silver_coin (§aСребрꙗнiк)
[25.02.2023 12:41:15][serveritem][give] sst4nk0 obtained 64 of resource_log_oak (§7Дубовое бревно)
[25.02.2023 12:41:15][serveritem][take] sst4nk0 gave 4 of currency_silver_coin (§aСребрꙗнiк)
[25.02.2023 12:41:15][serveritem][give] sst4nk0 obtained 64 of resource_log_oak (§7Дубовое бревно)
[25.02.2023 12:41:15][serveritem][take] sst4nk0 gave 4 of currency_silver_coin (§aСребрꙗнiк)
[25.02.2023 12:41:15][serveritem][give] sst4nk0 obtained 64 of resource_log_oak (§7Дубовое бревно)
[25.02.2023 12:41:15][serveritem][take] sst4nk0 gave 4 of currency_silver_coin (§aСребрꙗнiк)
[25.02.2023 12:41:15][serveritem][give] sst4nk0 obtained 64 of resource_log_oak (§7Дубовое бревно)
[25.02.2023 12:41:15][serveritem][take] sst4nk0 gave 4 of currency_silver_coin (§aСребрꙗнiк)
[25.02.2023 12:41:15][serveritem][give] sst4nk0 obtained 64 of resource_log_oak (§7Дубовое бревно)
[25.02.2023 12:41:16][serveritem][take] sst4nk0 gave 4 of currency_silver_coin (§aСребрꙗнiк)
[25.02.2023 12:41:16][serveritem][give] sst4nk0 obtained 64 of resource_log_oak (§7Дубовое бревно)
[25.02.2023 12:41:16][serveritem][take] sst4nk0 gave 4 of currency_silver_coin (§aСребрꙗнiк)
[25.02.2023 12:41:16][serveritem][give] sst4nk0 obtained 64 of resource_log_oak (§7Дубовое бревно)
[25.02.2023 12:41:16][serveritem][take] sst4nk0 gave 4 of currency_silver_coin (§aСребрꙗнiк)
[25.02.2023 12:41:16][serveritem][give] sst4nk0 obtained 64 of resource_log_oak (§7Дубовое бревно)
[25.02.2023 12:41:16][serveritem][take] sst4nk0 gave 4 of currency_silver_coin (§aСребрꙗнiк)
[25.02.2023 12:41:16][serveritem][give] sst4nk0 obtained 64 of resource_log_oak (§7Дубовое бревно)
[25.02.2023 12:41:16][serveritem][take] sst4nk0 gave 4 of currency_silver_coin (§aСребрꙗнiк)
[25.02.2023 12:41:16][serveritem][give] sst4nk0 obtained 64 of resource_log_oak (§7Дубовое бревно)
[25.02.2023 12:41:16][serveritem][take] sst4nk0 gave 4 of currency_silver_coin (§aСребрꙗнiк)
[25.02.2023 12:41:16][serveritem][give] sst4nk0 obtained 64 of resource_log_oak (§7Дубовое бревно)
[25.02.2023 12:41:16][serveritem][take] sst4nk0 gave 4 of currency_silver_coin (§aСребрꙗнiк)
[25.02.2023 12:41:16][serveritem][give] sst4nk0 obtained 64 of resource_log_oak (§7Дубовое бревно)
[25.02.2023 12:41:17][serveritem][take] sst4nk0 gave 4 of currency_silver_coin (§aСребрꙗнiк)
[25.02.2023 12:41:17][serveritem][give] sst4nk0 obtained 64 of resource_log_oak (§7Дубовое бревно)
[25.02.2023 12:41:17][serveritem][take] sst4nk0 gave 4 of currency_silver_coin (§aСребрꙗнiк)
[25.02.2023 12:41:17][serveritem][give] sst4nk0 obtained 64 of resource_log_oak (§7Дубовое бревно)
[25.02.2023 12:41:19][serveritem][take] sst4nk0 gave 1 of currency_gold_coin (§aζлантнiк)
[25.02.2023 12:41:19][serveritem][give] sst4nk0 obtained 60 of currency_silver_coin (§aСребрꙗнiк)
[25.02.2023 12:41:19][serveritem][give] sst4nk0 obtained 64 of resource_log_oak (§7Дубовое бревно)
[25.02.2023 12:41:19][serveritem][take] sst4nk0 gave 4 of currency_silver_coin (§aСребрꙗнiк)
[25.02.2023 12:41:19][serveritem][give] sst4nk0 obtained 64 of resource_log_oak (§7Дубовое бревно)
[25.02.2023 12:41:20][serveritem][take] sst4nk0 gave 4 of currency_silver_coin (§aСребрꙗнiк)
[25.02.2023 12:41:20][serveritem][give] sst4nk0 obtained 64 of resource_log_oak (§7Дубовое бревно)
[25.02.2023 12:41:20][serveritem][take] sst4nk0 gave 4 of currency_silver_coin (§aСребрꙗнiк)
[25.02.2023 12:41:20][serveritem][give] sst4nk0 obtained 64 of resource_log_oak (§7Дубовое бревно)
[25.02.2023 12:41:20][serveritem][take] sst4nk0 gave 4 of currency_silver_coin (§aСребрꙗнiк)
[25.02.2023 12:41:20][serveritem][give] sst4nk0 obtained 64 of resource_log_oak (§7Дубовое бревно)
[25.02.2023 12:41:20][serveritem][take] sst4nk0 gave 4 of currency_silver_coin (§aСребрꙗнiк)
[25.02.2023 12:41:20][serveritem][give] sst4nk0 obtained 64 of resource_log_oak (§7Дубовое бревно)
[25.02.2023 12:41:21][serveritem][take] sst4nk0 gave 4 of currency_silver_coin (§aСребрꙗнiк)
[25.02.2023 12:41:21][serveritem][give] sst4nk0 obtained 64 of resource_log_oak (§7Дубовое бревно)
[25.02.2023 12:41:21][serveritem][take] sst4nk0 gave 4 of currency_silver_coin (§aСребрꙗнiк)
[25.02.2023 12:41:21][serveritem][give] sst4nk0 obtained 64 of resource_log_oak (§7Дубовое бревно)
[25.02.2023 12:42:29][serveritem][take] sst4nk0 gave 1 of currency_gold_coin (§aζлантнiк)
[25.02.2023 12:42:29][serveritem][give] sst4nk0 obtained 63 of currency_silver_coin (§aСребрꙗнiк)
[25.02.2023 12:42:29][serveritem][give] sst4nk0 obtained 60 of currency_copper_coin (§aМѣдꙗнiк)
[25.02.2023 12:42:29][serveritem][give] sst4nk0 obtained 1 of resource_log_oak (§7Дубовое бревно)
[25.02.2023 12:42:35][serveritem][take] sst4nk0 gave 1 of currency_gold_coin (§aζлантнiк)
[25.02.2023 12:42:35][serveritem][give] sst4nk0 obtained 60 of currency_silver_coin (§aСребрꙗнiк)
[25.02.2023 12:42:35][serveritem][give] sst4nk0 obtained 64 of resource_log_oak (§7Дубовое бревно)
[25.02.2023 12:46:35][serveritem][take] sst4nk0 gave 1 of currency_gold_coin (§aζлантнiк)
[25.02.2023 12:46:35][serveritem][give] sst4nk0 obtained 59 of currency_silver_coin (§aСребрꙗнiк)
[25.02.2023 12:46:42][serveritem][take] sst4nk0 gave 1 of currency_silver_coin (§aСребрꙗнiк)
[25.02.2023 12:46:42][serveritem][give] sst4nk0 obtained 59 of currency_copper_coin (§aМѣдꙗнiк)
[25.02.2023 12:48:40][serveritem][take] sst4nk0 gave 1 of currency_gold_coin (§aζлантнiк)
[25.02.2023 12:48:40][serveritem][give] sst4nk0 obtained 59 of currency_silver_coin (§aСребрꙗнiк)
[25.02.2023 12:48:40][serveritem][give] sst4nk0 obtained 64 of resource_log_spruce (§7Хвойное бревно)
[25.02.2023 12:48:42][serveritem][take] sst4nk0 gave 1 of currency_silver_coin (§aСребрꙗнiк)
[25.02.2023 12:48:42][serveritem][give] sst4nk0 obtained 59 of currency_copper_coin (§aМѣдꙗнiк)
[25.02.2023 12:48:42][serveritem][give] sst4nk0 obtained 1 of resource_log_spruce (§7Хвойное бревно)
[25.02.2023 12:51:29][serveritem][take] sst4nk0 gave 1 of currency_gold_coin (§aζлантнiк)
[25.02.2023 12:51:29][serveritem][give] sst4nk0 obtained 58 of currency_silver_coin (§aСребрꙗнiк)
[25.02.2023 12:51:29][serveritem][give] sst4nk0 obtained 64 of resource_log_birch (§7Берёзовое бревно)
[25.02.2023 12:51:37][serveritem][take] sst4nk0 gave 1 of currency_silver_coin (§aСребрꙗнiк)
[25.02.2023 12:51:37][serveritem][give] sst4nk0 obtained 58 of currency_copper_coin (§aМѣдꙗнiк)
[25.02.2023 12:51:37][serveritem][give] sst4nk0 obtained 1 of resource_log_birch (§7Берёзовое бревно)
[25.02.2023 12:58:21][serveritem][take] sst4nk0 gave 1 of currency_gold_coin (§aζлантнiк)
[25.02.2023 12:58:21][serveritem][give] sst4nk0 obtained 63 of currency_silver_coin (§aСребрꙗнiк)
[25.02.2023 12:58:21][serveritem][give] sst4nk0 obtained 62 of currency_copper_coin (§aМѣдꙗнiк)
[25.02.2023 12:58:38][serveritem][give] sst4nk0 obtained 1 of misc_stone_dirty (§fКамень в грязи)
[25.02.2023 13:00:12][serveritem][take] sst4nk0 gave 2 of currency_copper_coin (§aМѣдꙗнiк)
[25.02.2023 13:03:39][serveritem][take] sst4nk0 gave 1 of currency_silver_coin (§aСребрꙗнiк)
[25.02.2023 13:03:39][serveritem][give] sst4nk0 obtained 60 of currency_copper_coin (§aМѣдꙗнiк)
[25.02.2023 13:05:19][serveritem][take] sst4nk0 gave 1 of currency_gold_coin (§aζлантнiк)
[25.02.2023 13:05:23][serveritem][take] sst4nk0 gave 1 of currency_gold_coin (§aζлантнiк)
[25.02.2023 13:05:50][serveritem][take] sst4nk0 gave 1 of currency_gold_coin (§aζлантнiк)
[25.02.2023 13:05:50][serveritem][give] sst4nk0 obtained 63 of currency_silver_coin (§aСребрꙗнiк)
[25.02.2023 13:05:50][serveritem][give] sst4nk0 obtained 62 of currency_copper_coin (§aМѣдꙗнiк)
[25.02.2023 13:09:42][serveritem][give] sst4nk0 obtained 1 of gps_bank_korosten (§fКомпас [§7банкир Коростня§f])
[25.02.2023 14:07:57][serveritem][give] sst4nk0 obtained 1 of gps_bank_korosten (§fКомпас [§7банкир Коростня§f])
[25.02.2023 14:09:17][serveritem][give] sst4nk0 obtained 1 of gps_storager_korosten (§fКомпас [§7кладовщик Коростня§f])
[25.02.2023 14:09:55][serveritem][give] sst4nk0 obtained 1 of gps_bank_korosten (§fКомпас [§7банкир Коростня§f])
[25.02.2023 14:20:49][serveritem][give] sst4nk0 obtained 1 of gps_bank_korosten (§fКомпас [§7банкир Коростня§f])
[25.02.2023 18:02:52][serveritem][take] sst4nk0 gave 1 of currency_gold_coin (§aζлантнiк)
[25.02.2023 18:02:52][serveritem][give] sst4nk0 obtained 63 of currency_silver_coin (§aСребрꙗнiк)
[25.02.2023 18:02:52][serveritem][give] sst4nk0 obtained 39 of currency_copper_coin (§aМѣдꙗнiк)
[25.02.2023 18:02:56][serveritem][take] sst4nk0 gave 5 of currency_silver_coin (§aСребрꙗнiк)
[25.02.2023 18:02:59][serveritem][take] sst4nk0 gave 8 of currency_silver_coin (§aСребрꙗнiк)
[25.02.2023 18:03:00][serveritem][take] sst4nk0 gave 11 of currency_silver_coin (§aСребрꙗнiк)
[25.02.2023 18:03:07][serveritem][take] sst4nk0 gave 1 of resource_log_oak (§7Дубовое бревно)
[25.02.2023 18:03:09][serveritem][take] sst4nk0 gave 1 of resource_log_oak (§7Дубовое бревно)
[25.02.2023 18:03:13][serveritem][take] sst4nk0 gave 13 of currency_silver_coin (§aСребрꙗнiк)
[25.02.2023 18:03:14][serveritem][take] sst4nk0 gave 17 of currency_silver_coin (§aСребрꙗнiк)
[25.02.2023 18:03:14][serveritem][take] sst4nk0 gave 1 of currency_gold_coin (§aζлантнiк)
[25.02.2023 18:03:14][serveritem][give] sst4nk0 obtained 43 of currency_silver_coin (§aСребрꙗнiк)
[25.02.2023 18:03:15][serveritem][take] sst4nk0 gave 25 of currency_silver_coin (§aСребрꙗнiк)
[25.02.2023 18:03:18][serveritem][take] sst4nk0 gave 1 of currency_gold_coin (§aζлантнiк)
[25.02.2023 18:03:18][serveritem][give] sst4nk0 obtained 34 of currency_silver_coin (§aСребрꙗнiк)
[25.02.2023 18:03:53][serveritem][give] sst4nk0 obtained 16 of currency_copper_coin (§aМѣдꙗнiк)
[25.02.2023 18:03:53][serveritem][give] sst4nk0 obtained 37 of currency_silver_coin (§aСребрꙗнiк)
[25.02.2023 19:30:48][serveritem][take] sst4nk0 gave 1 of currency_gold_coin (§aζлантнiк)
[25.02.2023 19:30:48][serveritem][give] sst4nk0 obtained 63 of currency_silver_coin (§aСребрꙗнiк)
[25.02.2023 19:30:48][serveritem][give] sst4nk0 obtained 62 of currency_copper_coin (§aМѣдꙗнiк)
[25.02.2023 19:31:05][serveritem][give] sst4nk0 obtained 1 of misc_stone_dirty (§fКамень в грязи)
[25.02.2023 21:08:04][serveritem][give] sst4nk0 obtained 1 of misc_stone_dirty (§fКамень в грязи)
[25.02.2023 21:18:23][serveritem][give] sst4nk0 obtained 1 of misc_stone_dirty (§fКамень в грязи)
[25.02.2023 21:20:59][serveritem][give] sst4nk0 obtained 1 of misc_stone_dirty (§fКамень в грязи)
[25.02.2023 21:27:13][serveritem][give] sst4nk0 obtained 1 of gps_storager_korosten (§fКомпас [§7кладовщик Коростня§f])
[25.02.2023 21:43:58][serveritem][give] sst4nk0 obtained 64 of currency_copper_coin (§aМѣдꙗнiк)
[25.02.2023 21:43:58][serveritem][take] sst4nk0 gave 1 of currency_silver_coin (§aСребрꙗнiк)
[25.02.2023 21:43:59][serveritem][give] sst4nk0 obtained 64 of currency_copper_coin (§aМѣдꙗнiк)
[25.02.2023 21:43:59][serveritem][take] sst4nk0 gave 1 of currency_silver_coin (§aСребрꙗнiк)
[25.02.2023 21:44:00][serveritem][give] sst4nk0 obtained 64 of currency_copper_coin (§aМѣдꙗнiк)
[25.02.2023 21:44:00][serveritem][take] sst4nk0 gave 1 of currency_silver_coin (§aСребрꙗнiк)
[25.02.2023 21:44:00][serveritem][give] sst4nk0 obtained 64 of currency_copper_coin (§aМѣдꙗнiк)
[25.02.2023 21:44:00][serveritem][take] sst4nk0 gave 1 of currency_silver_coin (§aСребрꙗнiк)
[25.02.2023 21:44:00][serveritem][give] sst4nk0 obtained 64 of currency_copper_coin (§aМѣдꙗнiк)
[25.02.2023 21:44:00][serveritem][take] sst4nk0 gave 1 of currency_silver_coin (§aСребрꙗнiк)
[25.02.2023 21:44:00][serveritem][give] sst4nk0 obtained 64 of currency_copper_coin (§aМѣдꙗнiк)
[25.02.2023 21:44:00][serveritem][take] sst4nk0 gave 1 of currency_silver_coin (§aСребрꙗнiк)
[25.02.2023 21:44:00][serveritem][give] sst4nk0 obtained 64 of currency_copper_coin (§aМѣдꙗнiк)
[25.02.2023 21:44:00][serveritem][take] sst4nk0 gave 1 of currency_silver_coin (§aСребрꙗнiк)
[25.02.2023 21:44:01][serveritem][give] sst4nk0 obtained 64 of currency_copper_coin (§aМѣдꙗнiк)
[25.02.2023 21:44:01][serveritem][take] sst4nk0 gave 1 of currency_silver_coin (§aСребрꙗнiк)
[25.02.2023 21:44:01][serveritem][give] sst4nk0 obtained 64 of currency_copper_coin (§aМѣдꙗнiк)
[25.02.2023 21:44:01][serveritem][take] sst4nk0 gave 1 of currency_silver_coin (§aСребрꙗнiк)
[25.02.2023 21:44:01][serveritem][give] sst4nk0 obtained 64 of currency_copper_coin (§aМѣдꙗнiк)
[25.02.2023 21:44:01][serveritem][take] sst4nk0 gave 1 of currency_silver_coin (§aСребрꙗнiк)
[25.02.2023 21:44:01][serveritem][give] sst4nk0 obtained 64 of currency_copper_coin (§aМѣдꙗнiк)
[25.02.2023 21:44:01][serveritem][take] sst4nk0 gave 1 of currency_silver_coin (§aСребрꙗнiк)
[25.02.2023 21:44:01][serveritem][give] sst4nk0 obtained 64 of currency_copper_coin (§aМѣдꙗнiк)
[25.02.2023 21:44:01][serveritem][take] sst4nk0 gave 1 of currency_silver_coin (§aСребрꙗнiк)
[25.02.2023 21:44:01][serveritem][give] sst4nk0 obtained 64 of currency_copper_coin (§aМѣдꙗнiк)
[25.02.2023 21:44:01][serveritem][take] sst4nk0 gave 1 of currency_silver_coin (§aСребрꙗнiк)
[25.02.2023 21:44:02][serveritem][give] sst4nk0 obtained 64 of currency_copper_coin (§aМѣдꙗнiк)
[25.02.2023 21:44:02][serveritem][take] sst4nk0 gave 1 of currency_silver_coin (§aСребрꙗнiк)
[25.02.2023 21:44:02][serveritem][give] sst4nk0 obtained 64 of currency_copper_coin (§aМѣдꙗнiк)
[25.02.2023 21:44:02][serveritem][take] sst4nk0 gave 1 of currency_silver_coin (§aСребрꙗнiк)
[25.02.2023 21:44:04][serveritem][give] sst4nk0 obtained 15 of currency_silver_coin (§aСребрꙗнiк)
[25.02.2023 21:44:04][serveritem][take] sst4nk0 gave 960 of currency_copper_coin (§aМѣдꙗнiк)
[25.02.2023 21:44:08][serveritem][give] sst4nk0 obtained 64 of currency_copper_coin (§aМѣдꙗнiк)
[25.02.2023 21:44:08][serveritem][take] sst4nk0 gave 1 of currency_silver_coin (§aСребрꙗнiк)
[25.02.2023 21:44:08][serveritem][give] sst4nk0 obtained 64 of currency_copper_coin (§aМѣдꙗнiк)
[25.02.2023 21:44:08][serveritem][take] sst4nk0 gave 1 of currency_silver_coin (§aСребрꙗнiк)
[25.02.2023 21:44:08][serveritem][give] sst4nk0 obtained 64 of currency_copper_coin (§aМѣдꙗнiк)
[25.02.2023 21:44:08][serveritem][take] sst4nk0 gave 1 of currency_silver_coin (§aСребрꙗнiк)
[25.02.2023 21:44:09][serveritem][give] sst4nk0 obtained 64 of currency_copper_coin (§aМѣдꙗнiк)
[25.02.2023 21:44:09][serveritem][take] sst4nk0 gave 1 of currency_silver_coin (§aСребрꙗнiк)
[25.02.2023 21:44:09][serveritem][give] sst4nk0 obtained 64 of currency_copper_coin (§aМѣдꙗнiк)
[25.02.2023 21:44:09][serveritem][take] sst4nk0 gave 1 of currency_silver_coin (§aСребрꙗнiк)
[25.02.2023 21:44:09][serveritem][give] sst4nk0 obtained 64 of currency_copper_coin (§aМѣдꙗнiк)
[25.02.2023 21:44:09][serveritem][take] sst4nk0 gave 1 of currency_silver_coin (§aСребрꙗнiк)
[25.02.2023 21:44:09][serveritem][give] sst4nk0 obtained 64 of currency_copper_coin (§aМѣдꙗнiк)
[25.02.2023 21:44:09][serveritem][take] sst4nk0 gave 1 of currency_silver_coin (§aСребрꙗнiк)
[25.02.2023 21:44:09][serveritem][give] sst4nk0 obtained 64 of currency_copper_coin (§aМѣдꙗнiк)
[25.02.2023 21:44:09][serveritem][take] sst4nk0 gave 1 of currency_silver_coin (§aСребрꙗнiк)
[25.02.2023 21:44:09][serveritem][give] sst4nk0 obtained 64 of currency_copper_coin (§aМѣдꙗнiк)
[25.02.2023 21:44:09][serveritem][take] sst4nk0 gave 1 of currency_silver_coin (§aСребрꙗнiк)
[25.02.2023 21:44:09][serveritem][give] sst4nk0 obtained 64 of currency_copper_coin (§aМѣдꙗнiк)
[25.02.2023 21:44:09][serveritem][take] sst4nk0 gave 1 of currency_silver_coin (§aСребрꙗнiк)
[25.02.2023 21:44:10][serveritem][give] sst4nk0 obtained 64 of currency_copper_coin (§aМѣдꙗнiк)
[25.02.2023 21:44:10][serveritem][take] sst4nk0 gave 1 of currency_silver_coin (§aСребрꙗнiк)
[25.02.2023 21:44:10][serveritem][give] sst4nk0 obtained 64 of currency_copper_coin (§aМѣдꙗнiк)
[25.02.2023 21:44:10][serveritem][take] sst4nk0 gave 1 of currency_silver_coin (§aСребрꙗнiк)
[25.02.2023 21:44:10][serveritem][give] sst4nk0 obtained 64 of currency_copper_coin (§aМѣдꙗнiк)
[25.02.2023 21:44:10][serveritem][take] sst4nk0 gave 1 of currency_silver_coin (§aСребрꙗнiк)
[25.02.2023 21:44:10][serveritem][give] sst4nk0 obtained 64 of currency_copper_coin (§aМѣдꙗнiк)
[25.02.2023 21:44:10][serveritem][take] sst4nk0 gave 1 of currency_silver_coin (§aСребрꙗнiк)
[25.02.2023 21:44:10][serveritem][give] sst4nk0 obtained 64 of currency_copper_coin (§aМѣдꙗнiк)
[25.02.2023 21:44:10][serveritem][take] sst4nk0 gave 1 of currency_silver_coin (§aСребрꙗнiк)
[25.02.2023 21:44:10][serveritem][give] sst4nk0 obtained 64 of currency_copper_coin (§aМѣдꙗнiк)
[25.02.2023 21:44:10][serveritem][take] sst4nk0 gave 1 of currency_silver_coin (§aСребрꙗнiк)
[25.02.2023 21:44:10][serveritem][give] sst4nk0 obtained 64 of currency_copper_coin (§aМѣдꙗнiк)
[25.02.2023 21:44:10][serveritem][take] sst4nk0 gave 1 of currency_silver_coin (§aСребрꙗнiк)
[25.02.2023 21:44:11][serveritem][give] sst4nk0 obtained 64 of currency_copper_coin (§aМѣдꙗнiк)
[25.02.2023 21:44:11][serveritem][take] sst4nk0 gave 1 of currency_silver_coin (§aСребрꙗнiк)
[25.02.2023 21:44:11][serveritem][give] sst4nk0 obtained 64 of currency_copper_coin (§aМѣдꙗнiк)
[25.02.2023 21:44:11][serveritem][take] sst4nk0 gave 1 of currency_silver_coin (§aСребрꙗнiк)
[25.02.2023 21:44:11][serveritem][give] sst4nk0 obtained 64 of currency_copper_coin (§aМѣдꙗнiк)
[25.02.2023 21:44:11][serveritem][take] sst4nk0 gave 1 of currency_silver_coin (§aСребрꙗнiк)
[25.02.2023 21:44:12][serveritem][give] sst4nk0 obtained 64 of currency_copper_coin (§aМѣдꙗнiк)
[25.02.2023 21:44:12][serveritem][take] sst4nk0 gave 1 of currency_silver_coin (§aСребрꙗнiк)
[25.02.2023 21:44:24][serveritem][give] sst4nk0 obtained 21 of currency_silver_coin (§aСребрꙗнiк)
[25.02.2023 21:44:24][serveritem][take] sst4nk0 gave 1344 of currency_copper_coin (§aМѣдꙗнiк)
[25.02.2023 21:45:59][serveritem][take] sst4nk0 gave 4 of currency_silver_coin (§aСребрꙗнiк)
[25.02.2023 21:45:59][serveritem][give] sst4nk0 obtained 64 of resource_log_oak (§7Дубовое бревно)
[25.02.2023 21:46:10][serveritem][take] sst4nk0 gave 1 of currency_gold_coin (§aζлантнiк)
[25.02.2023 21:46:10][serveritem][give] sst4nk0 obtained 58 of currency_silver_coin (§aСребрꙗнiк)
[25.02.2023 21:46:10][serveritem][give] sst4nk0 obtained 64 of resource_log_birch (§7Берёзовое бревно)
[25.02.2023 21:46:11][serveritem][take] sst4nk0 gave 1 of currency_silver_coin (§aСребрꙗнiк)
[25.02.2023 21:46:11][serveritem][give] sst4nk0 obtained 58 of currency_copper_coin (§aМѣдꙗнiк)
[25.02.2023 21:46:11][serveritem][give] sst4nk0 obtained 1 of resource_log_birch (§7Берёзовое бревно)
[25.02.2023 21:46:24][serveritem][give] sst4nk0 obtained 4 of currency_silver_coin (§aСребрꙗнiк)
[25.02.2023 21:46:24][serveritem][take] sst4nk0 gave 64 of resource_log_birch (§7Берёзовое бревно)
[25.02.2023 21:46:25][serveritem][give] sst4nk0 obtained 4 of currency_copper_coin (§aМѣдꙗнiк)
[25.02.2023 21:46:25][serveritem][take] sst4nk0 gave 1 of resource_log_birch (§7Берёзовое бревно)
[25.02.2023 22:05:23][serveritem][give] sst4nk0 obtained 1 of resource_log_birch (§7Берёзовое бревно)
[25.02.2023 22:30:22][serveritem][take] sst4nk0 gave 2 of currency_copper_coin (§aМѣдꙗнiк)
[25.02.2023 22:30:39][serveritem][give] sst4nk0 obtained 1 of misc_stone_dirty (§fКамень в грязи)
[25.02.2023 22:30:49][serveritem][take] sst4nk0 gave 4 of currency_copper_coin (§aМѣдꙗнiк)
[25.02.2023 22:31:13][serveritem][take] sst4nk0 gave 2 of currency_copper_coin (§aМѣдꙗнiк)
[25.02.2023 22:33:07][serveritem][take] sst4nk0 gave 4 of currency_copper_coin (§aМѣдꙗнiк)
[25.02.2023 22:36:32][serveritem][take] sst4nk0 gave 2 of currency_copper_coin (§aМѣдꙗнiк)
[25.02.2023 22:37:03][serveritem][take] sst4nk0 gave 4 of currency_copper_coin (§aМѣдꙗнiк)
[25.02.2023 22:37:27][serveritem][take] sst4nk0 gave 2 of currency_copper_coin (§aМѣдꙗнiк)
[25.02.2023 22:37:49][serveritem][take] sst4nk0 gave 4 of currency_copper_coin (§aМѣдꙗнiк)
[25.02.2023 22:38:11][serveritem][take] sst4nk0 gave 2 of currency_copper_coin (§aМѣдꙗнiк)
[25.02.2023 22:39:42][serveritem][take] sst4nk0 gave 4 of currency_copper_coin (§aМѣдꙗнiк)
[25.02.2023 22:39:59][serveritem][give] sst4nk0 obtained 1 of misc_stone_dirty (§fКамень в грязи)
