[24.02.2023 02:01:30][serveritem][give] sst4nk0 obtained 1 of misc_stone_dirty (§fКамень в грязи)
[24.02.2023 02:05:47][serveritem][take] sst4nk0 gave 2 of currency_copper_coin (§aМѣдꙗнiк)
[24.02.2023 02:07:03][serveritem][take] sst4nk0 gave 4 of currency_copper_coin (§aМѣдꙗнiк)
[24.02.2023 02:09:02][serveritem][take] sst4nk0 gave 2 of currency_copper_coin (§aМѣдꙗнiк)
[24.02.2023 02:09:19][serveritem][give] sst4nk0 obtained 1 of misc_stone_dirty (§fКамень в грязи)
[24.02.2023 02:10:51][serveritem][take] sst4nk0 gave 4 of currency_copper_coin (§aМѣдꙗнiк)
[24.02.2023 10:00:55][serveritem][take] sst4nk0 gave 4 of currency_copper_coin (§aМѣдꙗнiк)
[24.02.2023 10:01:43][serveritem][take] sst4nk0 gave 2 of currency_copper_coin (§aМѣдꙗнiк)
[24.02.2023 10:03:59][serveritem][take] sst4nk0 gave 2 of currency_copper_coin (§aМѣдꙗнiк)
[24.02.2023 10:04:27][serveritem][take] sst4nk0 gave 4 of currency_copper_coin (§aМѣдꙗнiк)
[24.02.2023 10:04:44][serveritem][give] sst4nk0 obtained 1 of misc_stone_dirty (§fКамень в грязи)
[24.02.2023 10:06:44][serveritem][take] sst4nk0 gave 2 of currency_copper_coin (§aМѣдꙗнiк)
[24.02.2023 10:07:09][serveritem][take] sst4nk0 gave 2 of currency_copper_coin (§aМѣдꙗнiк)
[24.02.2023 10:07:32][serveritem][take] sst4nk0 gave 2 of currency_copper_coin (§aМѣдꙗнiк)
[24.02.2023 10:07:58][serveritem][take] sst4nk0 gave 2 of currency_copper_coin (§aМѣдꙗнiк)
[24.02.2023 10:08:20][serveritem][take] sst4nk0 gave 2 of currency_copper_coin (§aМѣдꙗнiк)
[24.02.2023 10:08:47][serveritem][take] sst4nk0 gave 2 of currency_copper_coin (§aМѣдꙗнiк)
[24.02.2023 10:09:04][serveritem][give] sst4nk0 obtained 1 of misc_stone_dirty (§fКамень в грязи)
[24.02.2023 11:03:46][serveritem][take] sst4nk0 gave 4 of currency_copper_coin (§aМѣдꙗнiк)
[24.02.2023 11:27:01][serveritem][take] sst4nk0 gave 4 of currency_copper_coin (§aМѣдꙗнiк)
[24.02.2023 11:38:25][serveritem][take] sst4nk0 gave 6 of currency_silver_coin (§aСребрꙗнiк)
[24.02.2023 11:38:25][serveritem][give] sst4nk0 obtained 64 of resource_log_birch (§7Берёзовое бревно)
[24.02.2023 11:47:59][serveritem][give] sst4nk0 obtained 1 of tool_formulas (§fФормулы счёта)
[24.02.2023 11:47:59][serveritem][take] sst4nk0 gave 1 of currency_gold_coin (§aζлантнiк)
[24.02.2023 11:48:20][serveritem][take] sst4nk0 gave 8 of currency_gold_coin (§aζлантнiк)
[24.02.2023 11:48:47][serveritem][give] sst4nk0 obtained 8 of currency_copper_coin (§aМѣдꙗнiк)
[24.02.2023 11:48:47][serveritem][give] sst4nk0 obtained 2 of currency_silver_coin (§aСребрꙗнiк)
[24.02.2023 11:48:47][serveritem][give] sst4nk0 obtained 9 of currency_gold_coin (§aζлантнiк)
[24.02.2023 11:49:53][serveritem][give] sst4nk0 obtained 1 of tool_axe_stone (§fКаменный топор)
[24.02.2023 11:50:14][serveritem][give] sst4nk0 obtained 1 of resource_log_oak (§7Дубовое бревно)
[24.02.2023 11:50:46][serveritem][give] sst4nk0 obtained 2 of currency_copper_coin (§aМѣдꙗнiк)
[24.02.2023 11:50:46][serveritem][take] sst4nk0 gave 1 of resource_log_oak (§7Дубовое бревно)
[24.02.2023 11:50:49][serveritem][take] sst4nk0 gave 4 of currency_copper_coin (§aМѣдꙗнiк)
[24.02.2023 11:50:49][serveritem][give] sst4nk0 obtained 1 of resource_log_oak (§7Дубовое бревно)
[24.02.2023 11:50:50][serveritem][take] sst4nk0 gave 5 of currency_copper_coin (§aМѣдꙗнiк)
[24.02.2023 11:50:50][serveritem][give] sst4nk0 obtained 1 of resource_log_spruce (§7Хвойное бревно)
[24.02.2023 11:50:50][serveritem][take] sst4nk0 gave 6 of currency_copper_coin (§aМѣдꙗнiк)
[24.02.2023 11:50:50][serveritem][give] sst4nk0 obtained 1 of resource_log_birch (§7Берёзовое бревно)
[24.02.2023 11:50:51][serveritem][take] sst4nk0 gave 4 of currency_silver_coin (§aСребрꙗнiк)
[24.02.2023 11:50:51][serveritem][give] sst4nk0 obtained 64 of resource_log_oak (§7Дубовое бревно)
[24.02.2023 11:50:52][serveritem][take] sst4nk0 gave 5 of currency_silver_coin (§aСребрꙗнiк)
[24.02.2023 11:50:52][serveritem][give] sst4nk0 obtained 64 of resource_log_spruce (§7Хвойное бревно)
[24.02.2023 11:50:52][serveritem][take] sst4nk0 gave 6 of currency_silver_coin (§aСребрꙗнiк)
[24.02.2023 11:50:52][serveritem][give] sst4nk0 obtained 64 of resource_log_birch (§7Берёзовое бревно)
[24.02.2023 11:55:25][serveritem][take] sst4nk0 gave 2 of currency_copper_coin (§aМѣдꙗнiк)
[24.02.2023 13:13:25][serveritem][give] sst4nk0 obtained 2 of resource_log_oak (§7Дубовое бревно)
[24.02.2023 13:13:39][serveritem][give] sst4nk0 obtained 2 of resource_log_spruce (§7Хвойное бревно)
[24.02.2023 13:13:45][serveritem][give] sst4nk0 obtained 2 of resource_log_spruce (§7Хвойное бревно)
[24.02.2023 13:15:45][serveritem][give] sst4nk0 obtained 1 of resource_log_spruce (§7Хвойное бревно)
[24.02.2023 13:16:32][serveritem][take] sst4nk0 gave 2 of currency_copper_coin (§aМѣдꙗнiк)
[24.02.2023 13:18:46][serveritem][give] sst4nk0 obtained 8 of currency_copper_coin (§aМѣдꙗнiк)
[24.02.2023 13:18:46][serveritem][give] sst4nk0 obtained 2 of currency_silver_coin (§aСребрꙗнiк)
[24.02.2023 13:18:46][serveritem][give] sst4nk0 obtained 9 of currency_gold_coin (§aζлантнiк)
[24.02.2023 13:19:04][serveritem][take] sst4nk0 gave 8 of currency_gold_coin (§aζлантнiк)
[24.02.2023 14:26:27][serveritem][give] sst4nk0 obtained 1 of gps_bank_korosten (§fКомпас [§7банкир Коростня§f])
[24.02.2023 14:28:05][serveritem][give] sst4nk0 obtained 1 of gps_bank_korosten (§fКомпас [§7банкир Коростня§f])
[24.02.2023 14:28:24][serveritem][give] sst4nk0 obtained 1 of gps_bank_korosten (§fКомпас [§7банкир Коростня§f])
[24.02.2023 14:30:47][serveritem][give] sst4nk0 obtained 1 of gps_storager_korosten (§fКомпас [§7кладовщик Коростня§f])
[24.02.2023 14:32:23][serveritem][give] sst4nk0 obtained 1 of gps_bank_korosten (§fКомпас [§7банкир Коростня§f])
[24.02.2023 14:32:30][serveritem][give] sst4nk0 obtained 1 of gps_storager_korosten (§fКомпас [§7кладовщик Коростня§f])
[24.02.2023 14:33:37][serveritem][take] sst4nk0 gave 2 of currency_copper_coin (§aМѣдꙗнiк)
[24.02.2023 14:42:03][serveritem][give] sst4nk0 obtained 1 of gps_bank_korosten (§fКомпас [§7банкир Коростня§f])
[24.02.2023 15:00:12][serveritem][give] sst4nk0 obtained 1 of gps_bank_korosten (§fКомпас [§7банкир Коростня§f])
[24.02.2023 16:14:58][serveritem][give] sst4nk0 obtained 1 of gps_bank_korosten (§fКомпас [§7банкир Коростня§f])
[24.02.2023 16:30:35][serveritem][give] sst4nk0 obtained 1 of resource_log_spruce (§7Хвойное бревно)
[24.02.2023 16:30:56][serveritem][give] sst4nk0 obtained 3 of currency_copper_coin (§aМѣдꙗнiк)
[24.02.2023 16:30:56][serveritem][take] sst4nk0 gave 1 of resource_log_spruce (§7Хвойное бревно)
[24.02.2023 21:46:36][serveritem][take] sst4nk0 gave 0 of resource_log_oak (§7Дубовое бревно)
[24.02.2023 21:46:42][serveritem][take] sst4nk0 gave 0 of resource_log_oak (§7Дубовое бревно)
[24.02.2023 21:49:16][serveritem][take] sst4nk0 gave 0 of resource_log_oak (§7Дубовое бревно)
[24.02.2023 21:49:21][serveritem][take] sst4nk0 gave 0 of resource_log_oak (§7Дубовое бревно)
[24.02.2023 21:49:21][serveritem][take] sst4nk0 gave 0 of resource_log_oak (§7Дубовое бревно)
[24.02.2023 21:49:22][serveritem][take] sst4nk0 gave 0 of resource_log_oak (§7Дубовое бревно)
[24.02.2023 21:49:22][serveritem][take] sst4nk0 gave 0 of resource_log_oak (§7Дубовое бревно)
[24.02.2023 21:50:18][serveritem][take] sst4nk0 gave 0 of resource_log_oak (§7Дубовое бревно)
[24.02.2023 21:52:26][serveritem][take] sst4nk0 gave 0 of resource_log_oak (§7Дубовое бревно)
[24.02.2023 21:52:27][serveritem][take] sst4nk0 gave 0 of resource_log_oak (§7Дубовое бревно)
[24.02.2023 21:52:27][serveritem][take] sst4nk0 gave 0 of resource_log_oak (§7Дубовое бревно)
[24.02.2023 21:52:28][serveritem][take] sst4nk0 gave 0 of resource_log_oak (§7Дубовое бревно)
[24.02.2023 21:52:28][serveritem][take] sst4nk0 gave 0 of resource_log_oak (§7Дубовое бревно)
[24.02.2023 21:52:28][serveritem][take] sst4nk0 gave 0 of resource_log_oak (§7Дубовое бревно)
[24.02.2023 21:52:29][serveritem][take] sst4nk0 gave 0 of resource_log_oak (§7Дубовое бревно)
[24.02.2023 21:52:29][serveritem][take] sst4nk0 gave 0 of resource_log_oak (§7Дубовое бревно)
[24.02.2023 21:52:29][serveritem][take] sst4nk0 gave 0 of resource_log_oak (§7Дубовое бревно)
[24.02.2023 21:52:29][serveritem][take] sst4nk0 gave 0 of resource_log_oak (§7Дубовое бревно)
[24.02.2023 21:52:30][serveritem][take] sst4nk0 gave 0 of resource_log_oak (§7Дубовое бревно)
[24.02.2023 21:52:30][serveritem][take] sst4nk0 gave 0 of resource_log_oak (§7Дубовое бревно)
[24.02.2023 21:52:30][serveritem][take] sst4nk0 gave 0 of resource_log_oak (§7Дубовое бревно)
[24.02.2023 21:52:31][serveritem][take] sst4nk0 gave 0 of resource_log_oak (§7Дубовое бревно)
[24.02.2023 21:53:29][serveritem][take] sst4nk0 gave 0 of resource_log_oak (§7Дубовое бревно)
[24.02.2023 21:53:30][serveritem][take] sst4nk0 gave 0 of resource_log_oak (§7Дубовое бревно)
[24.02.2023 21:55:45][serveritem][take] sst4nk0 gave 25 of currency_copper_coin (§aМѣдꙗнiк)
[24.02.2023 21:55:50][serveritem][take] sst4nk0 gave 5 of currency_silver_coin (§aСребрꙗнiк)
[24.02.2023 21:55:51][serveritem][take] sst4nk0 gave 8 of currency_silver_coin (§aСребрꙗнiк)
[24.02.2023 21:55:52][serveritem][take] sst4nk0 gave 11 of currency_silver_coin (§aСребрꙗнiк)
[24.02.2023 21:55:52][serveritem][take] sst4nk0 gave 13 of currency_silver_coin (§aСребрꙗнiк)
[24.02.2023 21:55:53][serveritem][take] sst4nk0 gave 17 of currency_silver_coin (§aСребрꙗнiк)
[24.02.2023 21:55:59][serveritem][give] sst4nk0 obtained 64 of currency_silver_coin (§aСребрꙗнiк)
[24.02.2023 21:55:59][serveritem][take] sst4nk0 gave 1 of currency_gold_coin (§aζлантнiк)
[24.02.2023 21:56:01][serveritem][take] sst4nk0 gave 21 of currency_silver_coin (§aСребрꙗнiк)
[24.02.2023 21:56:02][serveritem][take] sst4nk0 gave 25 of currency_silver_coin (§aСребрꙗнiк)
[24.02.2023 21:56:06][serveritem][give] sst4nk0 obtained 64 of currency_silver_coin (§aСребрꙗнiк)
[24.02.2023 21:56:06][serveritem][take] sst4nk0 gave 1 of currency_gold_coin (§aζлантнiк)
[24.02.2023 21:56:08][serveritem][take] sst4nk0 gave 30 of currency_silver_coin (§aСребрꙗнiк)
[24.02.2023 21:57:40][serveritem][take] sst4nk0 gave 0 of resource_log_oak (§7Дубовое бревно)
[24.02.2023 21:57:40][serveritem][take] sst4nk0 gave 0 of resource_log_oak (§7Дубовое бревно)
[24.02.2023 21:57:40][serveritem][take] sst4nk0 gave 0 of resource_log_oak (§7Дубовое бревно)
[24.02.2023 21:57:41][serveritem][take] sst4nk0 gave 0 of resource_log_oak (§7Дубовое бревно)
[24.02.2023 21:57:41][serveritem][take] sst4nk0 gave 0 of resource_log_oak (§7Дубовое бревно)
[24.02.2023 21:57:41][serveritem][take] sst4nk0 gave 0 of resource_log_oak (§7Дубовое бревно)
[24.02.2023 21:57:41][serveritem][take] sst4nk0 gave 0 of resource_log_oak (§7Дубовое бревно)
[24.02.2023 22:01:16][serveritem][take] sst4nk0 gave 0 of resource_log_oak (§7Дубовое бревно)
[24.02.2023 22:01:16][serveritem][take] sst4nk0 gave 0 of resource_log_oak (§7Дубовое бревно)
[24.02.2023 22:01:17][serveritem][take] sst4nk0 gave 0 of resource_log_oak (§7Дубовое бревно)
[24.02.2023 22:01:17][serveritem][take] sst4nk0 gave 0 of resource_log_oak (§7Дубовое бревно)
[24.02.2023 22:01:17][serveritem][take] sst4nk0 gave 0 of resource_log_oak (§7Дубовое бревно)
[24.02.2023 22:01:18][serveritem][take] sst4nk0 gave 0 of resource_log_oak (§7Дубовое бревно)
[24.02.2023 22:01:18][serveritem][take] sst4nk0 gave 0 of resource_log_oak (§7Дубовое бревно)
[24.02.2023 22:01:18][serveritem][take] sst4nk0 gave 0 of resource_log_oak (§7Дубовое бревно)
[24.02.2023 22:01:18][serveritem][take] sst4nk0 gave 0 of resource_log_oak (§7Дубовое бревно)
[24.02.2023 22:01:19][serveritem][take] sst4nk0 gave 0 of resource_log_oak (§7Дубовое бревно)
[24.02.2023 22:01:19][serveritem][take] sst4nk0 gave 0 of resource_log_oak (§7Дубовое бревно)
[24.02.2023 22:01:19][serveritem][take] sst4nk0 gave 0 of resource_log_oak (§7Дубовое бревно)
[24.02.2023 22:06:15][serveritem][take] sst4nk0 gave 0 of resource_log_oak (§7Дубовое бревно)
[24.02.2023 22:06:15][serveritem][take] sst4nk0 gave 0 of resource_log_oak (§7Дубовое бревно)
[24.02.2023 22:06:15][serveritem][take] sst4nk0 gave 0 of resource_log_oak (§7Дубовое бревно)
[24.02.2023 22:06:15][serveritem][take] sst4nk0 gave 0 of resource_log_oak (§7Дубовое бревно)
[24.02.2023 22:06:16][serveritem][take] sst4nk0 gave 0 of resource_log_oak (§7Дубовое бревно)
[24.02.2023 22:06:24][serveritem][take] sst4nk0 gave 0 of resource_log_oak (§7Дубовое бревно)
[24.02.2023 22:06:33][serveritem][take] sst4nk0 gave 0 of resource_log_oak (§7Дубовое бревно)
[24.02.2023 22:06:34][serveritem][take] sst4nk0 gave 0 of resource_log_oak (§7Дубовое бревно)
[24.02.2023 22:06:34][serveritem][take] sst4nk0 gave 0 of resource_log_oak (§7Дубовое бревно)
[24.02.2023 22:06:34][serveritem][take] sst4nk0 gave 0 of resource_log_oak (§7Дубовое бревно)
[24.02.2023 22:12:18][serveritem][take] sst4nk0 gave 1 of resource_log_oak (§7Дубовое бревно)
[24.02.2023 22:12:19][serveritem][take] sst4nk0 gave 1 of resource_log_oak (§7Дубовое бревно)
[24.02.2023 22:12:19][serveritem][take] sst4nk0 gave 1 of resource_log_oak (§7Дубовое бревно)
[24.02.2023 22:12:19][serveritem][take] sst4nk0 gave 1 of resource_log_oak (§7Дубовое бревно)
[24.02.2023 22:12:19][serveritem][take] sst4nk0 gave 1 of resource_log_oak (§7Дубовое бревно)
[24.02.2023 22:12:20][serveritem][take] sst4nk0 gave 1 of resource_log_oak (§7Дубовое бревно)
[24.02.2023 22:12:20][serveritem][take] sst4nk0 gave 1 of resource_log_oak (§7Дубовое бревно)
[24.02.2023 22:12:20][serveritem][take] sst4nk0 gave 1 of resource_log_oak (§7Дубовое бревно)
[24.02.2023 22:12:21][serveritem][take] sst4nk0 gave 1 of resource_log_oak (§7Дубовое бревно)
[24.02.2023 22:12:21][serveritem][take] sst4nk0 gave 1 of resource_log_oak (§7Дубовое бревно)
[24.02.2023 22:12:22][serveritem][take] sst4nk0 gave 1 of resource_log_oak (§7Дубовое бревно)
[24.02.2023 22:12:22][serveritem][take] sst4nk0 gave 1 of resource_log_oak (§7Дубовое бревно)
[24.02.2023 22:12:22][serveritem][take] sst4nk0 gave 1 of resource_log_oak (§7Дубовое бревно)
[24.02.2023 22:12:23][serveritem][take] sst4nk0 gave 1 of resource_log_oak (§7Дубовое бревно)
[24.02.2023 22:12:23][serveritem][take] sst4nk0 gave 1 of resource_log_oak (§7Дубовое бревно)
[24.02.2023 22:12:23][serveritem][take] sst4nk0 gave 1 of resource_log_oak (§7Дубовое бревно)
[24.02.2023 22:12:23][serveritem][take] sst4nk0 gave 1 of resource_log_oak (§7Дубовое бревно)
[24.02.2023 22:12:24][serveritem][take] sst4nk0 gave 1 of resource_log_oak (§7Дубовое бревно)
[24.02.2023 22:12:24][serveritem][take] sst4nk0 gave 1 of resource_log_oak (§7Дубовое бревно)
[24.02.2023 22:12:24][serveritem][take] sst4nk0 gave 1 of resource_log_oak (§7Дубовое бревно)
[24.02.2023 22:12:24][serveritem][take] sst4nk0 gave 1 of resource_log_oak (§7Дубовое бревно)
[24.02.2023 22:12:34][serveritem][take] sst4nk0 gave 1 of resource_log_oak (§7Дубовое бревно)
[24.02.2023 22:12:34][serveritem][take] sst4nk0 gave 1 of resource_log_oak (§7Дубовое бревно)
[24.02.2023 22:12:34][serveritem][take] sst4nk0 gave 1 of resource_log_oak (§7Дубовое бревно)
[24.02.2023 22:12:35][serveritem][take] sst4nk0 gave 1 of resource_log_oak (§7Дубовое бревно)
[24.02.2023 22:12:35][serveritem][take] sst4nk0 gave 1 of resource_log_oak (§7Дубовое бревно)
[24.02.2023 22:12:35][serveritem][take] sst4nk0 gave 1 of resource_log_oak (§7Дубовое бревно)
[24.02.2023 22:12:36][serveritem][take] sst4nk0 gave 1 of resource_log_oak (§7Дубовое бревно)
[24.02.2023 22:12:36][serveritem][take] sst4nk0 gave 1 of resource_log_oak (§7Дубовое бревно)
[24.02.2023 22:12:47][serveritem][take] sst4nk0 gave 1 of resource_log_oak (§7Дубовое бревно)
[24.02.2023 22:12:47][serveritem][take] sst4nk0 gave 1 of resource_log_oak (§7Дубовое бревно)
[24.02.2023 22:12:47][serveritem][take] sst4nk0 gave 1 of resource_log_oak (§7Дубовое бревно)
[24.02.2023 22:12:47][serveritem][take] sst4nk0 gave 1 of resource_log_oak (§7Дубовое бревно)
[24.02.2023 22:12:48][serveritem][take] sst4nk0 gave 1 of resource_log_oak (§7Дубовое бревно)
[24.02.2023 22:12:48][serveritem][take] sst4nk0 gave 1 of resource_log_oak (§7Дубовое бревно)
[24.02.2023 22:12:49][serveritem][take] sst4nk0 gave 1 of resource_log_oak (§7Дубовое бревно)
[24.02.2023 22:12:49][serveritem][take] sst4nk0 gave 1 of resource_log_oak (§7Дубовое бревно)
[24.02.2023 22:12:49][serveritem][take] sst4nk0 gave 1 of resource_log_oak (§7Дубовое бревно)
[24.02.2023 22:12:50][serveritem][take] sst4nk0 gave 1 of resource_log_oak (§7Дубовое бревно)
[24.02.2023 22:12:50][serveritem][take] sst4nk0 gave 1 of resource_log_oak (§7Дубовое бревно)
[24.02.2023 22:12:50][serveritem][take] sst4nk0 gave 1 of resource_log_oak (§7Дубовое бревно)
[24.02.2023 22:12:50][serveritem][take] sst4nk0 gave 1 of resource_log_oak (§7Дубовое бревно)
[24.02.2023 22:12:51][serveritem][take] sst4nk0 gave 1 of resource_log_oak (§7Дубовое бревно)
[24.02.2023 22:12:51][serveritem][take] sst4nk0 gave 1 of resource_log_oak (§7Дубовое бревно)
[24.02.2023 22:12:51][serveritem][take] sst4nk0 gave 1 of resource_log_oak (§7Дубовое бревно)
[24.02.2023 22:12:52][serveritem][take] sst4nk0 gave 1 of resource_log_oak (§7Дубовое бревно)
[24.02.2023 22:12:52][serveritem][take] sst4nk0 gave 1 of resource_log_oak (§7Дубовое бревно)
[24.02.2023 22:12:52][serveritem][take] sst4nk0 gave 1 of resource_log_oak (§7Дубовое бревно)
[24.02.2023 22:12:53][serveritem][take] sst4nk0 gave 1 of resource_log_oak (§7Дубовое бревно)
[24.02.2023 22:12:53][serveritem][take] sst4nk0 gave 1 of resource_log_oak (§7Дубовое бревно)
[24.02.2023 22:12:53][serveritem][take] sst4nk0 gave 1 of resource_log_oak (§7Дубовое бревно)
[24.02.2023 22:12:54][serveritem][take] sst4nk0 gave 1 of resource_log_oak (§7Дубовое бревно)
[24.02.2023 22:12:54][serveritem][take] sst4nk0 gave 1 of resource_log_oak (§7Дубовое бревно)
[24.02.2023 22:12:54][serveritem][take] sst4nk0 gave 1 of resource_log_oak (§7Дубовое бревно)
[24.02.2023 22:12:55][serveritem][take] sst4nk0 gave 1 of resource_log_oak (§7Дубовое бревно)
[24.02.2023 22:12:55][serveritem][take] sst4nk0 gave 1 of resource_log_oak (§7Дубовое бревно)
[24.02.2023 22:12:55][serveritem][take] sst4nk0 gave 1 of resource_log_oak (§7Дубовое бревно)
[24.02.2023 22:12:56][serveritem][take] sst4nk0 gave 1 of resource_log_oak (§7Дубовое бревно)
[24.02.2023 22:12:56][serveritem][take] sst4nk0 gave 1 of resource_log_oak (§7Дубовое бревно)
[24.02.2023 22:12:56][serveritem][take] sst4nk0 gave 1 of resource_log_oak (§7Дубовое бревно)
[24.02.2023 22:12:57][serveritem][take] sst4nk0 gave 1 of resource_log_oak (§7Дубовое бревно)
[24.02.2023 22:12:57][serveritem][take] sst4nk0 gave 1 of resource_log_oak (§7Дубовое бревно)
[24.02.2023 22:12:58][serveritem][take] sst4nk0 gave 1 of resource_log_oak (§7Дубовое бревно)
[24.02.2023 22:12:58][serveritem][take] sst4nk0 gave 1 of resource_log_oak (§7Дубовое бревно)
[24.02.2023 22:16:18][serveritem][take] sst4nk0 gave 1 of resource_log_oak (§7Дубовое бревно)
[24.02.2023 22:16:19][serveritem][take] sst4nk0 gave 1 of resource_log_oak (§7Дубовое бревно)
[24.02.2023 22:16:19][serveritem][take] sst4nk0 gave 1 of resource_log_oak (§7Дубовое бревно)
[24.02.2023 22:16:20][serveritem][take] sst4nk0 gave 1 of resource_log_oak (§7Дубовое бревно)
[24.02.2023 22:16:20][serveritem][take] sst4nk0 gave 1 of resource_log_oak (§7Дубовое бревно)
[24.02.2023 22:16:21][serveritem][take] sst4nk0 gave 1 of resource_log_oak (§7Дубовое бревно)
[24.02.2023 22:16:22][serveritem][take] sst4nk0 gave 1 of resource_log_oak (§7Дубовое бревно)
[24.02.2023 22:16:22][serveritem][take] sst4nk0 gave 1 of resource_log_oak (§7Дубовое бревно)
[24.02.2023 22:16:23][serveritem][take] sst4nk0 gave 1 of resource_log_oak (§7Дубовое бревно)
[24.02.2023 22:16:23][serveritem][take] sst4nk0 gave 1 of resource_log_oak (§7Дубовое бревно)
[24.02.2023 22:16:24][serveritem][take] sst4nk0 gave 1 of resource_log_oak (§7Дубовое бревно)
[24.02.2023 22:16:24][serveritem][take] sst4nk0 gave 1 of resource_log_oak (§7Дубовое бревно)
[24.02.2023 22:16:25][serveritem][take] sst4nk0 gave 1 of resource_log_oak (§7Дубовое бревно)
[24.02.2023 22:16:25][serveritem][take] sst4nk0 gave 1 of resource_log_oak (§7Дубовое бревно)
[24.02.2023 22:16:26][serveritem][take] sst4nk0 gave 1 of resource_log_oak (§7Дубовое бревно)
[24.02.2023 22:16:26][serveritem][take] sst4nk0 gave 1 of resource_log_oak (§7Дубовое бревно)
[24.02.2023 22:16:27][serveritem][take] sst4nk0 gave 1 of resource_log_oak (§7Дубовое бревно)
[24.02.2023 22:16:27][serveritem][take] sst4nk0 gave 1 of resource_log_oak (§7Дубовое бревно)
[24.02.2023 22:16:28][serveritem][take] sst4nk0 gave 1 of resource_log_oak (§7Дубовое бревно)
[24.02.2023 22:16:28][serveritem][take] sst4nk0 gave 1 of resource_log_oak (§7Дубовое бревно)
[24.02.2023 22:16:29][serveritem][take] sst4nk0 gave 1 of resource_log_oak (§7Дубовое бревно)
[24.02.2023 22:16:29][serveritem][take] sst4nk0 gave 1 of resource_log_oak (§7Дубовое бревно)
[24.02.2023 22:16:30][serveritem][take] sst4nk0 gave 1 of resource_log_oak (§7Дубовое бревно)
[24.02.2023 22:16:34][serveritem][take] sst4nk0 gave 1 of resource_log_oak (§7Дубовое бревно)
[24.02.2023 22:16:35][serveritem][take] sst4nk0 gave 1 of resource_log_oak (§7Дубовое бревно)
[24.02.2023 22:16:35][serveritem][take] sst4nk0 gave 1 of resource_log_oak (§7Дубовое бревно)
[24.02.2023 22:16:36][serveritem][take] sst4nk0 gave 1 of resource_log_oak (§7Дубовое бревно)
[24.02.2023 22:16:37][serveritem][take] sst4nk0 gave 1 of resource_log_oak (§7Дубовое бревно)
[24.02.2023 22:16:37][serveritem][take] sst4nk0 gave 1 of resource_log_oak (§7Дубовое бревно)
[24.02.2023 22:16:37][serveritem][take] sst4nk0 gave 1 of resource_log_oak (§7Дубовое бревно)
[24.02.2023 22:16:38][serveritem][take] sst4nk0 gave 1 of resource_log_oak (§7Дубовое бревно)
[24.02.2023 22:16:38][serveritem][take] sst4nk0 gave 1 of resource_log_oak (§7Дубовое бревно)
[24.02.2023 22:16:40][serveritem][take] sst4nk0 gave 1 of resource_log_oak (§7Дубовое бревно)
[24.02.2023 22:16:40][serveritem][take] sst4nk0 gave 1 of resource_log_oak (§7Дубовое бревно)
[24.02.2023 22:16:40][serveritem][take] sst4nk0 gave 1 of resource_log_oak (§7Дубовое бревно)
[24.02.2023 22:16:41][serveritem][take] sst4nk0 gave 1 of resource_log_oak (§7Дубовое бревно)
[24.02.2023 22:16:41][serveritem][take] sst4nk0 gave 1 of resource_log_oak (§7Дубовое бревно)
[24.02.2023 22:16:42][serveritem][take] sst4nk0 gave 1 of resource_log_oak (§7Дубовое бревно)
[24.02.2023 22:16:42][serveritem][take] sst4nk0 gave 1 of resource_log_oak (§7Дубовое бревно)
[24.02.2023 22:16:43][serveritem][take] sst4nk0 gave 1 of resource_log_oak (§7Дубовое бревно)
[24.02.2023 22:16:43][serveritem][take] sst4nk0 gave 1 of resource_log_oak (§7Дубовое бревно)
[24.02.2023 22:16:43][serveritem][take] sst4nk0 gave 1 of resource_log_oak (§7Дубовое бревно)
[24.02.2023 22:16:44][serveritem][take] sst4nk0 gave 1 of resource_log_oak (§7Дубовое бревно)
[24.02.2023 22:16:44][serveritem][take] sst4nk0 gave 1 of resource_log_oak (§7Дубовое бревно)
[24.02.2023 22:16:44][serveritem][take] sst4nk0 gave 1 of resource_log_oak (§7Дубовое бревно)
[24.02.2023 22:17:05][serveritem][take] sst4nk0 gave 1 of resource_log_oak (§7Дубовое бревно)
[24.02.2023 22:17:17][serveritem][take] sst4nk0 gave 1 of resource_log_oak (§7Дубовое бревно)
[24.02.2023 22:17:18][serveritem][take] sst4nk0 gave 1 of resource_log_oak (§7Дубовое бревно)
[24.02.2023 22:17:18][serveritem][take] sst4nk0 gave 1 of resource_log_oak (§7Дубовое бревно)
[24.02.2023 22:17:18][serveritem][take] sst4nk0 gave 1 of resource_log_oak (§7Дубовое бревно)
[24.02.2023 22:17:19][serveritem][take] sst4nk0 gave 1 of resource_log_oak (§7Дубовое бревно)
[24.02.2023 22:17:19][serveritem][take] sst4nk0 gave 1 of resource_log_oak (§7Дубовое бревно)
[24.02.2023 22:17:19][serveritem][take] sst4nk0 gave 1 of resource_log_oak (§7Дубовое бревно)
[24.02.2023 22:17:19][serveritem][take] sst4nk0 gave 1 of resource_log_oak (§7Дубовое бревно)
[24.02.2023 22:17:20][serveritem][take] sst4nk0 gave 1 of resource_log_oak (§7Дубовое бревно)
[24.02.2023 22:17:20][serveritem][take] sst4nk0 gave 1 of resource_log_oak (§7Дубовое бревно)
[24.02.2023 22:17:20][serveritem][take] sst4nk0 gave 1 of resource_log_oak (§7Дубовое бревно)
[24.02.2023 22:17:21][serveritem][take] sst4nk0 gave 1 of resource_log_oak (§7Дубовое бревно)
[24.02.2023 22:17:21][serveritem][take] sst4nk0 gave 1 of resource_log_oak (§7Дубовое бревно)
[24.02.2023 22:17:21][serveritem][take] sst4nk0 gave 1 of resource_log_oak (§7Дубовое бревно)
[24.02.2023 22:17:21][serveritem][take] sst4nk0 gave 1 of resource_log_oak (§7Дубовое бревно)
[24.02.2023 22:17:22][serveritem][take] sst4nk0 gave 1 of resource_log_oak (§7Дубовое бревно)
[24.02.2023 22:17:22][serveritem][take] sst4nk0 gave 1 of resource_log_oak (§7Дубовое бревно)
[24.02.2023 22:17:22][serveritem][take] sst4nk0 gave 1 of resource_log_oak (§7Дубовое бревно)
[24.02.2023 22:24:09][serveritem][take] sst4nk0 gave 25 of currency_copper_coin (§aМѣдꙗнiк)
[24.02.2023 22:24:11][serveritem][take] sst4nk0 gave 5 of currency_silver_coin (§aСребрꙗнiк)
[24.02.2023 22:24:13][serveritem][take] sst4nk0 gave 8 of currency_silver_coin (§aСребрꙗнiк)
[24.02.2023 22:24:14][serveritem][take] sst4nk0 gave 11 of currency_silver_coin (§aСребрꙗнiк)
[24.02.2023 22:24:15][serveritem][take] sst4nk0 gave 13 of currency_silver_coin (§aСребрꙗнiк)
[24.02.2023 22:24:33][serveritem][take] sst4nk0 gave 17 of currency_silver_coin (§aСребрꙗнiк)
[24.02.2023 22:24:34][serveritem][take] sst4nk0 gave 21 of currency_silver_coin (§aСребрꙗнiк)
[24.02.2023 22:24:36][serveritem][take] sst4nk0 gave 25 of currency_silver_coin (§aСребрꙗнiк)
[24.02.2023 22:36:01][serveritem][take] sst4nk0 gave 30 of currency_silver_coin (§aСребрꙗнiк)
[24.02.2023 22:45:33][serveritem][give] sst4nk0 obtained 32 of currency_copper_coin (§aМѣдꙗнiк)
[24.02.2023 22:45:33][serveritem][give] sst4nk0 obtained 126 of currency_silver_coin (§aСребрꙗнiк)
[24.02.2023 22:45:40][serveritem][give] sst4nk0 obtained 64 of currency_silver_coin (§aСребрꙗнiк)
[24.02.2023 22:45:40][serveritem][take] sst4nk0 gave 1 of currency_gold_coin (§aζлантнiк)
[24.02.2023 22:45:40][serveritem][give] sst4nk0 obtained 64 of currency_silver_coin (§aСребрꙗнiк)
[24.02.2023 22:45:40][serveritem][take] sst4nk0 gave 1 of currency_gold_coin (§aζлантнiк)
[24.02.2023 22:45:43][serveritem][give] sst4nk0 obtained 1 of currency_gold_coin (§aζлантнiк)
[24.02.2023 22:45:43][serveritem][take] sst4nk0 gave 64 of currency_silver_coin (§aСребрꙗнiк)
[24.02.2023 22:45:44][serveritem][give] sst4nk0 obtained 1 of currency_gold_coin (§aζлантнiк)
[24.02.2023 22:45:44][serveritem][take] sst4nk0 gave 64 of currency_silver_coin (§aСребрꙗнiк)
[24.02.2023 22:45:44][serveritem][give] sst4nk0 obtained 1 of currency_gold_coin (§aζлантнiк)
[24.02.2023 22:45:44][serveritem][take] sst4nk0 gave 64 of currency_silver_coin (§aСребрꙗнiк)
[24.02.2023 22:45:44][serveritem][give] sst4nk0 obtained 1 of currency_gold_coin (§aζлантнiк)
[24.02.2023 22:45:44][serveritem][take] sst4nk0 gave 64 of currency_silver_coin (§aСребрꙗнiк)
[24.02.2023 22:45:44][serveritem][give] sst4nk0 obtained 1 of currency_gold_coin (§aζлантнiк)
[24.02.2023 22:45:44][serveritem][take] sst4nk0 gave 64 of currency_silver_coin (§aСребрꙗнiк)
[24.02.2023 22:45:44][serveritem][give] sst4nk0 obtained 1 of currency_gold_coin (§aζлантнiк)
[24.02.2023 22:45:44][serveritem][take] sst4nk0 gave 64 of currency_silver_coin (§aСребрꙗнiк)
[24.02.2023 22:45:47][serveritem][give] sst4nk0 obtained 64 of currency_silver_coin (§aСребрꙗнiк)
[24.02.2023 22:45:47][serveritem][take] sst4nk0 gave 1 of currency_gold_coin (§aζлантнiк)
[24.02.2023 22:46:58][serveritem][take] sst4nk0 gave 1 of resource_log_oak (§7Дубовое бревно)
[24.02.2023 22:46:59][serveritem][take] sst4nk0 gave 1 of resource_log_oak (§7Дубовое бревно)
[24.02.2023 22:48:04][serveritem][take] sst4nk0 gave 1 of resource_log_oak (§7Дубовое бревно)
[24.02.2023 22:48:04][serveritem][take] sst4nk0 gave 1 of resource_log_oak (§7Дубовое бревно)
[24.02.2023 22:48:04][serveritem][take] sst4nk0 gave 1 of resource_log_oak (§7Дубовое бревно)
[24.02.2023 22:50:40][serveritem][take] sst4nk0 gave 25 of currency_copper_coin (§aМѣдꙗнiк)
[24.02.2023 22:50:41][serveritem][take] sst4nk0 gave 5 of currency_silver_coin (§aСребрꙗнiк)
[24.02.2023 22:50:43][serveritem][take] sst4nk0 gave 8 of currency_silver_coin (§aСребрꙗнiк)
[24.02.2023 22:50:53][serveritem][take] sst4nk0 gave 11 of currency_silver_coin (§aСребрꙗнiк)
[24.02.2023 22:51:13][serveritem][take] sst4nk0 gave 13 of currency_silver_coin (§aСребрꙗнiк)
[24.02.2023 22:51:16][serveritem][take] sst4nk0 gave 17 of currency_silver_coin (§aСребрꙗнiк)
[24.02.2023 22:52:24][serveritem][take] sst4nk0 gave 1 of resource_log_oak (§7Дубовое бревно)
[24.02.2023 22:52:26][serveritem][take] sst4nk0 gave 1 of resource_log_oak (§7Дубовое бревно)
[24.02.2023 22:52:29][serveritem][take] sst4nk0 gave 1 of resource_log_oak (§7Дубовое бревно)
[24.02.2023 22:52:30][serveritem][take] sst4nk0 gave 21 of currency_silver_coin (§aСребрꙗнiк)
[24.02.2023 22:52:30][serveritem][take] sst4nk0 gave 25 of currency_silver_coin (§aСребрꙗнiк)
[24.02.2023 22:52:31][serveritem][take] sst4nk0 gave 30 of currency_silver_coin (§aСребрꙗнiк)
[24.02.2023 22:52:42][serveritem][take] sst4nk0 gave 25 of currency_copper_coin (§aМѣдꙗнiк)
[24.02.2023 22:52:43][serveritem][take] sst4nk0 gave 5 of currency_silver_coin (§aСребрꙗнiк)
[24.02.2023 22:52:43][serveritem][take] sst4nk0 gave 8 of currency_silver_coin (§aСребрꙗнiк)
[24.02.2023 22:52:43][serveritem][take] sst4nk0 gave 11 of currency_silver_coin (§aСребрꙗнiк)
[24.02.2023 22:52:43][serveritem][take] sst4nk0 gave 13 of currency_silver_coin (§aСребрꙗнiк)
[24.02.2023 22:52:43][serveritem][take] sst4nk0 gave 17 of currency_silver_coin (§aСребрꙗнiк)
[24.02.2023 22:52:43][serveritem][take] sst4nk0 gave 21 of currency_silver_coin (§aСребрꙗнiк)
[24.02.2023 22:52:44][serveritem][take] sst4nk0 gave 25 of currency_silver_coin (§aСребрꙗнiк)
[24.02.2023 22:52:44][serveritem][take] sst4nk0 gave 30 of currency_silver_coin (§aСребрꙗнiк)
[24.02.2023 22:54:21][serveritem][take] sst4nk0 gave 25 of currency_copper_coin (§aМѣдꙗнiк)
[24.02.2023 22:54:21][serveritem][take] sst4nk0 gave 5 of currency_silver_coin (§aСребрꙗнiк)
[24.02.2023 22:54:21][serveritem][take] sst4nk0 gave 8 of currency_silver_coin (§aСребрꙗнiк)
[24.02.2023 22:54:22][serveritem][take] sst4nk0 gave 11 of currency_silver_coin (§aСребрꙗнiк)
[24.02.2023 22:54:22][serveritem][take] sst4nk0 gave 13 of currency_silver_coin (§aСребрꙗнiк)
[24.02.2023 22:54:22][serveritem][take] sst4nk0 gave 17 of currency_silver_coin (§aСребрꙗнiк)
[24.02.2023 22:54:22][serveritem][take] sst4nk0 gave 21 of currency_silver_coin (§aСребрꙗнiк)
[24.02.2023 22:54:22][serveritem][take] sst4nk0 gave 25 of currency_silver_coin (§aСребрꙗнiк)
[24.02.2023 22:54:23][serveritem][take] sst4nk0 gave 30 of currency_silver_coin (§aСребрꙗнiк)
[24.02.2023 23:00:52][serveritem][take] sst4nk0 gave 1 of resource_log_oak (§7Дубовое бревно)
[24.02.2023 23:00:53][serveritem][take] sst4nk0 gave 1 of resource_log_oak (§7Дубовое бревно)
[24.02.2023 23:00:53][serveritem][take] sst4nk0 gave 1 of resource_log_oak (§7Дубовое бревно)
[24.02.2023 23:00:53][serveritem][take] sst4nk0 gave 1 of resource_log_oak (§7Дубовое бревно)
[24.02.2023 23:00:54][serveritem][take] sst4nk0 gave 1 of resource_log_oak (§7Дубовое бревно)
[24.02.2023 23:00:54][serveritem][take] sst4nk0 gave 1 of resource_log_oak (§7Дубовое бревно)
[24.02.2023 23:00:54][serveritem][take] sst4nk0 gave 1 of resource_log_oak (§7Дубовое бревно)
[24.02.2023 23:00:54][serveritem][take] sst4nk0 gave 1 of resource_log_oak (§7Дубовое бревно)
[24.02.2023 23:00:55][serveritem][take] sst4nk0 gave 1 of resource_log_oak (§7Дубовое бревно)
[24.02.2023 23:00:55][serveritem][take] sst4nk0 gave 1 of resource_log_oak (§7Дубовое бревно)
[24.02.2023 23:00:55][serveritem][take] sst4nk0 gave 1 of resource_log_oak (§7Дубовое бревно)
[24.02.2023 23:00:55][serveritem][take] sst4nk0 gave 1 of resource_log_oak (§7Дубовое бревно)
[24.02.2023 23:00:56][serveritem][take] sst4nk0 gave 1 of resource_log_oak (§7Дубовое бревно)
[24.02.2023 23:00:56][serveritem][take] sst4nk0 gave 1 of resource_log_oak (§7Дубовое бревно)
[24.02.2023 23:00:57][serveritem][take] sst4nk0 gave 1 of resource_log_oak (§7Дубовое бревно)
[24.02.2023 23:00:57][serveritem][take] sst4nk0 gave 1 of resource_log_oak (§7Дубовое бревно)
[24.02.2023 23:00:58][serveritem][take] sst4nk0 gave 1 of resource_log_oak (§7Дубовое бревно)
[24.02.2023 23:00:58][serveritem][take] sst4nk0 gave 1 of resource_log_oak (§7Дубовое бревно)
[24.02.2023 23:00:58][serveritem][take] sst4nk0 gave 1 of resource_log_oak (§7Дубовое бревно)
[24.02.2023 23:00:58][serveritem][take] sst4nk0 gave 1 of resource_log_oak (§7Дубовое бревно)
[24.02.2023 23:00:59][serveritem][take] sst4nk0 gave 1 of resource_log_oak (§7Дубовое бревно)
[24.02.2023 23:01:48][serveritem][take] sst4nk0 gave 25 of currency_copper_coin (§aМѣдꙗнiк)
