[04.03.2023 10:18:20][serveritem][take] sst4nk0 gave 2 of currency_copper_coin (§aМѣдꙗнiк)
[04.03.2023 10:24:05][serveritem][give] sst4nk0 obtained 1 of misc_stone_dirty (§fКамень в грязи)
[04.03.2023 10:25:41][serveritem][take] sst4nk0 gave 2 of currency_copper_coin (§aМѣдꙗнiк)
[04.03.2023 10:25:58][serveritem][give] sst4nk0 obtained 1 of misc_stone_dirty (§fКамень в грязи)
[04.03.2023 10:31:56][serveritem][take] sst4nk0 gave 2 of currency_copper_coin (§aМѣдꙗнiк)
[04.03.2023 10:32:13][serveritem][give] sst4nk0 obtained 1 of misc_stone_dirty (§fКамень в грязи)
[04.03.2023 10:34:00][serveritem][take] sst4nk0 gave 4 of currency_copper_coin (§aМѣдꙗнiк)
[04.03.2023 10:34:17][serveritem][give] sst4nk0 obtained 1 of misc_stone_dirty (§fКамень в грязи)
[04.03.2023 10:34:36][serveritem][take] sst4nk0 gave 2 of currency_copper_coin (§aМѣдꙗнiк)
[04.03.2023 10:35:13][serveritem][take] sst4nk0 gave 4 of currency_copper_coin (§aМѣдꙗнiк)
[04.03.2023 10:37:03][serveritem][take] sst4nk0 gave 2 of currency_copper_coin (§aМѣдꙗнiк)
[04.03.2023 11:08:38][serveritem][take] sst4nk0 gave 2 of currency_copper_coin (§aМѣдꙗнiк)
[04.03.2023 11:09:12][serveritem][take] sst4nk0 gave 4 of currency_copper_coin (§aМѣдꙗнiк)
[04.03.2023 11:42:38][serveritem][give] sst4nk0 obtained 1 of gps_bank_korosten (§fКомпас [§7банкир Коростня§f])
[04.03.2023 12:44:16][serveritem][give] sst4nk0 obtained 1 of gps_bank_korosten (§fКомпас [§7банкир Коростня§f])
[04.03.2023 12:59:38][serveritem][give] sst4nk0 obtained 1 of gps_looting_forest (§fКомпас [§7лесничество§f])
[04.03.2023 13:00:34][serveritem][give] sst4nk0 obtained 1 of gps_looting_forest (§fКомпас [§7лесничество§f])
[04.03.2023 13:00:55][serveritem][give] sst4nk0 obtained 1 of gps_looting_forest (§fКомпас [§7лесничество§f])
[04.03.2023 13:51:13][serveritem][give] sst4nk0 obtained 1 of gps_looting_forest (§fКомпас [§7лесничество§f])
[04.03.2023 13:56:55][serveritem][take] sst4nk0 gave 6 of currency_copper_coin (§aМѣдꙗнiк)
[04.03.2023 13:56:55][serveritem][give] sst4nk0 obtained 1 of resource_log_birch (§7Берёзовое бревно)
[04.03.2023 13:56:55][serveritem][take] sst4nk0 gave 6 of currency_copper_coin (§aМѣдꙗнiк)
[04.03.2023 13:56:55][serveritem][give] sst4nk0 obtained 1 of resource_log_birch (§7Берёзовое бревно)
[04.03.2023 14:04:55][serveritem][give] sst4nk0 obtained 1 of gps_selling_forest (§fКомпас [§7купец дерева§f])
[04.03.2023 14:05:45][serveritem][give] sst4nk0 obtained 1 of gps_selling_forest (§fКомпас [§7купец дерева§f])
[04.03.2023 14:06:09][serveritem][take] sst4nk0 gave 4 of currency_copper_coin (§aМѣдꙗнiк)
[04.03.2023 14:06:09][serveritem][give] sst4nk0 obtained 1 of resource_log_oak (§7Дубовое бревно)
[04.03.2023 14:06:11][serveritem][take] sst4nk0 gave 4 of currency_copper_coin (§aМѣдꙗнiк)
[04.03.2023 14:06:11][serveritem][give] sst4nk0 obtained 1 of resource_log_oak (§7Дубовое бревно)
[04.03.2023 14:06:12][serveritem][take] sst4nk0 gave 4 of currency_copper_coin (§aМѣдꙗнiк)
[04.03.2023 14:06:12][serveritem][give] sst4nk0 obtained 1 of resource_log_oak (§7Дубовое бревно)
[04.03.2023 14:06:12][serveritem][take] sst4nk0 gave 4 of currency_copper_coin (§aМѣдꙗнiк)
[04.03.2023 14:06:12][serveritem][give] sst4nk0 obtained 1 of resource_log_oak (§7Дубовое бревно)
[04.03.2023 14:06:12][serveritem][take] sst4nk0 gave 4 of currency_copper_coin (§aМѣдꙗнiк)
[04.03.2023 14:06:12][serveritem][give] sst4nk0 obtained 1 of resource_log_oak (§7Дубовое бревно)
[04.03.2023 14:06:12][serveritem][take] sst4nk0 gave 4 of currency_copper_coin (§aМѣдꙗнiк)
[04.03.2023 14:06:12][serveritem][give] sst4nk0 obtained 1 of resource_log_oak (§7Дубовое бревно)
[04.03.2023 14:06:13][serveritem][take] sst4nk0 gave 1 of currency_silver_coin (§aСребрꙗнiк)
[04.03.2023 14:06:13][serveritem][give] sst4nk0 obtained 60 of currency_copper_coin (§aМѣдꙗнiк)
[04.03.2023 14:06:13][serveritem][give] sst4nk0 obtained 1 of resource_log_oak (§7Дубовое бревно)
[04.03.2023 14:06:13][serveritem][take] sst4nk0 gave 4 of currency_copper_coin (§aМѣдꙗнiк)
[04.03.2023 14:06:13][serveritem][give] sst4nk0 obtained 1 of resource_log_oak (§7Дубовое бревно)
[04.03.2023 14:06:13][serveritem][take] sst4nk0 gave 4 of currency_copper_coin (§aМѣдꙗнiк)
[04.03.2023 14:06:13][serveritem][give] sst4nk0 obtained 1 of resource_log_oak (§7Дубовое бревно)
[04.03.2023 14:06:14][serveritem][take] sst4nk0 gave 4 of currency_copper_coin (§aМѣдꙗнiк)
[04.03.2023 14:06:14][serveritem][give] sst4nk0 obtained 1 of resource_log_oak (§7Дубовое бревно)
[04.03.2023 14:06:14][serveritem][take] sst4nk0 gave 4 of currency_copper_coin (§aМѣдꙗнiк)
[04.03.2023 14:06:14][serveritem][give] sst4nk0 obtained 1 of resource_log_oak (§7Дубовое бревно)
[04.03.2023 14:06:14][serveritem][take] sst4nk0 gave 4 of currency_copper_coin (§aМѣдꙗнiк)
[04.03.2023 14:06:14][serveritem][give] sst4nk0 obtained 1 of resource_log_oak (§7Дубовое бревно)
[04.03.2023 14:08:43][serveritem][give] sst4nk0 obtained 1 of gps_selling_forest (§fКомпас [§7купец дерева§f])
[04.03.2023 16:20:58][serveritem][take] sst4nk0 gave 30 of currency_silver_coin (§aСребрꙗнiк)
[04.03.2023 16:20:58][serveritem][give] sst4nk0 obtained 1 of tool_pickaxe_iron (iron_pickaxe)
[04.03.2023 16:28:15][serveritem][give] sst4nk0 obtained 1 of tool_pickaxe_stone (stone_pickaxe)
[04.03.2023 16:35:58][serveritem][take] sst4nk0 gave 30 of currency_silver_coin (§aСребрꙗнiк)
[04.03.2023 16:35:58][serveritem][give] sst4nk0 obtained 1 of tool_pickaxe_iron (§fЖелезная кирка)
[04.03.2023 16:35:59][serveritem][take] sst4nk0 gave 5 of currency_gold_coin (§aζлантнiк)
[04.03.2023 16:35:59][serveritem][give] sst4nk0 obtained 1 of tool_pickaxe_gold (§fЗолотая кирка)
[04.03.2023 17:46:08][serveritem][giveall] [sst4nk0] obtained 1 of currency_copper_coin (§aМѣдꙗнiк)
[04.03.2023 17:46:32][serveritem][giveall] [sst4nk0] obtained 2304 of currency_copper_coin (§aМѣдꙗнiк)
[04.03.2023 19:03:03][serveritem][give] sst4nk0 obtained 1 of tool_pickaxe_stone (§fКаменная кирка)
[04.03.2023 19:04:37][serveritem][take] sst4nk0 gave 30 of currency_silver_coin (§aСребрꙗнiк)
[04.03.2023 19:04:37][serveritem][give] sst4nk0 obtained 1 of tool_pickaxe_iron (§fЖелезная кирка)
[04.03.2023 19:04:39][serveritem][take] sst4nk0 gave 5 of currency_gold_coin (§aζлантнiк)
[04.03.2023 19:04:39][serveritem][give] sst4nk0 obtained 1 of tool_pickaxe_gold (§fЗолотая кирка)
[04.03.2023 19:09:01][serveritem][give] sst4nk0 obtained 1 of tool_pickaxe_stone (§fКаменная кирка)
[04.03.2023 19:10:17][serveritem][take] sst4nk0 gave 1 of currency_gold_coin (§aζлантнiк)
[04.03.2023 19:10:17][serveritem][give] sst4nk0 obtained 34 of currency_silver_coin (§aСребрꙗнiк)
[04.03.2023 19:10:17][serveritem][give] sst4nk0 obtained 1 of tool_pickaxe_iron (§fЖелезная кирка)
[04.03.2023 19:10:19][serveritem][take] sst4nk0 gave 5 of currency_gold_coin (§aζлантнiк)
[04.03.2023 19:10:19][serveritem][give] sst4nk0 obtained 1 of tool_pickaxe_gold (§fЗолотая кирка)
[04.03.2023 19:40:37][serveritem][give] sst4nk0 obtained 1 of gps_looting_mineshaft (§fКомпас [§7рудник§f])
[04.03.2023 19:41:16][serveritem][give] sst4nk0 obtained 1 of gps_looting_mineshaft (§fКомпас [§7рудник§f])
[04.03.2023 19:42:57][serveritem][give] sst4nk0 obtained 1 of gps_looting_mineshaft (§fКомпас [§7рудник§f])
[04.03.2023 19:47:34][serveritem][give] sst4nk0 obtained 1 of gps_storager_korosten (§fКомпас [§7кладовщик Коростня§f])
[04.03.2023 22:59:42][serveritem][give] sst4nk0 obtained 1 of gps_selling_forest (§fКомпас [§7купец дерева§f])
[04.03.2023 23:00:01][serveritem][give] sst4nk0 obtained 1 of gps_looting_mineshaft (§fКомпас [§7рудник§f])
[04.03.2023 23:00:54][serveritem][take] sst4nk0 gave 2 of currency_copper_coin (§aМѣдꙗнiк)
