[22.02.2023 19:57:05][serveritem][give] sst4nk0 obtained 1 of tool_formulas (§fФормулы счёта)
[22.02.2023 19:57:05][serveritem][take] sst4nk0 gave 1 of currency_gold_coin (§aζлантнiк)
[22.02.2023 20:14:00][serveritem][take] sst4nk0 gave 8 of currency_gold_coin (§aζлантнiк)
[22.02.2023 20:19:32][serveritem][give] sst4nk0 obtained 1 of tool_axe_stone (§fКаменный топор)
[22.02.2023 20:20:19][serveritem][give] sst4nk0 obtained 2 of resource_log_spruce (§7Хвойное бревно)
[22.02.2023 20:20:30][serveritem][give] sst4nk0 obtained 1 of resource_log_spruce (§7Хвойное бревно)
[22.02.2023 20:23:25][serveritem][give] sst4nk0 obtained 2 of resource_log_spruce (§7Хвойное бревно)
[22.02.2023 20:25:38][serveritem][give] sst4nk0 obtained 2 of resource_log_birch (§7Берёзовое бревно)
[22.02.2023 20:26:20][serveritem][give] sst4nk0 obtained 2 of resource_log_birch (§7Берёзовое бревно)
[22.02.2023 20:26:38][serveritem][give] sst4nk0 obtained 2 of resource_log_oak (§7Дубовое бревно)
[22.02.2023 20:26:55][serveritem][give] sst4nk0 obtained 1 of resource_log_birch (§7Берёзовое бревно)
[22.02.2023 20:28:33][serveritem][give] sst4nk0 obtained 2 of resource_log_spruce (§7Хвойное бревно)
[22.02.2023 20:29:15][serveritem][give] sst4nk0 obtained 2 of currency_copper_coin (§aМѣдꙗнiк)
[22.02.2023 20:29:15][serveritem][take] sst4nk0 gave 1 of resource_log_oak (§7Дубовое бревно)
[22.02.2023 20:29:15][serveritem][give] sst4nk0 obtained 2 of currency_copper_coin (§aМѣдꙗнiк)
[22.02.2023 20:29:15][serveritem][take] sst4nk0 gave 1 of resource_log_oak (§7Дубовое бревно)
[22.02.2023 20:29:16][serveritem][give] sst4nk0 obtained 2 of currency_copper_coin (§aМѣдꙗнiк)
[22.02.2023 20:29:16][serveritem][take] sst4nk0 gave 1 of resource_log_oak (§7Дубовое бревно)
[22.02.2023 20:29:16][serveritem][give] sst4nk0 obtained 2 of currency_copper_coin (§aМѣдꙗнiк)
[22.02.2023 20:29:16][serveritem][take] sst4nk0 gave 1 of resource_log_oak (§7Дубовое бревно)
[22.02.2023 20:29:16][serveritem][give] sst4nk0 obtained 2 of currency_copper_coin (§aМѣдꙗнiк)
[22.02.2023 20:29:16][serveritem][take] sst4nk0 gave 1 of resource_log_oak (§7Дубовое бревно)
[22.02.2023 20:29:16][serveritem][give] sst4nk0 obtained 2 of currency_copper_coin (§aМѣдꙗнiк)
[22.02.2023 20:29:16][serveritem][take] sst4nk0 gave 1 of resource_log_oak (§7Дубовое бревно)
[22.02.2023 20:29:16][serveritem][give] sst4nk0 obtained 2 of currency_copper_coin (§aМѣдꙗнiк)
[22.02.2023 20:29:16][serveritem][take] sst4nk0 gave 1 of resource_log_oak (§7Дубовое бревно)
[22.02.2023 20:29:17][serveritem][give] sst4nk0 obtained 3 of currency_copper_coin (§aМѣдꙗнiк)
[22.02.2023 20:29:17][serveritem][take] sst4nk0 gave 1 of resource_log_spruce (§7Хвойное бревно)
[22.02.2023 20:29:17][serveritem][give] sst4nk0 obtained 3 of currency_copper_coin (§aМѣдꙗнiк)
[22.02.2023 20:29:17][serveritem][take] sst4nk0 gave 1 of resource_log_spruce (§7Хвойное бревно)
[22.02.2023 20:29:18][serveritem][give] sst4nk0 obtained 3 of currency_copper_coin (§aМѣдꙗнiк)
[22.02.2023 20:29:18][serveritem][take] sst4nk0 gave 1 of resource_log_spruce (§7Хвойное бревно)
[22.02.2023 20:29:18][serveritem][give] sst4nk0 obtained 3 of currency_copper_coin (§aМѣдꙗнiк)
[22.02.2023 20:29:18][serveritem][take] sst4nk0 gave 1 of resource_log_spruce (§7Хвойное бревно)
[22.02.2023 20:29:18][serveritem][give] sst4nk0 obtained 3 of currency_copper_coin (§aМѣдꙗнiк)
[22.02.2023 20:29:18][serveritem][take] sst4nk0 gave 1 of resource_log_spruce (§7Хвойное бревно)
[22.02.2023 20:29:18][serveritem][give] sst4nk0 obtained 3 of currency_copper_coin (§aМѣдꙗнiк)
[22.02.2023 20:29:18][serveritem][take] sst4nk0 gave 1 of resource_log_spruce (§7Хвойное бревно)
[22.02.2023 20:29:18][serveritem][give] sst4nk0 obtained 3 of currency_copper_coin (§aМѣдꙗнiк)
[22.02.2023 20:29:18][serveritem][take] sst4nk0 gave 1 of resource_log_spruce (§7Хвойное бревно)
[22.02.2023 20:29:18][serveritem][give] sst4nk0 obtained 3 of currency_copper_coin (§aМѣдꙗнiк)
[22.02.2023 20:29:18][serveritem][take] sst4nk0 gave 1 of resource_log_spruce (§7Хвойное бревно)
[22.02.2023 20:29:19][serveritem][give] sst4nk0 obtained 3 of currency_copper_coin (§aМѣдꙗнiк)
[22.02.2023 20:29:19][serveritem][take] sst4nk0 gave 1 of resource_log_spruce (§7Хвойное бревно)
[22.02.2023 20:29:19][serveritem][give] sst4nk0 obtained 3 of currency_copper_coin (§aМѣдꙗнiк)
[22.02.2023 20:29:19][serveritem][take] sst4nk0 gave 1 of resource_log_spruce (§7Хвойное бревно)
[22.02.2023 20:29:19][serveritem][give] sst4nk0 obtained 3 of currency_copper_coin (§aМѣдꙗнiк)
[22.02.2023 20:29:19][serveritem][take] sst4nk0 gave 1 of resource_log_spruce (§7Хвойное бревно)
[22.02.2023 20:29:19][serveritem][give] sst4nk0 obtained 4 of currency_copper_coin (§aМѣдꙗнiк)
[22.02.2023 20:29:19][serveritem][take] sst4nk0 gave 1 of resource_log_birch (§7Берёзовое бревно)
[22.02.2023 20:29:20][serveritem][give] sst4nk0 obtained 4 of currency_copper_coin (§aМѣдꙗнiк)
[22.02.2023 20:29:20][serveritem][take] sst4nk0 gave 1 of resource_log_birch (§7Берёзовое бревно)
[22.02.2023 20:29:20][serveritem][give] sst4nk0 obtained 4 of currency_copper_coin (§aМѣдꙗнiк)
[22.02.2023 20:29:20][serveritem][take] sst4nk0 gave 1 of resource_log_birch (§7Берёзовое бревно)
[22.02.2023 20:29:20][serveritem][give] sst4nk0 obtained 4 of currency_copper_coin (§aМѣдꙗнiк)
[22.02.2023 20:29:20][serveritem][take] sst4nk0 gave 1 of resource_log_birch (§7Берёзовое бревно)
[22.02.2023 20:29:20][serveritem][give] sst4nk0 obtained 4 of currency_copper_coin (§aМѣдꙗнiк)
[22.02.2023 20:29:20][serveritem][take] sst4nk0 gave 1 of resource_log_birch (§7Берёзовое бревно)
[22.02.2023 20:29:20][serveritem][give] sst4nk0 obtained 4 of currency_copper_coin (§aМѣдꙗнiк)
[22.02.2023 20:29:20][serveritem][take] sst4nk0 gave 1 of resource_log_birch (§7Берёзовое бревно)
[22.02.2023 20:29:20][serveritem][give] sst4nk0 obtained 4 of currency_copper_coin (§aМѣдꙗнiк)
[22.02.2023 20:29:20][serveritem][take] sst4nk0 gave 1 of resource_log_birch (§7Берёзовое бревно)
[22.02.2023 20:29:20][serveritem][give] sst4nk0 obtained 4 of currency_copper_coin (§aМѣдꙗнiк)
[22.02.2023 20:29:20][serveritem][take] sst4nk0 gave 1 of resource_log_birch (§7Берёзовое бревно)
[22.02.2023 20:29:21][serveritem][give] sst4nk0 obtained 4 of currency_copper_coin (§aМѣдꙗнiк)
[22.02.2023 20:29:21][serveritem][take] sst4nk0 gave 1 of resource_log_birch (§7Берёзовое бревно)
[22.02.2023 20:29:21][serveritem][give] sst4nk0 obtained 4 of currency_copper_coin (§aМѣдꙗнiк)
[22.02.2023 20:29:21][serveritem][take] sst4nk0 gave 1 of resource_log_birch (§7Берёзовое бревно)
[22.02.2023 20:30:03][serveritem][give] sst4nk0 obtained 4 of currency_silver_coin (§aСребрꙗнiк)
[22.02.2023 20:30:03][serveritem][take] sst4nk0 gave 64 of resource_log_birch (§7Берёзовое бревно)
[22.02.2023 20:30:04][serveritem][give] sst4nk0 obtained 4 of currency_silver_coin (§aСребрꙗнiк)
[22.02.2023 20:30:04][serveritem][take] sst4nk0 gave 64 of resource_log_birch (§7Берёзовое бревно)
[22.02.2023 20:30:05][serveritem][give] sst4nk0 obtained 4 of currency_silver_coin (§aСребрꙗнiк)
[22.02.2023 20:30:05][serveritem][take] sst4nk0 gave 64 of resource_log_birch (§7Берёзовое бревно)
[22.02.2023 20:30:06][serveritem][give] sst4nk0 obtained 4 of currency_silver_coin (§aСребрꙗнiк)
[22.02.2023 20:30:06][serveritem][take] sst4nk0 gave 64 of resource_log_birch (§7Берёзовое бревно)
[22.02.2023 20:30:07][serveritem][give] sst4nk0 obtained 4 of currency_silver_coin (§aСребрꙗнiк)
[22.02.2023 20:30:07][serveritem][take] sst4nk0 gave 64 of resource_log_birch (§7Берёзовое бревно)
